2023-02-02T21:58:13+00:00 CRITICAL syntax error, unexpected 'else' (T_ELSE), expecting ';' or ',' in /Users/nathalie/Sites/localhost/agrispesa/wp-content/themes/agrispesa/woocommerce/checkout/review-order.php alla riga 31

2023-02-02T21:58:14+00:00 CRITICAL syntax error, unexpected 'else' (T_ELSE), expecting ';' or ',' in /Users/nathalie/Sites/localhost/agrispesa/wp-content/themes/agrispesa/woocommerce/checkout/review-order.php alla riga 31

2023-02-02T21:58:14+00:00 CRITICAL syntax error, unexpected 'else' (T_ELSE), expecting ';' or ',' in /Users/nathalie/Sites/localhost/agrispesa/wp-content/themes/agrispesa/woocommerce/checkout/review-order.php alla riga 31

2023-02-02T21:58:36+00:00 CRITICAL syntax error, unexpected 'else' (T_ELSE) in /Users/nathalie/Sites/localhost/agrispesa/wp-content/themes/agrispesa/woocommerce/checkout/review-order.php alla riga 31

2023-02-02T21:58:36+00:00 CRITICAL syntax error, unexpected 'else' (T_ELSE) in /Users/nathalie/Sites/localhost/agrispesa/wp-content/themes/agrispesa/woocommerce/checkout/review-order.php alla riga 31

2023-02-02T21:58:37+00:00 CRITICAL syntax error, unexpected 'else' (T_ELSE) in /Users/nathalie/Sites/localhost/agrispesa/wp-content/themes/agrispesa/woocommerce/checkout/review-order.php alla riga 31

2023-02-02T21:58:44+00:00 CRITICAL syntax error, unexpected 'else' (T_ELSE) in /Users/nathalie/Sites/localhost/agrispesa/wp-content/themes/agrispesa/woocommerce/checkout/review-order.php alla riga 31

2023-02-02T21:58:44+00:00 CRITICAL syntax error, unexpected 'else' (T_ELSE) in /Users/nathalie/Sites/localhost/agrispesa/wp-content/themes/agrispesa/woocommerce/checkout/review-order.php alla riga 31

2023-02-02T21:58:45+00:00 CRITICAL syntax error, unexpected 'else' (T_ELSE) in /Users/nathalie/Sites/localhost/agrispesa/wp-content/themes/agrispesa/woocommerce/checkout/review-order.php alla riga 31

2023-02-02T21:58:46+00:00 CRITICAL syntax error, unexpected '<', expecting end of file in /Users/nathalie/Sites/localhost/agrispesa/wp-content/themes/agrispesa/woocommerce/checkout/review-order.php alla riga 31

2023-02-02T21:58:46+00:00 CRITICAL syntax error, unexpected '<', expecting end of file in /Users/nathalie/Sites/localhost/agrispesa/wp-content/themes/agrispesa/woocommerce/checkout/review-order.php alla riga 31

2023-02-02T21:58:47+00:00 CRITICAL syntax error, unexpected '<', expecting end of file in /Users/nathalie/Sites/localhost/agrispesa/wp-content/themes/agrispesa/woocommerce/checkout/review-order.php alla riga 31

2023-02-02T22:43:28+00:00 CRITICAL syntax error, unexpected '}', expecting end of file in /Users/nathalie/Sites/localhost/agrispesa/wp-content/themes/agrispesa/inc/shop.php alla riga 151

2023-02-02T22:43:28+00:00 CRITICAL syntax error, unexpected '}', expecting end of file in /Users/nathalie/Sites/localhost/agrispesa/wp-content/themes/agrispesa/inc/shop.php alla riga 151

2023-02-02T22:43:28+00:00 CRITICAL syntax error, unexpected '}', expecting end of file in /Users/nathalie/Sites/localhost/agrispesa/wp-content/themes/agrispesa/inc/shop.php alla riga 151

2023-02-02T22:52:34+00:00 CRITICAL Cannot redeclare wc_minimum_order_amount() (previously declared in /Users/nathalie/Sites/localhost/agrispesa/wp-content/themes/agrispesa/inc/shop.php:108) in /Users/nathalie/Sites/localhost/agrispesa/wp-content/themes/agrispesa/inc/shop.php alla riga 158

2023-02-02T22:52:34+00:00 CRITICAL Cannot redeclare wc_minimum_order_amount() (previously declared in /Users/nathalie/Sites/localhost/agrispesa/wp-content/themes/agrispesa/inc/shop.php:108) in /Users/nathalie/Sites/localhost/agrispesa/wp-content/themes/agrispesa/inc/shop.php alla riga 158

2023-02-02T22:52:34+00:00 CRITICAL Cannot redeclare wc_minimum_order_amount() (previously declared in /Users/nathalie/Sites/localhost/agrispesa/wp-content/themes/agrispesa/inc/shop.php:108) in /Users/nathalie/Sites/localhost/agrispesa/wp-content/themes/agrispesa/inc/shop.php alla riga 158

2023-02-02T22:52:37+00:00 CRITICAL Cannot redeclare wc_minimum_order_amount() (previously declared in /Users/nathalie/Sites/localhost/agrispesa/wp-content/themes/agrispesa/inc/shop.php:108) in /Users/nathalie/Sites/localhost/agrispesa/wp-content/themes/agrispesa/inc/shop.php alla riga 158

2023-02-02T22:52:53+00:00 CRITICAL Uncaught Error: Call to undefined method WooCommerce::add_error() in /Users/nathalie/Sites/localhost/agrispesa/wp-content/themes/agrispesa/inc/shop.php:105
Stack trace:
#0 /Users/nathalie/Sites/localhost/agrispesa/wp-includes/class-wp-hook.php(308): wc_minimum_order_amount('')
#1 /Users/nathalie/Sites/localhost/agrispesa/wp-includes/class-wp-hook.php(332): WP_Hook->apply_filters(NULL, Array)
#2 /Users/nathalie/Sites/localhost/agrispesa/wp-includes/plugin.php(517): WP_Hook->do_action(Array)
#3 /Users/nathalie/Sites/localhost/agrispesa/wp-content/plugins/woocommerce/includes/shortcodes/class-wc-shortcode-cart.php(91): do_action('woocommerce_che...')
#4 /Users/nathalie/Sites/localhost/agrispesa/wp-content/plugins/woocommerce/includes/class-wc-shortcodes.php(72): WC_Shortcode_Cart::output(Array)
#5 /Users/nathalie/Sites/localhost/agrispesa/wp-content/plugins/woocommerce/includes/class-wc-shortcodes.php(85): WC_Shortcodes::shortcode_wrapper(Array)
#6 /Users/nathalie/Sites/localhost/agrispesa/wp-includes/shortcodes in /Users/nathalie/Sites/localhost/agrispesa/wp-content/themes/agrispesa/inc/shop.php alla riga 105

2023-02-02T22:53:21+00:00 CRITICAL Uncaught Error: Call to undefined method WooCommerce::add_error() in /Users/nathalie/Sites/localhost/agrispesa/wp-content/themes/agrispesa/inc/shop.php:105
Stack trace:
#0 /Users/nathalie/Sites/localhost/agrispesa/wp-includes/class-wp-hook.php(308): wc_minimum_order_amount('')
#1 /Users/nathalie/Sites/localhost/agrispesa/wp-includes/class-wp-hook.php(332): WP_Hook->apply_filters(NULL, Array)
#2 /Users/nathalie/Sites/localhost/agrispesa/wp-includes/plugin.php(517): WP_Hook->do_action(Array)
#3 /Users/nathalie/Sites/localhost/agrispesa/wp-content/plugins/woocommerce/includes/shortcodes/class-wc-shortcode-cart.php(91): do_action('woocommerce_che...')
#4 /Users/nathalie/Sites/localhost/agrispesa/wp-content/plugins/woocommerce/includes/class-wc-shortcodes.php(72): WC_Shortcode_Cart::output(Array)
#5 /Users/nathalie/Sites/localhost/agrispesa/wp-content/plugins/woocommerce/includes/class-wc-shortcodes.php(85): WC_Shortcodes::shortcode_wrapper(Array)
#6 /Users/nathalie/Sites/localhost/agrispesa/wp-includes/shortcodes in /Users/nathalie/Sites/localhost/agrispesa/wp-content/themes/agrispesa/inc/shop.php alla riga 105

