2023-02-04T10:01:40+00:00 CRITICAL Uncaught Error: Class 'WC_Stripe_Payment_Request' not found in /Users/nathalie/Sites/localhost/agrispesa/wp-content/themes/agrispesa/inc/shop.php:215
Stack trace:
#0 /Users/nathalie/Sites/localhost/agrispesa/wp-includes/class-wp-hook.php(308): change_payments_buttons_position('')
#1 /Users/nathalie/Sites/localhost/agrispesa/wp-includes/class-wp-hook.php(332): WP_Hook->apply_filters(NULL, Array)
#2 /Users/nathalie/Sites/localhost/agrispesa/wp-includes/plugin.php(517): WP_Hook->do_action(Array)
#3 /Users/nathalie/Sites/localhost/agrispesa/wp-settings.php(617): do_action('init')
#4 /Users/nathalie/Sites/localhost/agrispesa/wp-config.php(91): require_once('/Users/nathalie...')
#5 /Users/nathalie/Sites/localhost/agrispesa/wp-load.php(50): require_once('/Users/nathalie...')
#6 /Users/nathalie/Sites/localhost/agrispesa/wp-blog-header.php(13): require_once('/Users/nathalie...')
#7 /Users/nathalie/Sites/localhost/agrispesa/index.php(17): require('/Users/nathalie...')
#8 {main}
  thrown in /Users/nathalie/Sites/localhost/agrispesa/wp-content/themes/agrispesa/inc/shop.php alla riga 215

2023-02-04T10:01:40+00:00 CRITICAL Uncaught Error: Class 'WC_Stripe_Payment_Request' not found in /Users/nathalie/Sites/localhost/agrispesa/wp-content/themes/agrispesa/inc/shop.php:215
Stack trace:
#0 /Users/nathalie/Sites/localhost/agrispesa/wp-includes/class-wp-hook.php(308): change_payments_buttons_position('')
#1 /Users/nathalie/Sites/localhost/agrispesa/wp-includes/class-wp-hook.php(332): WP_Hook->apply_filters(NULL, Array)
#2 /Users/nathalie/Sites/localhost/agrispesa/wp-includes/plugin.php(517): WP_Hook->do_action(Array)
#3 /Users/nathalie/Sites/localhost/agrispesa/wp-settings.php(617): do_action('init')
#4 /Users/nathalie/Sites/localhost/agrispesa/wp-config.php(91): require_once('/Users/nathalie...')
#5 /Users/nathalie/Sites/localhost/agrispesa/wp-load.php(50): require_once('/Users/nathalie...')
#6 /Users/nathalie/Sites/localhost/agrispesa/wp-blog-header.php(13): require_once('/Users/nathalie...')
#7 /Users/nathalie/Sites/localhost/agrispesa/index.php(17): require('/Users/nathalie...')
#8 {main}
  thrown in /Users/nathalie/Sites/localhost/agrispesa/wp-content/themes/agrispesa/inc/shop.php alla riga 215

2023-02-04T10:01:43+00:00 CRITICAL Uncaught Error: Class 'WC_Stripe_Payment_Request' not found in /Users/nathalie/Sites/localhost/agrispesa/wp-content/themes/agrispesa/inc/shop.php:215
Stack trace:
#0 /Users/nathalie/Sites/localhost/agrispesa/wp-includes/class-wp-hook.php(308): change_payments_buttons_position('')
#1 /Users/nathalie/Sites/localhost/agrispesa/wp-includes/class-wp-hook.php(332): WP_Hook->apply_filters(NULL, Array)
#2 /Users/nathalie/Sites/localhost/agrispesa/wp-includes/plugin.php(517): WP_Hook->do_action(Array)
#3 /Users/nathalie/Sites/localhost/agrispesa/wp-settings.php(617): do_action('init')
#4 /Users/nathalie/Sites/localhost/agrispesa/wp-config.php(91): require_once('/Users/nathalie...')
#5 /Users/nathalie/Sites/localhost/agrispesa/wp-load.php(50): require_once('/Users/nathalie...')
#6 /Users/nathalie/Sites/localhost/agrispesa/wp-blog-header.php(13): require_once('/Users/nathalie...')
#7 /Users/nathalie/Sites/localhost/agrispesa/index.php(17): require('/Users/nathalie...')
#8 {main}
  thrown in /Users/nathalie/Sites/localhost/agrispesa/wp-content/themes/agrispesa/inc/shop.php alla riga 215

2023-02-04T10:02:33+00:00 CRITICAL Uncaught Error: Class 'WC_Stripe_Payment_Request' not found in /Users/nathalie/Sites/localhost/agrispesa/wp-content/themes/agrispesa/inc/shop.php:215
Stack trace:
#0 /Users/nathalie/Sites/localhost/agrispesa/wp-includes/class-wp-hook.php(308): change_payments_buttons_position('')
#1 /Users/nathalie/Sites/localhost/agrispesa/wp-includes/class-wp-hook.php(332): WP_Hook->apply_filters(NULL, Array)
#2 /Users/nathalie/Sites/localhost/agrispesa/wp-includes/plugin.php(517): WP_Hook->do_action(Array)
#3 /Users/nathalie/Sites/localhost/agrispesa/wp-settings.php(617): do_action('init')
#4 /Users/nathalie/Sites/localhost/agrispesa/wp-config.php(91): require_once('/Users/nathalie...')
#5 /Users/nathalie/Sites/localhost/agrispesa/wp-load.php(50): require_once('/Users/nathalie...')
#6 /Users/nathalie/Sites/localhost/agrispesa/wp-admin/admin-ajax.php(22): require_once('/Users/nathalie...')
#7 {main}
  thrown in /Users/nathalie/Sites/localhost/agrispesa/wp-content/themes/agrispesa/inc/shop.php alla riga 215

2023-02-04T10:02:33+00:00 CRITICAL Uncaught Error: Class 'WC_Stripe_Payment_Request' not found in /Users/nathalie/Sites/localhost/agrispesa/wp-content/themes/agrispesa/inc/shop.php:215
Stack trace:
#0 /Users/nathalie/Sites/localhost/agrispesa/wp-includes/class-wp-hook.php(308): change_payments_buttons_position('')
#1 /Users/nathalie/Sites/localhost/agrispesa/wp-includes/class-wp-hook.php(332): WP_Hook->apply_filters(NULL, Array)
#2 /Users/nathalie/Sites/localhost/agrispesa/wp-includes/plugin.php(517): WP_Hook->do_action(Array)
#3 /Users/nathalie/Sites/localhost/agrispesa/wp-settings.php(617): do_action('init')
#4 /Users/nathalie/Sites/localhost/agrispesa/wp-config.php(91): require_once('/Users/nathalie...')
#5 /Users/nathalie/Sites/localhost/agrispesa/wp-load.php(50): require_once('/Users/nathalie...')
#6 /Users/nathalie/Sites/localhost/agrispesa/wp-admin/admin-ajax.php(22): require_once('/Users/nathalie...')
#7 {main}
  thrown in /Users/nathalie/Sites/localhost/agrispesa/wp-content/themes/agrispesa/inc/shop.php alla riga 215

2023-02-04T10:03:40+00:00 CRITICAL Uncaught Error: Class 'WC_Stripe_Payment_Request' not found in /Users/nathalie/Sites/localhost/agrispesa/wp-content/themes/agrispesa/inc/shop.php:215
Stack trace:
#0 /Users/nathalie/Sites/localhost/agrispesa/wp-includes/class-wp-hook.php(308): change_payments_buttons_position('')
#1 /Users/nathalie/Sites/localhost/agrispesa/wp-includes/class-wp-hook.php(332): WP_Hook->apply_filters(NULL, Array)
#2 /Users/nathalie/Sites/localhost/agrispesa/wp-includes/plugin.php(517): WP_Hook->do_action(Array)
#3 /Users/nathalie/Sites/localhost/agrispesa/wp-settings.php(617): do_action('init')
#4 /Users/nathalie/Sites/localhost/agrispesa/wp-config.php(91): require_once('/Users/nathalie...')
#5 /Users/nathalie/Sites/localhost/agrispesa/wp-load.php(50): require_once('/Users/nathalie...')
#6 /Users/nathalie/Sites/localhost/agrispesa/wp-blog-header.php(13): require_once('/Users/nathalie...')
#7 /Users/nathalie/Sites/localhost/agrispesa/index.php(17): require('/Users/nathalie...')
#8 {main}
  thrown in /Users/nathalie/Sites/localhost/agrispesa/wp-content/themes/agrispesa/inc/shop.php alla riga 215

2023-02-04T10:03:40+00:00 CRITICAL Uncaught Error: Class 'WC_Stripe_Payment_Request' not found in /Users/nathalie/Sites/localhost/agrispesa/wp-content/themes/agrispesa/inc/shop.php:215
Stack trace:
#0 /Users/nathalie/Sites/localhost/agrispesa/wp-includes/class-wp-hook.php(308): change_payments_buttons_position('')
#1 /Users/nathalie/Sites/localhost/agrispesa/wp-includes/class-wp-hook.php(332): WP_Hook->apply_filters(NULL, Array)
#2 /Users/nathalie/Sites/localhost/agrispesa/wp-includes/plugin.php(517): WP_Hook->do_action(Array)
#3 /Users/nathalie/Sites/localhost/agrispesa/wp-settings.php(617): do_action('init')
#4 /Users/nathalie/Sites/localhost/agrispesa/wp-config.php(91): require_once('/Users/nathalie...')
#5 /Users/nathalie/Sites/localhost/agrispesa/wp-load.php(50): require_once('/Users/nathalie...')
#6 /Users/nathalie/Sites/localhost/agrispesa/wp-blog-header.php(13): require_once('/Users/nathalie...')
#7 /Users/nathalie/Sites/localhost/agrispesa/index.php(17): require('/Users/nathalie...')
#8 {main}
  thrown in /Users/nathalie/Sites/localhost/agrispesa/wp-content/themes/agrispesa/inc/shop.php alla riga 215

2023-02-04T10:03:40+00:00 CRITICAL Uncaught Error: Class 'WC_Stripe_Payment_Request' not found in /Users/nathalie/Sites/localhost/agrispesa/wp-content/themes/agrispesa/inc/shop.php:215
Stack trace:
#0 /Users/nathalie/Sites/localhost/agrispesa/wp-includes/class-wp-hook.php(308): change_payments_buttons_position('')
#1 /Users/nathalie/Sites/localhost/agrispesa/wp-includes/class-wp-hook.php(332): WP_Hook->apply_filters(NULL, Array)
#2 /Users/nathalie/Sites/localhost/agrispesa/wp-includes/plugin.php(517): WP_Hook->do_action(Array)
#3 /Users/nathalie/Sites/localhost/agrispesa/wp-settings.php(617): do_action('init')
#4 /Users/nathalie/Sites/localhost/agrispesa/wp-config.php(91): require_once('/Users/nathalie...')
#5 /Users/nathalie/Sites/localhost/agrispesa/wp-load.php(50): require_once('/Users/nathalie...')
#6 /Users/nathalie/Sites/localhost/agrispesa/wp-blog-header.php(13): require_once('/Users/nathalie...')
#7 /Users/nathalie/Sites/localhost/agrispesa/index.php(17): require('/Users/nathalie...')
#8 {main}
  thrown in /Users/nathalie/Sites/localhost/agrispesa/wp-content/themes/agrispesa/inc/shop.php alla riga 215

2023-02-04T10:03:42+00:00 CRITICAL Uncaught Error: Class 'WC_Stripe_Payment_Request' not found in /Users/nathalie/Sites/localhost/agrispesa/wp-content/themes/agrispesa/inc/shop.php:215
Stack trace:
#0 /Users/nathalie/Sites/localhost/agrispesa/wp-includes/class-wp-hook.php(308): change_payments_buttons_position('')
#1 /Users/nathalie/Sites/localhost/agrispesa/wp-includes/class-wp-hook.php(332): WP_Hook->apply_filters(NULL, Array)
#2 /Users/nathalie/Sites/localhost/agrispesa/wp-includes/plugin.php(517): WP_Hook->do_action(Array)
#3 /Users/nathalie/Sites/localhost/agrispesa/wp-settings.php(617): do_action('init')
#4 /Users/nathalie/Sites/localhost/agrispesa/wp-config.php(91): require_once('/Users/nathalie...')
#5 /Users/nathalie/Sites/localhost/agrispesa/wp-load.php(50): require_once('/Users/nathalie...')
#6 /Users/nathalie/Sites/localhost/agrispesa/wp-blog-header.php(13): require_once('/Users/nathalie...')
#7 /Users/nathalie/Sites/localhost/agrispesa/index.php(17): require('/Users/nathalie...')
#8 {main}
  thrown in /Users/nathalie/Sites/localhost/agrispesa/wp-content/themes/agrispesa/inc/shop.php alla riga 215

2023-02-04T10:03:45+00:00 CRITICAL Uncaught Error: Class 'WC_Stripe_Payment_Request' not found in /Users/nathalie/Sites/localhost/agrispesa/wp-content/themes/agrispesa/inc/shop.php:215
Stack trace:
#0 /Users/nathalie/Sites/localhost/agrispesa/wp-includes/class-wp-hook.php(308): change_payments_buttons_position('')
#1 /Users/nathalie/Sites/localhost/agrispesa/wp-includes/class-wp-hook.php(332): WP_Hook->apply_filters(NULL, Array)
#2 /Users/nathalie/Sites/localhost/agrispesa/wp-includes/plugin.php(517): WP_Hook->do_action(Array)
#3 /Users/nathalie/Sites/localhost/agrispesa/wp-settings.php(617): do_action('init')
#4 /Users/nathalie/Sites/localhost/agrispesa/wp-config.php(91): require_once('/Users/nathalie...')
#5 /Users/nathalie/Sites/localhost/agrispesa/wp-load.php(50): require_once('/Users/nathalie...')
#6 /Users/nathalie/Sites/localhost/agrispesa/wp-blog-header.php(13): require_once('/Users/nathalie...')
#7 /Users/nathalie/Sites/localhost/agrispesa/index.php(17): require('/Users/nathalie...')
#8 {main}
  thrown in /Users/nathalie/Sites/localhost/agrispesa/wp-content/themes/agrispesa/inc/shop.php alla riga 215

2023-02-04T10:03:54+00:00 CRITICAL Uncaught Error: Class 'WC_Stripe_Payment_Request' not found in /Users/nathalie/Sites/localhost/agrispesa/wp-content/themes/agrispesa/inc/shop.php:215
Stack trace:
#0 /Users/nathalie/Sites/localhost/agrispesa/wp-includes/class-wp-hook.php(308): change_payments_buttons_position('')
#1 /Users/nathalie/Sites/localhost/agrispesa/wp-includes/class-wp-hook.php(332): WP_Hook->apply_filters(NULL, Array)
#2 /Users/nathalie/Sites/localhost/agrispesa/wp-includes/plugin.php(517): WP_Hook->do_action(Array)
#3 /Users/nathalie/Sites/localhost/agrispesa/wp-settings.php(617): do_action('init')
#4 /Users/nathalie/Sites/localhost/agrispesa/wp-config.php(91): require_once('/Users/nathalie...')
#5 /Users/nathalie/Sites/localhost/agrispesa/wp-load.php(50): require_once('/Users/nathalie...')
#6 /Users/nathalie/Sites/localhost/agrispesa/wp-blog-header.php(13): require_once('/Users/nathalie...')
#7 /Users/nathalie/Sites/localhost/agrispesa/index.php(17): require('/Users/nathalie...')
#8 {main}
  thrown in /Users/nathalie/Sites/localhost/agrispesa/wp-content/themes/agrispesa/inc/shop.php alla riga 215

2023-02-04T10:04:36+00:00 CRITICAL Uncaught Error: Class 'WC_Stripe_Payment_Request' not found in /Users/nathalie/Sites/localhost/agrispesa/wp-content/themes/agrispesa/inc/shop.php:215
Stack trace:
#0 /Users/nathalie/Sites/localhost/agrispesa/wp-includes/class-wp-hook.php(308): change_payments_buttons_position('')
#1 /Users/nathalie/Sites/localhost/agrispesa/wp-includes/class-wp-hook.php(332): WP_Hook->apply_filters(NULL, Array)
#2 /Users/nathalie/Sites/localhost/agrispesa/wp-includes/plugin.php(517): WP_Hook->do_action(Array)
#3 /Users/nathalie/Sites/localhost/agrispesa/wp-settings.php(617): do_action('init')
#4 /Users/nathalie/Sites/localhost/agrispesa/wp-config.php(91): require_once('/Users/nathalie...')
#5 /Users/nathalie/Sites/localhost/agrispesa/wp-load.php(50): require_once('/Users/nathalie...')
#6 /Users/nathalie/Sites/localhost/agrispesa/wp-admin/admin-ajax.php(22): require_once('/Users/nathalie...')
#7 {main}
  thrown in /Users/nathalie/Sites/localhost/agrispesa/wp-content/themes/agrispesa/inc/shop.php alla riga 215

2023-02-04T10:04:36+00:00 CRITICAL Uncaught Error: Class 'WC_Stripe_Payment_Request' not found in /Users/nathalie/Sites/localhost/agrispesa/wp-content/themes/agrispesa/inc/shop.php:215
Stack trace:
#0 /Users/nathalie/Sites/localhost/agrispesa/wp-includes/class-wp-hook.php(308): change_payments_buttons_position('')
#1 /Users/nathalie/Sites/localhost/agrispesa/wp-includes/class-wp-hook.php(332): WP_Hook->apply_filters(NULL, Array)
#2 /Users/nathalie/Sites/localhost/agrispesa/wp-includes/plugin.php(517): WP_Hook->do_action(Array)
#3 /Users/nathalie/Sites/localhost/agrispesa/wp-settings.php(617): do_action('init')
#4 /Users/nathalie/Sites/localhost/agrispesa/wp-config.php(91): require_once('/Users/nathalie...')
#5 /Users/nathalie/Sites/localhost/agrispesa/wp-load.php(50): require_once('/Users/nathalie...')
#6 /Users/nathalie/Sites/localhost/agrispesa/wp-admin/admin-ajax.php(22): require_once('/Users/nathalie...')
#7 {main}
  thrown in /Users/nathalie/Sites/localhost/agrispesa/wp-content/themes/agrispesa/inc/shop.php alla riga 215

2023-02-04T10:04:54+00:00 CRITICAL Uncaught Error: Class 'WC_Stripe_Payment_Request' not found in /Users/nathalie/Sites/localhost/agrispesa/wp-content/themes/agrispesa/inc/shop.php:215
Stack trace:
#0 /Users/nathalie/Sites/localhost/agrispesa/wp-includes/class-wp-hook.php(308): change_payments_buttons_position('')
#1 /Users/nathalie/Sites/localhost/agrispesa/wp-includes/class-wp-hook.php(332): WP_Hook->apply_filters(NULL, Array)
#2 /Users/nathalie/Sites/localhost/agrispesa/wp-includes/plugin.php(517): WP_Hook->do_action(Array)
#3 /Users/nathalie/Sites/localhost/agrispesa/wp-settings.php(617): do_action('init')
#4 /Users/nathalie/Sites/localhost/agrispesa/wp-config.php(91): require_once('/Users/nathalie...')
#5 /Users/nathalie/Sites/localhost/agrispesa/wp-load.php(50): require_once('/Users/nathalie...')
#6 /Users/nathalie/Sites/localhost/agrispesa/wp-blog-header.php(13): require_once('/Users/nathalie...')
#7 /Users/nathalie/Sites/localhost/agrispesa/index.php(17): require('/Users/nathalie...')
#8 {main}
  thrown in /Users/nathalie/Sites/localhost/agrispesa/wp-content/themes/agrispesa/inc/shop.php alla riga 215

2023-02-04T10:05:01+00:00 CRITICAL Uncaught Error: Class 'WC_Stripe_Payment_Request' not found in /Users/nathalie/Sites/localhost/agrispesa/wp-content/themes/agrispesa/inc/shop.php:215
Stack trace:
#0 /Users/nathalie/Sites/localhost/agrispesa/wp-includes/class-wp-hook.php(308): change_payments_buttons_position('')
#1 /Users/nathalie/Sites/localhost/agrispesa/wp-includes/class-wp-hook.php(332): WP_Hook->apply_filters(NULL, Array)
#2 /Users/nathalie/Sites/localhost/agrispesa/wp-includes/plugin.php(517): WP_Hook->do_action(Array)
#3 /Users/nathalie/Sites/localhost/agrispesa/wp-settings.php(617): do_action('init')
#4 /Users/nathalie/Sites/localhost/agrispesa/wp-config.php(91): require_once('/Users/nathalie...')
#5 /Users/nathalie/Sites/localhost/agrispesa/wp-load.php(50): require_once('/Users/nathalie...')
#6 /Users/nathalie/Sites/localhost/agrispesa/wp-blog-header.php(13): require_once('/Users/nathalie...')
#7 /Users/nathalie/Sites/localhost/agrispesa/index.php(17): require('/Users/nathalie...')
#8 {main}
  thrown in /Users/nathalie/Sites/localhost/agrispesa/wp-content/themes/agrispesa/inc/shop.php alla riga 215

2023-02-04T10:05:01+00:00 CRITICAL Uncaught Error: Class 'WC_Stripe_Payment_Request' not found in /Users/nathalie/Sites/localhost/agrispesa/wp-content/themes/agrispesa/inc/shop.php:215
Stack trace:
#0 /Users/nathalie/Sites/localhost/agrispesa/wp-includes/class-wp-hook.php(308): change_payments_buttons_position('')
#1 /Users/nathalie/Sites/localhost/agrispesa/wp-includes/class-wp-hook.php(332): WP_Hook->apply_filters(NULL, Array)
#2 /Users/nathalie/Sites/localhost/agrispesa/wp-includes/plugin.php(517): WP_Hook->do_action(Array)
#3 /Users/nathalie/Sites/localhost/agrispesa/wp-settings.php(617): do_action('init')
#4 /Users/nathalie/Sites/localhost/agrispesa/wp-config.php(91): require_once('/Users/nathalie...')
#5 /Users/nathalie/Sites/localhost/agrispesa/wp-load.php(50): require_once('/Users/nathalie...')
#6 /Users/nathalie/Sites/localhost/agrispesa/wp-blog-header.php(13): require_once('/Users/nathalie...')
#7 /Users/nathalie/Sites/localhost/agrispesa/index.php(17): require('/Users/nathalie...')
#8 {main}
  thrown in /Users/nathalie/Sites/localhost/agrispesa/wp-content/themes/agrispesa/inc/shop.php alla riga 215

2023-02-04T10:05:01+00:00 CRITICAL Uncaught Error: Class 'WC_Stripe_Payment_Request' not found in /Users/nathalie/Sites/localhost/agrispesa/wp-content/themes/agrispesa/inc/shop.php:215
Stack trace:
#0 /Users/nathalie/Sites/localhost/agrispesa/wp-includes/class-wp-hook.php(308): change_payments_buttons_position('')
#1 /Users/nathalie/Sites/localhost/agrispesa/wp-includes/class-wp-hook.php(332): WP_Hook->apply_filters(NULL, Array)
#2 /Users/nathalie/Sites/localhost/agrispesa/wp-includes/plugin.php(517): WP_Hook->do_action(Array)
#3 /Users/nathalie/Sites/localhost/agrispesa/wp-settings.php(617): do_action('init')
#4 /Users/nathalie/Sites/localhost/agrispesa/wp-config.php(91): require_once('/Users/nathalie...')
#5 /Users/nathalie/Sites/localhost/agrispesa/wp-load.php(50): require_once('/Users/nathalie...')
#6 /Users/nathalie/Sites/localhost/agrispesa/wp-blog-header.php(13): require_once('/Users/nathalie...')
#7 /Users/nathalie/Sites/localhost/agrispesa/index.php(17): require('/Users/nathalie...')
#8 {main}
  thrown in /Users/nathalie/Sites/localhost/agrispesa/wp-content/themes/agrispesa/inc/shop.php alla riga 215

2023-02-04T10:05:05+00:00 CRITICAL Uncaught Error: Class 'WC_Stripe_Payment_Request' not found in /Users/nathalie/Sites/localhost/agrispesa/wp-content/themes/agrispesa/inc/shop.php:215
Stack trace:
#0 /Users/nathalie/Sites/localhost/agrispesa/wp-includes/class-wp-hook.php(308): change_payments_buttons_position('')
#1 /Users/nathalie/Sites/localhost/agrispesa/wp-includes/class-wp-hook.php(332): WP_Hook->apply_filters(NULL, Array)
#2 /Users/nathalie/Sites/localhost/agrispesa/wp-includes/plugin.php(517): WP_Hook->do_action(Array)
#3 /Users/nathalie/Sites/localhost/agrispesa/wp-settings.php(617): do_action('init')
#4 /Users/nathalie/Sites/localhost/agrispesa/wp-config.php(91): require_once('/Users/nathalie...')
#5 /Users/nathalie/Sites/localhost/agrispesa/wp-load.php(50): require_once('/Users/nathalie...')
#6 /Users/nathalie/Sites/localhost/agrispesa/wp-blog-header.php(13): require_once('/Users/nathalie...')
#7 /Users/nathalie/Sites/localhost/agrispesa/index.php(17): require('/Users/nathalie...')
#8 {main}
  thrown in /Users/nathalie/Sites/localhost/agrispesa/wp-content/themes/agrispesa/inc/shop.php alla riga 215

