2023-02-03T03:51:46+00:00 CRITICAL Uncaught Error: Cannot use object of type WC_Product_Subscription_Variation as array in /shared/httpd/agrispesa/wp-content/themes/agrispesa/inc/pdf/prelievi_magazzino_articolo.php:150
Stack trace:
#0 /shared/httpd/agrispesa/wp-content/themes/agrispesa/inc/admin.php(1563): require_once()
#1 /shared/httpd/agrispesa/wp-includes/class-wp-hook.php(308): {closure}('')
#2 /shared/httpd/agrispesa/wp-includes/class-wp-hook.php(332): WP_Hook->apply_filters('', Array)
#3 /shared/httpd/agrispesa/wp-includes/plugin.php(517): WP_Hook->do_action(Array)
#4 /shared/httpd/agrispesa/wp-admin/admin.php(259): do_action('toplevel_page_e...')
#5 {main}
  thrown in /shared/httpd/agrispesa/wp-content/themes/agrispesa/inc/pdf/prelievi_magazzino_articolo.php alla riga 150

2023-02-03T03:52:54+00:00 CRITICAL Uncaught Error: Cannot use object of type WC_Product_Subscription_Variation as array in /shared/httpd/agrispesa/wp-content/themes/agrispesa/inc/pdf/prelievi_magazzino_articolo.php:151
Stack trace:
#0 /shared/httpd/agrispesa/wp-content/themes/agrispesa/inc/admin.php(1563): require_once()
#1 /shared/httpd/agrispesa/wp-includes/class-wp-hook.php(308): {closure}('')
#2 /shared/httpd/agrispesa/wp-includes/class-wp-hook.php(332): WP_Hook->apply_filters('', Array)
#3 /shared/httpd/agrispesa/wp-includes/plugin.php(517): WP_Hook->do_action(Array)
#4 /shared/httpd/agrispesa/wp-admin/admin.php(259): do_action('toplevel_page_e...')
#5 {main}
  thrown in /shared/httpd/agrispesa/wp-content/themes/agrispesa/inc/pdf/prelievi_magazzino_articolo.php alla riga 151

2023-02-03T04:12:20+00:00 CRITICAL Uncaught Error: Cannot use object of type WC_Product_Simple as array in /shared/httpd/agrispesa/wp-content/themes/agrispesa/inc/pdf/fabbisogno.php:102
Stack trace:
#0 /shared/httpd/agrispesa/wp-content/themes/agrispesa/inc/admin.php(1563): require_once()
#1 /shared/httpd/agrispesa/wp-includes/class-wp-hook.php(308): {closure}('')
#2 /shared/httpd/agrispesa/wp-includes/class-wp-hook.php(332): WP_Hook->apply_filters('', Array)
#3 /shared/httpd/agrispesa/wp-includes/plugin.php(517): WP_Hook->do_action(Array)
#4 /shared/httpd/agrispesa/wp-admin/admin.php(259): do_action('toplevel_page_e...')
#5 {main}
  thrown in /shared/httpd/agrispesa/wp-content/themes/agrispesa/inc/pdf/fabbisogno.php alla riga 102

2023-02-03T04:19:19+00:00 CRITICAL Uncaught Error: Call to a member function get_product() on array in /shared/httpd/agrispesa/wp-content/themes/agrispesa/inc/pdf/fabbisogno.php:89
Stack trace:
#0 /shared/httpd/agrispesa/wp-content/themes/agrispesa/inc/admin.php(1563): require_once()
#1 /shared/httpd/agrispesa/wp-includes/class-wp-hook.php(308): {closure}('')
#2 /shared/httpd/agrispesa/wp-includes/class-wp-hook.php(332): WP_Hook->apply_filters('', Array)
#3 /shared/httpd/agrispesa/wp-includes/plugin.php(517): WP_Hook->do_action(Array)
#4 /shared/httpd/agrispesa/wp-admin/admin.php(259): do_action('toplevel_page_e...')
#5 {main}
  thrown in /shared/httpd/agrispesa/wp-content/themes/agrispesa/inc/pdf/fabbisogno.php alla riga 89

2023-02-03T04:20:58+00:00 CRITICAL Uncaught Error: Call to undefined method WP_Post::get_product() in /shared/httpd/agrispesa/wp-content/themes/agrispesa/inc/pdf/fabbisogno.php:89
Stack trace:
#0 /shared/httpd/agrispesa/wp-content/themes/agrispesa/inc/admin.php(1563): require_once()
#1 /shared/httpd/agrispesa/wp-includes/class-wp-hook.php(308): {closure}('')
#2 /shared/httpd/agrispesa/wp-includes/class-wp-hook.php(332): WP_Hook->apply_filters('', Array)
#3 /shared/httpd/agrispesa/wp-includes/plugin.php(517): WP_Hook->do_action(Array)
#4 /shared/httpd/agrispesa/wp-admin/admin.php(259): do_action('toplevel_page_e...')
#5 {main}
  thrown in /shared/httpd/agrispesa/wp-content/themes/agrispesa/inc/pdf/fabbisogno.php alla riga 89

2023-02-03T04:21:29+00:00 CRITICAL Uncaught Error: Call to undefined method WP_Post::get_product() in /shared/httpd/agrispesa/wp-content/themes/agrispesa/inc/pdf/fabbisogno.php:89
Stack trace:
#0 /shared/httpd/agrispesa/wp-content/themes/agrispesa/inc/admin.php(1563): require_once()
#1 /shared/httpd/agrispesa/wp-includes/class-wp-hook.php(308): {closure}('')
#2 /shared/httpd/agrispesa/wp-includes/class-wp-hook.php(332): WP_Hook->apply_filters('', Array)
#3 /shared/httpd/agrispesa/wp-includes/plugin.php(517): WP_Hook->do_action(Array)
#4 /shared/httpd/agrispesa/wp-admin/admin.php(259): do_action('toplevel_page_e...')
#5 {main}
  thrown in /shared/httpd/agrispesa/wp-content/themes/agrispesa/inc/pdf/fabbisogno.php alla riga 89

2023-02-03T04:22:35+00:00 CRITICAL syntax error, unexpected '<' in /shared/httpd/agrispesa/wp-content/themes/agrispesa/inc/pdf/fabbisogno.php alla riga 89

2023-02-03T04:22:43+00:00 CRITICAL Uncaught Error: Call to a member function get_product() on array in /shared/httpd/agrispesa/wp-content/themes/agrispesa/inc/pdf/fabbisogno.php:90
Stack trace:
#0 /shared/httpd/agrispesa/wp-content/themes/agrispesa/inc/admin.php(1563): require_once()
#1 /shared/httpd/agrispesa/wp-includes/class-wp-hook.php(308): {closure}('')
#2 /shared/httpd/agrispesa/wp-includes/class-wp-hook.php(332): WP_Hook->apply_filters('', Array)
#3 /shared/httpd/agrispesa/wp-includes/plugin.php(517): WP_Hook->do_action(Array)
#4 /shared/httpd/agrispesa/wp-admin/admin.php(259): do_action('toplevel_page_e...')
#5 {main}
  thrown in /shared/httpd/agrispesa/wp-content/themes/agrispesa/inc/pdf/fabbisogno.php alla riga 90

2023-02-03T04:32:22+00:00 CRITICAL require_once(): Failed opening required '/shared/httpd/agrispesa/wp-content/themes/agrispesa/inc/pdf/Riepilogo di spedizione.php' (include_path='.:/usr/local/lib/php') in /shared/httpd/agrispesa/wp-content/themes/agrispesa/inc/admin.php alla riga 1563

2023-02-03T04:39:15+00:00 CRITICAL Uncaught Error: Call to a member function loadHtml() on null in /shared/httpd/agrispesa/wp-content/themes/agrispesa/inc/pdf/riepilogo_spedizione.php:172
Stack trace:
#0 /shared/httpd/agrispesa/wp-content/themes/agrispesa/inc/admin.php(1563): require_once()
#1 /shared/httpd/agrispesa/wp-includes/class-wp-hook.php(308): {closure}('')
#2 /shared/httpd/agrispesa/wp-includes/class-wp-hook.php(332): WP_Hook->apply_filters('', Array)
#3 /shared/httpd/agrispesa/wp-includes/plugin.php(517): WP_Hook->do_action(Array)
#4 /shared/httpd/agrispesa/wp-admin/admin.php(259): do_action('toplevel_page_e...')
#5 {main}
  thrown in /shared/httpd/agrispesa/wp-content/themes/agrispesa/inc/pdf/riepilogo_spedizione.php alla riga 172

