2023-04-30T00:08:04+00:00 CRITICAL Uncaught Error: Call to a member function get_items() on null in /shared/httpd/agrispesa/wp-content/themes/agrispesa/inc/checkout.php:968
Stack trace:
#0 /shared/httpd/agrispesa/wp-includes/class-wp-hook.php(308): free_first_order_shipping(Array, Array)
#1 /shared/httpd/agrispesa/wp-includes/plugin.php(205): WP_Hook->apply_filters(Array, Array)
#2 /shared/httpd/agrispesa/wp-content/plugins/woocommerce/includes/class-wc-shipping.php(368): apply_filters('woocommerce_pac...', Array, Array)
#3 /shared/httpd/agrispesa/wp-content/plugins/woocommerce/includes/class-wc-shipping.php(260): WC_Shipping->calculate_shipping_for_package(Array, 0)
#4 /shared/httpd/agrispesa/wp-content/plugins/woocommerce/includes/class-wc-cart.php(1423): WC_Shipping->calculate_shipping(Array)
#5 /shared/httpd/agrispesa/wp-content/plugins/woocommerce/includes/class-wc-cart-totals.php(339): WC_Cart->calculate_shipping()
#6 /shared/httpd/agrispesa/wp-content/plugins/woocommerce/includes/class-wc-cart-totals.php(850): WC_Cart_Totals->get_shippi in /shared/httpd/agrispesa/wp-content/themes/agrispesa/inc/checkout.php alla riga 968

2023-04-30T00:08:22+00:00 CRITICAL Uncaught Error: Call to a member function get_items() on null in /shared/httpd/agrispesa/wp-content/themes/agrispesa/inc/checkout.php:968
Stack trace:
#0 /shared/httpd/agrispesa/wp-includes/class-wp-hook.php(308): free_first_order_shipping(Array, Array)
#1 /shared/httpd/agrispesa/wp-includes/plugin.php(205): WP_Hook->apply_filters(Array, Array)
#2 /shared/httpd/agrispesa/wp-content/plugins/woocommerce/includes/class-wc-shipping.php(368): apply_filters('woocommerce_pac...', Array, Array)
#3 /shared/httpd/agrispesa/wp-content/plugins/woocommerce/includes/class-wc-shipping.php(260): WC_Shipping->calculate_shipping_for_package(Array, 0)
#4 /shared/httpd/agrispesa/wp-content/plugins/woocommerce/includes/class-wc-cart.php(1423): WC_Shipping->calculate_shipping(Array)
#5 /shared/httpd/agrispesa/wp-content/plugins/woocommerce/includes/class-wc-cart-totals.php(339): WC_Cart->calculate_shipping()
#6 /shared/httpd/agrispesa/wp-content/plugins/woocommerce/includes/class-wc-cart-totals.php(850): WC_Cart_Totals->get_shippi in /shared/httpd/agrispesa/wp-content/themes/agrispesa/inc/checkout.php alla riga 968

2023-04-30T00:08:45+00:00 CRITICAL Uncaught Error: Call to a member function get_items() on null in /shared/httpd/agrispesa/wp-content/themes/agrispesa/inc/checkout.php:968
Stack trace:
#0 /shared/httpd/agrispesa/wp-includes/class-wp-hook.php(308): free_first_order_shipping(Array, Array)
#1 /shared/httpd/agrispesa/wp-includes/plugin.php(205): WP_Hook->apply_filters(Array, Array)
#2 /shared/httpd/agrispesa/wp-content/plugins/woocommerce/includes/class-wc-shipping.php(368): apply_filters('woocommerce_pac...', Array, Array)
#3 /shared/httpd/agrispesa/wp-content/plugins/woocommerce/includes/class-wc-shipping.php(260): WC_Shipping->calculate_shipping_for_package(Array, 0)
#4 /shared/httpd/agrispesa/wp-content/plugins/woocommerce/includes/class-wc-cart.php(1423): WC_Shipping->calculate_shipping(Array)
#5 /shared/httpd/agrispesa/wp-content/plugins/woocommerce/includes/class-wc-cart-totals.php(339): WC_Cart->calculate_shipping()
#6 /shared/httpd/agrispesa/wp-content/plugins/woocommerce/includes/class-wc-cart-totals.php(850): WC_Cart_Totals->get_shippi in /shared/httpd/agrispesa/wp-content/themes/agrispesa/inc/checkout.php alla riga 968

2023-04-30T00:08:53+00:00 CRITICAL Uncaught Error: Call to a member function get_items() on null in /shared/httpd/agrispesa/wp-content/themes/agrispesa/inc/checkout.php:968
Stack trace:
#0 /shared/httpd/agrispesa/wp-includes/class-wp-hook.php(308): free_first_order_shipping(Array, Array)
#1 /shared/httpd/agrispesa/wp-includes/plugin.php(205): WP_Hook->apply_filters(Array, Array)
#2 /shared/httpd/agrispesa/wp-content/plugins/woocommerce/includes/class-wc-shipping.php(368): apply_filters('woocommerce_pac...', Array, Array)
#3 /shared/httpd/agrispesa/wp-content/plugins/woocommerce/includes/class-wc-shipping.php(260): WC_Shipping->calculate_shipping_for_package(Array, 0)
#4 /shared/httpd/agrispesa/wp-content/plugins/woocommerce/includes/class-wc-cart.php(1423): WC_Shipping->calculate_shipping(Array)
#5 /shared/httpd/agrispesa/wp-content/plugins/woocommerce/includes/class-wc-cart-totals.php(339): WC_Cart->calculate_shipping()
#6 /shared/httpd/agrispesa/wp-content/plugins/woocommerce/includes/class-wc-cart-totals.php(850): WC_Cart_Totals->get_shippi in /shared/httpd/agrispesa/wp-content/themes/agrispesa/inc/checkout.php alla riga 968

2023-04-30T00:29:20+00:00 CRITICAL syntax error, unexpected ')' in /shared/httpd/agrispesa/wp-content/themes/agrispesa/inc/checkout.php alla riga 978

