2023-02-02T13:10:59+00:00 CRITICAL syntax error, unexpected 'if' (T_IF) in /shared/httpd/agrispesa/wp-content/themes/agrispesa/inc/admin.php alla riga 1537

2023-02-02T13:34:23+00:00 CRITICAL syntax error, unexpected '_products' (T_STRING), expecting ';' or ',' in /shared/httpd/agrispesa/wp-content/themes/agrispesa/inc/admin.php alla riga 483

2023-02-02T13:34:23+00:00 CRITICAL syntax error, unexpected '_products' (T_STRING), expecting ';' or ',' in /shared/httpd/agrispesa/wp-content/themes/agrispesa/inc/admin.php alla riga 483

2023-02-02T13:34:24+00:00 CRITICAL syntax error, unexpected '_products' (T_STRING), expecting ';' or ',' in /shared/httpd/agrispesa/wp-content/themes/agrispesa/inc/admin.php alla riga 483

2023-02-02T13:34:24+00:00 CRITICAL syntax error, unexpected '_products' (T_STRING), expecting ';' or ',' in /shared/httpd/agrispesa/wp-content/themes/agrispesa/inc/admin.php alla riga 483

2023-02-02T13:37:32+00:00 CRITICAL syntax error, unexpected '}', expecting '(' in /shared/httpd/agrispesa/wp-content/themes/agrispesa/inc/admin.php alla riga 1575

2023-02-02T13:40:32+00:00 CRITICAL syntax error, unexpected '?>', expecting ')' in /shared/httpd/agrispesa/wp-content/themes/agrispesa/inc/admin.php alla riga 1545

2023-02-02T13:40:34+00:00 CRITICAL syntax error, unexpected '?>', expecting ')' in /shared/httpd/agrispesa/wp-content/themes/agrispesa/inc/admin.php alla riga 1545

2023-02-02T14:00:50+00:00 CRITICAL Uncaught Error: Object of class WP_Post could not be converted to string in /shared/httpd/agrispesa/wp-content/themes/agrispesa/inc/pdf/prelievi_magazzino_cliente.php:68
Stack trace:
#0 /shared/httpd/agrispesa/wp-content/themes/agrispesa/inc/admin.php(1538): require_once()
#1 /shared/httpd/agrispesa/wp-includes/class-wp-hook.php(308): {closure}('')
#2 /shared/httpd/agrispesa/wp-includes/class-wp-hook.php(332): WP_Hook->apply_filters('', Array)
#3 /shared/httpd/agrispesa/wp-includes/plugin.php(517): WP_Hook->do_action(Array)
#4 /shared/httpd/agrispesa/wp-admin/admin.php(259): do_action('toplevel_page_e...')
#5 {main}
  thrown in /shared/httpd/agrispesa/wp-content/themes/agrispesa/inc/pdf/prelievi_magazzino_cliente.php alla riga 68

2023-02-02T14:03:22+00:00 CRITICAL Uncaught Error: Call to undefined method WP_Post::get_customer_id() in /shared/httpd/agrispesa/wp-content/themes/agrispesa/inc/pdf/prelievi_magazzino_cliente.php:73
Stack trace:
#0 /shared/httpd/agrispesa/wp-content/themes/agrispesa/inc/admin.php(1538): require_once()
#1 /shared/httpd/agrispesa/wp-includes/class-wp-hook.php(308): {closure}('')
#2 /shared/httpd/agrispesa/wp-includes/class-wp-hook.php(332): WP_Hook->apply_filters('', Array)
#3 /shared/httpd/agrispesa/wp-includes/plugin.php(517): WP_Hook->do_action(Array)
#4 /shared/httpd/agrispesa/wp-admin/admin.php(259): do_action('toplevel_page_e...')
#5 {main}
  thrown in /shared/httpd/agrispesa/wp-content/themes/agrispesa/inc/pdf/prelievi_magazzino_cliente.php alla riga 73

