2023-04-26T16:17:53+00:00 CRITICAL Uncaught Error: Call to a member function add_fee() on array in /Users/nathalie/Sites/localhost/agrispesa/wp-content/themes/agrispesa/inc/checkout.php:992
Stack trace:
#0 /Users/nathalie/Sites/localhost/agrispesa/wp-includes/class-wp-hook.php(308): free_first_order_shipping(Array, Array)
#1 /Users/nathalie/Sites/localhost/agrispesa/wp-includes/plugin.php(205): WP_Hook->apply_filters(Array, Array)
#2 /Users/nathalie/Sites/localhost/agrispesa/wp-content/plugins/woocommerce/includes/class-wc-shipping.php(368): apply_filters('woocommerce_pac...', Array, Array)
#3 /Users/nathalie/Sites/localhost/agrispesa/wp-content/plugins/woocommerce-subscriptions/vendor/woocommerce/subscriptions-core/includes/class-wc-subscriptions-cart.php(1263): WC_Shipping->calculate_shipping_for_package(Array)
#4 /Users/nathalie/Sites/localhost/agrispesa/wp-content/plugins/woocommerce-subscriptions/vendor/woocommerce/subscriptions-core/includes/wcs-cart-functions.php(65): WC_Subscriptions_Cart::get_calculated_shipping_for_package(Array)
#5  in /Users/nathalie/Sites/localhost/agrispesa/wp-content/themes/agrispesa/inc/checkout.php alla riga 992

2023-04-26T16:19:26+00:00 CRITICAL Uncaught Error: Call to a member function add_fee() on array in /Users/nathalie/Sites/localhost/agrispesa/wp-content/themes/agrispesa/inc/checkout.php:990
Stack trace:
#0 /Users/nathalie/Sites/localhost/agrispesa/wp-includes/class-wp-hook.php(308): free_first_order_shipping(Array, Array)
#1 /Users/nathalie/Sites/localhost/agrispesa/wp-includes/plugin.php(205): WP_Hook->apply_filters(Array, Array)
#2 /Users/nathalie/Sites/localhost/agrispesa/wp-content/plugins/woocommerce/includes/class-wc-shipping.php(368): apply_filters('woocommerce_pac...', Array, Array)
#3 /Users/nathalie/Sites/localhost/agrispesa/wp-content/plugins/woocommerce-subscriptions/vendor/woocommerce/subscriptions-core/includes/class-wc-subscriptions-cart.php(1263): WC_Shipping->calculate_shipping_for_package(Array)
#4 /Users/nathalie/Sites/localhost/agrispesa/wp-content/plugins/woocommerce-subscriptions/vendor/woocommerce/subscriptions-core/includes/wcs-cart-functions.php(65): WC_Subscriptions_Cart::get_calculated_shipping_for_package(Array)
#5  in /Users/nathalie/Sites/localhost/agrispesa/wp-content/themes/agrispesa/inc/checkout.php alla riga 990

2023-04-26T16:33:12+00:00 CRITICAL Uncaught Error: Call to a member function get_recurring_cart_key() on array in /Users/nathalie/Sites/localhost/agrispesa/wp-content/themes/agrispesa/inc/checkout.php:988
Stack trace:
#0 /Users/nathalie/Sites/localhost/agrispesa/wp-includes/class-wp-hook.php(308): free_first_order_shipping(Array, Array)
#1 /Users/nathalie/Sites/localhost/agrispesa/wp-includes/plugin.php(205): WP_Hook->apply_filters(Array, Array)
#2 /Users/nathalie/Sites/localhost/agrispesa/wp-content/plugins/woocommerce/includes/class-wc-shipping.php(368): apply_filters('woocommerce_pac...', Array, Array)
#3 /Users/nathalie/Sites/localhost/agrispesa/wp-content/plugins/woocommerce-subscriptions/vendor/woocommerce/subscriptions-core/includes/class-wc-subscriptions-cart.php(1263): WC_Shipping->calculate_shipping_for_package(Array)
#4 /Users/nathalie/Sites/localhost/agrispesa/wp-content/plugins/woocommerce-subscriptions/vendor/woocommerce/subscriptions-core/includes/wcs-cart-functions.php(65): WC_Subscriptions_Cart::get_calculated_shipping_for_pac in /Users/nathalie/Sites/localhost/agrispesa/wp-content/themes/agrispesa/inc/checkout.php alla riga 988

2023-04-26T16:34:58+00:00 CRITICAL Uncaught Error: Call to undefined method WC_Cart::get_recurring_cart_key() in /Users/nathalie/Sites/localhost/agrispesa/wp-content/themes/agrispesa/inc/checkout.php:988
Stack trace:
#0 /Users/nathalie/Sites/localhost/agrispesa/wp-includes/class-wp-hook.php(308): free_first_order_shipping(Array, Array)
#1 /Users/nathalie/Sites/localhost/agrispesa/wp-includes/plugin.php(205): WP_Hook->apply_filters(Array, Array)
#2 /Users/nathalie/Sites/localhost/agrispesa/wp-content/plugins/woocommerce/includes/class-wc-shipping.php(368): apply_filters('woocommerce_pac...', Array, Array)
#3 /Users/nathalie/Sites/localhost/agrispesa/wp-content/plugins/woocommerce/includes/class-wc-shipping.php(260): WC_Shipping->calculate_shipping_for_package(Array, 0)
#4 /Users/nathalie/Sites/localhost/agrispesa/wp-content/plugins/woocommerce/includes/class-wc-cart.php(1423): WC_Shipping->calculate_shipping(Array)
#5 /Users/nathalie/Sites/localhost/agrispesa/wp-content/plugins/woocommerce/includes/class-wc-cart-totals.php(339): WC_Cart->calcul in /Users/nathalie/Sites/localhost/agrispesa/wp-content/themes/agrispesa/inc/checkout.php alla riga 988

2023-04-26T16:35:15+00:00 CRITICAL Uncaught Error: Call to undefined function alert() in /Users/nathalie/Sites/localhost/agrispesa/wp-content/themes/agrispesa/inc/checkout.php:988
Stack trace:
#0 /Users/nathalie/Sites/localhost/agrispesa/wp-includes/class-wp-hook.php(308): free_first_order_shipping(Array, Array)
#1 /Users/nathalie/Sites/localhost/agrispesa/wp-includes/plugin.php(205): WP_Hook->apply_filters(Array, Array)
#2 /Users/nathalie/Sites/localhost/agrispesa/wp-content/plugins/woocommerce/includes/class-wc-shipping.php(368): apply_filters('woocommerce_pac...', Array, Array)
#3 /Users/nathalie/Sites/localhost/agrispesa/wp-content/plugins/woocommerce-subscriptions/vendor/woocommerce/subscriptions-core/includes/class-wc-subscriptions-cart.php(1263): WC_Shipping->calculate_shipping_for_package(Array)
#4 /Users/nathalie/Sites/localhost/agrispesa/wp-content/plugins/woocommerce-subscriptions/vendor/woocommerce/subscriptions-core/includes/wcs-cart-functions.php(65): WC_Subscriptions_Cart::get_calculated_shipping_for_package(Array)
#5 /Users/nat in /Users/nathalie/Sites/localhost/agrispesa/wp-content/themes/agrispesa/inc/checkout.php alla riga 988

2023-04-26T16:35:19+00:00 CRITICAL Uncaught Error: Call to undefined function alert() in /Users/nathalie/Sites/localhost/agrispesa/wp-content/themes/agrispesa/inc/checkout.php:988
Stack trace:
#0 /Users/nathalie/Sites/localhost/agrispesa/wp-includes/class-wp-hook.php(308): free_first_order_shipping(Array, Array)
#1 /Users/nathalie/Sites/localhost/agrispesa/wp-includes/plugin.php(205): WP_Hook->apply_filters(Array, Array)
#2 /Users/nathalie/Sites/localhost/agrispesa/wp-content/plugins/woocommerce/includes/class-wc-shipping.php(368): apply_filters('woocommerce_pac...', Array, Array)
#3 /Users/nathalie/Sites/localhost/agrispesa/wp-content/plugins/woocommerce-subscriptions/vendor/woocommerce/subscriptions-core/includes/class-wc-subscriptions-cart.php(1263): WC_Shipping->calculate_shipping_for_package(Array)
#4 /Users/nathalie/Sites/localhost/agrispesa/wp-content/plugins/woocommerce-subscriptions/vendor/woocommerce/subscriptions-core/includes/wcs-cart-functions.php(65): WC_Subscriptions_Cart::get_calculated_shipping_for_package(Array)
#5 /Users/nat in /Users/nathalie/Sites/localhost/agrispesa/wp-content/themes/agrispesa/inc/checkout.php alla riga 988

2023-04-26T18:28:31+00:00 CRITICAL Uncaught Error: Object of class WP_User could not be converted to string in /Users/nathalie/Sites/localhost/agrispesa/wp-content/themes/agrispesa/inc/checkout.php:924
Stack trace:
#0 /Users/nathalie/Sites/localhost/agrispesa/wp-includes/class-wp-hook.php(308): free_first_order_shipping(Array, Array)
#1 /Users/nathalie/Sites/localhost/agrispesa/wp-includes/plugin.php(205): WP_Hook->apply_filters(Array, Array)
#2 /Users/nathalie/Sites/localhost/agrispesa/wp-content/plugins/woocommerce/includes/class-wc-shipping.php(368): apply_filters('woocommerce_pac...', Array, Array)
#3 /Users/nathalie/Sites/localhost/agrispesa/wp-content/plugins/woocommerce/includes/class-wc-shipping.php(260): WC_Shipping->calculate_shipping_for_package(Array, 0)
#4 /Users/nathalie/Sites/localhost/agrispesa/wp-content/plugins/woocommerce/includes/class-wc-cart.php(1423): WC_Shipping->calculate_shipping(Array)
#5 /Users/nathalie/Sites/localhost/agrispesa/wp-content/plugins/woocommerce/includes/class-wc-cart-totals.php(339): WC_Cart->calculat in /Users/nathalie/Sites/localhost/agrispesa/wp-content/themes/agrispesa/inc/checkout.php alla riga 924

2023-04-26T19:46:40+00:00 CRITICAL syntax error, unexpected 'if' (T_IF) in /Users/nathalie/Sites/localhost/agrispesa/wp-content/themes/agrispesa/inc/checkout.php alla riga 975

2023-04-26T19:46:42+00:00 CRITICAL syntax error, unexpected 'if' (T_IF) in /Users/nathalie/Sites/localhost/agrispesa/wp-content/themes/agrispesa/inc/checkout.php alla riga 975

2023-04-26T21:28:09+00:00 CRITICAL Uncaught Error: Call to a member function format() on string in /Users/nathalie/Sites/localhost/agrispesa/wp-content/themes/agrispesa/woocommerce/myaccount/dashboard.php:147
Stack trace:
#0 /Users/nathalie/Sites/localhost/agrispesa/wp-content/plugins/woocommerce/includes/wc-core-functions.php(345): include()
#1 /Users/nathalie/Sites/localhost/agrispesa/wp-content/plugins/woocommerce/includes/wc-template-functions.php(3197): wc_get_template('myaccount/dashb...', Array)
#2 /Users/nathalie/Sites/localhost/agrispesa/wp-includes/class-wp-hook.php(308): woocommerce_account_content('')
#3 /Users/nathalie/Sites/localhost/agrispesa/wp-includes/class-wp-hook.php(332): WP_Hook->apply_filters(NULL, Array)
#4 /Users/nathalie/Sites/localhost/agrispesa/wp-includes/plugin.php(517): WP_Hook->do_action(Array)
#5 /Users/nathalie/Sites/localhost/agrispesa/wp-content/themes/agrispesa/woocommerce/myaccount/my-account.php(205): do_action('woocommerce_acc...')
#6 /Users/nathalie/Sites/localhost/agrispesa/wp-content/plugins/woocommer in /Users/nathalie/Sites/localhost/agrispesa/wp-content/themes/agrispesa/woocommerce/myaccount/dashboard.php alla riga 147

2023-04-26T21:28:19+00:00 CRITICAL Uncaught Error: Call to a member function format() on string in /Users/nathalie/Sites/localhost/agrispesa/wp-content/themes/agrispesa/woocommerce/myaccount/subscription-details.php:118
Stack trace:
#0 /Users/nathalie/Sites/localhost/agrispesa/wp-content/plugins/woocommerce/includes/wc-core-functions.php(345): include()
#1 /Users/nathalie/Sites/localhost/agrispesa/wp-content/plugins/woocommerce-subscriptions/vendor/woocommerce/subscriptions-core/includes/class-wcs-template-loader.php(119): wc_get_template('myaccount/subsc...', Array, '', '/Users/nathalie...')
#2 /Users/nathalie/Sites/localhost/agrispesa/wp-includes/class-wp-hook.php(308): WCS_Template_Loader::get_subscription_details_template(Object(WC_Subscription))
#3 /Users/nathalie/Sites/localhost/agrispesa/wp-includes/class-wp-hook.php(332): WP_Hook->apply_filters(NULL, Array)
#4 /Users/nathalie/Sites/localhost/agrispesa/wp-includes/plugin.php(517): WP_Hook->do_action(Array)
#5 /Users/nathalie/Sites/localhost/agrispesa/wp-content/themes/agrispesa/woocomme in /Users/nathalie/Sites/localhost/agrispesa/wp-content/themes/agrispesa/woocommerce/myaccount/subscription-details.php alla riga 118

2023-04-26T21:28:42+00:00 CRITICAL Uncaught Error: Call to a member function format() on string in /Users/nathalie/Sites/localhost/agrispesa/wp-content/themes/agrispesa/woocommerce/myaccount/subscription-details.php:118
Stack trace:
#0 /Users/nathalie/Sites/localhost/agrispesa/wp-content/plugins/woocommerce/includes/wc-core-functions.php(345): include()
#1 /Users/nathalie/Sites/localhost/agrispesa/wp-content/plugins/woocommerce-subscriptions/vendor/woocommerce/subscriptions-core/includes/class-wcs-template-loader.php(119): wc_get_template('myaccount/subsc...', Array, '', '/Users/nathalie...')
#2 /Users/nathalie/Sites/localhost/agrispesa/wp-includes/class-wp-hook.php(308): WCS_Template_Loader::get_subscription_details_template(Object(WC_Subscription))
#3 /Users/nathalie/Sites/localhost/agrispesa/wp-includes/class-wp-hook.php(332): WP_Hook->apply_filters(NULL, Array)
#4 /Users/nathalie/Sites/localhost/agrispesa/wp-includes/plugin.php(517): WP_Hook->do_action(Array)
#5 /Users/nathalie/Sites/localhost/agrispesa/wp-content/themes/agrispesa/woocomme in /Users/nathalie/Sites/localhost/agrispesa/wp-content/themes/agrispesa/woocommerce/myaccount/subscription-details.php alla riga 118

2023-04-26T21:29:29+00:00 CRITICAL Uncaught Error: Call to a member function format() on string in /Users/nathalie/Sites/localhost/agrispesa/wp-content/themes/agrispesa/woocommerce/myaccount/subscription-details.php:118
Stack trace:
#0 /Users/nathalie/Sites/localhost/agrispesa/wp-content/plugins/woocommerce/includes/wc-core-functions.php(345): include()
#1 /Users/nathalie/Sites/localhost/agrispesa/wp-content/plugins/woocommerce-subscriptions/vendor/woocommerce/subscriptions-core/includes/class-wcs-template-loader.php(119): wc_get_template('myaccount/subsc...', Array, '', '/Users/nathalie...')
#2 /Users/nathalie/Sites/localhost/agrispesa/wp-includes/class-wp-hook.php(308): WCS_Template_Loader::get_subscription_details_template(Object(WC_Subscription))
#3 /Users/nathalie/Sites/localhost/agrispesa/wp-includes/class-wp-hook.php(332): WP_Hook->apply_filters(NULL, Array)
#4 /Users/nathalie/Sites/localhost/agrispesa/wp-includes/plugin.php(517): WP_Hook->do_action(Array)
#5 /Users/nathalie/Sites/localhost/agrispesa/wp-content/themes/agrispesa/woocomme in /Users/nathalie/Sites/localhost/agrispesa/wp-content/themes/agrispesa/woocommerce/myaccount/subscription-details.php alla riga 118

2023-04-26T21:30:11+00:00 CRITICAL Uncaught Error: Call to a member function format() on string in /Users/nathalie/Sites/localhost/agrispesa/wp-content/themes/agrispesa/woocommerce/myaccount/dashboard.php:147
Stack trace:
#0 /Users/nathalie/Sites/localhost/agrispesa/wp-content/plugins/woocommerce/includes/wc-core-functions.php(345): include()
#1 /Users/nathalie/Sites/localhost/agrispesa/wp-content/plugins/woocommerce/includes/wc-template-functions.php(3197): wc_get_template('myaccount/dashb...', Array)
#2 /Users/nathalie/Sites/localhost/agrispesa/wp-includes/class-wp-hook.php(308): woocommerce_account_content('')
#3 /Users/nathalie/Sites/localhost/agrispesa/wp-includes/class-wp-hook.php(332): WP_Hook->apply_filters(NULL, Array)
#4 /Users/nathalie/Sites/localhost/agrispesa/wp-includes/plugin.php(517): WP_Hook->do_action(Array)
#5 /Users/nathalie/Sites/localhost/agrispesa/wp-content/themes/agrispesa/woocommerce/myaccount/my-account.php(205): do_action('woocommerce_acc...')
#6 /Users/nathalie/Sites/localhost/agrispesa/wp-content/plugins/woocommer in /Users/nathalie/Sites/localhost/agrispesa/wp-content/themes/agrispesa/woocommerce/myaccount/dashboard.php alla riga 147

2023-04-26T21:30:13+00:00 CRITICAL Uncaught Error: Call to a member function format() on string in /Users/nathalie/Sites/localhost/agrispesa/wp-content/themes/agrispesa/woocommerce/myaccount/subscription-details.php:118
Stack trace:
#0 /Users/nathalie/Sites/localhost/agrispesa/wp-content/plugins/woocommerce/includes/wc-core-functions.php(345): include()
#1 /Users/nathalie/Sites/localhost/agrispesa/wp-content/plugins/woocommerce-subscriptions/vendor/woocommerce/subscriptions-core/includes/class-wcs-template-loader.php(119): wc_get_template('myaccount/subsc...', Array, '', '/Users/nathalie...')
#2 /Users/nathalie/Sites/localhost/agrispesa/wp-includes/class-wp-hook.php(308): WCS_Template_Loader::get_subscription_details_template(Object(WC_Subscription))
#3 /Users/nathalie/Sites/localhost/agrispesa/wp-includes/class-wp-hook.php(332): WP_Hook->apply_filters(NULL, Array)
#4 /Users/nathalie/Sites/localhost/agrispesa/wp-includes/plugin.php(517): WP_Hook->do_action(Array)
#5 /Users/nathalie/Sites/localhost/agrispesa/wp-content/themes/agrispesa/woocomme in /Users/nathalie/Sites/localhost/agrispesa/wp-content/themes/agrispesa/woocommerce/myaccount/subscription-details.php alla riga 118

2023-04-26T21:32:16+00:00 CRITICAL Uncaught Error: Call to a member function format() on string in /Users/nathalie/Sites/localhost/agrispesa/wp-content/themes/agrispesa/woocommerce/myaccount/dashboard.php:147
Stack trace:
#0 /Users/nathalie/Sites/localhost/agrispesa/wp-content/plugins/woocommerce/includes/wc-core-functions.php(345): include()
#1 /Users/nathalie/Sites/localhost/agrispesa/wp-content/plugins/woocommerce/includes/wc-template-functions.php(3197): wc_get_template('myaccount/dashb...', Array)
#2 /Users/nathalie/Sites/localhost/agrispesa/wp-includes/class-wp-hook.php(308): woocommerce_account_content('')
#3 /Users/nathalie/Sites/localhost/agrispesa/wp-includes/class-wp-hook.php(332): WP_Hook->apply_filters(NULL, Array)
#4 /Users/nathalie/Sites/localhost/agrispesa/wp-includes/plugin.php(517): WP_Hook->do_action(Array)
#5 /Users/nathalie/Sites/localhost/agrispesa/wp-content/themes/agrispesa/woocommerce/myaccount/my-account.php(205): do_action('woocommerce_acc...')
#6 /Users/nathalie/Sites/localhost/agrispesa/wp-content/plugins/woocommer in /Users/nathalie/Sites/localhost/agrispesa/wp-content/themes/agrispesa/woocommerce/myaccount/dashboard.php alla riga 147

2023-04-26T21:32:44+00:00 CRITICAL Uncaught Error: Call to a member function format() on string in /Users/nathalie/Sites/localhost/agrispesa/wp-content/themes/agrispesa/woocommerce/myaccount/dashboard.php:147
Stack trace:
#0 /Users/nathalie/Sites/localhost/agrispesa/wp-content/plugins/woocommerce/includes/wc-core-functions.php(345): include()
#1 /Users/nathalie/Sites/localhost/agrispesa/wp-content/plugins/woocommerce/includes/wc-template-functions.php(3197): wc_get_template('myaccount/dashb...', Array)
#2 /Users/nathalie/Sites/localhost/agrispesa/wp-includes/class-wp-hook.php(308): woocommerce_account_content('')
#3 /Users/nathalie/Sites/localhost/agrispesa/wp-includes/class-wp-hook.php(332): WP_Hook->apply_filters(NULL, Array)
#4 /Users/nathalie/Sites/localhost/agrispesa/wp-includes/plugin.php(517): WP_Hook->do_action(Array)
#5 /Users/nathalie/Sites/localhost/agrispesa/wp-content/themes/agrispesa/woocommerce/myaccount/my-account.php(205): do_action('woocommerce_acc...')
#6 /Users/nathalie/Sites/localhost/agrispesa/wp-content/plugins/woocommer in /Users/nathalie/Sites/localhost/agrispesa/wp-content/themes/agrispesa/woocommerce/myaccount/dashboard.php alla riga 147

