2023-04-22T16:10:23+00:00 CRITICAL Uncaught Error: Call to a member function get_id() on bool in /shared/httpd/agrispesa/wp-content/themes/agrispesa/inc/admin.php:2108
Stack trace:
#0 /shared/httpd/agrispesa/wp-includes/rest-api/class-wp-rest-server.php(1181): {closure}(Object(WP_REST_Request))
#1 /shared/httpd/agrispesa/wp-includes/rest-api/class-wp-rest-server.php(1028): WP_REST_Server->respond_to_request(Object(WP_REST_Request), '/agrispesa/v1/e...', Array, NULL)
#2 /shared/httpd/agrispesa/wp-includes/rest-api/class-wp-rest-server.php(442): WP_REST_Server->dispatch(Object(WP_REST_Request))
#3 /shared/httpd/agrispesa/wp-includes/rest-api.php(410): WP_REST_Server->serve_request('/agrispesa/v1/e...')
#4 /shared/httpd/agrispesa/wp-includes/class-wp-hook.php(308): rest_api_loaded(Object(WP))
#5 /shared/httpd/agrispesa/wp-includes/class-wp-hook.php(332): WP_Hook->apply_filters(NULL, Array)
#6 /shared/httpd/agrispesa/wp-includes/plugin.php(565): WP_Hook->do_action(Array)
#7 /shared/httpd/agrispesa/wp-includes/class-wp.php(399): do_action_ref_array in /shared/httpd/agrispesa/wp-content/themes/agrispesa/inc/admin.php alla riga 2108

2023-04-22T16:11:15+00:00 CRITICAL Uncaught Error: Call to a member function get_id() on bool in /shared/httpd/agrispesa/wp-content/themes/agrispesa/inc/admin.php:2108
Stack trace:
#0 /shared/httpd/agrispesa/wp-includes/rest-api/class-wp-rest-server.php(1181): {closure}(Object(WP_REST_Request))
#1 /shared/httpd/agrispesa/wp-includes/rest-api/class-wp-rest-server.php(1028): WP_REST_Server->respond_to_request(Object(WP_REST_Request), '/agrispesa/v1/e...', Array, NULL)
#2 /shared/httpd/agrispesa/wp-includes/rest-api/class-wp-rest-server.php(442): WP_REST_Server->dispatch(Object(WP_REST_Request))
#3 /shared/httpd/agrispesa/wp-includes/rest-api.php(410): WP_REST_Server->serve_request('/agrispesa/v1/e...')
#4 /shared/httpd/agrispesa/wp-includes/class-wp-hook.php(308): rest_api_loaded(Object(WP))
#5 /shared/httpd/agrispesa/wp-includes/class-wp-hook.php(332): WP_Hook->apply_filters(NULL, Array)
#6 /shared/httpd/agrispesa/wp-includes/plugin.php(565): WP_Hook->do_action(Array)
#7 /shared/httpd/agrispesa/wp-includes/class-wp.php(399): do_action_ref_array in /shared/httpd/agrispesa/wp-content/themes/agrispesa/inc/admin.php alla riga 2108

2023-04-22T16:23:12+00:00 CRITICAL Uncaught ArgumentCountError: Too few arguments to function get_option(), 0 passed in /shared/httpd/agrispesa/wp-content/themes/agrispesa/inc/admin.php on line 2340 and at least 1 expected in /shared/httpd/agrispesa/wp-includes/option.php:78
Stack trace:
#0 /shared/httpd/agrispesa/wp-content/themes/agrispesa/inc/admin.php(2340): get_option()
#1 /shared/httpd/agrispesa/wp-includes/rest-api/class-wp-rest-server.php(1181): {closure}(Object(WP_REST_Request))
#2 /shared/httpd/agrispesa/wp-includes/rest-api/class-wp-rest-server.php(1028): WP_REST_Server->respond_to_request(Object(WP_REST_Request), '/agrispesa/v1/e...', Array, NULL)
#3 /shared/httpd/agrispesa/wp-includes/rest-api/class-wp-rest-server.php(442): WP_REST_Server->dispatch(Object(WP_REST_Request))
#4 /shared/httpd/agrispesa/wp-includes/rest-api.php(410): WP_REST_Server->serve_request('/agrispesa/v1/e...')
#5 /shared/httpd/agrispesa/wp-includes/class-wp-hook.php(308): rest_api_loaded(Object(WP))
#6 /shared/httpd/agrispesa/wp-includes/class-wp-hook.php(332) in /shared/httpd/agrispesa/wp-includes/option.php alla riga 78

