2023-05-26T20:45:29+00:00 CRITICAL Uncaught Exception: DateTime::__construct(): Failed to parse time string (Mon May 29 2023 00:00:00 GMT-0500 (Ora standard della Colombia)) at position 39 (s): Double timezone specification in /shared/httpd/agrispesa/wp-content/themes/agrispesa/inc/admin.php:3201
Stack trace:
#0 /shared/httpd/agrispesa/wp-content/themes/agrispesa/inc/admin.php(3201): DateTime->__construct('Mon May 29 2023...')
#1 /shared/httpd/agrispesa/wp-includes/rest-api/class-wp-rest-server.php(1181): {closure}(Object(WP_REST_Request))
#2 /shared/httpd/agrispesa/wp-includes/rest-api/class-wp-rest-server.php(1028): WP_REST_Server->respond_to_request(Object(WP_REST_Request), '/agrispesa/v1/d...', Array, NULL)
#3 /shared/httpd/agrispesa/wp-includes/rest-api/class-wp-rest-server.php(442): WP_REST_Server->dispatch(Object(WP_REST_Request))
#4 /shared/httpd/agrispesa/wp-includes/rest-api.php(410): WP_REST_Server->serve_request('/agrispesa/v1/d...')
#5 /shared/httpd/agrispesa/wp-includes/class-wp-hook.php(308): rest_api_loaded(Object(WP))
#6 /shar in /shared/httpd/agrispesa/wp-content/themes/agrispesa/inc/admin.php alla riga 3201

2023-05-26T20:45:56+00:00 CRITICAL Uncaught Exception: DateTime::__construct(): Failed to parse time string (Mon May 29 2023 00:00:00 GMT-0500 (Ora standard della Colombia)) at position 39 (s): Double timezone specification in /shared/httpd/agrispesa/wp-content/themes/agrispesa/inc/admin.php:3201
Stack trace:
#0 /shared/httpd/agrispesa/wp-content/themes/agrispesa/inc/admin.php(3201): DateTime->__construct('Mon May 29 2023...')
#1 /shared/httpd/agrispesa/wp-includes/rest-api/class-wp-rest-server.php(1181): {closure}(Object(WP_REST_Request))
#2 /shared/httpd/agrispesa/wp-includes/rest-api/class-wp-rest-server.php(1028): WP_REST_Server->respond_to_request(Object(WP_REST_Request), '/agrispesa/v1/d...', Array, NULL)
#3 /shared/httpd/agrispesa/wp-includes/rest-api/class-wp-rest-server.php(442): WP_REST_Server->dispatch(Object(WP_REST_Request))
#4 /shared/httpd/agrispesa/wp-includes/rest-api.php(410): WP_REST_Server->serve_request('/agrispesa/v1/d...')
#5 /shared/httpd/agrispesa/wp-includes/class-wp-hook.php(308): rest_api_loaded(Object(WP))
#6 /shar in /shared/httpd/agrispesa/wp-content/themes/agrispesa/inc/admin.php alla riga 3201

2023-05-26T20:56:54+00:00 CRITICAL Uncaught Error: Call to a member function format() on null in /shared/httpd/agrispesa/wp-content/themes/agrispesa/inc/admin.php:3165
Stack trace:
#0 /shared/httpd/agrispesa/wp-includes/rest-api/class-wp-rest-server.php(1181): {closure}(Object(WP_REST_Request))
#1 /shared/httpd/agrispesa/wp-includes/rest-api/class-wp-rest-server.php(1028): WP_REST_Server->respond_to_request(Object(WP_REST_Request), '/agrispesa/v1/a...', Array, NULL)
#2 /shared/httpd/agrispesa/wp-includes/rest-api/class-wp-rest-server.php(442): WP_REST_Server->dispatch(Object(WP_REST_Request))
#3 /shared/httpd/agrispesa/wp-includes/rest-api.php(410): WP_REST_Server->serve_request('/agrispesa/v1/a...')
#4 /shared/httpd/agrispesa/wp-includes/class-wp-hook.php(308): rest_api_loaded(Object(WP))
#5 /shared/httpd/agrispesa/wp-includes/class-wp-hook.php(332): WP_Hook->apply_filters(NULL, Array)
#6 /shared/httpd/agrispesa/wp-includes/plugin.php(565): WP_Hook->do_action(Array)
#7 /shared/httpd/agrispesa/wp-includes/class-wp.php(399): do_action_ref_array in /shared/httpd/agrispesa/wp-content/themes/agrispesa/inc/admin.php alla riga 3165

2023-05-26T20:57:35+00:00 CRITICAL Uncaught Error: Call to a member function format() on null in /shared/httpd/agrispesa/wp-content/themes/agrispesa/inc/admin.php:3165
Stack trace:
#0 /shared/httpd/agrispesa/wp-includes/rest-api/class-wp-rest-server.php(1181): {closure}(Object(WP_REST_Request))
#1 /shared/httpd/agrispesa/wp-includes/rest-api/class-wp-rest-server.php(1028): WP_REST_Server->respond_to_request(Object(WP_REST_Request), '/agrispesa/v1/a...', Array, NULL)
#2 /shared/httpd/agrispesa/wp-includes/rest-api/class-wp-rest-server.php(442): WP_REST_Server->dispatch(Object(WP_REST_Request))
#3 /shared/httpd/agrispesa/wp-includes/rest-api.php(410): WP_REST_Server->serve_request('/agrispesa/v1/a...')
#4 /shared/httpd/agrispesa/wp-includes/class-wp-hook.php(308): rest_api_loaded(Object(WP))
#5 /shared/httpd/agrispesa/wp-includes/class-wp-hook.php(332): WP_Hook->apply_filters(NULL, Array)
#6 /shared/httpd/agrispesa/wp-includes/plugin.php(565): WP_Hook->do_action(Array)
#7 /shared/httpd/agrispesa/wp-includes/class-wp.php(399): do_action_ref_array in /shared/httpd/agrispesa/wp-content/themes/agrispesa/inc/admin.php alla riga 3165

