2023-02-28T21:04:14+00:00 CRITICAL Uncaught Exception: DateTime::__construct(): Failed to parse time string (Nessuna data di consegna) at position 0 (N): The timezone could not be found in the database in /Users/nathalie/Sites/localhost/agrispesa/wp-content/themes/agrispesa/inc/admin.php:911
Stack trace:
#0 /Users/nathalie/Sites/localhost/agrispesa/wp-content/themes/agrispesa/inc/admin.php(911): DateTime->__construct('Nessuna data di...')
#1 /Users/nathalie/Sites/localhost/agrispesa/wp-admin/includes/template.php(1409): mv_add_other_fields_for_packaging(Object(WP_Post), Array)
#2 /Users/nathalie/Sites/localhost/agrispesa/wp-admin/edit-form-advanced.php(681): do_meta_boxes(Object(WP_Screen), 'side', Object(WP_Post))
#3 /Users/nathalie/Sites/localhost/agrispesa/wp-admin/post.php(206): require('/Users/nathalie...')
#4 {main}
  thrown in /Users/nathalie/Sites/localhost/agrispesa/wp-content/themes/agrispesa/inc/admin.php alla riga 911

2023-02-28T21:04:23+00:00 CRITICAL Uncaught Exception: DateTime::__construct(): Failed to parse time string (Nessuna data di consegna) at position 0 (N): The timezone could not be found in the database in /Users/nathalie/Sites/localhost/agrispesa/wp-content/themes/agrispesa/inc/admin.php:1513
Stack trace:
#0 /Users/nathalie/Sites/localhost/agrispesa/wp-content/themes/agrispesa/inc/admin.php(1513): DateTime->__construct('Nessuna data di...')
#1 /Users/nathalie/Sites/localhost/agrispesa/wp-includes/class-wp-hook.php(308): custom_orders_list_column_content('my-column2', 873)
#2 /Users/nathalie/Sites/localhost/agrispesa/wp-includes/class-wp-hook.php(332): WP_Hook->apply_filters(NULL, Array)
#3 /Users/nathalie/Sites/localhost/agrispesa/wp-includes/plugin.php(517): WP_Hook->do_action(Array)
#4 /Users/nathalie/Sites/localhost/agrispesa/wp-admin/includes/class-wp-posts-list-table.php(1363): do_action('manage_shop_ord...', 'my-column2', 873)
#5 /Users/nathalie/Sites/localhost/agrispesa/wp-admin/includes/class-wp-list-table.php(1532): WP_Posts_List_Tabl in /Users/nathalie/Sites/localhost/agrispesa/wp-content/themes/agrispesa/inc/admin.php alla riga 1513

2023-02-28T21:11:46+00:00 CRITICAL Uncaught Exception: DateTime::__construct(): Failed to parse time string (Nessuna data di consegna) at position 0 (N): The timezone could not be found in the database in /Users/nathalie/Sites/localhost/agrispesa/wp-content/themes/agrispesa/inc/admin.php:1517
Stack trace:
#0 /Users/nathalie/Sites/localhost/agrispesa/wp-content/themes/agrispesa/inc/admin.php(1517): DateTime->__construct('Nessuna data di...')
#1 /Users/nathalie/Sites/localhost/agrispesa/wp-includes/class-wp-hook.php(308): custom_orders_list_column_content('my-column2', 873)
#2 /Users/nathalie/Sites/localhost/agrispesa/wp-includes/class-wp-hook.php(332): WP_Hook->apply_filters(NULL, Array)
#3 /Users/nathalie/Sites/localhost/agrispesa/wp-includes/plugin.php(517): WP_Hook->do_action(Array)
#4 /Users/nathalie/Sites/localhost/agrispesa/wp-admin/includes/class-wp-posts-list-table.php(1363): do_action('manage_shop_ord...', 'my-column2', 873)
#5 /Users/nathalie/Sites/localhost/agrispesa/wp-admin/includes/class-wp-list-table.php(1532): WP_Posts_List_Tabl in /Users/nathalie/Sites/localhost/agrispesa/wp-content/themes/agrispesa/inc/admin.php alla riga 1517

2023-02-28T21:11:52+00:00 CRITICAL Uncaught Exception: DateTime::__construct(): Failed to parse time string (Nessuna data di consegna) at position 0 (N): The timezone could not be found in the database in /Users/nathalie/Sites/localhost/agrispesa/wp-content/themes/agrispesa/inc/admin.php:1517
Stack trace:
#0 /Users/nathalie/Sites/localhost/agrispesa/wp-content/themes/agrispesa/inc/admin.php(1517): DateTime->__construct('Nessuna data di...')
#1 /Users/nathalie/Sites/localhost/agrispesa/wp-includes/class-wp-hook.php(308): custom_orders_list_column_content('my-column2', 873)
#2 /Users/nathalie/Sites/localhost/agrispesa/wp-includes/class-wp-hook.php(332): WP_Hook->apply_filters(NULL, Array)
#3 /Users/nathalie/Sites/localhost/agrispesa/wp-includes/plugin.php(517): WP_Hook->do_action(Array)
#4 /Users/nathalie/Sites/localhost/agrispesa/wp-admin/includes/class-wp-posts-list-table.php(1363): do_action('manage_shop_ord...', 'my-column2', 873)
#5 /Users/nathalie/Sites/localhost/agrispesa/wp-admin/includes/class-wp-list-table.php(1532): WP_Posts_List_Tabl in /Users/nathalie/Sites/localhost/agrispesa/wp-content/themes/agrispesa/inc/admin.php alla riga 1517

2023-02-28T21:11:57+00:00 CRITICAL Uncaught Exception: DateTime::__construct(): Failed to parse time string (Nessuna data di consegna) at position 0 (N): The timezone could not be found in the database in /Users/nathalie/Sites/localhost/agrispesa/wp-content/themes/agrispesa/inc/admin.php:1517
Stack trace:
#0 /Users/nathalie/Sites/localhost/agrispesa/wp-content/themes/agrispesa/inc/admin.php(1517): DateTime->__construct('Nessuna data di...')
#1 /Users/nathalie/Sites/localhost/agrispesa/wp-includes/class-wp-hook.php(308): custom_orders_list_column_content('my-column2', 873)
#2 /Users/nathalie/Sites/localhost/agrispesa/wp-includes/class-wp-hook.php(332): WP_Hook->apply_filters(NULL, Array)
#3 /Users/nathalie/Sites/localhost/agrispesa/wp-includes/plugin.php(517): WP_Hook->do_action(Array)
#4 /Users/nathalie/Sites/localhost/agrispesa/wp-admin/includes/class-wp-posts-list-table.php(1363): do_action('manage_shop_ord...', 'my-column2', 873)
#5 /Users/nathalie/Sites/localhost/agrispesa/wp-admin/includes/class-wp-list-table.php(1532): WP_Posts_List_Tabl in /Users/nathalie/Sites/localhost/agrispesa/wp-content/themes/agrispesa/inc/admin.php alla riga 1517

2023-02-28T21:13:56+00:00 CRITICAL Uncaught Exception: DateTime::__construct(): Failed to parse time string (Nessuna data di consegna) at position 0 (N): The timezone could not be found in the database in /Users/nathalie/Sites/localhost/agrispesa/wp-content/themes/agrispesa/inc/admin.php:911
Stack trace:
#0 /Users/nathalie/Sites/localhost/agrispesa/wp-content/themes/agrispesa/inc/admin.php(911): DateTime->__construct('Nessuna data di...')
#1 /Users/nathalie/Sites/localhost/agrispesa/wp-admin/includes/template.php(1409): mv_add_other_fields_for_packaging(Object(WP_Post), Array)
#2 /Users/nathalie/Sites/localhost/agrispesa/wp-admin/edit-form-advanced.php(681): do_meta_boxes(Object(WP_Screen), 'side', Object(WP_Post))
#3 /Users/nathalie/Sites/localhost/agrispesa/wp-admin/post.php(206): require('/Users/nathalie...')
#4 {main}
  thrown in /Users/nathalie/Sites/localhost/agrispesa/wp-content/themes/agrispesa/inc/admin.php alla riga 911

2023-02-28T21:15:24+00:00 CRITICAL syntax error, unexpected 'else' (T_ELSE), expecting case (T_CASE) or default (T_DEFAULT) or '}' in /Users/nathalie/Sites/localhost/agrispesa/wp-content/themes/agrispesa/inc/admin.php alla riga 1518

2023-02-28T21:15:24+00:00 CRITICAL syntax error, unexpected 'else' (T_ELSE), expecting case (T_CASE) or default (T_DEFAULT) or '}' in /Users/nathalie/Sites/localhost/agrispesa/wp-content/themes/agrispesa/inc/admin.php alla riga 1518

2023-02-28T21:15:26+00:00 CRITICAL syntax error, unexpected 'else' (T_ELSE), expecting case (T_CASE) or default (T_DEFAULT) or '}' in /Users/nathalie/Sites/localhost/agrispesa/wp-content/themes/agrispesa/inc/admin.php alla riga 1518

2023-02-28T21:15:36+00:00 CRITICAL syntax error, unexpected 'else' (T_ELSE), expecting case (T_CASE) or default (T_DEFAULT) or '}' in /Users/nathalie/Sites/localhost/agrispesa/wp-content/themes/agrispesa/inc/admin.php alla riga 1518

2023-02-28T21:15:38+00:00 CRITICAL syntax error, unexpected 'else' (T_ELSE), expecting case (T_CASE) or default (T_DEFAULT) or '}' in /Users/nathalie/Sites/localhost/agrispesa/wp-content/themes/agrispesa/inc/admin.php alla riga 1518

2023-02-28T21:15:49+00:00 CRITICAL syntax error, unexpected 'else' (T_ELSE), expecting case (T_CASE) or default (T_DEFAULT) or '}' in /Users/nathalie/Sites/localhost/agrispesa/wp-content/themes/agrispesa/inc/admin.php alla riga 1518

2023-02-28T21:15:50+00:00 CRITICAL syntax error, unexpected 'else' (T_ELSE), expecting case (T_CASE) or default (T_DEFAULT) or '}' in /Users/nathalie/Sites/localhost/agrispesa/wp-content/themes/agrispesa/inc/admin.php alla riga 1518

2023-02-28T21:16:03+00:00 CRITICAL syntax error, unexpected '}', expecting ';' or ',' in /Users/nathalie/Sites/localhost/agrispesa/wp-content/themes/agrispesa/inc/admin.php alla riga 1522

2023-02-28T21:16:08+00:00 CRITICAL syntax error, unexpected '}', expecting ';' or ',' in /Users/nathalie/Sites/localhost/agrispesa/wp-content/themes/agrispesa/inc/admin.php alla riga 1522

2023-02-28T21:16:10+00:00 CRITICAL syntax error, unexpected '}', expecting ';' or ',' in /Users/nathalie/Sites/localhost/agrispesa/wp-content/themes/agrispesa/inc/admin.php alla riga 1522

2023-02-28T21:16:40+00:00 CRITICAL syntax error, unexpected 'break' (T_BREAK), expecting ';' or ',' in /Users/nathalie/Sites/localhost/agrispesa/wp-content/themes/agrispesa/inc/admin.php alla riga 1522

2023-02-28T21:16:41+00:00 CRITICAL syntax error, unexpected 'break' (T_BREAK), expecting ';' or ',' in /Users/nathalie/Sites/localhost/agrispesa/wp-content/themes/agrispesa/inc/admin.php alla riga 1522

2023-02-28T21:16:53+00:00 CRITICAL syntax error, unexpected 'break' (T_BREAK), expecting ';' or ',' in /Users/nathalie/Sites/localhost/agrispesa/wp-content/themes/agrispesa/inc/admin.php alla riga 1522

2023-02-28T21:16:55+00:00 CRITICAL syntax error, unexpected 'break' (T_BREAK), expecting ';' or ',' in /Users/nathalie/Sites/localhost/agrispesa/wp-content/themes/agrispesa/inc/admin.php alla riga 1522

2023-02-28T21:18:21+00:00 CRITICAL Uncaught Exception: DateTime::__construct(): Failed to parse time string (Nessuna data di consegna) at position 0 (N): The timezone could not be found in the database in /Users/nathalie/Sites/localhost/agrispesa/wp-content/themes/agrispesa/inc/admin.php:911
Stack trace:
#0 /Users/nathalie/Sites/localhost/agrispesa/wp-content/themes/agrispesa/inc/admin.php(911): DateTime->__construct('Nessuna data di...')
#1 /Users/nathalie/Sites/localhost/agrispesa/wp-admin/includes/template.php(1409): mv_add_other_fields_for_packaging(Object(WP_Post), Array)
#2 /Users/nathalie/Sites/localhost/agrispesa/wp-admin/edit-form-advanced.php(681): do_meta_boxes(Object(WP_Screen), 'side', Object(WP_Post))
#3 /Users/nathalie/Sites/localhost/agrispesa/wp-admin/post.php(206): require('/Users/nathalie...')
#4 {main}
  thrown in /Users/nathalie/Sites/localhost/agrispesa/wp-content/themes/agrispesa/inc/admin.php alla riga 911

2023-02-28T21:18:27+00:00 CRITICAL Uncaught Exception: DateTime::__construct(): Failed to parse time string (Nessuna data di consegna) at position 0 (N): The timezone could not be found in the database in /Users/nathalie/Sites/localhost/agrispesa/wp-content/themes/agrispesa/inc/admin.php:911
Stack trace:
#0 /Users/nathalie/Sites/localhost/agrispesa/wp-content/themes/agrispesa/inc/admin.php(911): DateTime->__construct('Nessuna data di...')
#1 /Users/nathalie/Sites/localhost/agrispesa/wp-admin/includes/template.php(1409): mv_add_other_fields_for_packaging(Object(WP_Post), Array)
#2 /Users/nathalie/Sites/localhost/agrispesa/wp-admin/edit-form-advanced.php(681): do_meta_boxes(Object(WP_Screen), 'side', Object(WP_Post))
#3 /Users/nathalie/Sites/localhost/agrispesa/wp-admin/post.php(206): require('/Users/nathalie...')
#4 {main}
  thrown in /Users/nathalie/Sites/localhost/agrispesa/wp-content/themes/agrispesa/inc/admin.php alla riga 911

2023-02-28T21:20:19+00:00 CRITICAL Uncaught Exception: DateTime::__construct(): Failed to parse time string (Nessuna data di consegna) at position 0 (N): The timezone could not be found in the database in /Users/nathalie/Sites/localhost/agrispesa/wp-content/themes/agrispesa/inc/admin.php:1514
Stack trace:
#0 /Users/nathalie/Sites/localhost/agrispesa/wp-content/themes/agrispesa/inc/admin.php(1514): DateTime->__construct('Nessuna data di...')
#1 /Users/nathalie/Sites/localhost/agrispesa/wp-includes/class-wp-hook.php(308): custom_orders_list_column_content('my-column2', 873)
#2 /Users/nathalie/Sites/localhost/agrispesa/wp-includes/class-wp-hook.php(332): WP_Hook->apply_filters(NULL, Array)
#3 /Users/nathalie/Sites/localhost/agrispesa/wp-includes/plugin.php(517): WP_Hook->do_action(Array)
#4 /Users/nathalie/Sites/localhost/agrispesa/wp-admin/includes/class-wp-posts-list-table.php(1363): do_action('manage_shop_ord...', 'my-column2', 873)
#5 /Users/nathalie/Sites/localhost/agrispesa/wp-admin/includes/class-wp-list-table.php(1532): WP_Posts_List_Tabl in /Users/nathalie/Sites/localhost/agrispesa/wp-content/themes/agrispesa/inc/admin.php alla riga 1514

2023-02-28T21:20:41+00:00 CRITICAL Uncaught Exception: DateTime::__construct(): Failed to parse time string (Nessuna data di consegna) at position 0 (N): The timezone could not be found in the database in /Users/nathalie/Sites/localhost/agrispesa/wp-content/themes/agrispesa/inc/admin.php:911
Stack trace:
#0 /Users/nathalie/Sites/localhost/agrispesa/wp-content/themes/agrispesa/inc/admin.php(911): DateTime->__construct('Nessuna data di...')
#1 /Users/nathalie/Sites/localhost/agrispesa/wp-admin/includes/template.php(1409): mv_add_other_fields_for_packaging(Object(WP_Post), Array)
#2 /Users/nathalie/Sites/localhost/agrispesa/wp-admin/edit-form-advanced.php(681): do_meta_boxes(Object(WP_Screen), 'side', Object(WP_Post))
#3 /Users/nathalie/Sites/localhost/agrispesa/wp-admin/post.php(206): require('/Users/nathalie...')
#4 {main}
  thrown in /Users/nathalie/Sites/localhost/agrispesa/wp-content/themes/agrispesa/inc/admin.php alla riga 911

2023-02-28T21:25:07+00:00 CRITICAL Uncaught Error: Call to a member function format() on null in /Users/nathalie/Sites/localhost/agrispesa/wp-content/themes/agrispesa/inc/admin.php:920
Stack trace:
#0 /Users/nathalie/Sites/localhost/agrispesa/wp-admin/includes/template.php(1409): mv_add_other_fields_for_packaging(Object(WP_Post), Array)
#1 /Users/nathalie/Sites/localhost/agrispesa/wp-admin/edit-form-advanced.php(681): do_meta_boxes(Object(WP_Screen), 'side', Object(WP_Post))
#2 /Users/nathalie/Sites/localhost/agrispesa/wp-admin/post.php(206): require('/Users/nathalie...')
#3 {main}
  thrown in /Users/nathalie/Sites/localhost/agrispesa/wp-content/themes/agrispesa/inc/admin.php alla riga 920

2023-02-28T21:25:08+00:00 CRITICAL Uncaught Error: Call to a member function format() on null in /Users/nathalie/Sites/localhost/agrispesa/wp-content/themes/agrispesa/inc/admin.php:920
Stack trace:
#0 /Users/nathalie/Sites/localhost/agrispesa/wp-admin/includes/template.php(1409): mv_add_other_fields_for_packaging(Object(WP_Post), Array)
#1 /Users/nathalie/Sites/localhost/agrispesa/wp-admin/edit-form-advanced.php(681): do_meta_boxes(Object(WP_Screen), 'side', Object(WP_Post))
#2 /Users/nathalie/Sites/localhost/agrispesa/wp-admin/post.php(206): require('/Users/nathalie...')
#3 {main}
  thrown in /Users/nathalie/Sites/localhost/agrispesa/wp-content/themes/agrispesa/inc/admin.php alla riga 920

2023-02-28T21:25:25+00:00 CRITICAL Uncaught Error: Call to a member function format() on null in /Users/nathalie/Sites/localhost/agrispesa/wp-content/themes/agrispesa/inc/admin.php:920
Stack trace:
#0 /Users/nathalie/Sites/localhost/agrispesa/wp-admin/includes/template.php(1409): mv_add_other_fields_for_packaging(Object(WP_Post), Array)
#1 /Users/nathalie/Sites/localhost/agrispesa/wp-admin/edit-form-advanced.php(681): do_meta_boxes(Object(WP_Screen), 'side', Object(WP_Post))
#2 /Users/nathalie/Sites/localhost/agrispesa/wp-admin/post.php(206): require('/Users/nathalie...')
#3 {main}
  thrown in /Users/nathalie/Sites/localhost/agrispesa/wp-content/themes/agrispesa/inc/admin.php alla riga 920

2023-02-28T21:26:16+00:00 CRITICAL Uncaught Exception: DateTime::__construct(): Failed to parse time string (Nessuna data di consegna) at position 0 (N): The timezone could not be found in the database in /Users/nathalie/Sites/localhost/agrispesa/wp-content/themes/agrispesa/inc/admin.php:912
Stack trace:
#0 /Users/nathalie/Sites/localhost/agrispesa/wp-content/themes/agrispesa/inc/admin.php(912): DateTime->__construct('Nessuna data di...')
#1 /Users/nathalie/Sites/localhost/agrispesa/wp-admin/includes/template.php(1409): mv_add_other_fields_for_packaging(Object(WP_Post), Array)
#2 /Users/nathalie/Sites/localhost/agrispesa/wp-admin/edit-form-advanced.php(681): do_meta_boxes(Object(WP_Screen), 'side', Object(WP_Post))
#3 /Users/nathalie/Sites/localhost/agrispesa/wp-admin/post.php(206): require('/Users/nathalie...')
#4 {main}
  thrown in /Users/nathalie/Sites/localhost/agrispesa/wp-content/themes/agrispesa/inc/admin.php alla riga 912

2023-02-28T21:27:28+00:00 CRITICAL Uncaught Exception: DateTime::__construct(): Failed to parse time string (Nessuna data di consegna) at position 0 (N): The timezone could not be found in the database in /Users/nathalie/Sites/localhost/agrispesa/wp-content/themes/agrispesa/inc/admin.php:912
Stack trace:
#0 /Users/nathalie/Sites/localhost/agrispesa/wp-content/themes/agrispesa/inc/admin.php(912): DateTime->__construct('Nessuna data di...')
#1 /Users/nathalie/Sites/localhost/agrispesa/wp-admin/includes/template.php(1409): mv_add_other_fields_for_packaging(Object(WP_Post), Array)
#2 /Users/nathalie/Sites/localhost/agrispesa/wp-admin/edit-form-advanced.php(681): do_meta_boxes(Object(WP_Screen), 'side', Object(WP_Post))
#3 /Users/nathalie/Sites/localhost/agrispesa/wp-admin/post.php(206): require('/Users/nathalie...')
#4 {main}
  thrown in /Users/nathalie/Sites/localhost/agrispesa/wp-content/themes/agrispesa/inc/admin.php alla riga 912

2023-02-28T21:30:28+00:00 CRITICAL Uncaught Exception: DateTime::__construct(): Failed to parse time string (Nessuna data di consegna) at position 0 (N): The timezone could not be found in the database in /Users/nathalie/Sites/localhost/agrispesa/wp-content/themes/agrispesa/inc/admin.php:912
Stack trace:
#0 /Users/nathalie/Sites/localhost/agrispesa/wp-content/themes/agrispesa/inc/admin.php(912): DateTime->__construct('Nessuna data di...')
#1 /Users/nathalie/Sites/localhost/agrispesa/wp-admin/includes/template.php(1409): mv_add_other_fields_for_packaging(Object(WP_Post), Array)
#2 /Users/nathalie/Sites/localhost/agrispesa/wp-admin/edit-form-advanced.php(681): do_meta_boxes(Object(WP_Screen), 'side', Object(WP_Post))
#3 /Users/nathalie/Sites/localhost/agrispesa/wp-admin/post.php(206): require('/Users/nathalie...')
#4 {main}
  thrown in /Users/nathalie/Sites/localhost/agrispesa/wp-content/themes/agrispesa/inc/admin.php alla riga 912

2023-02-28T21:32:09+00:00 CRITICAL Uncaught Exception: DateTime::__construct(): Failed to parse time string (Nessuna data di consegna) at position 0 (N): The timezone could not be found in the database in /Users/nathalie/Sites/localhost/agrispesa/wp-content/themes/agrispesa/inc/admin.php:912
Stack trace:
#0 /Users/nathalie/Sites/localhost/agrispesa/wp-content/themes/agrispesa/inc/admin.php(912): DateTime->__construct('Nessuna data di...')
#1 /Users/nathalie/Sites/localhost/agrispesa/wp-admin/includes/template.php(1409): mv_add_other_fields_for_packaging(Object(WP_Post), Array)
#2 /Users/nathalie/Sites/localhost/agrispesa/wp-admin/edit-form-advanced.php(681): do_meta_boxes(Object(WP_Screen), 'side', Object(WP_Post))
#3 /Users/nathalie/Sites/localhost/agrispesa/wp-admin/post.php(206): require('/Users/nathalie...')
#4 {main}
  thrown in /Users/nathalie/Sites/localhost/agrispesa/wp-content/themes/agrispesa/inc/admin.php alla riga 912

2023-02-28T21:32:43+00:00 CRITICAL Uncaught Error: Call to a member function format() on bool in /Users/nathalie/Sites/localhost/agrispesa/wp-content/themes/agrispesa/inc/admin.php:920
Stack trace:
#0 /Users/nathalie/Sites/localhost/agrispesa/wp-admin/includes/template.php(1409): mv_add_other_fields_for_packaging(Object(WP_Post), Array)
#1 /Users/nathalie/Sites/localhost/agrispesa/wp-admin/edit-form-advanced.php(681): do_meta_boxes(Object(WP_Screen), 'side', Object(WP_Post))
#2 /Users/nathalie/Sites/localhost/agrispesa/wp-admin/post.php(206): require('/Users/nathalie...')
#3 {main}
  thrown in /Users/nathalie/Sites/localhost/agrispesa/wp-content/themes/agrispesa/inc/admin.php alla riga 920

2023-02-28T21:32:46+00:00 CRITICAL Uncaught Error: Call to a member function format() on bool in /Users/nathalie/Sites/localhost/agrispesa/wp-content/themes/agrispesa/inc/admin.php:920
Stack trace:
#0 /Users/nathalie/Sites/localhost/agrispesa/wp-admin/includes/template.php(1409): mv_add_other_fields_for_packaging(Object(WP_Post), Array)
#1 /Users/nathalie/Sites/localhost/agrispesa/wp-admin/edit-form-advanced.php(681): do_meta_boxes(Object(WP_Screen), 'side', Object(WP_Post))
#2 /Users/nathalie/Sites/localhost/agrispesa/wp-admin/post.php(206): require('/Users/nathalie...')
#3 {main}
  thrown in /Users/nathalie/Sites/localhost/agrispesa/wp-content/themes/agrispesa/inc/admin.php alla riga 920

2023-02-28T21:33:03+00:00 CRITICAL Uncaught Exception: DateTime::__construct(): Failed to parse time string (Nessuna data di consegna) at position 0 (N): The timezone could not be found in the database in /Users/nathalie/Sites/localhost/agrispesa/wp-content/themes/agrispesa/inc/admin.php:912
Stack trace:
#0 /Users/nathalie/Sites/localhost/agrispesa/wp-content/themes/agrispesa/inc/admin.php(912): DateTime->__construct('Nessuna data di...')
#1 /Users/nathalie/Sites/localhost/agrispesa/wp-admin/includes/template.php(1409): mv_add_other_fields_for_packaging(Object(WP_Post), Array)
#2 /Users/nathalie/Sites/localhost/agrispesa/wp-admin/edit-form-advanced.php(681): do_meta_boxes(Object(WP_Screen), 'side', Object(WP_Post))
#3 /Users/nathalie/Sites/localhost/agrispesa/wp-admin/post.php(206): require('/Users/nathalie...')
#4 {main}
  thrown in /Users/nathalie/Sites/localhost/agrispesa/wp-content/themes/agrispesa/inc/admin.php alla riga 912

2023-02-28T21:38:53+00:00 CRITICAL Uncaught Error: Call to a member function format() on string in /Users/nathalie/Sites/localhost/agrispesa/wp-content/themes/agrispesa/inc/admin.php:917
Stack trace:
#0 /Users/nathalie/Sites/localhost/agrispesa/wp-admin/includes/template.php(1409): mv_add_other_fields_for_packaging(Object(WP_Post), Array)
#1 /Users/nathalie/Sites/localhost/agrispesa/wp-admin/edit-form-advanced.php(681): do_meta_boxes(Object(WP_Screen), 'side', Object(WP_Post))
#2 /Users/nathalie/Sites/localhost/agrispesa/wp-admin/post.php(206): require('/Users/nathalie...')
#3 {main}
  thrown in /Users/nathalie/Sites/localhost/agrispesa/wp-content/themes/agrispesa/inc/admin.php alla riga 917

2023-02-28T21:40:13+00:00 CRITICAL Uncaught Error: Call to a member function format() on null in /Users/nathalie/Sites/localhost/agrispesa/wp-content/themes/agrispesa/inc/admin.php:1518
Stack trace:
#0 /Users/nathalie/Sites/localhost/agrispesa/wp-includes/class-wp-hook.php(308): custom_orders_list_column_content('my-column2', 875)
#1 /Users/nathalie/Sites/localhost/agrispesa/wp-includes/class-wp-hook.php(332): WP_Hook->apply_filters(NULL, Array)
#2 /Users/nathalie/Sites/localhost/agrispesa/wp-includes/plugin.php(517): WP_Hook->do_action(Array)
#3 /Users/nathalie/Sites/localhost/agrispesa/wp-admin/includes/class-wp-posts-list-table.php(1363): do_action('manage_shop_ord...', 'my-column2', 875)
#4 /Users/nathalie/Sites/localhost/agrispesa/wp-admin/includes/class-wp-list-table.php(1532): WP_Posts_List_Table->column_default(Object(WP_Post), 'my-column2')
#5 /Users/nathalie/Sites/localhost/agrispesa/wp-admin/includes/class-wp-posts-list-table.php(1397): WP_List_Table->single_row_columns(Object(WP_Post))
#6 /Users/nathalie/Sites/localhost/agrispesa/w in /Users/nathalie/Sites/localhost/agrispesa/wp-content/themes/agrispesa/inc/admin.php alla riga 1518

2023-02-28T21:40:26+00:00 CRITICAL Uncaught Error: Call to a member function format() on null in /Users/nathalie/Sites/localhost/agrispesa/wp-content/themes/agrispesa/inc/admin.php:1518
Stack trace:
#0 /Users/nathalie/Sites/localhost/agrispesa/wp-includes/class-wp-hook.php(308): custom_orders_list_column_content('my-column2', 875)
#1 /Users/nathalie/Sites/localhost/agrispesa/wp-includes/class-wp-hook.php(332): WP_Hook->apply_filters(NULL, Array)
#2 /Users/nathalie/Sites/localhost/agrispesa/wp-includes/plugin.php(517): WP_Hook->do_action(Array)
#3 /Users/nathalie/Sites/localhost/agrispesa/wp-admin/includes/class-wp-posts-list-table.php(1363): do_action('manage_shop_ord...', 'my-column2', 875)
#4 /Users/nathalie/Sites/localhost/agrispesa/wp-admin/includes/class-wp-list-table.php(1532): WP_Posts_List_Table->column_default(Object(WP_Post), 'my-column2')
#5 /Users/nathalie/Sites/localhost/agrispesa/wp-admin/includes/class-wp-posts-list-table.php(1397): WP_List_Table->single_row_columns(Object(WP_Post))
#6 /Users/nathalie/Sites/localhost/agrispesa/w in /Users/nathalie/Sites/localhost/agrispesa/wp-content/themes/agrispesa/inc/admin.php alla riga 1518

2023-02-28T21:41:16+00:00 CRITICAL Uncaught Exception: DateTime::__construct(): Failed to parse time string (Nessuna data di consegna) at position 0 (N): The timezone could not be found in the database in /Users/nathalie/Sites/localhost/agrispesa/wp-content/themes/agrispesa/inc/admin.php:1517
Stack trace:
#0 /Users/nathalie/Sites/localhost/agrispesa/wp-content/themes/agrispesa/inc/admin.php(1517): DateTime->__construct('Nessuna data di...')
#1 /Users/nathalie/Sites/localhost/agrispesa/wp-includes/class-wp-hook.php(308): custom_orders_list_column_content('my-column2', 873)
#2 /Users/nathalie/Sites/localhost/agrispesa/wp-includes/class-wp-hook.php(332): WP_Hook->apply_filters(NULL, Array)
#3 /Users/nathalie/Sites/localhost/agrispesa/wp-includes/plugin.php(517): WP_Hook->do_action(Array)
#4 /Users/nathalie/Sites/localhost/agrispesa/wp-admin/includes/class-wp-posts-list-table.php(1363): do_action('manage_shop_ord...', 'my-column2', 873)
#5 /Users/nathalie/Sites/localhost/agrispesa/wp-admin/includes/class-wp-list-table.php(1532): WP_Posts_List_Tabl in /Users/nathalie/Sites/localhost/agrispesa/wp-content/themes/agrispesa/inc/admin.php alla riga 1517

2023-02-28T21:42:18+00:00 CRITICAL Uncaught Error: Call to a member function format() on null in /Users/nathalie/Sites/localhost/agrispesa/wp-content/themes/agrispesa/inc/admin.php:1519
Stack trace:
#0 /Users/nathalie/Sites/localhost/agrispesa/wp-includes/class-wp-hook.php(308): custom_orders_list_column_content('my-column2', 873)
#1 /Users/nathalie/Sites/localhost/agrispesa/wp-includes/class-wp-hook.php(332): WP_Hook->apply_filters(NULL, Array)
#2 /Users/nathalie/Sites/localhost/agrispesa/wp-includes/plugin.php(517): WP_Hook->do_action(Array)
#3 /Users/nathalie/Sites/localhost/agrispesa/wp-admin/includes/class-wp-posts-list-table.php(1363): do_action('manage_shop_ord...', 'my-column2', 873)
#4 /Users/nathalie/Sites/localhost/agrispesa/wp-admin/includes/class-wp-list-table.php(1532): WP_Posts_List_Table->column_default(Object(WP_Post), 'my-column2')
#5 /Users/nathalie/Sites/localhost/agrispesa/wp-admin/includes/class-wp-posts-list-table.php(1397): WP_List_Table->single_row_columns(Object(WP_Post))
#6 /Users/nathalie/Sites/localhost/agrispesa/w in /Users/nathalie/Sites/localhost/agrispesa/wp-content/themes/agrispesa/inc/admin.php alla riga 1519

2023-02-28T21:42:21+00:00 CRITICAL Uncaught Error: Call to a member function format() on null in /Users/nathalie/Sites/localhost/agrispesa/wp-content/themes/agrispesa/inc/admin.php:1519
Stack trace:
#0 /Users/nathalie/Sites/localhost/agrispesa/wp-includes/class-wp-hook.php(308): custom_orders_list_column_content('my-column2', 873)
#1 /Users/nathalie/Sites/localhost/agrispesa/wp-includes/class-wp-hook.php(332): WP_Hook->apply_filters(NULL, Array)
#2 /Users/nathalie/Sites/localhost/agrispesa/wp-includes/plugin.php(517): WP_Hook->do_action(Array)
#3 /Users/nathalie/Sites/localhost/agrispesa/wp-admin/includes/class-wp-posts-list-table.php(1363): do_action('manage_shop_ord...', 'my-column2', 873)
#4 /Users/nathalie/Sites/localhost/agrispesa/wp-admin/includes/class-wp-list-table.php(1532): WP_Posts_List_Table->column_default(Object(WP_Post), 'my-column2')
#5 /Users/nathalie/Sites/localhost/agrispesa/wp-admin/includes/class-wp-posts-list-table.php(1397): WP_List_Table->single_row_columns(Object(WP_Post))
#6 /Users/nathalie/Sites/localhost/agrispesa/w in /Users/nathalie/Sites/localhost/agrispesa/wp-content/themes/agrispesa/inc/admin.php alla riga 1519

2023-02-28T21:43:05+00:00 CRITICAL syntax error, unexpected '$fixshippingdate' (T_VARIABLE) in /Users/nathalie/Sites/localhost/agrispesa/wp-content/themes/agrispesa/inc/admin.php alla riga 1518

2023-02-28T21:50:56+00:00 CRITICAL Uncaught Error: Object of class DateTime could not be converted to string in /Users/nathalie/Sites/localhost/agrispesa/wp-content/themes/agrispesa/inc/admin.php:920
Stack trace:
#0 /Users/nathalie/Sites/localhost/agrispesa/wp-admin/includes/template.php(1409): mv_add_other_fields_for_packaging(Object(WP_Post), Array)
#1 /Users/nathalie/Sites/localhost/agrispesa/wp-admin/edit-form-advanced.php(681): do_meta_boxes(Object(WP_Screen), 'side', Object(WP_Post))
#2 /Users/nathalie/Sites/localhost/agrispesa/wp-admin/post.php(206): require('/Users/nathalie...')
#3 {main}
  thrown in /Users/nathalie/Sites/localhost/agrispesa/wp-content/themes/agrispesa/inc/admin.php alla riga 920

2023-02-28T21:52:01+00:00 CRITICAL Uncaught Exception: DateTime::__construct(): Failed to parse time string (Nessuna data di consegna) at position 0 (N): The timezone could not be found in the database in /Users/nathalie/Sites/localhost/agrispesa/wp-content/themes/agrispesa/inc/admin.php:915
Stack trace:
#0 /Users/nathalie/Sites/localhost/agrispesa/wp-content/themes/agrispesa/inc/admin.php(915): DateTime->__construct('Nessuna data di...')
#1 /Users/nathalie/Sites/localhost/agrispesa/wp-admin/includes/template.php(1409): mv_add_other_fields_for_packaging(Object(WP_Post), Array)
#2 /Users/nathalie/Sites/localhost/agrispesa/wp-admin/edit-form-advanced.php(681): do_meta_boxes(Object(WP_Screen), 'side', Object(WP_Post))
#3 /Users/nathalie/Sites/localhost/agrispesa/wp-admin/post.php(206): require('/Users/nathalie...')
#4 {main}
  thrown in /Users/nathalie/Sites/localhost/agrispesa/wp-content/themes/agrispesa/inc/admin.php alla riga 915

2023-02-28T21:54:51+00:00 CRITICAL Uncaught Error: Object of class DateTime could not be converted to string in /Users/nathalie/Sites/localhost/agrispesa/wp-content/themes/agrispesa/inc/admin.php:921
Stack trace:
#0 /Users/nathalie/Sites/localhost/agrispesa/wp-admin/includes/template.php(1409): mv_add_other_fields_for_packaging(Object(WP_Post), Array)
#1 /Users/nathalie/Sites/localhost/agrispesa/wp-admin/edit-form-advanced.php(681): do_meta_boxes(Object(WP_Screen), 'side', Object(WP_Post))
#2 /Users/nathalie/Sites/localhost/agrispesa/wp-admin/post.php(206): require('/Users/nathalie...')
#3 {main}
  thrown in /Users/nathalie/Sites/localhost/agrispesa/wp-content/themes/agrispesa/inc/admin.php alla riga 921

2023-02-28T21:55:08+00:00 CRITICAL Uncaught Exception: DateTime::__construct(): Failed to parse time string (Nessuna data di consegna) at position 0 (N): The timezone could not be found in the database in /Users/nathalie/Sites/localhost/agrispesa/wp-content/themes/agrispesa/inc/admin.php:915
Stack trace:
#0 /Users/nathalie/Sites/localhost/agrispesa/wp-content/themes/agrispesa/inc/admin.php(915): DateTime->__construct('Nessuna data di...')
#1 /Users/nathalie/Sites/localhost/agrispesa/wp-admin/includes/template.php(1409): mv_add_other_fields_for_packaging(Object(WP_Post), Array)
#2 /Users/nathalie/Sites/localhost/agrispesa/wp-admin/edit-form-advanced.php(681): do_meta_boxes(Object(WP_Screen), 'side', Object(WP_Post))
#3 /Users/nathalie/Sites/localhost/agrispesa/wp-admin/post.php(206): require('/Users/nathalie...')
#4 {main}
  thrown in /Users/nathalie/Sites/localhost/agrispesa/wp-content/themes/agrispesa/inc/admin.php alla riga 915

2023-02-28T21:56:29+00:00 CRITICAL Uncaught Exception: DateTime::__construct(): Failed to parse time string (Nessuna data di consegna) at position 0 (N): The timezone could not be found in the database in /Users/nathalie/Sites/localhost/agrispesa/wp-content/themes/agrispesa/inc/admin.php:914
Stack trace:
#0 /Users/nathalie/Sites/localhost/agrispesa/wp-content/themes/agrispesa/inc/admin.php(914): DateTime->__construct('Nessuna data di...')
#1 /Users/nathalie/Sites/localhost/agrispesa/wp-admin/includes/template.php(1409): mv_add_other_fields_for_packaging(Object(WP_Post), Array)
#2 /Users/nathalie/Sites/localhost/agrispesa/wp-admin/edit-form-advanced.php(681): do_meta_boxes(Object(WP_Screen), 'side', Object(WP_Post))
#3 /Users/nathalie/Sites/localhost/agrispesa/wp-admin/post.php(206): require('/Users/nathalie...')
#4 {main}
  thrown in /Users/nathalie/Sites/localhost/agrispesa/wp-content/themes/agrispesa/inc/admin.php alla riga 914

2023-02-28T21:56:59+00:00 CRITICAL Uncaught Exception: DateTime::__construct(): Failed to parse time string (Nessuna data di consegna) at position 0 (N): The timezone could not be found in the database in /Users/nathalie/Sites/localhost/agrispesa/wp-content/themes/agrispesa/inc/admin.php:914
Stack trace:
#0 /Users/nathalie/Sites/localhost/agrispesa/wp-content/themes/agrispesa/inc/admin.php(914): DateTime->__construct('Nessuna data di...')
#1 /Users/nathalie/Sites/localhost/agrispesa/wp-admin/includes/template.php(1409): mv_add_other_fields_for_packaging(Object(WP_Post), Array)
#2 /Users/nathalie/Sites/localhost/agrispesa/wp-admin/edit-form-advanced.php(681): do_meta_boxes(Object(WP_Screen), 'side', Object(WP_Post))
#3 /Users/nathalie/Sites/localhost/agrispesa/wp-admin/post.php(206): require('/Users/nathalie...')
#4 {main}
  thrown in /Users/nathalie/Sites/localhost/agrispesa/wp-content/themes/agrispesa/inc/admin.php alla riga 914

2023-02-28T21:57:21+00:00 CRITICAL Uncaught Exception: DateTime::__construct(): Failed to parse time string (Nessuna data di consegna) at position 0 (N): The timezone could not be found in the database in /Users/nathalie/Sites/localhost/agrispesa/wp-content/themes/agrispesa/inc/admin.php:914
Stack trace:
#0 /Users/nathalie/Sites/localhost/agrispesa/wp-content/themes/agrispesa/inc/admin.php(914): DateTime->__construct('Nessuna data di...')
#1 /Users/nathalie/Sites/localhost/agrispesa/wp-admin/includes/template.php(1409): mv_add_other_fields_for_packaging(Object(WP_Post), Array)
#2 /Users/nathalie/Sites/localhost/agrispesa/wp-admin/edit-form-advanced.php(681): do_meta_boxes(Object(WP_Screen), 'side', Object(WP_Post))
#3 /Users/nathalie/Sites/localhost/agrispesa/wp-admin/post.php(206): require('/Users/nathalie...')
#4 {main}
  thrown in /Users/nathalie/Sites/localhost/agrispesa/wp-content/themes/agrispesa/inc/admin.php alla riga 914

2023-02-28T22:02:47+00:00 CRITICAL Uncaught Error: Call to a member function format() on bool in /Users/nathalie/Sites/localhost/agrispesa/wp-content/themes/agrispesa/inc/admin.php:915
Stack trace:
#0 /Users/nathalie/Sites/localhost/agrispesa/wp-admin/includes/template.php(1409): mv_add_other_fields_for_packaging(Object(WP_Post), Array)
#1 /Users/nathalie/Sites/localhost/agrispesa/wp-admin/edit-form-advanced.php(681): do_meta_boxes(Object(WP_Screen), 'side', Object(WP_Post))
#2 /Users/nathalie/Sites/localhost/agrispesa/wp-admin/post.php(206): require('/Users/nathalie...')
#3 {main}
  thrown in /Users/nathalie/Sites/localhost/agrispesa/wp-content/themes/agrispesa/inc/admin.php alla riga 915

2023-02-28T22:11:30+00:00 CRITICAL syntax error, unexpected '}' in /Users/nathalie/Sites/localhost/agrispesa/wp-content/themes/agrispesa/inc/admin.php alla riga 917

2023-02-28T22:11:31+00:00 CRITICAL syntax error, unexpected '}' in /Users/nathalie/Sites/localhost/agrispesa/wp-content/themes/agrispesa/inc/admin.php alla riga 917

2023-02-28T22:11:32+00:00 CRITICAL syntax error, unexpected '}' in /Users/nathalie/Sites/localhost/agrispesa/wp-content/themes/agrispesa/inc/admin.php alla riga 917

2023-02-28T22:11:33+00:00 CRITICAL syntax error, unexpected '}' in /Users/nathalie/Sites/localhost/agrispesa/wp-content/themes/agrispesa/inc/admin.php alla riga 917

2023-02-28T22:14:54+00:00 CRITICAL Uncaught Exception: DateTime::__construct(): Failed to parse time string (Nessuna data di consegna) at position 0 (N): The timezone could not be found in the database in /Users/nathalie/Sites/localhost/agrispesa/wp-content/themes/agrispesa/inc/admin.php:915
Stack trace:
#0 /Users/nathalie/Sites/localhost/agrispesa/wp-content/themes/agrispesa/inc/admin.php(915): DateTime->__construct('Nessuna data di...')
#1 /Users/nathalie/Sites/localhost/agrispesa/wp-admin/includes/template.php(1409): mv_add_other_fields_for_packaging(Object(WP_Post), Array)
#2 /Users/nathalie/Sites/localhost/agrispesa/wp-admin/edit-form-advanced.php(681): do_meta_boxes(Object(WP_Screen), 'side', Object(WP_Post))
#3 /Users/nathalie/Sites/localhost/agrispesa/wp-admin/post.php(206): require('/Users/nathalie...')
#4 {main}
  thrown in /Users/nathalie/Sites/localhost/agrispesa/wp-content/themes/agrispesa/inc/admin.php alla riga 915

2023-02-28T22:15:56+00:00 CRITICAL Uncaught Exception: DateTime::__construct(): Failed to parse time string (Nessuna data di consegna) at position 0 (N): The timezone could not be found in the database in /Users/nathalie/Sites/localhost/agrispesa/wp-content/themes/agrispesa/inc/admin.php:915
Stack trace:
#0 /Users/nathalie/Sites/localhost/agrispesa/wp-content/themes/agrispesa/inc/admin.php(915): DateTime->__construct('Nessuna data di...')
#1 /Users/nathalie/Sites/localhost/agrispesa/wp-admin/includes/template.php(1409): mv_add_other_fields_for_packaging(Object(WP_Post), Array)
#2 /Users/nathalie/Sites/localhost/agrispesa/wp-admin/edit-form-advanced.php(681): do_meta_boxes(Object(WP_Screen), 'side', Object(WP_Post))
#3 /Users/nathalie/Sites/localhost/agrispesa/wp-admin/post.php(206): require('/Users/nathalie...')
#4 {main}
  thrown in /Users/nathalie/Sites/localhost/agrispesa/wp-content/themes/agrispesa/inc/admin.php alla riga 915

2023-02-28T22:16:01+00:00 CRITICAL Uncaught Exception: DateTime::__construct(): Failed to parse time string (Nessuna data di consegna) at position 0 (N): The timezone could not be found in the database in /Users/nathalie/Sites/localhost/agrispesa/wp-content/themes/agrispesa/inc/admin.php:915
Stack trace:
#0 /Users/nathalie/Sites/localhost/agrispesa/wp-content/themes/agrispesa/inc/admin.php(915): DateTime->__construct('Nessuna data di...')
#1 /Users/nathalie/Sites/localhost/agrispesa/wp-admin/includes/template.php(1409): mv_add_other_fields_for_packaging(Object(WP_Post), Array)
#2 /Users/nathalie/Sites/localhost/agrispesa/wp-admin/edit-form-advanced.php(681): do_meta_boxes(Object(WP_Screen), 'side', Object(WP_Post))
#3 /Users/nathalie/Sites/localhost/agrispesa/wp-admin/post.php(206): require('/Users/nathalie...')
#4 {main}
  thrown in /Users/nathalie/Sites/localhost/agrispesa/wp-content/themes/agrispesa/inc/admin.php alla riga 915

2023-02-28T22:16:27+00:00 CRITICAL Uncaught Exception: DateTime::__construct(): Failed to parse time string (Nessuna data di consegna) at position 0 (N): The timezone could not be found in the database in /Users/nathalie/Sites/localhost/agrispesa/wp-content/themes/agrispesa/inc/admin.php:915
Stack trace:
#0 /Users/nathalie/Sites/localhost/agrispesa/wp-content/themes/agrispesa/inc/admin.php(915): DateTime->__construct('Nessuna data di...')
#1 /Users/nathalie/Sites/localhost/agrispesa/wp-admin/includes/template.php(1409): mv_add_other_fields_for_packaging(Object(WP_Post), Array)
#2 /Users/nathalie/Sites/localhost/agrispesa/wp-admin/edit-form-advanced.php(681): do_meta_boxes(Object(WP_Screen), 'side', Object(WP_Post))
#3 /Users/nathalie/Sites/localhost/agrispesa/wp-admin/post.php(206): require('/Users/nathalie...')
#4 {main}
  thrown in /Users/nathalie/Sites/localhost/agrispesa/wp-content/themes/agrispesa/inc/admin.php alla riga 915

2023-02-28T22:22:06+00:00 CRITICAL syntax error, unexpected '->' (T_OBJECT_OPERATOR) in /Users/nathalie/Sites/localhost/agrispesa/wp-content/themes/agrispesa/inc/admin.php alla riga 915

2023-02-28T22:22:15+00:00 CRITICAL syntax error, unexpected '->' (T_OBJECT_OPERATOR) in /Users/nathalie/Sites/localhost/agrispesa/wp-content/themes/agrispesa/inc/admin.php alla riga 915

2023-02-28T22:22:16+00:00 CRITICAL syntax error, unexpected '->' (T_OBJECT_OPERATOR) in /Users/nathalie/Sites/localhost/agrispesa/wp-content/themes/agrispesa/inc/admin.php alla riga 915

2023-02-28T22:22:30+00:00 CRITICAL syntax error, unexpected '->' (T_OBJECT_OPERATOR) in /Users/nathalie/Sites/localhost/agrispesa/wp-content/themes/agrispesa/inc/admin.php alla riga 914

2023-02-28T22:22:53+00:00 CRITICAL Uncaught Exception: DateTime::__construct(): Failed to parse time string (Nessuna data di consegna) at position 0 (N): The timezone could not be found in the database in /Users/nathalie/Sites/localhost/agrispesa/wp-content/themes/agrispesa/inc/admin.php:914
Stack trace:
#0 /Users/nathalie/Sites/localhost/agrispesa/wp-content/themes/agrispesa/inc/admin.php(914): DateTime->__construct('Nessuna data di...')
#1 /Users/nathalie/Sites/localhost/agrispesa/wp-admin/includes/template.php(1409): mv_add_other_fields_for_packaging(Object(WP_Post), Array)
#2 /Users/nathalie/Sites/localhost/agrispesa/wp-admin/edit-form-advanced.php(681): do_meta_boxes(Object(WP_Screen), 'side', Object(WP_Post))
#3 /Users/nathalie/Sites/localhost/agrispesa/wp-admin/post.php(206): require('/Users/nathalie...')
#4 {main}
  thrown in /Users/nathalie/Sites/localhost/agrispesa/wp-content/themes/agrispesa/inc/admin.php alla riga 914

2023-02-28T22:33:32+00:00 CRITICAL syntax error, unexpected '->' (T_OBJECT_OPERATOR) in /Users/nathalie/Sites/localhost/agrispesa/wp-content/themes/agrispesa/inc/admin.php alla riga 914

2023-02-28T22:33:33+00:00 CRITICAL syntax error, unexpected '->' (T_OBJECT_OPERATOR) in /Users/nathalie/Sites/localhost/agrispesa/wp-content/themes/agrispesa/inc/admin.php alla riga 914

2023-02-28T22:33:34+00:00 CRITICAL syntax error, unexpected '->' (T_OBJECT_OPERATOR) in /Users/nathalie/Sites/localhost/agrispesa/wp-content/themes/agrispesa/inc/admin.php alla riga 914

2023-02-28T22:33:54+00:00 CRITICAL syntax error, unexpected '->' (T_OBJECT_OPERATOR) in /Users/nathalie/Sites/localhost/agrispesa/wp-content/themes/agrispesa/inc/admin.php alla riga 914

2023-02-28T22:34:09+00:00 CRITICAL syntax error, unexpected '->' (T_OBJECT_OPERATOR) in /Users/nathalie/Sites/localhost/agrispesa/wp-content/themes/agrispesa/inc/admin.php alla riga 914

2023-02-28T22:34:57+00:00 CRITICAL syntax error, unexpected '->' (T_OBJECT_OPERATOR) in /Users/nathalie/Sites/localhost/agrispesa/wp-content/themes/agrispesa/inc/admin.php alla riga 914

2023-02-28T22:36:33+00:00 CRITICAL syntax error, unexpected '->' (T_OBJECT_OPERATOR) in /Users/nathalie/Sites/localhost/agrispesa/wp-content/themes/agrispesa/inc/admin.php alla riga 914

