2023-05-07T13:59:14+00:00 CRITICAL Uncaught ArgumentCountError: Too few arguments to function {closure}(), 1 passed and exactly 2 expected in /shared/httpd/agrispesa/wp-content/themes/agrispesa/inc/profile.php:335
Stack trace:
#0 [internal function]: {closure}(Object(stdClass))
#1 /shared/httpd/agrispesa/wp-content/themes/agrispesa/inc/profile.php(337): array_filter(Array, Object(Closure))
#2 /shared/httpd/agrispesa/wp-includes/class-wp-hook.php(308): invoice_box_content('')
#3 /shared/httpd/agrispesa/wp-includes/class-wp-hook.php(332): WP_Hook->apply_filters('', Array)
#4 /shared/httpd/agrispesa/wp-includes/plugin.php(517): WP_Hook->do_action(Array)
#5 /shared/httpd/agrispesa/wp-content/plugins/woocommerce/includes/wc-template-functions.php(3187): do_action('woocommerce_acc...', '')
#6 /shared/httpd/agrispesa/wp-includes/class-wp-hook.php(308): woocommerce_account_content('')
#7 /shared/httpd/agrispesa/wp-includes/class-wp-hook.php(332): WP_Hook->apply_filters(NULL, Array)
#8 /shared/httpd/agrispesa/wp-includes/plugin.php(517): WP_Hook->do_ac in /shared/httpd/agrispesa/wp-content/themes/agrispesa/inc/profile.php alla riga 335

2023-05-07T13:59:51+00:00 CRITICAL Uncaught ArgumentCountError: Too few arguments to function {closure}(), 1 passed and exactly 2 expected in /shared/httpd/agrispesa/wp-content/themes/agrispesa/inc/profile.php:343
Stack trace:
#0 [internal function]: {closure}(Object(stdClass))
#1 /shared/httpd/agrispesa/wp-content/themes/agrispesa/inc/profile.php(345): array_filter(Array, Object(Closure))
#2 /shared/httpd/agrispesa/wp-includes/class-wp-hook.php(308): invoice_box_content('')
#3 /shared/httpd/agrispesa/wp-includes/class-wp-hook.php(332): WP_Hook->apply_filters('', Array)
#4 /shared/httpd/agrispesa/wp-includes/plugin.php(517): WP_Hook->do_action(Array)
#5 /shared/httpd/agrispesa/wp-content/plugins/woocommerce/includes/wc-template-functions.php(3187): do_action('woocommerce_acc...', '')
#6 /shared/httpd/agrispesa/wp-includes/class-wp-hook.php(308): woocommerce_account_content('')
#7 /shared/httpd/agrispesa/wp-includes/class-wp-hook.php(332): WP_Hook->apply_filters(NULL, Array)
#8 /shared/httpd/agrispesa/wp-includes/plugin.php(517): WP_Hook->do_ac in /shared/httpd/agrispesa/wp-content/themes/agrispesa/inc/profile.php alla riga 343

