2023-03-02T13:38:32+00:00 CRITICAL syntax error, unexpected 'endforeach' (T_ENDFOREACH), expecting elseif (T_ELSEIF) or else (T_ELSE) or endif (T_ENDIF) in /Users/nathalie/Sites/localhost/agrispesa/wp-content/themes/agrispesa/inc/admin.php alla riga 2672

2023-03-02T13:49:06+00:00 CRITICAL syntax error, unexpected ';', expecting ')' in /Users/nathalie/Sites/localhost/agrispesa/wp-content/themes/agrispesa/inc/admin.php alla riga 2404

2023-03-02T14:12:43+00:00 CRITICAL Uncaught Exception: DateTime::__construct(): Failed to parse time string (13/02/2023) at position 0 (1): Unexpected character in /Users/nathalie/Sites/localhost/agrispesa/wp-content/themes/agrispesa/inc/admin.php:2796
Stack trace:
#0 /Users/nathalie/Sites/localhost/agrispesa/wp-content/themes/agrispesa/inc/admin.php(2796): DateTime->__construct('13/02/2023')
#1 /Users/nathalie/Sites/localhost/agrispesa/wp-includes/class-wp-hook.php(308): {closure}('')
#2 /Users/nathalie/Sites/localhost/agrispesa/wp-includes/class-wp-hook.php(332): WP_Hook->apply_filters('', Array)
#3 /Users/nathalie/Sites/localhost/agrispesa/wp-includes/plugin.php(517): WP_Hook->do_action(Array)
#4 /Users/nathalie/Sites/localhost/agrispesa/wp-admin/admin.php(259): do_action('toplevel_page_e...')
#5 {main}
  thrown in /Users/nathalie/Sites/localhost/agrispesa/wp-content/themes/agrispesa/inc/admin.php alla riga 2796

2023-03-02T14:12:56+00:00 CRITICAL Uncaught Exception: DateTime::__construct(): Failed to parse time string (13/02/2023) at position 0 (1): Unexpected character in /Users/nathalie/Sites/localhost/agrispesa/wp-content/themes/agrispesa/inc/admin.php:2796
Stack trace:
#0 /Users/nathalie/Sites/localhost/agrispesa/wp-content/themes/agrispesa/inc/admin.php(2796): DateTime->__construct('13/02/2023')
#1 /Users/nathalie/Sites/localhost/agrispesa/wp-includes/class-wp-hook.php(308): {closure}('')
#2 /Users/nathalie/Sites/localhost/agrispesa/wp-includes/class-wp-hook.php(332): WP_Hook->apply_filters('', Array)
#3 /Users/nathalie/Sites/localhost/agrispesa/wp-includes/plugin.php(517): WP_Hook->do_action(Array)
#4 /Users/nathalie/Sites/localhost/agrispesa/wp-admin/admin.php(259): do_action('toplevel_page_e...')
#5 {main}
  thrown in /Users/nathalie/Sites/localhost/agrispesa/wp-content/themes/agrispesa/inc/admin.php alla riga 2796

