2023-04-29T14:32:45+00:00 CRITICAL Uncaught Error: Call to a member function get_id() on bool in /shared/httpd/agrispesa/wp-content/themes/agrispesa/woocommerce/order/order-details.php:67
Stack trace:
#0 /shared/httpd/agrispesa/wp-content/plugins/woocommerce/includes/wc-core-functions.php(345): include()
#1 /shared/httpd/agrispesa/wp-content/plugins/woocommerce/includes/wc-template-functions.php(2704): wc_get_template('order/order-det...', Array)
#2 /shared/httpd/agrispesa/wp-includes/class-wp-hook.php(308): woocommerce_order_details_table(36781)
#3 /shared/httpd/agrispesa/wp-includes/class-wp-hook.php(332): WP_Hook->apply_filters('', Array)
#4 /shared/httpd/agrispesa/wp-includes/plugin.php(517): WP_Hook->do_action(Array)
#5 /shared/httpd/agrispesa/wp-content/themes/agrispesa/woocommerce/myaccount/view-order.php(74): do_action('woocommerce_vie...', 36781)
#6 /shared/httpd/agrispesa/wp-content/plugins/woocommerce/includes/wc-core-functions.php(345): include('/shared/httpd/a...')
#7 /shared/httpd/agrispesa/wp-content/plugins/woocommerce/includes in /shared/httpd/agrispesa/wp-content/themes/agrispesa/woocommerce/order/order-details.php alla riga 67

2023-04-29T14:34:59+00:00 CRITICAL Uncaught Error: Call to a member function get_id() on bool in /shared/httpd/agrispesa/wp-content/themes/agrispesa/woocommerce/order/order-details.php:67
Stack trace:
#0 /shared/httpd/agrispesa/wp-content/plugins/woocommerce/includes/wc-core-functions.php(345): include()
#1 /shared/httpd/agrispesa/wp-content/plugins/woocommerce/includes/wc-template-functions.php(2704): wc_get_template('order/order-det...', Array)
#2 /shared/httpd/agrispesa/wp-includes/class-wp-hook.php(308): woocommerce_order_details_table(36781)
#3 /shared/httpd/agrispesa/wp-includes/class-wp-hook.php(332): WP_Hook->apply_filters('', Array)
#4 /shared/httpd/agrispesa/wp-includes/plugin.php(517): WP_Hook->do_action(Array)
#5 /shared/httpd/agrispesa/wp-content/themes/agrispesa/woocommerce/myaccount/view-order.php(74): do_action('woocommerce_vie...', 36781)
#6 /shared/httpd/agrispesa/wp-content/plugins/woocommerce/includes/wc-core-functions.php(345): include('/shared/httpd/a...')
#7 /shared/httpd/agrispesa/wp-content/plugins/woocommerce/includes in /shared/httpd/agrispesa/wp-content/themes/agrispesa/woocommerce/order/order-details.php alla riga 67

