2023-02-15T09:26:46+00:00 CRITICAL syntax error, unexpected '}' in /shared/httpd/agrispesa/wp-content/themes/agrispesa/inc/admin.php alla riga 126

2023-02-15T09:39:56+00:00 CRITICAL Uncaught Error: Call to a member function is_empty() on null in /shared/httpd/agrispesa/wp-content/themes/agrispesa/header.php:98
Stack trace:
#0 /shared/httpd/agrispesa/wp-includes/template.php(783): require_once()
#1 /shared/httpd/agrispesa/wp-includes/template.php(718): load_template('/shared/httpd/a...', true, Array)
#2 /shared/httpd/agrispesa/wp-includes/general-template.php(48): locate_template(Array, true, true, Array)
#3 /shared/httpd/agrispesa/wp-content/themes/agrispesa/404.php(1): get_header()
#4 /shared/httpd/agrispesa/wp-includes/template-loader.php(106): include('/shared/httpd/a...')
#5 /shared/httpd/agrispesa/wp-blog-header.php(19): require_once('/shared/httpd/a...')
#6 /shared/httpd/agrispesa/index.php(17): require('/shared/httpd/a...')
#7 {main}
  thrown in /shared/httpd/agrispesa/wp-content/themes/agrispesa/header.php alla riga 98

2023-02-15T09:40:03+00:00 CRITICAL Uncaught Error: Call to a member function is_empty() on null in /shared/httpd/agrispesa/wp-content/themes/agrispesa/header.php:98
Stack trace:
#0 /shared/httpd/agrispesa/wp-includes/template.php(783): require_once()
#1 /shared/httpd/agrispesa/wp-includes/template.php(718): load_template('/shared/httpd/a...', true, Array)
#2 /shared/httpd/agrispesa/wp-includes/general-template.php(48): locate_template(Array, true, true, Array)
#3 /shared/httpd/agrispesa/wp-content/themes/agrispesa/404.php(1): get_header()
#4 /shared/httpd/agrispesa/wp-includes/template-loader.php(106): include('/shared/httpd/a...')
#5 /shared/httpd/agrispesa/wp-blog-header.php(19): require_once('/shared/httpd/a...')
#6 /shared/httpd/agrispesa/index.php(17): require('/shared/httpd/a...')
#7 {main}
  thrown in /shared/httpd/agrispesa/wp-content/themes/agrispesa/header.php alla riga 98

2023-02-15T09:45:23+00:00 CRITICAL syntax error, unexpected '$response' (T_VARIABLE) in /shared/httpd/agrispesa/wp-content/themes/agrispesa/inc/admin.php alla riga 163

2023-02-15T09:46:56+00:00 CRITICAL syntax error, unexpected '$response' (T_VARIABLE) in /shared/httpd/agrispesa/wp-content/themes/agrispesa/inc/admin.php alla riga 167

2023-02-15T09:46:59+00:00 CRITICAL syntax error, unexpected '$response' (T_VARIABLE) in /shared/httpd/agrispesa/wp-content/themes/agrispesa/inc/admin.php alla riga 167

