2023-04-13T18:29:25+00:00 CRITICAL syntax error, unexpected '$deliveryDate' (T_VARIABLE) in /Users/nathalie/Sites/localhost/agrispesa/wp-content/themes/agrispesa/woocommerce/myaccount/subscription-details.php alla riga 41

2023-04-13T18:31:04+00:00 CRITICAL Uncaught Exception: DateTimeZone::__construct(): Unknown or bad timezone (Europe) in /Users/nathalie/Sites/localhost/agrispesa/wp-content/themes/agrispesa/woocommerce/myaccount/subscription-details.php:38
Stack trace:
#0 /Users/nathalie/Sites/localhost/agrispesa/wp-content/themes/agrispesa/woocommerce/myaccount/subscription-details.php(38): DateTimeZone->__construct('Europe')
#1 /Users/nathalie/Sites/localhost/agrispesa/wp-content/plugins/woocommerce/includes/wc-core-functions.php(345): include('/Users/nathalie...')
#2 /Users/nathalie/Sites/localhost/agrispesa/wp-content/plugins/woocommerce-subscriptions/vendor/woocommerce/subscriptions-core/includes/class-wcs-template-loader.php(119): wc_get_template('myaccount/subsc...', Array, '', '/Users/nathalie...')
#3 /Users/nathalie/Sites/localhost/agrispesa/wp-includes/class-wp-hook.php(308): WCS_Template_Loader::get_subscription_details_template(Object(WC_Subscription))
#4 /Users/nathalie/Sites/localhost/agrispesa/wp-includes/class-wp-hook.php(332): WP_Hook->apply_f in /Users/nathalie/Sites/localhost/agrispesa/wp-content/themes/agrispesa/woocommerce/myaccount/subscription-details.php alla riga 38

2023-04-13T18:44:10+00:00 CRITICAL Uncaught Error: Object of class DateTime could not be converted to string in /Users/nathalie/Sites/localhost/agrispesa/wp-content/themes/agrispesa/woocommerce/myaccount/subscription-details.php:174
Stack trace:
#0 /Users/nathalie/Sites/localhost/agrispesa/wp-content/plugins/woocommerce/includes/wc-core-functions.php(345): include()
#1 /Users/nathalie/Sites/localhost/agrispesa/wp-content/plugins/woocommerce-subscriptions/vendor/woocommerce/subscriptions-core/includes/class-wcs-template-loader.php(119): wc_get_template('myaccount/subsc...', Array, '', '/Users/nathalie...')
#2 /Users/nathalie/Sites/localhost/agrispesa/wp-includes/class-wp-hook.php(308): WCS_Template_Loader::get_subscription_details_template(Object(WC_Subscription))
#3 /Users/nathalie/Sites/localhost/agrispesa/wp-includes/class-wp-hook.php(332): WP_Hook->apply_filters(NULL, Array)
#4 /Users/nathalie/Sites/localhost/agrispesa/wp-includes/plugin.php(517): WP_Hook->do_action(Array)
#5 /Users/nathalie/Sites/localhost/agrispesa/wp-content/themes/agris in /Users/nathalie/Sites/localhost/agrispesa/wp-content/themes/agrispesa/woocommerce/myaccount/subscription-details.php alla riga 174

2023-04-13T18:44:50+00:00 CRITICAL Uncaught Error: Object of class DateTime could not be converted to string in /Users/nathalie/Sites/localhost/agrispesa/wp-content/themes/agrispesa/woocommerce/myaccount/subscription-details.php:174
Stack trace:
#0 /Users/nathalie/Sites/localhost/agrispesa/wp-content/plugins/woocommerce/includes/wc-core-functions.php(345): include()
#1 /Users/nathalie/Sites/localhost/agrispesa/wp-content/plugins/woocommerce-subscriptions/vendor/woocommerce/subscriptions-core/includes/class-wcs-template-loader.php(119): wc_get_template('myaccount/subsc...', Array, '', '/Users/nathalie...')
#2 /Users/nathalie/Sites/localhost/agrispesa/wp-includes/class-wp-hook.php(308): WCS_Template_Loader::get_subscription_details_template(Object(WC_Subscription))
#3 /Users/nathalie/Sites/localhost/agrispesa/wp-includes/class-wp-hook.php(332): WP_Hook->apply_filters(NULL, Array)
#4 /Users/nathalie/Sites/localhost/agrispesa/wp-includes/plugin.php(517): WP_Hook->do_action(Array)
#5 /Users/nathalie/Sites/localhost/agrispesa/wp-content/themes/agris in /Users/nathalie/Sites/localhost/agrispesa/wp-content/themes/agrispesa/woocommerce/myaccount/subscription-details.php alla riga 174

2023-04-13T19:07:34+00:00 CRITICAL Uncaught Error: Call to a member function format() on string in /Users/nathalie/Sites/localhost/agrispesa/wp-content/themes/agrispesa/woocommerce/myaccount/subscription-details.php:118
Stack trace:
#0 /Users/nathalie/Sites/localhost/agrispesa/wp-content/plugins/woocommerce/includes/wc-core-functions.php(345): include()
#1 /Users/nathalie/Sites/localhost/agrispesa/wp-content/plugins/woocommerce-subscriptions/vendor/woocommerce/subscriptions-core/includes/class-wcs-template-loader.php(119): wc_get_template('myaccount/subsc...', Array, '', '/Users/nathalie...')
#2 /Users/nathalie/Sites/localhost/agrispesa/wp-includes/class-wp-hook.php(308): WCS_Template_Loader::get_subscription_details_template(Object(WC_Subscription))
#3 /Users/nathalie/Sites/localhost/agrispesa/wp-includes/class-wp-hook.php(332): WP_Hook->apply_filters(NULL, Array)
#4 /Users/nathalie/Sites/localhost/agrispesa/wp-includes/plugin.php(517): WP_Hook->do_action(Array)
#5 /Users/nathalie/Sites/localhost/agrispesa/wp-content/themes/agrispesa/woocomme in /Users/nathalie/Sites/localhost/agrispesa/wp-content/themes/agrispesa/woocommerce/myaccount/subscription-details.php alla riga 118

2023-04-13T19:09:10+00:00 CRITICAL Uncaught Error: Call to a member function format() on string in /Users/nathalie/Sites/localhost/agrispesa/wp-content/themes/agrispesa/woocommerce/myaccount/subscription-details.php:118
Stack trace:
#0 /Users/nathalie/Sites/localhost/agrispesa/wp-content/plugins/woocommerce/includes/wc-core-functions.php(345): include()
#1 /Users/nathalie/Sites/localhost/agrispesa/wp-content/plugins/woocommerce-subscriptions/vendor/woocommerce/subscriptions-core/includes/class-wcs-template-loader.php(119): wc_get_template('myaccount/subsc...', Array, '', '/Users/nathalie...')
#2 /Users/nathalie/Sites/localhost/agrispesa/wp-includes/class-wp-hook.php(308): WCS_Template_Loader::get_subscription_details_template(Object(WC_Subscription))
#3 /Users/nathalie/Sites/localhost/agrispesa/wp-includes/class-wp-hook.php(332): WP_Hook->apply_filters(NULL, Array)
#4 /Users/nathalie/Sites/localhost/agrispesa/wp-includes/plugin.php(517): WP_Hook->do_action(Array)
#5 /Users/nathalie/Sites/localhost/agrispesa/wp-content/themes/agrispesa/woocomme in /Users/nathalie/Sites/localhost/agrispesa/wp-content/themes/agrispesa/woocommerce/myaccount/subscription-details.php alla riga 118

