2023-05-16T16:46:15+00:00 CRITICAL Uncaught Error: Class 'Calendar' not found in /shared/httpd/agrispesa/wp-content/themes/agrispesa/inc/profile.php:436
Stack trace:
#0 /shared/httpd/agrispesa/wp-includes/class-wp-hook.php(308): calendar_content('')
#1 /shared/httpd/agrispesa/wp-includes/class-wp-hook.php(332): WP_Hook->apply_filters('', Array)
#2 /shared/httpd/agrispesa/wp-includes/plugin.php(517): WP_Hook->do_action(Array)
#3 /shared/httpd/agrispesa/wp-content/plugins/woocommerce/includes/wc-template-functions.php(3187): do_action('woocommerce_acc...', '')
#4 /shared/httpd/agrispesa/wp-includes/class-wp-hook.php(308): woocommerce_account_content('')
#5 /shared/httpd/agrispesa/wp-includes/class-wp-hook.php(332): WP_Hook->apply_filters(NULL, Array)
#6 /shared/httpd/agrispesa/wp-includes/plugin.php(517): WP_Hook->do_action(Array)
#7 /shared/httpd/agrispesa/wp-content/themes/agrispesa/woocommerce/myaccount/my-account.php(205): do_action('woocommerce_acc...')
#8 /shared/httpd/agrispesa/wp-content/plugins/woocommerce/includes/wc-core-functions.php in /shared/httpd/agrispesa/wp-content/themes/agrispesa/inc/profile.php alla riga 436

2023-05-16T17:43:53+00:00 CRITICAL Uncaught Error: Class 'Carbon' not found in /shared/httpd/agrispesa/wp-content/themes/agrispesa/inc/admin.php:3206
Stack trace:
#0 /shared/httpd/agrispesa/wp-includes/rest-api/class-wp-rest-server.php(1181): {closure}(Object(WP_REST_Request))
#1 /shared/httpd/agrispesa/wp-includes/rest-api/class-wp-rest-server.php(1028): WP_REST_Server->respond_to_request(Object(WP_REST_Request), '/agrispesa/v1/u...', Array, NULL)
#2 /shared/httpd/agrispesa/wp-includes/rest-api/class-wp-rest-server.php(442): WP_REST_Server->dispatch(Object(WP_REST_Request))
#3 /shared/httpd/agrispesa/wp-includes/rest-api.php(410): WP_REST_Server->serve_request('/agrispesa/v1/u...')
#4 /shared/httpd/agrispesa/wp-includes/class-wp-hook.php(308): rest_api_loaded(Object(WP))
#5 /shared/httpd/agrispesa/wp-includes/class-wp-hook.php(332): WP_Hook->apply_filters(NULL, Array)
#6 /shared/httpd/agrispesa/wp-includes/plugin.php(565): WP_Hook->do_action(Array)
#7 /shared/httpd/agrispesa/wp-includes/class-wp.php(399): do_action_ref_array('parse_request',  in /shared/httpd/agrispesa/wp-content/themes/agrispesa/inc/admin.php alla riga 3206

2023-05-16T17:45:44+00:00 CRITICAL require_once(): Failed opening required '/shared/httpd/agrispesa/wp-content/themes/agrispesa/libraries/carbon/autoload.inc.php' (include_path='.:/usr/local/lib/php') in /shared/httpd/agrispesa/wp-content/themes/agrispesa/inc/admin.php alla riga 3207

2023-05-16T17:47:48+00:00 CRITICAL Uncaught Error: Class 'Carbon' not found in /shared/httpd/agrispesa/wp-content/themes/agrispesa/inc/admin.php:3209
Stack trace:
#0 /shared/httpd/agrispesa/wp-includes/rest-api/class-wp-rest-server.php(1181): {closure}(Object(WP_REST_Request))
#1 /shared/httpd/agrispesa/wp-includes/rest-api/class-wp-rest-server.php(1028): WP_REST_Server->respond_to_request(Object(WP_REST_Request), '/agrispesa/v1/u...', Array, NULL)
#2 /shared/httpd/agrispesa/wp-includes/rest-api/class-wp-rest-server.php(442): WP_REST_Server->dispatch(Object(WP_REST_Request))
#3 /shared/httpd/agrispesa/wp-includes/rest-api.php(410): WP_REST_Server->serve_request('/agrispesa/v1/u...')
#4 /shared/httpd/agrispesa/wp-includes/class-wp-hook.php(308): rest_api_loaded(Object(WP))
#5 /shared/httpd/agrispesa/wp-includes/class-wp-hook.php(332): WP_Hook->apply_filters(NULL, Array)
#6 /shared/httpd/agrispesa/wp-includes/plugin.php(565): WP_Hook->do_action(Array)
#7 /shared/httpd/agrispesa/wp-includes/class-wp.php(399): do_action_ref_array('parse_request',  in /shared/httpd/agrispesa/wp-content/themes/agrispesa/inc/admin.php alla riga 3209

2023-05-16T17:48:17+00:00 CRITICAL Uncaught Error: Class 'Carbon' not found in /shared/httpd/agrispesa/wp-content/themes/agrispesa/inc/admin.php:3209
Stack trace:
#0 /shared/httpd/agrispesa/wp-includes/rest-api/class-wp-rest-server.php(1181): {closure}(Object(WP_REST_Request))
#1 /shared/httpd/agrispesa/wp-includes/rest-api/class-wp-rest-server.php(1028): WP_REST_Server->respond_to_request(Object(WP_REST_Request), '/agrispesa/v1/u...', Array, NULL)
#2 /shared/httpd/agrispesa/wp-includes/rest-api/class-wp-rest-server.php(442): WP_REST_Server->dispatch(Object(WP_REST_Request))
#3 /shared/httpd/agrispesa/wp-includes/rest-api.php(410): WP_REST_Server->serve_request('/agrispesa/v1/u...')
#4 /shared/httpd/agrispesa/wp-includes/class-wp-hook.php(308): rest_api_loaded(Object(WP))
#5 /shared/httpd/agrispesa/wp-includes/class-wp-hook.php(332): WP_Hook->apply_filters(NULL, Array)
#6 /shared/httpd/agrispesa/wp-includes/plugin.php(565): WP_Hook->do_action(Array)
#7 /shared/httpd/agrispesa/wp-includes/class-wp.php(399): do_action_ref_array('parse_request',  in /shared/httpd/agrispesa/wp-content/themes/agrispesa/inc/admin.php alla riga 3209

