2023-02-05T17:13:56+00:00 CRITICAL Uncaught Error: Object of class WP_Term could not be converted to string in /Users/nathalie/Sites/localhost/agrispesa/wp-content/themes/agrispesa/global-elements/home-sections.php:36
Stack trace:
#0 /Users/nathalie/Sites/localhost/agrispesa/wp-includes/template.php(785): require()
#1 /Users/nathalie/Sites/localhost/agrispesa/wp-includes/template.php(718): load_template('/Users/nathalie...', false, Array)
#2 /Users/nathalie/Sites/localhost/agrispesa/wp-includes/general-template.php(204): locate_template(Array, true, false, Array)
#3 /Users/nathalie/Sites/localhost/agrispesa/wp-content/themes/agrispesa/frontpage.php(31): get_template_part('global-elements...', 'sections')
#4 /Users/nathalie/Sites/localhost/agrispesa/wp-includes/template-loader.php(106): include('/Users/nathalie...')
#5 /Users/nathalie/Sites/localhost/agrispesa/wp-blog-header.php(19): require_once('/Users/nathalie...')
#6 /Users/nathalie/Sites/localhost/agrispesa/index.php(17): require('/Users/nathalie...')
#7 {main}
  thrown in /Users/nathalie/Sites/localhost/agrispesa/wp-content/themes/agrispesa/global-elements/home-sections.php alla riga 36

2023-02-05T17:14:09+00:00 CRITICAL Uncaught Error: Object of class WP_Term could not be converted to string in /Users/nathalie/Sites/localhost/agrispesa/wp-content/themes/agrispesa/global-elements/home-sections.php:36
Stack trace:
#0 /Users/nathalie/Sites/localhost/agrispesa/wp-includes/template.php(785): require()
#1 /Users/nathalie/Sites/localhost/agrispesa/wp-includes/template.php(718): load_template('/Users/nathalie...', false, Array)
#2 /Users/nathalie/Sites/localhost/agrispesa/wp-includes/general-template.php(204): locate_template(Array, true, false, Array)
#3 /Users/nathalie/Sites/localhost/agrispesa/wp-content/themes/agrispesa/frontpage.php(31): get_template_part('global-elements...', 'sections')
#4 /Users/nathalie/Sites/localhost/agrispesa/wp-includes/template-loader.php(106): include('/Users/nathalie...')
#5 /Users/nathalie/Sites/localhost/agrispesa/wp-blog-header.php(19): require_once('/Users/nathalie...')
#6 /Users/nathalie/Sites/localhost/agrispesa/index.php(17): require('/Users/nathalie...')
#7 {main}
  thrown in /Users/nathalie/Sites/localhost/agrispesa/wp-content/themes/agrispesa/global-elements/home-sections.php alla riga 36

2023-02-05T17:14:11+00:00 CRITICAL Uncaught Error: Object of class WP_Term could not be converted to string in /Users/nathalie/Sites/localhost/agrispesa/wp-content/themes/agrispesa/global-elements/home-sections.php:36
Stack trace:
#0 /Users/nathalie/Sites/localhost/agrispesa/wp-includes/template.php(785): require()
#1 /Users/nathalie/Sites/localhost/agrispesa/wp-includes/template.php(718): load_template('/Users/nathalie...', false, Array)
#2 /Users/nathalie/Sites/localhost/agrispesa/wp-includes/general-template.php(204): locate_template(Array, true, false, Array)
#3 /Users/nathalie/Sites/localhost/agrispesa/wp-content/themes/agrispesa/frontpage.php(31): get_template_part('global-elements...', 'sections')
#4 /Users/nathalie/Sites/localhost/agrispesa/wp-includes/template-loader.php(106): include('/Users/nathalie...')
#5 /Users/nathalie/Sites/localhost/agrispesa/wp-blog-header.php(19): require_once('/Users/nathalie...')
#6 /Users/nathalie/Sites/localhost/agrispesa/index.php(17): require('/Users/nathalie...')
#7 {main}
  thrown in /Users/nathalie/Sites/localhost/agrispesa/wp-content/themes/agrispesa/global-elements/home-sections.php alla riga 36

2023-02-05T17:14:26+00:00 CRITICAL Uncaught Error: Object of class WP_Term could not be converted to string in /Users/nathalie/Sites/localhost/agrispesa/wp-content/themes/agrispesa/global-elements/home-sections.php:36
Stack trace:
#0 /Users/nathalie/Sites/localhost/agrispesa/wp-includes/template.php(785): require()
#1 /Users/nathalie/Sites/localhost/agrispesa/wp-includes/template.php(718): load_template('/Users/nathalie...', false, Array)
#2 /Users/nathalie/Sites/localhost/agrispesa/wp-includes/general-template.php(204): locate_template(Array, true, false, Array)
#3 /Users/nathalie/Sites/localhost/agrispesa/wp-content/themes/agrispesa/frontpage.php(31): get_template_part('global-elements...', 'sections')
#4 /Users/nathalie/Sites/localhost/agrispesa/wp-includes/template-loader.php(106): include('/Users/nathalie...')
#5 /Users/nathalie/Sites/localhost/agrispesa/wp-blog-header.php(19): require_once('/Users/nathalie...')
#6 /Users/nathalie/Sites/localhost/agrispesa/index.php(17): require('/Users/nathalie...')
#7 {main}
  thrown in /Users/nathalie/Sites/localhost/agrispesa/wp-content/themes/agrispesa/global-elements/home-sections.php alla riga 36

2023-02-05T17:14:37+00:00 CRITICAL Uncaught Error: Object of class WP_Term could not be converted to string in /Users/nathalie/Sites/localhost/agrispesa/wp-content/themes/agrispesa/global-elements/home-sections.php:36
Stack trace:
#0 /Users/nathalie/Sites/localhost/agrispesa/wp-includes/template.php(785): require()
#1 /Users/nathalie/Sites/localhost/agrispesa/wp-includes/template.php(718): load_template('/Users/nathalie...', false, Array)
#2 /Users/nathalie/Sites/localhost/agrispesa/wp-includes/general-template.php(204): locate_template(Array, true, false, Array)
#3 /Users/nathalie/Sites/localhost/agrispesa/wp-content/themes/agrispesa/frontpage.php(31): get_template_part('global-elements...', 'sections')
#4 /Users/nathalie/Sites/localhost/agrispesa/wp-includes/template-loader.php(106): include('/Users/nathalie...')
#5 /Users/nathalie/Sites/localhost/agrispesa/wp-blog-header.php(19): require_once('/Users/nathalie...')
#6 /Users/nathalie/Sites/localhost/agrispesa/index.php(17): require('/Users/nathalie...')
#7 {main}
  thrown in /Users/nathalie/Sites/localhost/agrispesa/wp-content/themes/agrispesa/global-elements/home-sections.php alla riga 36

2023-02-05T17:14:41+00:00 CRITICAL Uncaught Error: Object of class WP_Term could not be converted to string in /Users/nathalie/Sites/localhost/agrispesa/wp-content/themes/agrispesa/global-elements/home-sections.php:36
Stack trace:
#0 /Users/nathalie/Sites/localhost/agrispesa/wp-includes/template.php(785): require()
#1 /Users/nathalie/Sites/localhost/agrispesa/wp-includes/template.php(718): load_template('/Users/nathalie...', false, Array)
#2 /Users/nathalie/Sites/localhost/agrispesa/wp-includes/general-template.php(204): locate_template(Array, true, false, Array)
#3 /Users/nathalie/Sites/localhost/agrispesa/wp-content/themes/agrispesa/frontpage.php(31): get_template_part('global-elements...', 'sections')
#4 /Users/nathalie/Sites/localhost/agrispesa/wp-includes/template-loader.php(106): include('/Users/nathalie...')
#5 /Users/nathalie/Sites/localhost/agrispesa/wp-blog-header.php(19): require_once('/Users/nathalie...')
#6 /Users/nathalie/Sites/localhost/agrispesa/index.php(17): require('/Users/nathalie...')
#7 {main}
  thrown in /Users/nathalie/Sites/localhost/agrispesa/wp-content/themes/agrispesa/global-elements/home-sections.php alla riga 36

2023-02-05T17:14:44+00:00 CRITICAL Uncaught Error: Object of class WP_Term could not be converted to string in /Users/nathalie/Sites/localhost/agrispesa/wp-content/themes/agrispesa/global-elements/home-sections.php:36
Stack trace:
#0 /Users/nathalie/Sites/localhost/agrispesa/wp-includes/template.php(785): require()
#1 /Users/nathalie/Sites/localhost/agrispesa/wp-includes/template.php(718): load_template('/Users/nathalie...', false, Array)
#2 /Users/nathalie/Sites/localhost/agrispesa/wp-includes/general-template.php(204): locate_template(Array, true, false, Array)
#3 /Users/nathalie/Sites/localhost/agrispesa/wp-content/themes/agrispesa/frontpage.php(31): get_template_part('global-elements...', 'sections')
#4 /Users/nathalie/Sites/localhost/agrispesa/wp-includes/template-loader.php(106): include('/Users/nathalie...')
#5 /Users/nathalie/Sites/localhost/agrispesa/wp-blog-header.php(19): require_once('/Users/nathalie...')
#6 /Users/nathalie/Sites/localhost/agrispesa/index.php(17): require('/Users/nathalie...')
#7 {main}
  thrown in /Users/nathalie/Sites/localhost/agrispesa/wp-content/themes/agrispesa/global-elements/home-sections.php alla riga 36

2023-02-05T17:22:08+00:00 CRITICAL Uncaught Error: Call to undefined function esc_url_e() in /Users/nathalie/Sites/localhost/agrispesa/wp-content/themes/agrispesa/global-elements/home-sections.php:44
Stack trace:
#0 /Users/nathalie/Sites/localhost/agrispesa/wp-includes/template.php(785): require()
#1 /Users/nathalie/Sites/localhost/agrispesa/wp-includes/template.php(718): load_template('/Users/nathalie...', false, Array)
#2 /Users/nathalie/Sites/localhost/agrispesa/wp-includes/general-template.php(204): locate_template(Array, true, false, Array)
#3 /Users/nathalie/Sites/localhost/agrispesa/wp-content/themes/agrispesa/frontpage.php(31): get_template_part('global-elements...', 'sections')
#4 /Users/nathalie/Sites/localhost/agrispesa/wp-includes/template-loader.php(106): include('/Users/nathalie...')
#5 /Users/nathalie/Sites/localhost/agrispesa/wp-blog-header.php(19): require_once('/Users/nathalie...')
#6 /Users/nathalie/Sites/localhost/agrispesa/index.php(17): require('/Users/nathalie...')
#7 {main}
  thrown in /Users/nathalie/Sites/localhost/agrispesa/wp-content/themes/agrispesa/global-elements/home-sections.php alla riga 44

2023-02-05T17:22:10+00:00 CRITICAL Uncaught Error: Call to undefined function esc_url_e() in /Users/nathalie/Sites/localhost/agrispesa/wp-content/themes/agrispesa/global-elements/home-sections.php:44
Stack trace:
#0 /Users/nathalie/Sites/localhost/agrispesa/wp-includes/template.php(785): require()
#1 /Users/nathalie/Sites/localhost/agrispesa/wp-includes/template.php(718): load_template('/Users/nathalie...', false, Array)
#2 /Users/nathalie/Sites/localhost/agrispesa/wp-includes/general-template.php(204): locate_template(Array, true, false, Array)
#3 /Users/nathalie/Sites/localhost/agrispesa/wp-content/themes/agrispesa/frontpage.php(31): get_template_part('global-elements...', 'sections')
#4 /Users/nathalie/Sites/localhost/agrispesa/wp-includes/template-loader.php(106): include('/Users/nathalie...')
#5 /Users/nathalie/Sites/localhost/agrispesa/wp-blog-header.php(19): require_once('/Users/nathalie...')
#6 /Users/nathalie/Sites/localhost/agrispesa/index.php(17): require('/Users/nathalie...')
#7 {main}
  thrown in /Users/nathalie/Sites/localhost/agrispesa/wp-content/themes/agrispesa/global-elements/home-sections.php alla riga 44

2023-02-05T17:22:38+00:00 CRITICAL Uncaught Error: Call to undefined function esc_url_e() in /Users/nathalie/Sites/localhost/agrispesa/wp-content/themes/agrispesa/global-elements/home-sections.php:44
Stack trace:
#0 /Users/nathalie/Sites/localhost/agrispesa/wp-includes/template.php(785): require()
#1 /Users/nathalie/Sites/localhost/agrispesa/wp-includes/template.php(718): load_template('/Users/nathalie...', false, Array)
#2 /Users/nathalie/Sites/localhost/agrispesa/wp-includes/general-template.php(204): locate_template(Array, true, false, Array)
#3 /Users/nathalie/Sites/localhost/agrispesa/wp-content/themes/agrispesa/frontpage.php(31): get_template_part('global-elements...', 'sections')
#4 /Users/nathalie/Sites/localhost/agrispesa/wp-includes/template-loader.php(106): include('/Users/nathalie...')
#5 /Users/nathalie/Sites/localhost/agrispesa/wp-blog-header.php(19): require_once('/Users/nathalie...')
#6 /Users/nathalie/Sites/localhost/agrispesa/index.php(17): require('/Users/nathalie...')
#7 {main}
  thrown in /Users/nathalie/Sites/localhost/agrispesa/wp-content/themes/agrispesa/global-elements/home-sections.php alla riga 44

2023-02-05T17:22:42+00:00 CRITICAL Uncaught Error: Call to undefined function esc_url_e() in /Users/nathalie/Sites/localhost/agrispesa/wp-content/themes/agrispesa/global-elements/home-sections.php:44
Stack trace:
#0 /Users/nathalie/Sites/localhost/agrispesa/wp-includes/template.php(785): require()
#1 /Users/nathalie/Sites/localhost/agrispesa/wp-includes/template.php(718): load_template('/Users/nathalie...', false, Array)
#2 /Users/nathalie/Sites/localhost/agrispesa/wp-includes/general-template.php(204): locate_template(Array, true, false, Array)
#3 /Users/nathalie/Sites/localhost/agrispesa/wp-content/themes/agrispesa/frontpage.php(31): get_template_part('global-elements...', 'sections')
#4 /Users/nathalie/Sites/localhost/agrispesa/wp-includes/template-loader.php(106): include('/Users/nathalie...')
#5 /Users/nathalie/Sites/localhost/agrispesa/wp-blog-header.php(19): require_once('/Users/nathalie...')
#6 /Users/nathalie/Sites/localhost/agrispesa/index.php(17): require('/Users/nathalie...')
#7 {main}
  thrown in /Users/nathalie/Sites/localhost/agrispesa/wp-content/themes/agrispesa/global-elements/home-sections.php alla riga 44

2023-02-05T17:22:54+00:00 CRITICAL Uncaught Error: Call to undefined function esc_url_e() in /Users/nathalie/Sites/localhost/agrispesa/wp-content/themes/agrispesa/global-elements/home-sections.php:44
Stack trace:
#0 /Users/nathalie/Sites/localhost/agrispesa/wp-includes/template.php(785): require()
#1 /Users/nathalie/Sites/localhost/agrispesa/wp-includes/template.php(718): load_template('/Users/nathalie...', false, Array)
#2 /Users/nathalie/Sites/localhost/agrispesa/wp-includes/general-template.php(204): locate_template(Array, true, false, Array)
#3 /Users/nathalie/Sites/localhost/agrispesa/wp-content/themes/agrispesa/frontpage.php(31): get_template_part('global-elements...', 'sections')
#4 /Users/nathalie/Sites/localhost/agrispesa/wp-includes/template-loader.php(106): include('/Users/nathalie...')
#5 /Users/nathalie/Sites/localhost/agrispesa/wp-blog-header.php(19): require_once('/Users/nathalie...')
#6 /Users/nathalie/Sites/localhost/agrispesa/index.php(17): require('/Users/nathalie...')
#7 {main}
  thrown in /Users/nathalie/Sites/localhost/agrispesa/wp-content/themes/agrispesa/global-elements/home-sections.php alla riga 44

2023-02-05T17:22:56+00:00 CRITICAL Uncaught Error: Call to undefined function esc_url_e() in /Users/nathalie/Sites/localhost/agrispesa/wp-content/themes/agrispesa/global-elements/home-sections.php:44
Stack trace:
#0 /Users/nathalie/Sites/localhost/agrispesa/wp-includes/template.php(785): require()
#1 /Users/nathalie/Sites/localhost/agrispesa/wp-includes/template.php(718): load_template('/Users/nathalie...', false, Array)
#2 /Users/nathalie/Sites/localhost/agrispesa/wp-includes/general-template.php(204): locate_template(Array, true, false, Array)
#3 /Users/nathalie/Sites/localhost/agrispesa/wp-content/themes/agrispesa/frontpage.php(31): get_template_part('global-elements...', 'sections')
#4 /Users/nathalie/Sites/localhost/agrispesa/wp-includes/template-loader.php(106): include('/Users/nathalie...')
#5 /Users/nathalie/Sites/localhost/agrispesa/wp-blog-header.php(19): require_once('/Users/nathalie...')
#6 /Users/nathalie/Sites/localhost/agrispesa/index.php(17): require('/Users/nathalie...')
#7 {main}
  thrown in /Users/nathalie/Sites/localhost/agrispesa/wp-content/themes/agrispesa/global-elements/home-sections.php alla riga 44

2023-02-05T17:23:09+00:00 CRITICAL Uncaught Error: Call to undefined function esc_url_e() in /Users/nathalie/Sites/localhost/agrispesa/wp-content/themes/agrispesa/global-elements/home-sections.php:44
Stack trace:
#0 /Users/nathalie/Sites/localhost/agrispesa/wp-includes/template.php(785): require()
#1 /Users/nathalie/Sites/localhost/agrispesa/wp-includes/template.php(718): load_template('/Users/nathalie...', false, Array)
#2 /Users/nathalie/Sites/localhost/agrispesa/wp-includes/general-template.php(204): locate_template(Array, true, false, Array)
#3 /Users/nathalie/Sites/localhost/agrispesa/wp-content/themes/agrispesa/frontpage.php(31): get_template_part('global-elements...', 'sections')
#4 /Users/nathalie/Sites/localhost/agrispesa/wp-includes/template-loader.php(106): include('/Users/nathalie...')
#5 /Users/nathalie/Sites/localhost/agrispesa/wp-blog-header.php(19): require_once('/Users/nathalie...')
#6 /Users/nathalie/Sites/localhost/agrispesa/index.php(17): require('/Users/nathalie...')
#7 {main}
  thrown in /Users/nathalie/Sites/localhost/agrispesa/wp-content/themes/agrispesa/global-elements/home-sections.php alla riga 44

2023-02-05T18:27:19+00:00 CRITICAL Uncaught Error: Object of class WP_Error could not be converted to string in /Users/nathalie/Sites/localhost/agrispesa/wp-content/themes/agrispesa/global-elements/all-categories.php:47
Stack trace:
#0 /Users/nathalie/Sites/localhost/agrispesa/wp-includes/template.php(785): require()
#1 /Users/nathalie/Sites/localhost/agrispesa/wp-includes/template.php(718): load_template('/Users/nathalie...', false, Array)
#2 /Users/nathalie/Sites/localhost/agrispesa/wp-includes/general-template.php(204): locate_template(Array, true, false, Array)
#3 /Users/nathalie/Sites/localhost/agrispesa/wp-content/themes/agrispesa/frontpage.php(42): get_template_part('global-elements...', 'categories')
#4 /Users/nathalie/Sites/localhost/agrispesa/wp-includes/template-loader.php(106): include('/Users/nathalie...')
#5 /Users/nathalie/Sites/localhost/agrispesa/wp-blog-header.php(19): require_once('/Users/nathalie...')
#6 /Users/nathalie/Sites/localhost/agrispesa/index.php(17): require('/Users/nathalie...')
#7 {main}
  thrown in /Users/nathalie/Sites/localhost/agrispesa/wp-content/themes/agrispesa/global-elements/all-categories.php alla riga 47

2023-02-05T18:38:05+00:00 CRITICAL Uncaught Error: Object of class WP_Error could not be converted to string in /Users/nathalie/Sites/localhost/agrispesa/wp-content/themes/agrispesa/global-elements/all-categories.php:56
Stack trace:
#0 /Users/nathalie/Sites/localhost/agrispesa/wp-includes/template.php(785): require()
#1 /Users/nathalie/Sites/localhost/agrispesa/wp-includes/template.php(718): load_template('/Users/nathalie...', false, Array)
#2 /Users/nathalie/Sites/localhost/agrispesa/wp-includes/general-template.php(204): locate_template(Array, true, false, Array)
#3 /Users/nathalie/Sites/localhost/agrispesa/wp-content/themes/agrispesa/frontpage.php(42): get_template_part('global-elements...', 'categories')
#4 /Users/nathalie/Sites/localhost/agrispesa/wp-includes/template-loader.php(106): include('/Users/nathalie...')
#5 /Users/nathalie/Sites/localhost/agrispesa/wp-blog-header.php(19): require_once('/Users/nathalie...')
#6 /Users/nathalie/Sites/localhost/agrispesa/index.php(17): require('/Users/nathalie...')
#7 {main}
  thrown in /Users/nathalie/Sites/localhost/agrispesa/wp-content/themes/agrispesa/global-elements/all-categories.php alla riga 56

2023-02-05T18:48:34+00:00 CRITICAL Uncaught Error: Cannot use object of type WP_Term as array in /Users/nathalie/Sites/localhost/agrispesa/wp-content/themes/agrispesa/global-elements/all-categories.php:37
Stack trace:
#0 /Users/nathalie/Sites/localhost/agrispesa/wp-includes/template.php(785): require()
#1 /Users/nathalie/Sites/localhost/agrispesa/wp-includes/template.php(718): load_template('/Users/nathalie...', false, Array)
#2 /Users/nathalie/Sites/localhost/agrispesa/wp-includes/general-template.php(204): locate_template(Array, true, false, Array)
#3 /Users/nathalie/Sites/localhost/agrispesa/wp-content/themes/agrispesa/frontpage.php(42): get_template_part('global-elements...', 'categories')
#4 /Users/nathalie/Sites/localhost/agrispesa/wp-includes/template-loader.php(106): include('/Users/nathalie...')
#5 /Users/nathalie/Sites/localhost/agrispesa/wp-blog-header.php(19): require_once('/Users/nathalie...')
#6 /Users/nathalie/Sites/localhost/agrispesa/index.php(17): require('/Users/nathalie...')
#7 {main}
  thrown in /Users/nathalie/Sites/localhost/agrispesa/wp-content/themes/agrispesa/global-elements/all-categories.php alla riga 37

2023-02-05T18:50:44+00:00 CRITICAL syntax error, unexpected ':' in /Users/nathalie/Sites/localhost/agrispesa/wp-content/themes/agrispesa/global-elements/all-categories.php alla riga 38

2023-02-05T18:59:53+00:00 CRITICAL Uncaught Error: Object of class WP_Error could not be converted to string in /Users/nathalie/Sites/localhost/agrispesa/wp-content/themes/agrispesa/global-elements/home-sections.php:67
Stack trace:
#0 /Users/nathalie/Sites/localhost/agrispesa/wp-includes/template.php(785): require()
#1 /Users/nathalie/Sites/localhost/agrispesa/wp-includes/template.php(718): load_template('/Users/nathalie...', false, Array)
#2 /Users/nathalie/Sites/localhost/agrispesa/wp-includes/general-template.php(204): locate_template(Array, true, false, Array)
#3 /Users/nathalie/Sites/localhost/agrispesa/wp-content/themes/agrispesa/frontpage.php(31): get_template_part('global-elements...', 'sections')
#4 /Users/nathalie/Sites/localhost/agrispesa/wp-includes/template-loader.php(106): include('/Users/nathalie...')
#5 /Users/nathalie/Sites/localhost/agrispesa/wp-blog-header.php(19): require_once('/Users/nathalie...')
#6 /Users/nathalie/Sites/localhost/agrispesa/index.php(17): require('/Users/nathalie...')
#7 {main}
  thrown in /Users/nathalie/Sites/localhost/agrispesa/wp-content/themes/agrispesa/global-elements/home-sections.php alla riga 67

2023-02-05T18:59:57+00:00 CRITICAL Uncaught Error: Object of class WP_Error could not be converted to string in /Users/nathalie/Sites/localhost/agrispesa/wp-content/themes/agrispesa/global-elements/home-sections.php:67
Stack trace:
#0 /Users/nathalie/Sites/localhost/agrispesa/wp-includes/template.php(785): require()
#1 /Users/nathalie/Sites/localhost/agrispesa/wp-includes/template.php(718): load_template('/Users/nathalie...', false, Array)
#2 /Users/nathalie/Sites/localhost/agrispesa/wp-includes/general-template.php(204): locate_template(Array, true, false, Array)
#3 /Users/nathalie/Sites/localhost/agrispesa/wp-content/themes/agrispesa/frontpage.php(31): get_template_part('global-elements...', 'sections')
#4 /Users/nathalie/Sites/localhost/agrispesa/wp-includes/template-loader.php(106): include('/Users/nathalie...')
#5 /Users/nathalie/Sites/localhost/agrispesa/wp-blog-header.php(19): require_once('/Users/nathalie...')
#6 /Users/nathalie/Sites/localhost/agrispesa/index.php(17): require('/Users/nathalie...')
#7 {main}
  thrown in /Users/nathalie/Sites/localhost/agrispesa/wp-content/themes/agrispesa/global-elements/home-sections.php alla riga 67

2023-02-05T19:00:26+00:00 CRITICAL Uncaught Error: Object of class WP_Error could not be converted to string in /Users/nathalie/Sites/localhost/agrispesa/wp-content/themes/agrispesa/global-elements/home-sections.php:67
Stack trace:
#0 /Users/nathalie/Sites/localhost/agrispesa/wp-includes/template.php(785): require()
#1 /Users/nathalie/Sites/localhost/agrispesa/wp-includes/template.php(718): load_template('/Users/nathalie...', false, Array)
#2 /Users/nathalie/Sites/localhost/agrispesa/wp-includes/general-template.php(204): locate_template(Array, true, false, Array)
#3 /Users/nathalie/Sites/localhost/agrispesa/wp-content/themes/agrispesa/frontpage.php(31): get_template_part('global-elements...', 'sections')
#4 /Users/nathalie/Sites/localhost/agrispesa/wp-includes/template-loader.php(106): include('/Users/nathalie...')
#5 /Users/nathalie/Sites/localhost/agrispesa/wp-blog-header.php(19): require_once('/Users/nathalie...')
#6 /Users/nathalie/Sites/localhost/agrispesa/index.php(17): require('/Users/nathalie...')
#7 {main}
  thrown in /Users/nathalie/Sites/localhost/agrispesa/wp-content/themes/agrispesa/global-elements/home-sections.php alla riga 67

2023-02-05T19:06:31+00:00 CRITICAL syntax error, unexpected 'if' (T_IF) in /Users/nathalie/Sites/localhost/agrispesa/wp-content/themes/agrispesa/woocommerce/archive-product.php alla riga 81

2023-02-05T19:06:42+00:00 CRITICAL syntax error, unexpected 'if' (T_IF) in /Users/nathalie/Sites/localhost/agrispesa/wp-content/themes/agrispesa/woocommerce/archive-product.php alla riga 81

2023-02-05T19:06:50+00:00 CRITICAL syntax error, unexpected 'if' (T_IF) in /Users/nathalie/Sites/localhost/agrispesa/wp-content/themes/agrispesa/woocommerce/archive-product.php alla riga 81

2023-02-05T19:06:55+00:00 CRITICAL syntax error, unexpected 'if' (T_IF) in /Users/nathalie/Sites/localhost/agrispesa/wp-content/themes/agrispesa/woocommerce/archive-product.php alla riga 81

