2023-11-04T13:01:45+00:00 CRITICAL syntax error, unexpected 'if' (T_IF) in /shared/httpd/agrispesa/wp-content/themes/agrispesa/inc/checkout.php alla riga 1324

2023-11-04T13:05:28+00:00 CRITICAL Uncaught ArgumentCountError: Too few arguments to function {closure}(), 1 passed in /shared/httpd/agrispesa/wp-includes/class-wp-hook.php on line 312 and exactly 5 expected in /shared/httpd/agrispesa/wp-content/themes/agrispesa/inc/checkout.php:1309
Stack trace:
#0 /shared/httpd/agrispesa/wp-includes/class-wp-hook.php(312): {closure}(true)
#1 /shared/httpd/agrispesa/wp-includes/plugin.php(205): WP_Hook->apply_filters(true, Array)
#2 /shared/httpd/agrispesa/wp-content/plugins/woocommerce/includes/class-wc-ajax.php(453): apply_filters('woocommerce_add...', true, 50229, 4)
#3 /shared/httpd/agrispesa/wp-includes/class-wp-hook.php(310): WC_AJAX::add_to_cart('')
#4 /shared/httpd/agrispesa/wp-includes/class-wp-hook.php(334): WP_Hook->apply_filters('', Array)
#5 /shared/httpd/agrispesa/wp-includes/plugin.php(517): WP_Hook->do_action(Array)
#6 /shared/httpd/agrispesa/wp-content/plugins/woocommerce/includes/class-wc-ajax.php(96): do_action('wc_ajax_add_to_...')
#7 /shared/httpd/agrispesa/wp-includes/class-wp-hook.php(3 in /shared/httpd/agrispesa/wp-content/themes/agrispesa/inc/checkout.php alla riga 1309

2023-11-04T13:05:44+00:00 CRITICAL Uncaught ArgumentCountError: Too few arguments to function {closure}(), 1 passed in /shared/httpd/agrispesa/wp-includes/class-wp-hook.php on line 312 and exactly 5 expected in /shared/httpd/agrispesa/wp-content/themes/agrispesa/inc/checkout.php:1309
Stack trace:
#0 /shared/httpd/agrispesa/wp-includes/class-wp-hook.php(312): {closure}(true)
#1 /shared/httpd/agrispesa/wp-includes/plugin.php(205): WP_Hook->apply_filters(true, Array)
#2 /shared/httpd/agrispesa/wp-content/plugins/woocommerce/includes/class-wc-ajax.php(453): apply_filters('woocommerce_add...', true, 50229, 4)
#3 /shared/httpd/agrispesa/wp-includes/class-wp-hook.php(310): WC_AJAX::add_to_cart('')
#4 /shared/httpd/agrispesa/wp-includes/class-wp-hook.php(334): WP_Hook->apply_filters('', Array)
#5 /shared/httpd/agrispesa/wp-includes/plugin.php(517): WP_Hook->do_action(Array)
#6 /shared/httpd/agrispesa/wp-content/plugins/woocommerce/includes/class-wc-ajax.php(96): do_action('wc_ajax_add_to_...')
#7 /shared/httpd/agrispesa/wp-includes/class-wp-hook.php(3 in /shared/httpd/agrispesa/wp-content/themes/agrispesa/inc/checkout.php alla riga 1309

2023-11-04T13:06:27+00:00 CRITICAL Uncaught ArgumentCountError: Too few arguments to function {closure}(), 1 passed in /shared/httpd/agrispesa/wp-includes/class-wp-hook.php on line 312 and exactly 5 expected in /shared/httpd/agrispesa/wp-content/themes/agrispesa/inc/checkout.php:1309
Stack trace:
#0 /shared/httpd/agrispesa/wp-includes/class-wp-hook.php(312): {closure}(true)
#1 /shared/httpd/agrispesa/wp-includes/plugin.php(205): WP_Hook->apply_filters(true, Array)
#2 /shared/httpd/agrispesa/wp-content/plugins/woocommerce/includes/class-wc-ajax.php(453): apply_filters('woocommerce_add...', true, 50229, 4)
#3 /shared/httpd/agrispesa/wp-includes/class-wp-hook.php(310): WC_AJAX::add_to_cart('')
#4 /shared/httpd/agrispesa/wp-includes/class-wp-hook.php(334): WP_Hook->apply_filters('', Array)
#5 /shared/httpd/agrispesa/wp-includes/plugin.php(517): WP_Hook->do_action(Array)
#6 /shared/httpd/agrispesa/wp-content/plugins/woocommerce/includes/class-wc-ajax.php(96): do_action('wc_ajax_add_to_...')
#7 /shared/httpd/agrispesa/wp-includes/class-wp-hook.php(3 in /shared/httpd/agrispesa/wp-content/themes/agrispesa/inc/checkout.php alla riga 1309

2023-11-04T13:06:47+00:00 CRITICAL Uncaught ArgumentCountError: Too few arguments to function {closure}(), 1 passed in /shared/httpd/agrispesa/wp-includes/class-wp-hook.php on line 312 and exactly 5 expected in /shared/httpd/agrispesa/wp-content/themes/agrispesa/inc/checkout.php:1309
Stack trace:
#0 /shared/httpd/agrispesa/wp-includes/class-wp-hook.php(312): {closure}(true)
#1 /shared/httpd/agrispesa/wp-includes/plugin.php(205): WP_Hook->apply_filters(true, Array)
#2 /shared/httpd/agrispesa/wp-content/plugins/woocommerce/includes/class-wc-ajax.php(453): apply_filters('woocommerce_add...', true, 50229, 4)
#3 /shared/httpd/agrispesa/wp-includes/class-wp-hook.php(310): WC_AJAX::add_to_cart('')
#4 /shared/httpd/agrispesa/wp-includes/class-wp-hook.php(334): WP_Hook->apply_filters('', Array)
#5 /shared/httpd/agrispesa/wp-includes/plugin.php(517): WP_Hook->do_action(Array)
#6 /shared/httpd/agrispesa/wp-content/plugins/woocommerce/includes/class-wc-ajax.php(96): do_action('wc_ajax_add_to_...')
#7 /shared/httpd/agrispesa/wp-includes/class-wp-hook.php(3 in /shared/httpd/agrispesa/wp-content/themes/agrispesa/inc/checkout.php alla riga 1309

2023-11-04T13:10:22+00:00 CRITICAL Uncaught Error: Call to a member function get_product_id() on array in /shared/httpd/agrispesa/wp-content/themes/agrispesa/inc/checkout.php:1316
Stack trace:
#0 /shared/httpd/agrispesa/wp-includes/class-wp-hook.php(312): {closure}(false, 47627)
#1 /shared/httpd/agrispesa/wp-includes/plugin.php(205): WP_Hook->apply_filters(false, Array)
#2 /shared/httpd/agrispesa/wp-content/plugins/woocommerce/includes/class-wc-ajax.php(453): apply_filters('woocommerce_add...', true, 47627, 1)
#3 /shared/httpd/agrispesa/wp-includes/class-wp-hook.php(310): WC_AJAX::add_to_cart('')
#4 /shared/httpd/agrispesa/wp-includes/class-wp-hook.php(334): WP_Hook->apply_filters('', Array)
#5 /shared/httpd/agrispesa/wp-includes/plugin.php(517): WP_Hook->do_action(Array)
#6 /shared/httpd/agrispesa/wp-content/plugins/woocommerce/includes/class-wc-ajax.php(96): do_action('wc_ajax_add_to_...')
#7 /shared/httpd/agrispesa/wp-includes/class-wp-hook.php(310): WC_AJAX::do_wc_ajax('')
#8 /shared/httpd/agrispesa/wp-includes/class-wp-hook.php(334): WP_H in /shared/httpd/agrispesa/wp-content/themes/agrispesa/inc/checkout.php alla riga 1316

2023-11-04T13:10:42+00:00 CRITICAL Uncaught Error: Call to a member function get_product() on array in /shared/httpd/agrispesa/wp-content/themes/agrispesa/inc/checkout.php:1316
Stack trace:
#0 /shared/httpd/agrispesa/wp-includes/class-wp-hook.php(312): {closure}(false, 47627)
#1 /shared/httpd/agrispesa/wp-includes/plugin.php(205): WP_Hook->apply_filters(false, Array)
#2 /shared/httpd/agrispesa/wp-content/plugins/woocommerce/includes/class-wc-ajax.php(453): apply_filters('woocommerce_add...', true, 47627, 1)
#3 /shared/httpd/agrispesa/wp-includes/class-wp-hook.php(310): WC_AJAX::add_to_cart('')
#4 /shared/httpd/agrispesa/wp-includes/class-wp-hook.php(334): WP_Hook->apply_filters('', Array)
#5 /shared/httpd/agrispesa/wp-includes/plugin.php(517): WP_Hook->do_action(Array)
#6 /shared/httpd/agrispesa/wp-content/plugins/woocommerce/includes/class-wc-ajax.php(96): do_action('wc_ajax_add_to_...')
#7 /shared/httpd/agrispesa/wp-includes/class-wp-hook.php(310): WC_AJAX::do_wc_ajax('')
#8 /shared/httpd/agrispesa/wp-includes/class-wp-hook.php(334): WP_Hook in /shared/httpd/agrispesa/wp-content/themes/agrispesa/inc/checkout.php alla riga 1316

2023-11-04T15:05:07+00:00 CRITICAL syntax error, unexpected 'use' (T_USE), expecting '{' in /shared/httpd/agrispesa/wp-content/themes/agrispesa/inc/checkout.php alla riga 1403

2023-11-04T15:05:44+00:00 CRITICAL syntax error, unexpected 'use' (T_USE), expecting '{' in /shared/httpd/agrispesa/wp-content/themes/agrispesa/inc/checkout.php alla riga 1403

2023-11-04T15:06:05+00:00 CRITICAL syntax error, unexpected 'use' (T_USE), expecting '{' in /shared/httpd/agrispesa/wp-content/themes/agrispesa/inc/checkout.php alla riga 1403

2023-11-04T15:06:07+00:00 CRITICAL syntax error, unexpected 'use' (T_USE), expecting '{' in /shared/httpd/agrispesa/wp-content/themes/agrispesa/inc/checkout.php alla riga 1403

2023-11-04T15:06:15+00:00 CRITICAL syntax error, unexpected 'use' (T_USE), expecting '{' in /shared/httpd/agrispesa/wp-content/themes/agrispesa/inc/checkout.php alla riga 1403

2023-11-04T15:06:16+00:00 CRITICAL syntax error, unexpected 'use' (T_USE), expecting '{' in /shared/httpd/agrispesa/wp-content/themes/agrispesa/inc/checkout.php alla riga 1403

2023-11-04T16:10:22+00:00 CRITICAL syntax error, unexpected ',' in /shared/httpd/agrispesa/wp-content/themes/agrispesa/inc/checkout.php alla riga 1491

