2023-03-17T18:07:37+00:00 CRITICAL Uncaught Error: Using $this when not in object context in /Users/nathalie/Sites/localhost/agrispesa/wp-content/themes/agrispesa/woocommerce/myaccount/subscription-details.php:20
Stack trace:
#0 /Users/nathalie/Sites/localhost/agrispesa/wp-content/plugins/woocommerce/includes/wc-core-functions.php(345): include()
#1 /Users/nathalie/Sites/localhost/agrispesa/wp-content/plugins/woocommerce-subscriptions/vendor/woocommerce/subscriptions-core/includes/class-wcs-template-loader.php(119): wc_get_template('myaccount/subsc...', Array, '', '/Users/nathalie...')
#2 /Users/nathalie/Sites/localhost/agrispesa/wp-includes/class-wp-hook.php(308): WCS_Template_Loader::get_subscription_details_template(Object(WC_Subscription))
#3 /Users/nathalie/Sites/localhost/agrispesa/wp-includes/class-wp-hook.php(332): WP_Hook->apply_filters(NULL, Array)
#4 /Users/nathalie/Sites/localhost/agrispesa/wp-includes/plugin.php(517): WP_Hook->do_action(Array)
#5 /Users/nathalie/Sites/localhost/agrispesa/wp-content/themes/agrispesa/woocommerce/mya in /Users/nathalie/Sites/localhost/agrispesa/wp-content/themes/agrispesa/woocommerce/myaccount/subscription-details.php alla riga 20

2023-03-17T18:08:50+00:00 CRITICAL Uncaught Error: Using $this when not in object context in /Users/nathalie/Sites/localhost/agrispesa/wp-content/themes/agrispesa/woocommerce/myaccount/subscription-details.php:22
Stack trace:
#0 /Users/nathalie/Sites/localhost/agrispesa/wp-content/plugins/woocommerce/includes/wc-core-functions.php(345): include()
#1 /Users/nathalie/Sites/localhost/agrispesa/wp-content/plugins/woocommerce-subscriptions/vendor/woocommerce/subscriptions-core/includes/class-wcs-template-loader.php(119): wc_get_template('myaccount/subsc...', Array, '', '/Users/nathalie...')
#2 /Users/nathalie/Sites/localhost/agrispesa/wp-includes/class-wp-hook.php(308): WCS_Template_Loader::get_subscription_details_template(Object(WC_Subscription))
#3 /Users/nathalie/Sites/localhost/agrispesa/wp-includes/class-wp-hook.php(332): WP_Hook->apply_filters(NULL, Array)
#4 /Users/nathalie/Sites/localhost/agrispesa/wp-includes/plugin.php(517): WP_Hook->do_action(Array)
#5 /Users/nathalie/Sites/localhost/agrispesa/wp-content/themes/agrispesa/woocommerce/mya in /Users/nathalie/Sites/localhost/agrispesa/wp-content/themes/agrispesa/woocommerce/myaccount/subscription-details.php alla riga 22

2023-03-17T18:13:48+00:00 CRITICAL Uncaught Error: Call to undefined method WC_Subscription::get_coupon() in /Users/nathalie/Sites/localhost/agrispesa/wp-content/themes/agrispesa/woocommerce/myaccount/subscription-details.php:36
Stack trace:
#0 /Users/nathalie/Sites/localhost/agrispesa/wp-content/plugins/woocommerce/includes/wc-core-functions.php(345): include()
#1 /Users/nathalie/Sites/localhost/agrispesa/wp-content/plugins/woocommerce-subscriptions/vendor/woocommerce/subscriptions-core/includes/class-wcs-template-loader.php(119): wc_get_template('myaccount/subsc...', Array, '', '/Users/nathalie...')
#2 /Users/nathalie/Sites/localhost/agrispesa/wp-includes/class-wp-hook.php(308): WCS_Template_Loader::get_subscription_details_template(Object(WC_Subscription))
#3 /Users/nathalie/Sites/localhost/agrispesa/wp-includes/class-wp-hook.php(332): WP_Hook->apply_filters(NULL, Array)
#4 /Users/nathalie/Sites/localhost/agrispesa/wp-includes/plugin.php(517): WP_Hook->do_action(Array)
#5 /Users/nathalie/Sites/localhost/agrispesa/wp-content/themes/agrispesa in /Users/nathalie/Sites/localhost/agrispesa/wp-content/themes/agrispesa/woocommerce/myaccount/subscription-details.php alla riga 36

2023-03-17T18:14:08+00:00 CRITICAL syntax error, unexpected ';', expecting ')' in /Users/nathalie/Sites/localhost/agrispesa/wp-content/themes/agrispesa/woocommerce/myaccount/subscription-details.php alla riga 36

2023-03-17T18:16:28+00:00 CRITICAL syntax error, unexpected ';', expecting ')' in /Users/nathalie/Sites/localhost/agrispesa/wp-content/themes/agrispesa/woocommerce/myaccount/subscription-details.php alla riga 36

2023-03-17T18:16:36+00:00 CRITICAL Uncaught Error: Cannot use object of type WC_Subscription as array in /Users/nathalie/Sites/localhost/agrispesa/wp-content/themes/agrispesa/woocommerce/myaccount/subscription-details.php:36
Stack trace:
#0 /Users/nathalie/Sites/localhost/agrispesa/wp-content/plugins/woocommerce/includes/wc-core-functions.php(345): include()
#1 /Users/nathalie/Sites/localhost/agrispesa/wp-content/plugins/woocommerce-subscriptions/vendor/woocommerce/subscriptions-core/includes/class-wcs-template-loader.php(119): wc_get_template('myaccount/subsc...', Array, '', '/Users/nathalie...')
#2 /Users/nathalie/Sites/localhost/agrispesa/wp-includes/class-wp-hook.php(308): WCS_Template_Loader::get_subscription_details_template(Object(WC_Subscription))
#3 /Users/nathalie/Sites/localhost/agrispesa/wp-includes/class-wp-hook.php(332): WP_Hook->apply_filters(NULL, Array)
#4 /Users/nathalie/Sites/localhost/agrispesa/wp-includes/plugin.php(517): WP_Hook->do_action(Array)
#5 /Users/nathalie/Sites/localhost/agrispesa/wp-content/themes/agrispesa/woo in /Users/nathalie/Sites/localhost/agrispesa/wp-content/themes/agrispesa/woocommerce/myaccount/subscription-details.php alla riga 36

2023-03-17T18:20:30+00:00 CRITICAL Uncaught Error: Cannot use object of type WC_Subscription as array in /Users/nathalie/Sites/localhost/agrispesa/wp-content/themes/agrispesa/woocommerce/myaccount/subscription-totals.php:23
Stack trace:
#0 /Users/nathalie/Sites/localhost/agrispesa/wp-content/plugins/woocommerce/includes/wc-core-functions.php(345): include()
#1 /Users/nathalie/Sites/localhost/agrispesa/wp-content/plugins/woocommerce-subscriptions/vendor/woocommerce/subscriptions-core/includes/class-wcs-template-loader.php(129): wc_get_template('myaccount/subsc...', Array, '', '/Users/nathalie...')
#2 /Users/nathalie/Sites/localhost/agrispesa/wp-includes/class-wp-hook.php(308): WCS_Template_Loader::get_subscription_totals_template(Object(WC_Subscription))
#3 /Users/nathalie/Sites/localhost/agrispesa/wp-includes/class-wp-hook.php(332): WP_Hook->apply_filters('', Array)
#4 /Users/nathalie/Sites/localhost/agrispesa/wp-includes/plugin.php(517): WP_Hook->do_action(Array)
#5 /Users/nathalie/Sites/localhost/agrispesa/wp-content/themes/agrispesa/woocomm in /Users/nathalie/Sites/localhost/agrispesa/wp-content/themes/agrispesa/woocommerce/myaccount/subscription-totals.php alla riga 23

