2023-04-14T21:49:44+00:00 CRITICAL Uncaught Error: Call to a member function get_applied_coupons() on null in /shared/httpd/agrispesa/wp-content/themes/agrispesa/inc/denso.php:7
Stack trace:
#0 /shared/httpd/agrispesa/wp-includes/class-wp-hook.php(310): custom_checkout_billing_city_field(Array)
#1 /shared/httpd/agrispesa/wp-includes/plugin.php(205): WP_Hook->apply_filters(Array, Array)
#2 /shared/httpd/agrispesa/wp-content/plugins/woocommerce/includes/class-wc-countries.php(1648): apply_filters('woocommerce_shi...', Array, 'IT')
#3 /shared/httpd/agrispesa/wp-content/plugins/woocommerce/includes/class-wc-checkout.php(257): WC_Countries->get_address_fields('IT', 'shipping_')
#4 /shared/httpd/agrispesa/wp-content/plugins/woocommerce-payments/includes/class-wc-payments-upe-checkout.php(121): WC_Checkout->get_checkout_fields('billing')
#5 /shared/httpd/agrispesa/wp-content/plugins/woocommerce-payments/includes/class-wc-payments-blocks-payment-method.php(99): WCPay\WC_Payments_UPE_Checkout->get_payment_fields_js_config()
#6 /shared/httpd/agrispesa/w in /shared/httpd/agrispesa/wp-content/themes/agrispesa/inc/denso.php alla riga 7

2023-04-14T21:50:45+00:00 CRITICAL Uncaught Error: Call to a member function get_applied_coupons() on null in /shared/httpd/agrispesa/wp-content/themes/agrispesa/inc/denso.php:7
Stack trace:
#0 /shared/httpd/agrispesa/wp-includes/class-wp-hook.php(310): custom_checkout_billing_city_field(Array)
#1 /shared/httpd/agrispesa/wp-includes/plugin.php(205): WP_Hook->apply_filters(Array, Array)
#2 /shared/httpd/agrispesa/wp-content/plugins/woocommerce/includes/class-wc-countries.php(1648): apply_filters('woocommerce_shi...', Array, 'IT')
#3 /shared/httpd/agrispesa/wp-content/plugins/woocommerce/includes/class-wc-checkout.php(257): WC_Countries->get_address_fields('IT', 'shipping_')
#4 /shared/httpd/agrispesa/wp-content/plugins/woocommerce-payments/includes/class-wc-payments-upe-checkout.php(121): WC_Checkout->get_checkout_fields('billing')
#5 /shared/httpd/agrispesa/wp-content/plugins/woocommerce-payments/includes/class-wc-payments-blocks-payment-method.php(99): WCPay\WC_Payments_UPE_Checkout->get_payment_fields_js_config()
#6 /shared/httpd/agrispesa/w in /shared/httpd/agrispesa/wp-content/themes/agrispesa/inc/denso.php alla riga 7

2023-04-14T21:50:50+00:00 CRITICAL Uncaught Error: Call to a member function get_applied_coupons() on null in /shared/httpd/agrispesa/wp-content/themes/agrispesa/inc/denso.php:7
Stack trace:
#0 /shared/httpd/agrispesa/wp-includes/class-wp-hook.php(310): custom_checkout_billing_city_field(Array)
#1 /shared/httpd/agrispesa/wp-includes/plugin.php(205): WP_Hook->apply_filters(Array, Array)
#2 /shared/httpd/agrispesa/wp-content/plugins/woocommerce/includes/class-wc-countries.php(1648): apply_filters('woocommerce_shi...', Array, 'IT')
#3 /shared/httpd/agrispesa/wp-content/plugins/woocommerce/includes/class-wc-checkout.php(257): WC_Countries->get_address_fields('IT', 'shipping_')
#4 /shared/httpd/agrispesa/wp-content/plugins/woocommerce-payments/includes/class-wc-payments-upe-checkout.php(121): WC_Checkout->get_checkout_fields('billing')
#5 /shared/httpd/agrispesa/wp-content/plugins/woocommerce-payments/includes/class-wc-payments-blocks-payment-method.php(99): WCPay\WC_Payments_UPE_Checkout->get_payment_fields_js_config()
#6 /shared/httpd/agrispesa/w in /shared/httpd/agrispesa/wp-content/themes/agrispesa/inc/denso.php alla riga 7

