2023-03-07T16:32:27+00:00 CRITICAL Uncaught Error: Call to a member function get_attribute() on int in /Users/nathalie/Sites/localhost/agrispesa/wp-content/themes/agrispesa/inc/admin.php:2563
Stack trace:
#0 /Users/nathalie/Sites/localhost/agrispesa/wp-includes/class-wp-hook.php(308): {closure}('')
#1 /Users/nathalie/Sites/localhost/agrispesa/wp-includes/class-wp-hook.php(332): WP_Hook->apply_filters('', Array)
#2 /Users/nathalie/Sites/localhost/agrispesa/wp-includes/plugin.php(517): WP_Hook->do_action(Array)
#3 /Users/nathalie/Sites/localhost/agrispesa/wp-admin/admin.php(259): do_action('toplevel_page_b...')
#4 {main}
  thrown in /Users/nathalie/Sites/localhost/agrispesa/wp-content/themes/agrispesa/inc/admin.php alla riga 2563

2023-03-07T16:33:51+00:00 CRITICAL Uncaught Exception: DateTime::__construct(): Failed to parse time string (13/02/2023) at position 0 (1): Unexpected character in /Users/nathalie/Sites/localhost/agrispesa/wp-content/themes/agrispesa/inc/admin.php:3401
Stack trace:
#0 /Users/nathalie/Sites/localhost/agrispesa/wp-content/themes/agrispesa/inc/admin.php(3401): DateTime->__construct('13/02/2023')
#1 /Users/nathalie/Sites/localhost/agrispesa/wp-includes/class-wp-hook.php(308): {closure}('')
#2 /Users/nathalie/Sites/localhost/agrispesa/wp-includes/class-wp-hook.php(332): WP_Hook->apply_filters('', Array)
#3 /Users/nathalie/Sites/localhost/agrispesa/wp-includes/plugin.php(517): WP_Hook->do_action(Array)
#4 /Users/nathalie/Sites/localhost/agrispesa/wp-admin/admin.php(259): do_action('toplevel_page_e...')
#5 {main}
  thrown in /Users/nathalie/Sites/localhost/agrispesa/wp-content/themes/agrispesa/inc/admin.php alla riga 3401

2023-03-07T16:35:25+00:00 CRITICAL Uncaught Exception: DateTime::__construct(): Failed to parse time string (13/02/2023) at position 0 (1): Unexpected character in /Users/nathalie/Sites/localhost/agrispesa/wp-content/themes/agrispesa/inc/admin.php:3401
Stack trace:
#0 /Users/nathalie/Sites/localhost/agrispesa/wp-content/themes/agrispesa/inc/admin.php(3401): DateTime->__construct('13/02/2023')
#1 /Users/nathalie/Sites/localhost/agrispesa/wp-includes/class-wp-hook.php(308): {closure}('')
#2 /Users/nathalie/Sites/localhost/agrispesa/wp-includes/class-wp-hook.php(332): WP_Hook->apply_filters('', Array)
#3 /Users/nathalie/Sites/localhost/agrispesa/wp-includes/plugin.php(517): WP_Hook->do_action(Array)
#4 /Users/nathalie/Sites/localhost/agrispesa/wp-admin/admin.php(259): do_action('toplevel_page_e...')
#5 {main}
  thrown in /Users/nathalie/Sites/localhost/agrispesa/wp-content/themes/agrispesa/inc/admin.php alla riga 3401

2023-03-07T16:37:14+00:00 CRITICAL Uncaught Exception: DateTime::__construct(): Failed to parse time string (13/02/2023) at position 0 (1): Unexpected character in /Users/nathalie/Sites/localhost/agrispesa/wp-content/themes/agrispesa/inc/admin.php:3402
Stack trace:
#0 /Users/nathalie/Sites/localhost/agrispesa/wp-content/themes/agrispesa/inc/admin.php(3402): DateTime->__construct('13/02/2023')
#1 /Users/nathalie/Sites/localhost/agrispesa/wp-includes/class-wp-hook.php(308): {closure}('')
#2 /Users/nathalie/Sites/localhost/agrispesa/wp-includes/class-wp-hook.php(332): WP_Hook->apply_filters('', Array)
#3 /Users/nathalie/Sites/localhost/agrispesa/wp-includes/plugin.php(517): WP_Hook->do_action(Array)
#4 /Users/nathalie/Sites/localhost/agrispesa/wp-admin/admin.php(259): do_action('toplevel_page_e...')
#5 {main}
  thrown in /Users/nathalie/Sites/localhost/agrispesa/wp-content/themes/agrispesa/inc/admin.php alla riga 3402

2023-03-07T17:01:54+00:00 CRITICAL Uncaught Error: Call to a member function format() on null in /Users/nathalie/Sites/localhost/agrispesa/wp-content/themes/agrispesa/inc/admin.php:3419
Stack trace:
#0 /Users/nathalie/Sites/localhost/agrispesa/wp-includes/class-wp-hook.php(308): {closure}('')
#1 /Users/nathalie/Sites/localhost/agrispesa/wp-includes/class-wp-hook.php(332): WP_Hook->apply_filters('', Array)
#2 /Users/nathalie/Sites/localhost/agrispesa/wp-includes/plugin.php(517): WP_Hook->do_action(Array)
#3 /Users/nathalie/Sites/localhost/agrispesa/wp-admin/admin.php(259): do_action('toplevel_page_e...')
#4 {main}
  thrown in /Users/nathalie/Sites/localhost/agrispesa/wp-content/themes/agrispesa/inc/admin.php alla riga 3419

2023-03-07T17:02:07+00:00 CRITICAL Uncaught Exception: DateTime::__construct(): Failed to parse time string (13/02/2023) at position 0 (1): Unexpected character in /Users/nathalie/Sites/localhost/agrispesa/wp-content/themes/agrispesa/inc/admin.php:3407
Stack trace:
#0 /Users/nathalie/Sites/localhost/agrispesa/wp-content/themes/agrispesa/inc/admin.php(3407): DateTime->__construct('13/02/2023')
#1 /Users/nathalie/Sites/localhost/agrispesa/wp-includes/class-wp-hook.php(308): {closure}('')
#2 /Users/nathalie/Sites/localhost/agrispesa/wp-includes/class-wp-hook.php(332): WP_Hook->apply_filters('', Array)
#3 /Users/nathalie/Sites/localhost/agrispesa/wp-includes/plugin.php(517): WP_Hook->do_action(Array)
#4 /Users/nathalie/Sites/localhost/agrispesa/wp-admin/admin.php(259): do_action('toplevel_page_e...')
#5 {main}
  thrown in /Users/nathalie/Sites/localhost/agrispesa/wp-content/themes/agrispesa/inc/admin.php alla riga 3407

2023-03-07T17:03:26+00:00 CRITICAL Uncaught Exception: DateTime::__construct(): Failed to parse time string (13/02/2023) at position 0 (1): Unexpected character in /Users/nathalie/Sites/localhost/agrispesa/wp-content/themes/agrispesa/inc/admin.php:3407
Stack trace:
#0 /Users/nathalie/Sites/localhost/agrispesa/wp-content/themes/agrispesa/inc/admin.php(3407): DateTime->__construct('13/02/2023')
#1 /Users/nathalie/Sites/localhost/agrispesa/wp-includes/class-wp-hook.php(308): {closure}('')
#2 /Users/nathalie/Sites/localhost/agrispesa/wp-includes/class-wp-hook.php(332): WP_Hook->apply_filters('', Array)
#3 /Users/nathalie/Sites/localhost/agrispesa/wp-includes/plugin.php(517): WP_Hook->do_action(Array)
#4 /Users/nathalie/Sites/localhost/agrispesa/wp-admin/admin.php(259): do_action('toplevel_page_e...')
#5 {main}
  thrown in /Users/nathalie/Sites/localhost/agrispesa/wp-content/themes/agrispesa/inc/admin.php alla riga 3407

2023-03-07T17:03:35+00:00 CRITICAL Uncaught Exception: DateTime::__construct(): Failed to parse time string (13/02/2023) at position 0 (1): Unexpected character in /Users/nathalie/Sites/localhost/agrispesa/wp-content/themes/agrispesa/inc/admin.php:3407
Stack trace:
#0 /Users/nathalie/Sites/localhost/agrispesa/wp-content/themes/agrispesa/inc/admin.php(3407): DateTime->__construct('13/02/2023')
#1 /Users/nathalie/Sites/localhost/agrispesa/wp-includes/class-wp-hook.php(308): {closure}('')
#2 /Users/nathalie/Sites/localhost/agrispesa/wp-includes/class-wp-hook.php(332): WP_Hook->apply_filters('', Array)
#3 /Users/nathalie/Sites/localhost/agrispesa/wp-includes/plugin.php(517): WP_Hook->do_action(Array)
#4 /Users/nathalie/Sites/localhost/agrispesa/wp-admin/admin.php(259): do_action('toplevel_page_e...')
#5 {main}
  thrown in /Users/nathalie/Sites/localhost/agrispesa/wp-content/themes/agrispesa/inc/admin.php alla riga 3407

2023-03-07T17:03:50+00:00 CRITICAL Uncaught Error: Call to a member function format() on string in /Users/nathalie/Sites/localhost/agrispesa/wp-content/themes/agrispesa/inc/admin.php:3408
Stack trace:
#0 /Users/nathalie/Sites/localhost/agrispesa/wp-includes/class-wp-hook.php(308): {closure}('')
#1 /Users/nathalie/Sites/localhost/agrispesa/wp-includes/class-wp-hook.php(332): WP_Hook->apply_filters('', Array)
#2 /Users/nathalie/Sites/localhost/agrispesa/wp-includes/plugin.php(517): WP_Hook->do_action(Array)
#3 /Users/nathalie/Sites/localhost/agrispesa/wp-admin/admin.php(259): do_action('toplevel_page_e...')
#4 {main}
  thrown in /Users/nathalie/Sites/localhost/agrispesa/wp-content/themes/agrispesa/inc/admin.php alla riga 3408

2023-03-07T17:04:01+00:00 CRITICAL Uncaught Error: Call to a member function format() on string in /Users/nathalie/Sites/localhost/agrispesa/wp-content/themes/agrispesa/inc/admin.php:3408
Stack trace:
#0 /Users/nathalie/Sites/localhost/agrispesa/wp-includes/class-wp-hook.php(308): {closure}('')
#1 /Users/nathalie/Sites/localhost/agrispesa/wp-includes/class-wp-hook.php(332): WP_Hook->apply_filters('', Array)
#2 /Users/nathalie/Sites/localhost/agrispesa/wp-includes/plugin.php(517): WP_Hook->do_action(Array)
#3 /Users/nathalie/Sites/localhost/agrispesa/wp-admin/admin.php(259): do_action('toplevel_page_e...')
#4 {main}
  thrown in /Users/nathalie/Sites/localhost/agrispesa/wp-content/themes/agrispesa/inc/admin.php alla riga 3408

2023-03-07T17:04:04+00:00 CRITICAL Uncaught Error: Call to a member function format() on string in /Users/nathalie/Sites/localhost/agrispesa/wp-content/themes/agrispesa/inc/admin.php:3408
Stack trace:
#0 /Users/nathalie/Sites/localhost/agrispesa/wp-includes/class-wp-hook.php(308): {closure}('')
#1 /Users/nathalie/Sites/localhost/agrispesa/wp-includes/class-wp-hook.php(332): WP_Hook->apply_filters('', Array)
#2 /Users/nathalie/Sites/localhost/agrispesa/wp-includes/plugin.php(517): WP_Hook->do_action(Array)
#3 /Users/nathalie/Sites/localhost/agrispesa/wp-admin/admin.php(259): do_action('toplevel_page_e...')
#4 {main}
  thrown in /Users/nathalie/Sites/localhost/agrispesa/wp-content/themes/agrispesa/inc/admin.php alla riga 3408

2023-03-07T17:05:22+00:00 CRITICAL Uncaught Exception: DateTime::__construct(): Failed to parse time string (13/02/2023) at position 0 (1): Unexpected character in /Users/nathalie/Sites/localhost/agrispesa/wp-content/themes/agrispesa/inc/admin.php:3407
Stack trace:
#0 /Users/nathalie/Sites/localhost/agrispesa/wp-content/themes/agrispesa/inc/admin.php(3407): DateTime->__construct('13/02/2023')
#1 /Users/nathalie/Sites/localhost/agrispesa/wp-includes/class-wp-hook.php(308): {closure}('')
#2 /Users/nathalie/Sites/localhost/agrispesa/wp-includes/class-wp-hook.php(332): WP_Hook->apply_filters('', Array)
#3 /Users/nathalie/Sites/localhost/agrispesa/wp-includes/plugin.php(517): WP_Hook->do_action(Array)
#4 /Users/nathalie/Sites/localhost/agrispesa/wp-admin/admin.php(259): do_action('toplevel_page_e...')
#5 {main}
  thrown in /Users/nathalie/Sites/localhost/agrispesa/wp-content/themes/agrispesa/inc/admin.php alla riga 3407

2023-03-07T17:09:33+00:00 CRITICAL Uncaught Exception: DateTime::__construct(): Failed to parse time string (13/02/2023) at position 0 (1): Unexpected character in /Users/nathalie/Sites/localhost/agrispesa/wp-content/themes/agrispesa/inc/admin.php:3407
Stack trace:
#0 /Users/nathalie/Sites/localhost/agrispesa/wp-content/themes/agrispesa/inc/admin.php(3407): DateTime->__construct('13/02/2023')
#1 /Users/nathalie/Sites/localhost/agrispesa/wp-includes/class-wp-hook.php(308): {closure}('')
#2 /Users/nathalie/Sites/localhost/agrispesa/wp-includes/class-wp-hook.php(332): WP_Hook->apply_filters('', Array)
#3 /Users/nathalie/Sites/localhost/agrispesa/wp-includes/plugin.php(517): WP_Hook->do_action(Array)
#4 /Users/nathalie/Sites/localhost/agrispesa/wp-admin/admin.php(259): do_action('toplevel_page_e...')
#5 {main}
  thrown in /Users/nathalie/Sites/localhost/agrispesa/wp-content/themes/agrispesa/inc/admin.php alla riga 3407

2023-03-07T17:09:35+00:00 CRITICAL Uncaught Exception: DateTime::__construct(): Failed to parse time string (13/02/2023) at position 0 (1): Unexpected character in /Users/nathalie/Sites/localhost/agrispesa/wp-content/themes/agrispesa/inc/admin.php:3407
Stack trace:
#0 /Users/nathalie/Sites/localhost/agrispesa/wp-content/themes/agrispesa/inc/admin.php(3407): DateTime->__construct('13/02/2023')
#1 /Users/nathalie/Sites/localhost/agrispesa/wp-includes/class-wp-hook.php(308): {closure}('')
#2 /Users/nathalie/Sites/localhost/agrispesa/wp-includes/class-wp-hook.php(332): WP_Hook->apply_filters('', Array)
#3 /Users/nathalie/Sites/localhost/agrispesa/wp-includes/plugin.php(517): WP_Hook->do_action(Array)
#4 /Users/nathalie/Sites/localhost/agrispesa/wp-admin/admin.php(259): do_action('toplevel_page_e...')
#5 {main}
  thrown in /Users/nathalie/Sites/localhost/agrispesa/wp-content/themes/agrispesa/inc/admin.php alla riga 3407

2023-03-07T17:14:30+00:00 CRITICAL syntax error, unexpected '}', expecting ';' or ',' in /Users/nathalie/Sites/localhost/agrispesa/wp-content/themes/agrispesa/inc/admin.php alla riga 3424

2023-03-07T17:14:33+00:00 CRITICAL syntax error, unexpected '}', expecting ';' or ',' in /Users/nathalie/Sites/localhost/agrispesa/wp-content/themes/agrispesa/inc/admin.php alla riga 3424

2023-03-07T17:21:28+00:00 CRITICAL Uncaught Exception: DateTime::__construct(): Failed to parse time string (13/02/2023) at position 0 (1): Unexpected character in /Users/nathalie/Sites/localhost/agrispesa/wp-content/themes/agrispesa/inc/admin.php:3415
Stack trace:
#0 /Users/nathalie/Sites/localhost/agrispesa/wp-content/themes/agrispesa/inc/admin.php(3415): DateTime->__construct('13/02/2023')
#1 /Users/nathalie/Sites/localhost/agrispesa/wp-includes/class-wp-hook.php(308): {closure}('')
#2 /Users/nathalie/Sites/localhost/agrispesa/wp-includes/class-wp-hook.php(332): WP_Hook->apply_filters('', Array)
#3 /Users/nathalie/Sites/localhost/agrispesa/wp-includes/plugin.php(517): WP_Hook->do_action(Array)
#4 /Users/nathalie/Sites/localhost/agrispesa/wp-admin/admin.php(259): do_action('toplevel_page_e...')
#5 {main}
  thrown in /Users/nathalie/Sites/localhost/agrispesa/wp-content/themes/agrispesa/inc/admin.php alla riga 3415

2023-03-07T17:24:08+00:00 CRITICAL Uncaught Exception: DateTime::__construct(): Failed to parse time string (13/02/2023) at position 0 (1): Unexpected character in /Users/nathalie/Sites/localhost/agrispesa/wp-content/themes/agrispesa/inc/admin.php:3415
Stack trace:
#0 /Users/nathalie/Sites/localhost/agrispesa/wp-content/themes/agrispesa/inc/admin.php(3415): DateTime->__construct('13/02/2023')
#1 /Users/nathalie/Sites/localhost/agrispesa/wp-includes/class-wp-hook.php(308): {closure}('')
#2 /Users/nathalie/Sites/localhost/agrispesa/wp-includes/class-wp-hook.php(332): WP_Hook->apply_filters('', Array)
#3 /Users/nathalie/Sites/localhost/agrispesa/wp-includes/plugin.php(517): WP_Hook->do_action(Array)
#4 /Users/nathalie/Sites/localhost/agrispesa/wp-admin/admin.php(259): do_action('toplevel_page_e...')
#5 {main}
  thrown in /Users/nathalie/Sites/localhost/agrispesa/wp-content/themes/agrispesa/inc/admin.php alla riga 3415

2023-03-07T17:24:59+00:00 CRITICAL Uncaught Exception: DateTime::__construct(): Failed to parse time string (13/02/2023) at position 0 (1): Unexpected character in /Users/nathalie/Sites/localhost/agrispesa/wp-content/themes/agrispesa/inc/admin.php:3415
Stack trace:
#0 /Users/nathalie/Sites/localhost/agrispesa/wp-content/themes/agrispesa/inc/admin.php(3415): DateTime->__construct('13/02/2023')
#1 /Users/nathalie/Sites/localhost/agrispesa/wp-includes/class-wp-hook.php(308): {closure}('')
#2 /Users/nathalie/Sites/localhost/agrispesa/wp-includes/class-wp-hook.php(332): WP_Hook->apply_filters('', Array)
#3 /Users/nathalie/Sites/localhost/agrispesa/wp-includes/plugin.php(517): WP_Hook->do_action(Array)
#4 /Users/nathalie/Sites/localhost/agrispesa/wp-admin/admin.php(259): do_action('toplevel_page_e...')
#5 {main}
  thrown in /Users/nathalie/Sites/localhost/agrispesa/wp-content/themes/agrispesa/inc/admin.php alla riga 3415

2023-03-07T17:25:04+00:00 CRITICAL Uncaught Exception: DateTime::__construct(): Failed to parse time string (13/02/2023) at position 0 (1): Unexpected character in /Users/nathalie/Sites/localhost/agrispesa/wp-content/themes/agrispesa/inc/admin.php:3415
Stack trace:
#0 /Users/nathalie/Sites/localhost/agrispesa/wp-content/themes/agrispesa/inc/admin.php(3415): DateTime->__construct('13/02/2023')
#1 /Users/nathalie/Sites/localhost/agrispesa/wp-includes/class-wp-hook.php(308): {closure}('')
#2 /Users/nathalie/Sites/localhost/agrispesa/wp-includes/class-wp-hook.php(332): WP_Hook->apply_filters('', Array)
#3 /Users/nathalie/Sites/localhost/agrispesa/wp-includes/plugin.php(517): WP_Hook->do_action(Array)
#4 /Users/nathalie/Sites/localhost/agrispesa/wp-admin/admin.php(259): do_action('toplevel_page_e...')
#5 {main}
  thrown in /Users/nathalie/Sites/localhost/agrispesa/wp-content/themes/agrispesa/inc/admin.php alla riga 3415

2023-03-07T17:25:05+00:00 CRITICAL Uncaught Exception: DateTime::__construct(): Failed to parse time string (13/02/2023) at position 0 (1): Unexpected character in /Users/nathalie/Sites/localhost/agrispesa/wp-content/themes/agrispesa/inc/admin.php:3415
Stack trace:
#0 /Users/nathalie/Sites/localhost/agrispesa/wp-content/themes/agrispesa/inc/admin.php(3415): DateTime->__construct('13/02/2023')
#1 /Users/nathalie/Sites/localhost/agrispesa/wp-includes/class-wp-hook.php(308): {closure}('')
#2 /Users/nathalie/Sites/localhost/agrispesa/wp-includes/class-wp-hook.php(332): WP_Hook->apply_filters('', Array)
#3 /Users/nathalie/Sites/localhost/agrispesa/wp-includes/plugin.php(517): WP_Hook->do_action(Array)
#4 /Users/nathalie/Sites/localhost/agrispesa/wp-admin/admin.php(259): do_action('toplevel_page_e...')
#5 {main}
  thrown in /Users/nathalie/Sites/localhost/agrispesa/wp-content/themes/agrispesa/inc/admin.php alla riga 3415

2023-03-07T17:25:33+00:00 CRITICAL Uncaught Exception: DateTime::__construct(): Failed to parse time string (13/02/2023) at position 0 (1): Unexpected character in /Users/nathalie/Sites/localhost/agrispesa/wp-content/themes/agrispesa/inc/admin.php:3415
Stack trace:
#0 /Users/nathalie/Sites/localhost/agrispesa/wp-content/themes/agrispesa/inc/admin.php(3415): DateTime->__construct('13/02/2023')
#1 /Users/nathalie/Sites/localhost/agrispesa/wp-includes/class-wp-hook.php(308): {closure}('')
#2 /Users/nathalie/Sites/localhost/agrispesa/wp-includes/class-wp-hook.php(332): WP_Hook->apply_filters('', Array)
#3 /Users/nathalie/Sites/localhost/agrispesa/wp-includes/plugin.php(517): WP_Hook->do_action(Array)
#4 /Users/nathalie/Sites/localhost/agrispesa/wp-admin/admin.php(259): do_action('toplevel_page_e...')
#5 {main}
  thrown in /Users/nathalie/Sites/localhost/agrispesa/wp-content/themes/agrispesa/inc/admin.php alla riga 3415

2023-03-07T17:26:31+00:00 CRITICAL Uncaught Exception: DateTime::__construct(): Failed to parse time string (13/02/2023) at position 0 (1): Unexpected character in /Users/nathalie/Sites/localhost/agrispesa/wp-content/themes/agrispesa/inc/admin.php:3415
Stack trace:
#0 /Users/nathalie/Sites/localhost/agrispesa/wp-content/themes/agrispesa/inc/admin.php(3415): DateTime->__construct('13/02/2023')
#1 /Users/nathalie/Sites/localhost/agrispesa/wp-includes/class-wp-hook.php(308): {closure}('')
#2 /Users/nathalie/Sites/localhost/agrispesa/wp-includes/class-wp-hook.php(332): WP_Hook->apply_filters('', Array)
#3 /Users/nathalie/Sites/localhost/agrispesa/wp-includes/plugin.php(517): WP_Hook->do_action(Array)
#4 /Users/nathalie/Sites/localhost/agrispesa/wp-admin/admin.php(259): do_action('toplevel_page_e...')
#5 {main}
  thrown in /Users/nathalie/Sites/localhost/agrispesa/wp-content/themes/agrispesa/inc/admin.php alla riga 3415

2023-03-07T17:26:41+00:00 CRITICAL Uncaught Exception: DateTime::__construct(): Failed to parse time string (13/02/2023) at position 0 (1): Unexpected character in /Users/nathalie/Sites/localhost/agrispesa/wp-content/themes/agrispesa/inc/admin.php:3415
Stack trace:
#0 /Users/nathalie/Sites/localhost/agrispesa/wp-content/themes/agrispesa/inc/admin.php(3415): DateTime->__construct('13/02/2023')
#1 /Users/nathalie/Sites/localhost/agrispesa/wp-includes/class-wp-hook.php(308): {closure}('')
#2 /Users/nathalie/Sites/localhost/agrispesa/wp-includes/class-wp-hook.php(332): WP_Hook->apply_filters('', Array)
#3 /Users/nathalie/Sites/localhost/agrispesa/wp-includes/plugin.php(517): WP_Hook->do_action(Array)
#4 /Users/nathalie/Sites/localhost/agrispesa/wp-admin/admin.php(259): do_action('toplevel_page_e...')
#5 {main}
  thrown in /Users/nathalie/Sites/localhost/agrispesa/wp-content/themes/agrispesa/inc/admin.php alla riga 3415

2023-03-07T17:26:44+00:00 CRITICAL Uncaught Exception: DateTime::__construct(): Failed to parse time string (13/02/2023) at position 0 (1): Unexpected character in /Users/nathalie/Sites/localhost/agrispesa/wp-content/themes/agrispesa/inc/admin.php:3415
Stack trace:
#0 /Users/nathalie/Sites/localhost/agrispesa/wp-content/themes/agrispesa/inc/admin.php(3415): DateTime->__construct('13/02/2023')
#1 /Users/nathalie/Sites/localhost/agrispesa/wp-includes/class-wp-hook.php(308): {closure}('')
#2 /Users/nathalie/Sites/localhost/agrispesa/wp-includes/class-wp-hook.php(332): WP_Hook->apply_filters('', Array)
#3 /Users/nathalie/Sites/localhost/agrispesa/wp-includes/plugin.php(517): WP_Hook->do_action(Array)
#4 /Users/nathalie/Sites/localhost/agrispesa/wp-admin/admin.php(259): do_action('toplevel_page_e...')
#5 {main}
  thrown in /Users/nathalie/Sites/localhost/agrispesa/wp-content/themes/agrispesa/inc/admin.php alla riga 3415

2023-03-07T17:43:10+00:00 CRITICAL Uncaught Exception: DateTime::__construct(): Failed to parse time string (13/02/2023) at position 0 (1): Unexpected character in /Users/nathalie/Sites/localhost/agrispesa/wp-content/themes/agrispesa/inc/admin.php:3415
Stack trace:
#0 /Users/nathalie/Sites/localhost/agrispesa/wp-content/themes/agrispesa/inc/admin.php(3415): DateTime->__construct('13/02/2023')
#1 /Users/nathalie/Sites/localhost/agrispesa/wp-includes/class-wp-hook.php(308): {closure}('')
#2 /Users/nathalie/Sites/localhost/agrispesa/wp-includes/class-wp-hook.php(332): WP_Hook->apply_filters('', Array)
#3 /Users/nathalie/Sites/localhost/agrispesa/wp-includes/plugin.php(517): WP_Hook->do_action(Array)
#4 /Users/nathalie/Sites/localhost/agrispesa/wp-admin/admin.php(259): do_action('toplevel_page_e...')
#5 {main}
  thrown in /Users/nathalie/Sites/localhost/agrispesa/wp-content/themes/agrispesa/inc/admin.php alla riga 3415

2023-03-07T17:50:35+00:00 CRITICAL Uncaught Exception: DateTime::__construct(): Failed to parse time string (13/02/2023) at position 0 (1): Unexpected character in /Users/nathalie/Sites/localhost/agrispesa/wp-content/themes/agrispesa/inc/admin.php:3415
Stack trace:
#0 /Users/nathalie/Sites/localhost/agrispesa/wp-content/themes/agrispesa/inc/admin.php(3415): DateTime->__construct('13/02/2023')
#1 /Users/nathalie/Sites/localhost/agrispesa/wp-includes/class-wp-hook.php(308): {closure}('')
#2 /Users/nathalie/Sites/localhost/agrispesa/wp-includes/class-wp-hook.php(332): WP_Hook->apply_filters('', Array)
#3 /Users/nathalie/Sites/localhost/agrispesa/wp-includes/plugin.php(517): WP_Hook->do_action(Array)
#4 /Users/nathalie/Sites/localhost/agrispesa/wp-admin/admin.php(259): do_action('toplevel_page_e...')
#5 {main}
  thrown in /Users/nathalie/Sites/localhost/agrispesa/wp-content/themes/agrispesa/inc/admin.php alla riga 3415

2023-03-07T17:58:22+00:00 CRITICAL Uncaught Exception: DateTime::__construct(): Failed to parse time string (13/02/2023) at position 0 (1): Unexpected character in /Users/nathalie/Sites/localhost/agrispesa/wp-content/themes/agrispesa/inc/admin.php:3416
Stack trace:
#0 /Users/nathalie/Sites/localhost/agrispesa/wp-content/themes/agrispesa/inc/admin.php(3416): DateTime->__construct('13/02/2023')
#1 /Users/nathalie/Sites/localhost/agrispesa/wp-includes/class-wp-hook.php(308): {closure}('')
#2 /Users/nathalie/Sites/localhost/agrispesa/wp-includes/class-wp-hook.php(332): WP_Hook->apply_filters('', Array)
#3 /Users/nathalie/Sites/localhost/agrispesa/wp-includes/plugin.php(517): WP_Hook->do_action(Array)
#4 /Users/nathalie/Sites/localhost/agrispesa/wp-admin/admin.php(259): do_action('toplevel_page_e...')
#5 {main}
  thrown in /Users/nathalie/Sites/localhost/agrispesa/wp-content/themes/agrispesa/inc/admin.php alla riga 3416

2023-03-07T19:54:59+00:00 CRITICAL Uncaught Exception: DateTime::__construct(): Failed to parse time string (13/02/2023) at position 0 (1): Unexpected character in /Users/nathalie/Sites/localhost/agrispesa/wp-content/themes/agrispesa/inc/admin.php:3416
Stack trace:
#0 /Users/nathalie/Sites/localhost/agrispesa/wp-content/themes/agrispesa/inc/admin.php(3416): DateTime->__construct('13/02/2023')
#1 /Users/nathalie/Sites/localhost/agrispesa/wp-includes/class-wp-hook.php(308): {closure}('')
#2 /Users/nathalie/Sites/localhost/agrispesa/wp-includes/class-wp-hook.php(332): WP_Hook->apply_filters('', Array)
#3 /Users/nathalie/Sites/localhost/agrispesa/wp-includes/plugin.php(517): WP_Hook->do_action(Array)
#4 /Users/nathalie/Sites/localhost/agrispesa/wp-admin/admin.php(259): do_action('toplevel_page_e...')
#5 {main}
  thrown in /Users/nathalie/Sites/localhost/agrispesa/wp-content/themes/agrispesa/inc/admin.php alla riga 3416

