2023-03-29T13:11:07+00:00 CRITICAL Uncaught Error: Call to a member function get_id() on null in /shared/httpd/agrispesa/wp-content/themes/agrispesa/inc/admin.php:791
Stack trace:
#0 /shared/httpd/agrispesa/wp-includes/rest-api/class-wp-rest-server.php(1171): {closure}(Object(WP_REST_Request))
#1 /shared/httpd/agrispesa/wp-includes/rest-api/class-wp-rest-server.php(1018): WP_REST_Server->respond_to_request(Object(WP_REST_Request), '/agrispesa/v1/e...', Array, NULL)
#2 /shared/httpd/agrispesa/wp-includes/rest-api/class-wp-rest-server.php(442): WP_REST_Server->dispatch(Object(WP_REST_Request))
#3 /shared/httpd/agrispesa/wp-includes/rest-api.php(410): WP_REST_Server->serve_request('/agrispesa/v1/e...')
#4 /shared/httpd/agrispesa/wp-includes/class-wp-hook.php(308): rest_api_loaded(Object(WP))
#5 /shared/httpd/agrispesa/wp-includes/class-wp-hook.php(332): WP_Hook->apply_filters(NULL, Array)
#6 /shared/httpd/agrispesa/wp-includes/plugin.php(565): WP_Hook->do_action(Array)
#7 /shared/httpd/agrispesa/wp-includes/class-wp.php(399): do_action_ref_array( in /shared/httpd/agrispesa/wp-content/themes/agrispesa/inc/admin.php alla riga 791

2023-03-29T14:57:40+00:00 CRITICAL syntax error, unexpected ')' in /shared/httpd/agrispesa/wp-content/themes/agrispesa/inc/admin.php alla riga 418

2023-03-29T15:34:05+00:00 CRITICAL syntax error, unexpected '$box' (T_VARIABLE) in /shared/httpd/agrispesa/wp-content/themes/agrispesa/inc/admin.php alla riga 1744

2023-03-29T15:37:38+00:00 CRITICAL Uncaught Error: Call to a member function format() on null in /shared/httpd/agrispesa/wp-content/themes/agrispesa/inc/admin.php:1992
Stack trace:
#0 /shared/httpd/agrispesa/wp-content/themes/agrispesa/inc/admin.php(2127): create_order_from_subscription('25865')
#1 /shared/httpd/agrispesa/wp-includes/class-wp-hook.php(308): my_custom_submenu_page_callback('')
#2 /shared/httpd/agrispesa/wp-includes/class-wp-hook.php(332): WP_Hook->apply_filters('', Array)
#3 /shared/httpd/agrispesa/wp-includes/plugin.php(517): WP_Hook->do_action(Array)
#4 /shared/httpd/agrispesa/wp-admin/admin.php(259): do_action('toplevel_page_g...')
#5 {main}
  thrown in /shared/httpd/agrispesa/wp-content/themes/agrispesa/inc/admin.php alla riga 1992

2023-03-29T15:44:29+00:00 CRITICAL Uncaught Error: Call to a member function format() on null in /shared/httpd/agrispesa/wp-content/themes/agrispesa/inc/admin.php:106
Stack trace:
#0 /shared/httpd/agrispesa/wp-content/themes/agrispesa/inc/admin.php(2029): calculate_delivery_date_order(26111, false)
#1 /shared/httpd/agrispesa/wp-content/themes/agrispesa/inc/admin.php(2131): create_order_from_subscription('25857')
#2 /shared/httpd/agrispesa/wp-includes/class-wp-hook.php(308): my_custom_submenu_page_callback('')
#3 /shared/httpd/agrispesa/wp-includes/class-wp-hook.php(332): WP_Hook->apply_filters('', Array)
#4 /shared/httpd/agrispesa/wp-includes/plugin.php(517): WP_Hook->do_action(Array)
#5 /shared/httpd/agrispesa/wp-admin/admin.php(259): do_action('toplevel_page_g...')
#6 {main}
  thrown in /shared/httpd/agrispesa/wp-content/themes/agrispesa/inc/admin.php alla riga 106

