2023-02-26T10:01:10+00:00 CRITICAL syntax error, unexpected end of file in /Users/nathalie/Sites/localhost/agrispesa/wp-content/themes/agrispesa/woocommerce/myaccount/my-account.php alla riga 197

2023-02-26T10:26:49+00:00 CRITICAL Uncaught Error: Call to a member function format() on null in /Users/nathalie/Sites/localhost/agrispesa/wp-content/themes/agrispesa/woocommerce/checkout/thankyou.php:28
Stack trace:
#0 /Users/nathalie/Sites/localhost/agrispesa/wp-content/plugins/woocommerce/includes/wc-core-functions.php(345): include()
#1 /Users/nathalie/Sites/localhost/agrispesa/wp-content/plugins/woocommerce/includes/shortcodes/class-wc-shortcode-checkout.php(279): wc_get_template('checkout/thanky...', Array)
#2 /Users/nathalie/Sites/localhost/agrispesa/wp-content/plugins/woocommerce/includes/shortcodes/class-wc-shortcode-checkout.php(63): WC_Shortcode_Checkout::order_received(872)
#3 /Users/nathalie/Sites/localhost/agrispesa/wp-content/plugins/woocommerce/includes/class-wc-shortcodes.php(72): WC_Shortcode_Checkout::output('')
#4 /Users/nathalie/Sites/localhost/agrispesa/wp-content/plugins/woocommerce/includes/class-wc-shortcodes.php(95): WC_Shortcodes::shortcode_wrapper(Array, '')
#5 /Users/nathalie/Sites/localhost/agrispesa/wp-includes/s in /Users/nathalie/Sites/localhost/agrispesa/wp-content/themes/agrispesa/woocommerce/checkout/thankyou.php alla riga 28

2023-02-26T10:28:15+00:00 CRITICAL Uncaught Error: Call to a member function format() on null in /Users/nathalie/Sites/localhost/agrispesa/wp-content/themes/agrispesa/woocommerce/checkout/thankyou.php:29
Stack trace:
#0 /Users/nathalie/Sites/localhost/agrispesa/wp-content/plugins/woocommerce/includes/wc-core-functions.php(345): include()
#1 /Users/nathalie/Sites/localhost/agrispesa/wp-content/plugins/woocommerce/includes/shortcodes/class-wc-shortcode-checkout.php(279): wc_get_template('checkout/thanky...', Array)
#2 /Users/nathalie/Sites/localhost/agrispesa/wp-content/plugins/woocommerce/includes/shortcodes/class-wc-shortcode-checkout.php(63): WC_Shortcode_Checkout::order_received(872)
#3 /Users/nathalie/Sites/localhost/agrispesa/wp-content/plugins/woocommerce/includes/class-wc-shortcodes.php(72): WC_Shortcode_Checkout::output('')
#4 /Users/nathalie/Sites/localhost/agrispesa/wp-content/plugins/woocommerce/includes/class-wc-shortcodes.php(95): WC_Shortcodes::shortcode_wrapper(Array, '')
#5 /Users/nathalie/Sites/localhost/agrispesa/wp-includes/s in /Users/nathalie/Sites/localhost/agrispesa/wp-content/themes/agrispesa/woocommerce/checkout/thankyou.php alla riga 29

2023-02-26T14:20:42+00:00 CRITICAL Cannot redeclare delivery_checkout_field() (previously declared in /Users/nathalie/Sites/localhost/agrispesa/wp-content/themes/agrispesa/inc/checkout.php:188) in /Users/nathalie/Sites/localhost/agrispesa/wp-content/themes/agrispesa/inc/checkout.php alla riga 212

2023-02-26T14:20:46+00:00 CRITICAL Cannot redeclare delivery_checkout_field() (previously declared in /Users/nathalie/Sites/localhost/agrispesa/wp-content/themes/agrispesa/inc/checkout.php:188) in /Users/nathalie/Sites/localhost/agrispesa/wp-content/themes/agrispesa/inc/checkout.php alla riga 212

2023-02-26T14:27:18+00:00 CRITICAL syntax error, unexpected 'return' (T_RETURN), expecting ')' in /Users/nathalie/Sites/localhost/agrispesa/wp-content/themes/agrispesa/inc/checkout.php alla riga 253

2023-02-26T14:27:21+00:00 CRITICAL syntax error, unexpected 'return' (T_RETURN), expecting ')' in /Users/nathalie/Sites/localhost/agrispesa/wp-content/themes/agrispesa/inc/checkout.php alla riga 253

2023-02-26T14:59:35+00:00 CRITICAL Uncaught Error: Call to a member function get_value() on string in /Users/nathalie/Sites/localhost/agrispesa/wp-content/themes/agrispesa/inc/checkout.php:182
Stack trace:
#0 /Users/nathalie/Sites/localhost/agrispesa/wp-includes/class-wp-hook.php(308): personal_checkout_field('')
#1 /Users/nathalie/Sites/localhost/agrispesa/wp-includes/class-wp-hook.php(332): WP_Hook->apply_filters('', Array)
#2 /Users/nathalie/Sites/localhost/agrispesa/wp-includes/plugin.php(517): WP_Hook->do_action(Array)
#3 /Users/nathalie/Sites/localhost/agrispesa/wp-content/themes/agrispesa/woocommerce/checkout/form-checkout.php(45): do_action('woocommerce_che...')
#4 /Users/nathalie/Sites/localhost/agrispesa/wp-content/plugins/woocommerce/includes/wc-core-functions.php(345): include('/Users/nathalie...')
#5 /Users/nathalie/Sites/localhost/agrispesa/wp-content/plugins/woocommerce/includes/shortcodes/class-wc-shortcode-checkout.php(316): wc_get_template('checkout/form-c...', Array)
#6 /Users/nathalie/Sites/localhost/agrispesa/wp-content/pl in /Users/nathalie/Sites/localhost/agrispesa/wp-content/themes/agrispesa/inc/checkout.php alla riga 182

2023-02-26T14:59:38+00:00 CRITICAL Uncaught Error: Call to a member function get_value() on string in /Users/nathalie/Sites/localhost/agrispesa/wp-content/themes/agrispesa/inc/checkout.php:182
Stack trace:
#0 /Users/nathalie/Sites/localhost/agrispesa/wp-includes/class-wp-hook.php(308): personal_checkout_field('')
#1 /Users/nathalie/Sites/localhost/agrispesa/wp-includes/class-wp-hook.php(332): WP_Hook->apply_filters('', Array)
#2 /Users/nathalie/Sites/localhost/agrispesa/wp-includes/plugin.php(517): WP_Hook->do_action(Array)
#3 /Users/nathalie/Sites/localhost/agrispesa/wp-content/themes/agrispesa/woocommerce/checkout/form-checkout.php(45): do_action('woocommerce_che...')
#4 /Users/nathalie/Sites/localhost/agrispesa/wp-content/plugins/woocommerce/includes/wc-core-functions.php(345): include('/Users/nathalie...')
#5 /Users/nathalie/Sites/localhost/agrispesa/wp-content/plugins/woocommerce/includes/shortcodes/class-wc-shortcode-checkout.php(316): wc_get_template('checkout/form-c...', Array)
#6 /Users/nathalie/Sites/localhost/agrispesa/wp-content/pl in /Users/nathalie/Sites/localhost/agrispesa/wp-content/themes/agrispesa/inc/checkout.php alla riga 182

2023-02-26T15:00:08+00:00 CRITICAL Uncaught Error: Call to a member function get_value() on string in /Users/nathalie/Sites/localhost/agrispesa/wp-content/themes/agrispesa/inc/checkout.php:182
Stack trace:
#0 /Users/nathalie/Sites/localhost/agrispesa/wp-includes/class-wp-hook.php(308): personal_checkout_field('')
#1 /Users/nathalie/Sites/localhost/agrispesa/wp-includes/class-wp-hook.php(332): WP_Hook->apply_filters('', Array)
#2 /Users/nathalie/Sites/localhost/agrispesa/wp-includes/plugin.php(517): WP_Hook->do_action(Array)
#3 /Users/nathalie/Sites/localhost/agrispesa/wp-content/themes/agrispesa/woocommerce/checkout/form-checkout.php(45): do_action('woocommerce_che...')
#4 /Users/nathalie/Sites/localhost/agrispesa/wp-content/plugins/woocommerce/includes/wc-core-functions.php(345): include('/Users/nathalie...')
#5 /Users/nathalie/Sites/localhost/agrispesa/wp-content/plugins/woocommerce/includes/shortcodes/class-wc-shortcode-checkout.php(316): wc_get_template('checkout/form-c...', Array)
#6 /Users/nathalie/Sites/localhost/agrispesa/wp-content/pl in /Users/nathalie/Sites/localhost/agrispesa/wp-content/themes/agrispesa/inc/checkout.php alla riga 182

2023-02-26T15:00:46+00:00 CRITICAL Uncaught Error: Call to a member function get_value() on string in /Users/nathalie/Sites/localhost/agrispesa/wp-content/themes/agrispesa/inc/checkout.php:180
Stack trace:
#0 /Users/nathalie/Sites/localhost/agrispesa/wp-includes/class-wp-hook.php(308): mobile_checkout_field('')
#1 /Users/nathalie/Sites/localhost/agrispesa/wp-includes/class-wp-hook.php(332): WP_Hook->apply_filters('', Array)
#2 /Users/nathalie/Sites/localhost/agrispesa/wp-includes/plugin.php(517): WP_Hook->do_action(Array)
#3 /Users/nathalie/Sites/localhost/agrispesa/wp-content/themes/agrispesa/woocommerce/checkout/form-checkout.php(45): do_action('woocommerce_che...')
#4 /Users/nathalie/Sites/localhost/agrispesa/wp-content/plugins/woocommerce/includes/wc-core-functions.php(345): include('/Users/nathalie...')
#5 /Users/nathalie/Sites/localhost/agrispesa/wp-content/plugins/woocommerce/includes/shortcodes/class-wc-shortcode-checkout.php(316): wc_get_template('checkout/form-c...', Array)
#6 /Users/nathalie/Sites/localhost/agrispesa/wp-content/plug in /Users/nathalie/Sites/localhost/agrispesa/wp-content/themes/agrispesa/inc/checkout.php alla riga 180

2023-02-26T15:00:49+00:00 CRITICAL Uncaught Error: Call to a member function get_value() on string in /Users/nathalie/Sites/localhost/agrispesa/wp-content/themes/agrispesa/inc/checkout.php:180
Stack trace:
#0 /Users/nathalie/Sites/localhost/agrispesa/wp-includes/class-wp-hook.php(308): mobile_checkout_field('')
#1 /Users/nathalie/Sites/localhost/agrispesa/wp-includes/class-wp-hook.php(332): WP_Hook->apply_filters('', Array)
#2 /Users/nathalie/Sites/localhost/agrispesa/wp-includes/plugin.php(517): WP_Hook->do_action(Array)
#3 /Users/nathalie/Sites/localhost/agrispesa/wp-content/themes/agrispesa/woocommerce/checkout/form-checkout.php(45): do_action('woocommerce_che...')
#4 /Users/nathalie/Sites/localhost/agrispesa/wp-content/plugins/woocommerce/includes/wc-core-functions.php(345): include('/Users/nathalie...')
#5 /Users/nathalie/Sites/localhost/agrispesa/wp-content/plugins/woocommerce/includes/shortcodes/class-wc-shortcode-checkout.php(316): wc_get_template('checkout/form-c...', Array)
#6 /Users/nathalie/Sites/localhost/agrispesa/wp-content/plug in /Users/nathalie/Sites/localhost/agrispesa/wp-content/themes/agrispesa/inc/checkout.php alla riga 180

2023-02-26T15:01:11+00:00 CRITICAL Uncaught Error: Call to a member function get_value() on string in /Users/nathalie/Sites/localhost/agrispesa/wp-content/themes/agrispesa/inc/checkout.php:180
Stack trace:
#0 /Users/nathalie/Sites/localhost/agrispesa/wp-includes/class-wp-hook.php(308): mobile_checkout_field('')
#1 /Users/nathalie/Sites/localhost/agrispesa/wp-includes/class-wp-hook.php(332): WP_Hook->apply_filters('', Array)
#2 /Users/nathalie/Sites/localhost/agrispesa/wp-includes/plugin.php(517): WP_Hook->do_action(Array)
#3 /Users/nathalie/Sites/localhost/agrispesa/wp-content/themes/agrispesa/woocommerce/checkout/form-checkout.php(45): do_action('woocommerce_che...')
#4 /Users/nathalie/Sites/localhost/agrispesa/wp-content/plugins/woocommerce/includes/wc-core-functions.php(345): include('/Users/nathalie...')
#5 /Users/nathalie/Sites/localhost/agrispesa/wp-content/plugins/woocommerce/includes/shortcodes/class-wc-shortcode-checkout.php(316): wc_get_template('checkout/form-c...', Array)
#6 /Users/nathalie/Sites/localhost/agrispesa/wp-content/plug in /Users/nathalie/Sites/localhost/agrispesa/wp-content/themes/agrispesa/inc/checkout.php alla riga 180

2023-02-26T15:01:42+00:00 CRITICAL Uncaught Error: Call to a member function get_value() on string in /Users/nathalie/Sites/localhost/agrispesa/wp-content/themes/agrispesa/inc/checkout.php:180
Stack trace:
#0 /Users/nathalie/Sites/localhost/agrispesa/wp-includes/class-wp-hook.php(308): mobile_checkout_field('')
#1 /Users/nathalie/Sites/localhost/agrispesa/wp-includes/class-wp-hook.php(332): WP_Hook->apply_filters('', Array)
#2 /Users/nathalie/Sites/localhost/agrispesa/wp-includes/plugin.php(517): WP_Hook->do_action(Array)
#3 /Users/nathalie/Sites/localhost/agrispesa/wp-content/themes/agrispesa/woocommerce/checkout/form-checkout.php(45): do_action('woocommerce_che...')
#4 /Users/nathalie/Sites/localhost/agrispesa/wp-content/plugins/woocommerce/includes/wc-core-functions.php(345): include('/Users/nathalie...')
#5 /Users/nathalie/Sites/localhost/agrispesa/wp-content/plugins/woocommerce/includes/shortcodes/class-wc-shortcode-checkout.php(316): wc_get_template('checkout/form-c...', Array)
#6 /Users/nathalie/Sites/localhost/agrispesa/wp-content/plug in /Users/nathalie/Sites/localhost/agrispesa/wp-content/themes/agrispesa/inc/checkout.php alla riga 180

2023-02-26T15:41:39+00:00 CRITICAL Uncaught Exception: DateTime::__construct(): Failed to parse time string (Nessuna data di consegna) at position 0 (N): The timezone could not be found in the database in /Users/nathalie/Sites/localhost/agrispesa/wp-content/themes/agrispesa/inc/admin.php:911
Stack trace:
#0 /Users/nathalie/Sites/localhost/agrispesa/wp-content/themes/agrispesa/inc/admin.php(911): DateTime->__construct('Nessuna data di...')
#1 /Users/nathalie/Sites/localhost/agrispesa/wp-admin/includes/template.php(1409): mv_add_other_fields_for_packaging(Object(WP_Post), Array)
#2 /Users/nathalie/Sites/localhost/agrispesa/wp-admin/edit-form-advanced.php(681): do_meta_boxes(Object(WP_Screen), 'side', Object(WP_Post))
#3 /Users/nathalie/Sites/localhost/agrispesa/wp-admin/post.php(206): require('/Users/nathalie...')
#4 {main}
  thrown in /Users/nathalie/Sites/localhost/agrispesa/wp-content/themes/agrispesa/inc/admin.php alla riga 911

2023-02-26T15:41:48+00:00 CRITICAL Uncaught Exception: DateTime::__construct(): Failed to parse time string (Nessuna data di consegna) at position 0 (N): The timezone could not be found in the database in /Users/nathalie/Sites/localhost/agrispesa/wp-content/themes/agrispesa/inc/admin.php:911
Stack trace:
#0 /Users/nathalie/Sites/localhost/agrispesa/wp-content/themes/agrispesa/inc/admin.php(911): DateTime->__construct('Nessuna data di...')
#1 /Users/nathalie/Sites/localhost/agrispesa/wp-admin/includes/template.php(1409): mv_add_other_fields_for_packaging(Object(WP_Post), Array)
#2 /Users/nathalie/Sites/localhost/agrispesa/wp-admin/edit-form-advanced.php(681): do_meta_boxes(Object(WP_Screen), 'side', Object(WP_Post))
#3 /Users/nathalie/Sites/localhost/agrispesa/wp-admin/post.php(206): require('/Users/nathalie...')
#4 {main}
  thrown in /Users/nathalie/Sites/localhost/agrispesa/wp-content/themes/agrispesa/inc/admin.php alla riga 911

2023-02-26T15:41:57+00:00 CRITICAL Uncaught Exception: DateTime::__construct(): Failed to parse time string (Nessuna data di consegna) at position 0 (N): The timezone could not be found in the database in /Users/nathalie/Sites/localhost/agrispesa/wp-content/themes/agrispesa/inc/admin.php:911
Stack trace:
#0 /Users/nathalie/Sites/localhost/agrispesa/wp-content/themes/agrispesa/inc/admin.php(911): DateTime->__construct('Nessuna data di...')
#1 /Users/nathalie/Sites/localhost/agrispesa/wp-admin/includes/template.php(1409): mv_add_other_fields_for_packaging(Object(WP_Post), Array)
#2 /Users/nathalie/Sites/localhost/agrispesa/wp-admin/edit-form-advanced.php(681): do_meta_boxes(Object(WP_Screen), 'side', Object(WP_Post))
#3 /Users/nathalie/Sites/localhost/agrispesa/wp-admin/post.php(206): require('/Users/nathalie...')
#4 {main}
  thrown in /Users/nathalie/Sites/localhost/agrispesa/wp-content/themes/agrispesa/inc/admin.php alla riga 911

