2023-02-21T07:57:14+00:00 CRITICAL syntax error, unexpected 'version' (T_STRING) in /shared/httpd/agrispesa/wp-content/themes/agrispesa/global-elements/icon-verdura.php alla riga 1

2023-02-21T07:57:59+00:00 CRITICAL syntax error, unexpected 'version' (T_STRING) in /shared/httpd/agrispesa/wp-content/themes/agrispesa/global-elements/icon-verdura.php alla riga 1

2023-02-21T07:58:31+00:00 CRITICAL syntax error, unexpected 'version' (T_STRING) in /shared/httpd/agrispesa/wp-content/themes/agrispesa/global-elements/icon-frutta.php alla riga 1

2023-02-21T07:58:44+00:00 CRITICAL syntax error, unexpected 'version' (T_STRING) in /shared/httpd/agrispesa/wp-content/themes/agrispesa/global-elements/icon-latticini.php alla riga 1

2023-02-21T07:58:55+00:00 CRITICAL syntax error, unexpected 'version' (T_STRING) in /shared/httpd/agrispesa/wp-content/themes/agrispesa/global-elements/icon-carne-pesce.php alla riga 1

2023-02-21T08:06:07+00:00 CRITICAL Uncaught Error: Call to a member function format() on bool in /shared/httpd/agrispesa/wp-content/themes/agrispesa/inc/admin.php:54
Stack trace:
#0 /shared/httpd/agrispesa/wp-content/themes/agrispesa/woocommerce/checkout/thankyou.php(109): get_order_delivery_date_from_date(false, 'LIG 1', '16010')
#1 /shared/httpd/agrispesa/wp-content/plugins/woocommerce/includes/wc-core-functions.php(345): include('/shared/httpd/a...')
#2 /shared/httpd/agrispesa/wp-content/plugins/woocommerce/includes/shortcodes/class-wc-shortcode-checkout.php(279): wc_get_template('checkout/thanky...', Array)
#3 /shared/httpd/agrispesa/wp-content/plugins/woocommerce/includes/shortcodes/class-wc-shortcode-checkout.php(63): WC_Shortcode_Checkout::order_received(22436)
#4 /shared/httpd/agrispesa/wp-content/plugins/woocommerce/includes/class-wc-shortcodes.php(72): WC_Shortcode_Checkout::output('')
#5 /shared/httpd/agrispesa/wp-content/plugins/woocommerce/includes/class-wc-shortcodes.php(95): WC_Shortcodes::shortcode_wrapper(Array, '')
#6 /shared in /shared/httpd/agrispesa/wp-content/themes/agrispesa/inc/admin.php alla riga 54

2023-02-21T08:11:19+00:00 CRITICAL Uncaught Error: Object of class DateTime could not be converted to string in /shared/httpd/agrispesa/wp-content/themes/agrispesa/woocommerce/checkout/thankyou.php:109
Stack trace:
#0 /shared/httpd/agrispesa/wp-content/plugins/woocommerce/includes/wc-core-functions.php(345): include()
#1 /shared/httpd/agrispesa/wp-content/plugins/woocommerce/includes/shortcodes/class-wc-shortcode-checkout.php(279): wc_get_template('checkout/thanky...', Array)
#2 /shared/httpd/agrispesa/wp-content/plugins/woocommerce/includes/shortcodes/class-wc-shortcode-checkout.php(63): WC_Shortcode_Checkout::order_received(22436)
#3 /shared/httpd/agrispesa/wp-content/plugins/woocommerce/includes/class-wc-shortcodes.php(72): WC_Shortcode_Checkout::output('')
#4 /shared/httpd/agrispesa/wp-content/plugins/woocommerce/includes/class-wc-shortcodes.php(95): WC_Shortcodes::shortcode_wrapper(Array, '')
#5 /shared/httpd/agrispesa/wp-includes/shortcodes.php(355): WC_Shortcodes::checkout('', '', 'woocommerce_che...')
#6 [internal function]: do_shortco in /shared/httpd/agrispesa/wp-content/themes/agrispesa/woocommerce/checkout/thankyou.php alla riga 109

2023-02-21T10:18:21+00:00 CRITICAL Uncaught Error: Call to a member function get_id() on int in /shared/httpd/agrispesa/wp-content/themes/agrispesa/inc/admin.php:1858
Stack trace:
#0 /shared/httpd/agrispesa/wp-includes/class-wp-hook.php(308): {closure}('')
#1 /shared/httpd/agrispesa/wp-includes/class-wp-hook.php(332): WP_Hook->apply_filters('', Array)
#2 /shared/httpd/agrispesa/wp-includes/plugin.php(517): WP_Hook->do_action(Array)
#3 /shared/httpd/agrispesa/wp-admin/admin.php(259): do_action('toplevel_page_b...')
#4 {main}
  thrown in /shared/httpd/agrispesa/wp-content/themes/agrispesa/inc/admin.php alla riga 1858

2023-02-21T10:29:45+00:00 CRITICAL Uncaught Error: Call to undefined method WC_Order_Item_Product::get_attributes() in /shared/httpd/agrispesa/wp-content/themes/agrispesa/inc/admin.php:1283
Stack trace:
#0 /shared/httpd/agrispesa/wp-includes/class-wp-hook.php(308): my_custom_submenu_page_callback('')
#1 /shared/httpd/agrispesa/wp-includes/class-wp-hook.php(332): WP_Hook->apply_filters('', Array)
#2 /shared/httpd/agrispesa/wp-includes/plugin.php(517): WP_Hook->do_action(Array)
#3 /shared/httpd/agrispesa/wp-admin/admin.php(259): do_action('woocommerce_pag...')
#4 {main}
  thrown in /shared/httpd/agrispesa/wp-content/themes/agrispesa/inc/admin.php alla riga 1283

2023-02-21T10:49:17+00:00 CRITICAL Uncaught Error: Call to undefined method WP_Post::get_children() in /shared/httpd/agrispesa/wp-content/themes/agrispesa/inc/admin.php:1111
Stack trace:
#0 /shared/httpd/agrispesa/wp-content/themes/agrispesa/inc/admin.php(1309): get_single_box_from_attributes('vegana', 'xsmall')
#1 /shared/httpd/agrispesa/wp-includes/class-wp-hook.php(308): my_custom_submenu_page_callback('')
#2 /shared/httpd/agrispesa/wp-includes/class-wp-hook.php(332): WP_Hook->apply_filters('', Array)
#3 /shared/httpd/agrispesa/wp-includes/plugin.php(517): WP_Hook->do_action(Array)
#4 /shared/httpd/agrispesa/wp-admin/admin.php(259): do_action('woocommerce_pag...')
#5 {main}
  thrown in /shared/httpd/agrispesa/wp-content/themes/agrispesa/inc/admin.php alla riga 1111

2023-02-21T10:50:09+00:00 CRITICAL Uncaught Error: Call to a member function get_id() on int in /shared/httpd/agrispesa/wp-content/themes/agrispesa/inc/admin.php:1114
Stack trace:
#0 /shared/httpd/agrispesa/wp-content/themes/agrispesa/inc/admin.php(1310): get_single_box_from_attributes('vegana', 'xsmall')
#1 /shared/httpd/agrispesa/wp-includes/class-wp-hook.php(308): my_custom_submenu_page_callback('')
#2 /shared/httpd/agrispesa/wp-includes/class-wp-hook.php(332): WP_Hook->apply_filters('', Array)
#3 /shared/httpd/agrispesa/wp-includes/plugin.php(517): WP_Hook->do_action(Array)
#4 /shared/httpd/agrispesa/wp-admin/admin.php(259): do_action('woocommerce_pag...')
#5 {main}
  thrown in /shared/httpd/agrispesa/wp-content/themes/agrispesa/inc/admin.php alla riga 1114

2023-02-21T11:01:02+00:00 CRITICAL Uncaught ArgumentCountError: Too few arguments to function get_single_box_from_attributes(), 0 passed in /shared/httpd/agrispesa/wp-content/themes/agrispesa/inc/admin.php on line 856 and exactly 2 expected in /shared/httpd/agrispesa/wp-content/themes/agrispesa/inc/admin.php:1107
Stack trace:
#0 /shared/httpd/agrispesa/wp-content/themes/agrispesa/inc/admin.php(856): get_single_box_from_attributes()
#1 /shared/httpd/agrispesa/wp-content/themes/agrispesa/inc/admin.php(1198): get_products_to_add_from_subscription(Object(WC_Subscription), '08', true)
#2 /shared/httpd/agrispesa/wp-includes/class-wp-hook.php(308): my_custom_submenu_page_callback('')
#3 /shared/httpd/agrispesa/wp-includes/class-wp-hook.php(332): WP_Hook->apply_filters('', Array)
#4 /shared/httpd/agrispesa/wp-includes/plugin.php(517): WP_Hook->do_action(Array)
#5 /shared/httpd/agrispesa/wp-admin/admin.php(259): do_action('woocommerce_pag...')
#6 {main}
  thrown in /shared/httpd/agrispesa/wp-content/themes/agrispesa/inc/admin.php alla riga 1107

