2023-05-10T18:12:51+00:00 CRITICAL Uncaught Error: Call to undefined method Automattic\WooCommerce\Admin\Overrides\Order::getId() in /shared/httpd/agrispesa/wp-content/themes/agrispesa/inc/admin.php:2565
Stack trace:
#0 /shared/httpd/agrispesa/wp-includes/rest-api/class-wp-rest-server.php(1181): {closure}(Object(WP_REST_Request))
#1 /shared/httpd/agrispesa/wp-includes/rest-api/class-wp-rest-server.php(1028): WP_REST_Server->respond_to_request(Object(WP_REST_Request), '/agrispesa/v1/e...', Array, NULL)
#2 /shared/httpd/agrispesa/wp-includes/rest-api/class-wp-rest-server.php(442): WP_REST_Server->dispatch(Object(WP_REST_Request))
#3 /shared/httpd/agrispesa/wp-includes/rest-api.php(410): WP_REST_Server->serve_request('/agrispesa/v1/e...')
#4 /shared/httpd/agrispesa/wp-includes/class-wp-hook.php(308): rest_api_loaded(Object(WP))
#5 /shared/httpd/agrispesa/wp-includes/class-wp-hook.php(332): WP_Hook->apply_filters(NULL, Array)
#6 /shared/httpd/agrispesa/wp-includes/plugin.php(565): WP_Hook->do_action(Array)
#7 /shared/httpd/agrispesa/wp-includes/cl in /shared/httpd/agrispesa/wp-content/themes/agrispesa/inc/admin.php alla riga 2565

2023-05-10T18:59:13+00:00 CRITICAL syntax error, unexpected ',' in /shared/httpd/agrispesa/wp-content/themes/agrispesa/inc/admin.php alla riga 5698

2023-05-10T18:59:14+00:00 CRITICAL syntax error, unexpected ',' in /shared/httpd/agrispesa/wp-content/themes/agrispesa/inc/admin.php alla riga 5698

2023-05-10T18:59:14+00:00 CRITICAL syntax error, unexpected ',' in /shared/httpd/agrispesa/wp-content/themes/agrispesa/inc/admin.php alla riga 5698

2023-05-10T18:59:15+00:00 CRITICAL syntax error, unexpected ',' in /shared/httpd/agrispesa/wp-content/themes/agrispesa/inc/admin.php alla riga 5698

2023-05-10T18:59:16+00:00 CRITICAL syntax error, unexpected ',' in /shared/httpd/agrispesa/wp-content/themes/agrispesa/inc/admin.php alla riga 5698

2023-05-10T18:59:17+00:00 CRITICAL syntax error, unexpected ',' in /shared/httpd/agrispesa/wp-content/themes/agrispesa/inc/admin.php alla riga 5698

2023-05-10T18:59:18+00:00 CRITICAL syntax error, unexpected ',' in /shared/httpd/agrispesa/wp-content/themes/agrispesa/inc/admin.php alla riga 5698

2023-05-10T18:59:19+00:00 CRITICAL syntax error, unexpected ',' in /shared/httpd/agrispesa/wp-content/themes/agrispesa/inc/admin.php alla riga 5698

2023-05-10T18:59:21+00:00 CRITICAL syntax error, unexpected ',' in /shared/httpd/agrispesa/wp-content/themes/agrispesa/inc/admin.php alla riga 5698

2023-05-10T18:59:22+00:00 CRITICAL syntax error, unexpected ',' in /shared/httpd/agrispesa/wp-content/themes/agrispesa/inc/admin.php alla riga 5698

2023-05-10T18:59:24+00:00 CRITICAL syntax error, unexpected ',' in /shared/httpd/agrispesa/wp-content/themes/agrispesa/inc/admin.php alla riga 5698

2023-05-10T18:59:25+00:00 CRITICAL syntax error, unexpected ',' in /shared/httpd/agrispesa/wp-content/themes/agrispesa/inc/admin.php alla riga 5698

2023-05-10T18:59:32+00:00 CRITICAL syntax error, unexpected ',' in /shared/httpd/agrispesa/wp-content/themes/agrispesa/inc/admin.php alla riga 5698

2023-05-10T18:59:33+00:00 CRITICAL syntax error, unexpected ',' in /shared/httpd/agrispesa/wp-content/themes/agrispesa/inc/admin.php alla riga 5698

