2023-04-19T12:57:46+00:00 CRITICAL Uncaught Error: Call to a member function get_stock_quantity() on bool in /shared/httpd/agrispesa/wp-content/themes/agrispesa/inc/admin.php:2024
Stack trace:
#0 /shared/httpd/agrispesa/wp-includes/class-wp-hook.php(308): my_custom_submenu_page_callback('')
#1 /shared/httpd/agrispesa/wp-includes/class-wp-hook.php(332): WP_Hook->apply_filters('', Array)
#2 /shared/httpd/agrispesa/wp-includes/plugin.php(517): WP_Hook->do_action(Array)
#3 /shared/httpd/agrispesa/wp-admin/admin.php(259): do_action('toplevel_page_g...')
#4 {main}
  thrown in /shared/httpd/agrispesa/wp-content/themes/agrispesa/inc/admin.php alla riga 2024

2023-04-19T14:14:08+00:00 CRITICAL Uncaught Error: Call to a member function get_id() on array in /shared/httpd/agrispesa/wp-content/themes/agrispesa/inc/admin.php:2117
Stack trace:
#0 /shared/httpd/agrispesa/wp-includes/class-wp-hook.php(308): my_custom_submenu_page_callback('')
#1 /shared/httpd/agrispesa/wp-includes/class-wp-hook.php(332): WP_Hook->apply_filters('', Array)
#2 /shared/httpd/agrispesa/wp-includes/plugin.php(517): WP_Hook->do_action(Array)
#3 /shared/httpd/agrispesa/wp-admin/admin.php(259): do_action('toplevel_page_g...')
#4 {main}
  thrown in /shared/httpd/agrispesa/wp-content/themes/agrispesa/inc/admin.php alla riga 2117

2023-04-19T14:41:53+00:00 CRITICAL Uncaught Error: Call to a member function get_stock_quantity() on bool in /shared/httpd/agrispesa/wp-content/themes/agrispesa/inc/admin.php:1823
Stack trace:
#0 /shared/httpd/agrispesa/wp-content/themes/agrispesa/inc/admin.php(1994): create_order_from_subscription('36786')
#1 /shared/httpd/agrispesa/wp-includes/class-wp-hook.php(308): my_custom_submenu_page_callback('')
#2 /shared/httpd/agrispesa/wp-includes/class-wp-hook.php(332): WP_Hook->apply_filters('', Array)
#3 /shared/httpd/agrispesa/wp-includes/plugin.php(517): WP_Hook->do_action(Array)
#4 /shared/httpd/agrispesa/wp-admin/admin.php(259): do_action('toplevel_page_g...')
#5 {main}
  thrown in /shared/httpd/agrispesa/wp-content/themes/agrispesa/inc/admin.php alla riga 1823

2023-04-19T14:43:26+00:00 CRITICAL Uncaught Error: Call to a member function get_stock_quantity() on bool in /shared/httpd/agrispesa/wp-content/themes/agrispesa/inc/admin.php:1824
Stack trace:
#0 /shared/httpd/agrispesa/wp-content/themes/agrispesa/inc/admin.php(1995): create_order_from_subscription('36786')
#1 /shared/httpd/agrispesa/wp-includes/class-wp-hook.php(308): my_custom_submenu_page_callback('')
#2 /shared/httpd/agrispesa/wp-includes/class-wp-hook.php(332): WP_Hook->apply_filters('', Array)
#3 /shared/httpd/agrispesa/wp-includes/plugin.php(517): WP_Hook->do_action(Array)
#4 /shared/httpd/agrispesa/wp-admin/admin.php(259): do_action('toplevel_page_g...')
#5 {main}
  thrown in /shared/httpd/agrispesa/wp-content/themes/agrispesa/inc/admin.php alla riga 1824

2023-04-19T15:16:54+00:00 CRITICAL syntax error, unexpected '}' in /shared/httpd/agrispesa/wp-content/themes/agrispesa/inc/admin.php alla riga 475

2023-04-19T15:55:37+00:00 CRITICAL Uncaught ArgumentCountError: Too few arguments to function update_post_meta(), 2 passed in /shared/httpd/agrispesa/wp-content/themes/agrispesa/inc/admin.php on line 1858 and at least 3 expected in /shared/httpd/agrispesa/wp-includes/post.php:2517
Stack trace:
#0 /shared/httpd/agrispesa/wp-content/themes/agrispesa/inc/admin.php(1858): update_post_meta(36880, '_disable_order_...')
#1 /shared/httpd/agrispesa/wp-content/themes/agrispesa/inc/admin.php(2039): create_order_from_subscription('36786')
#2 /shared/httpd/agrispesa/wp-includes/class-wp-hook.php(308): my_custom_submenu_page_callback('')
#3 /shared/httpd/agrispesa/wp-includes/class-wp-hook.php(332): WP_Hook->apply_filters('', Array)
#4 /shared/httpd/agrispesa/wp-includes/plugin.php(517): WP_Hook->do_action(Array)
#5 /shared/httpd/agrispesa/wp-admin/admin.php(259): do_action('toplevel_page_g...')
#6 {main}
  thrown in /shared/httpd/agrispesa/wp-includes/post.php alla riga 2517

