2023-07-01T21:57:37+00:00 CRITICAL Uncaught InvalidArgumentException: The group "rocket-rucss" does not exist. in /shared/httpd/agrispesa/wp-content/plugins/seo-by-rank-math/vendor/woocommerce/action-scheduler/classes/data-stores/ActionScheduler_DBStore.php:907
Stack trace:
#0 /shared/httpd/agrispesa/wp-content/plugins/seo-by-rank-math/vendor/woocommerce/action-scheduler/classes/data-stores/ActionScheduler_DBStore.php(799): ActionScheduler_DBStore->claim_actions(231316, 25, NULL, '', 'rocket-rucss')
#1 /shared/httpd/agrispesa/wp-content/plugins/seo-by-rank-math/vendor/woocommerce/action-scheduler/classes/ActionScheduler_QueueRunner.php(157): ActionScheduler_DBStore->stake_claim(25)
#2 /shared/httpd/agrispesa/wp-content/plugins/seo-by-rank-math/vendor/woocommerce/action-scheduler/classes/ActionScheduler_QueueRunner.php(136): ActionScheduler_QueueRunner->do_batch(25, 'WP Cron')
#3 /shared/httpd/agrispesa/wp-includes/class-wp-hook.php(308): ActionScheduler_QueueRunner->run('WP Cron')
#4 /shared/httpd/agrispesa/wp-includes/class-wp-hook.php(332):  in /shared/httpd/agrispesa/wp-content/plugins/seo-by-rank-math/vendor/woocommerce/action-scheduler/classes/data-stores/ActionScheduler_DBStore.php alla riga 907

2023-07-01T22:27:06+00:00 CRITICAL Uncaught InvalidArgumentException: The group "rocket-rucss" does not exist. in /shared/httpd/agrispesa/wp-content/plugins/seo-by-rank-math/vendor/woocommerce/action-scheduler/classes/data-stores/ActionScheduler_DBStore.php:907
Stack trace:
#0 /shared/httpd/agrispesa/wp-content/plugins/seo-by-rank-math/vendor/woocommerce/action-scheduler/classes/data-stores/ActionScheduler_DBStore.php(799): ActionScheduler_DBStore->claim_actions(231374, 25, NULL, '', 'rocket-rucss')
#1 /shared/httpd/agrispesa/wp-content/plugins/seo-by-rank-math/vendor/woocommerce/action-scheduler/classes/ActionScheduler_QueueRunner.php(157): ActionScheduler_DBStore->stake_claim(25)
#2 /shared/httpd/agrispesa/wp-content/plugins/seo-by-rank-math/vendor/woocommerce/action-scheduler/classes/ActionScheduler_QueueRunner.php(136): ActionScheduler_QueueRunner->do_batch(25, 'WP Cron')
#3 /shared/httpd/agrispesa/wp-includes/class-wp-hook.php(308): ActionScheduler_QueueRunner->run('WP Cron')
#4 /shared/httpd/agrispesa/wp-includes/class-wp-hook.php(332):  in /shared/httpd/agrispesa/wp-content/plugins/seo-by-rank-math/vendor/woocommerce/action-scheduler/classes/data-stores/ActionScheduler_DBStore.php alla riga 907

2023-07-01T22:35:12+00:00 CRITICAL Uncaught InvalidArgumentException: The group "rocket-rucss" does not exist. in /shared/httpd/agrispesa/wp-content/plugins/seo-by-rank-math/vendor/woocommerce/action-scheduler/classes/data-stores/ActionScheduler_DBStore.php:907
Stack trace:
#0 /shared/httpd/agrispesa/wp-content/plugins/seo-by-rank-math/vendor/woocommerce/action-scheduler/classes/data-stores/ActionScheduler_DBStore.php(799): ActionScheduler_DBStore->claim_actions(231392, 25, NULL, '', 'rocket-rucss')
#1 /shared/httpd/agrispesa/wp-content/plugins/seo-by-rank-math/vendor/woocommerce/action-scheduler/classes/ActionScheduler_QueueRunner.php(157): ActionScheduler_DBStore->stake_claim(25)
#2 /shared/httpd/agrispesa/wp-content/plugins/seo-by-rank-math/vendor/woocommerce/action-scheduler/classes/ActionScheduler_QueueRunner.php(136): ActionScheduler_QueueRunner->do_batch(25, 'WP Cron')
#3 /shared/httpd/agrispesa/wp-includes/class-wp-hook.php(308): ActionScheduler_QueueRunner->run('WP Cron')
#4 /shared/httpd/agrispesa/wp-includes/class-wp-hook.php(332):  in /shared/httpd/agrispesa/wp-content/plugins/seo-by-rank-math/vendor/woocommerce/action-scheduler/classes/data-stores/ActionScheduler_DBStore.php alla riga 907

2023-07-01T22:38:06+00:00 CRITICAL Uncaught InvalidArgumentException: The group "rocket-rucss" does not exist. in /shared/httpd/agrispesa/wp-content/plugins/seo-by-rank-math/vendor/woocommerce/action-scheduler/classes/data-stores/ActionScheduler_DBStore.php:907
Stack trace:
#0 /shared/httpd/agrispesa/wp-content/plugins/seo-by-rank-math/vendor/woocommerce/action-scheduler/classes/data-stores/ActionScheduler_DBStore.php(799): ActionScheduler_DBStore->claim_actions(231394, 25, NULL, '', 'rocket-rucss')
#1 /shared/httpd/agrispesa/wp-content/plugins/seo-by-rank-math/vendor/woocommerce/action-scheduler/classes/ActionScheduler_QueueRunner.php(157): ActionScheduler_DBStore->stake_claim(25)
#2 /shared/httpd/agrispesa/wp-content/plugins/seo-by-rank-math/vendor/woocommerce/action-scheduler/classes/ActionScheduler_QueueRunner.php(136): ActionScheduler_QueueRunner->do_batch(25, 'WP Cron')
#3 /shared/httpd/agrispesa/wp-includes/class-wp-hook.php(308): ActionScheduler_QueueRunner->run('WP Cron')
#4 /shared/httpd/agrispesa/wp-includes/class-wp-hook.php(332):  in /shared/httpd/agrispesa/wp-content/plugins/seo-by-rank-math/vendor/woocommerce/action-scheduler/classes/data-stores/ActionScheduler_DBStore.php alla riga 907

2023-07-01T22:44:29+00:00 CRITICAL syntax error, unexpected '}' in /shared/httpd/agrispesa/wp-content/themes/agrispesa/inc/admin.php alla riga 3346

2023-07-01T22:44:43+00:00 CRITICAL syntax error, unexpected '}' in /shared/httpd/agrispesa/wp-content/themes/agrispesa/inc/admin.php alla riga 3346

2023-07-01T22:48:46+00:00 CRITICAL Uncaught InvalidArgumentException: The group "rocket-rucss" does not exist. in /shared/httpd/agrispesa/wp-content/plugins/seo-by-rank-math/vendor/woocommerce/action-scheduler/classes/data-stores/ActionScheduler_DBStore.php:907
Stack trace:
#0 /shared/httpd/agrispesa/wp-content/plugins/seo-by-rank-math/vendor/woocommerce/action-scheduler/classes/data-stores/ActionScheduler_DBStore.php(799): ActionScheduler_DBStore->claim_actions(231419, 25, NULL, '', 'rocket-rucss')
#1 /shared/httpd/agrispesa/wp-content/plugins/seo-by-rank-math/vendor/woocommerce/action-scheduler/classes/ActionScheduler_QueueRunner.php(157): ActionScheduler_DBStore->stake_claim(25)
#2 /shared/httpd/agrispesa/wp-content/plugins/seo-by-rank-math/vendor/woocommerce/action-scheduler/classes/ActionScheduler_QueueRunner.php(136): ActionScheduler_QueueRunner->do_batch(25, 'WP Cron')
#3 /shared/httpd/agrispesa/wp-includes/class-wp-hook.php(308): ActionScheduler_QueueRunner->run('WP Cron')
#4 /shared/httpd/agrispesa/wp-includes/class-wp-hook.php(332):  in /shared/httpd/agrispesa/wp-content/plugins/seo-by-rank-math/vendor/woocommerce/action-scheduler/classes/data-stores/ActionScheduler_DBStore.php alla riga 907

