2023-04-27T01:50:44+00:00 CRITICAL Cannot redeclare my_custom_submenu_page_callback() (previously declared in /shared/httpd/agrispesa/wp-content/themes/agrispesa/inc/admin.php:3903) in /shared/httpd/agrispesa/wp-content/themes/agrispesa/inc/admin.php alla riga 3990

2023-04-27T01:58:27+00:00 CRITICAL Uncaught Error: Call to undefined method WC_Order_Item_Product::get_product_name() in /shared/httpd/agrispesa/wp-content/themes/agrispesa/inc/admin.php:3929
Stack trace:
#0 /shared/httpd/agrispesa/wp-includes/class-wp-hook.php(308): scegli_tu_page('')
#1 /shared/httpd/agrispesa/wp-includes/class-wp-hook.php(332): WP_Hook->apply_filters('', Array)
#2 /shared/httpd/agrispesa/wp-includes/plugin.php(517): WP_Hook->do_action(Array)
#3 /shared/httpd/agrispesa/wp-admin/admin.php(259): do_action('toplevel_page_p...')
#4 {main}
  thrown in /shared/httpd/agrispesa/wp-content/themes/agrispesa/inc/admin.php alla riga 3929

2023-04-27T18:15:26+00:00 CRITICAL Uncaught Error: Call to a member function calculate_taxes() on null in /shared/httpd/agrispesa/wp-content/themes/agrispesa/inc/admin.php:3838
Stack trace:
#0 /shared/httpd/agrispesa/wp-content/themes/agrispesa/inc/admin.php(4228): create_order_from_subscription('38431')
#1 /shared/httpd/agrispesa/wp-includes/class-wp-hook.php(308): my_custom_submenu_page_callback('')
#2 /shared/httpd/agrispesa/wp-includes/class-wp-hook.php(332): WP_Hook->apply_filters('', Array)
#3 /shared/httpd/agrispesa/wp-includes/plugin.php(517): WP_Hook->do_action(Array)
#4 /shared/httpd/agrispesa/wp-admin/admin.php(259): do_action('toplevel_page_g...')
#5 {main}
  thrown in /shared/httpd/agrispesa/wp-content/themes/agrispesa/inc/admin.php alla riga 3838

2023-04-27T23:27:23+00:00 CRITICAL Uncaught InvalidArgumentException: Unidentified action 227519 in /shared/httpd/agrispesa/wp-content/plugins/seo-by-rank-math/vendor/woocommerce/action-scheduler/classes/data-stores/ActionScheduler_DBStore.php:1001
Stack trace:
#0 /shared/httpd/agrispesa/wp-content/plugins/seo-by-rank-math/vendor/woocommerce/action-scheduler/classes/abstracts/ActionScheduler_Abstract_QueueRunner.php(70): ActionScheduler_DBStore->mark_failure(227519)
#1 /shared/httpd/agrispesa/wp-content/plugins/seo-by-rank-math/vendor/woocommerce/action-scheduler/classes/ActionScheduler_QueueRunner.php(166): ActionScheduler_Abstract_QueueRunner->process_action(227519, 'WP Cron')
#2 /shared/httpd/agrispesa/wp-content/plugins/seo-by-rank-math/vendor/woocommerce/action-scheduler/classes/ActionScheduler_QueueRunner.php(136): ActionScheduler_QueueRunner->do_batch(25, 'WP Cron')
#3 /shared/httpd/agrispesa/wp-includes/class-wp-hook.php(308): ActionScheduler_QueueRunner->run('WP Cron')
#4 /shared/httpd/agrispesa/wp-includes/class-wp-hook.php(332): WP_ in /shared/httpd/agrispesa/wp-content/plugins/seo-by-rank-math/vendor/woocommerce/action-scheduler/classes/data-stores/ActionScheduler_DBStore.php alla riga 1001

