2023-02-17T04:13:32+00:00 CRITICAL Uncaught Exception: Undefined field 'name' requested by: [ process in /shared/httpd/agrispesa/wp-content/plugins/wp-all-import-pro/wp-all-import-pro.php line 831 ] in /shared/httpd/agrispesa/wp-content/plugins/wp-all-import-pro/models/model/record.php:151
Stack trace:
#0 /shared/httpd/agrispesa/wp-content/plugins/wp-all-import-pro/controllers/admin/import.php(2515): PMXI_Model_Record->__get('name')
#1 /shared/httpd/agrispesa/wp-content/plugins/wp-all-import-pro/wp-all-import-pro.php(831): PMXI_Admin_Import->process()
#2 /shared/httpd/agrispesa/wp-includes/class-wp-hook.php(308): PMXI_Plugin->adminDispatcher('')
#3 /shared/httpd/agrispesa/wp-includes/class-wp-hook.php(332): WP_Hook->apply_filters('', Array)
#4 /shared/httpd/agrispesa/wp-includes/plugin.php(517): WP_Hook->do_action(Array)
#5 /shared/httpd/agrispesa/wp-admin/admin.php(259): do_action('all-import_page...')
#6 {main}
  thrown in /shared/httpd/agrispesa/wp-content/plugins/wp-all-import-pro/models/model/record.php alla riga 151

2023-02-17T11:50:34+00:00 CRITICAL Uncaught Error: Object of class WP_Error could not be converted to string in /shared/httpd/agrispesa/wp-content/themes/agrispesa/global-elements/home-sections.php:241
Stack trace:
#0 /shared/httpd/agrispesa/wp-includes/template.php(785): require()
#1 /shared/httpd/agrispesa/wp-includes/template.php(718): load_template('/shared/httpd/a...', false, Array)
#2 /shared/httpd/agrispesa/wp-includes/general-template.php(204): locate_template(Array, true, false, Array)
#3 /shared/httpd/agrispesa/wp-content/themes/agrispesa/frontpage.php(41): get_template_part('global-elements...', 'sections')
#4 /shared/httpd/agrispesa/wp-includes/template-loader.php(106): include('/shared/httpd/a...')
#5 /shared/httpd/agrispesa/wp-blog-header.php(19): require_once('/shared/httpd/a...')
#6 /shared/httpd/agrispesa/index.php(17): require('/shared/httpd/a...')
#7 {main}
  thrown in /shared/httpd/agrispesa/wp-content/themes/agrispesa/global-elements/home-sections.php alla riga 241

2023-02-17T11:50:40+00:00 CRITICAL Uncaught Error: Object of class WP_Error could not be converted to string in /shared/httpd/agrispesa/wp-content/themes/agrispesa/global-elements/home-sections.php:241
Stack trace:
#0 /shared/httpd/agrispesa/wp-includes/template.php(785): require()
#1 /shared/httpd/agrispesa/wp-includes/template.php(718): load_template('/shared/httpd/a...', false, Array)
#2 /shared/httpd/agrispesa/wp-includes/general-template.php(204): locate_template(Array, true, false, Array)
#3 /shared/httpd/agrispesa/wp-content/themes/agrispesa/frontpage.php(41): get_template_part('global-elements...', 'sections')
#4 /shared/httpd/agrispesa/wp-includes/template-loader.php(106): include('/shared/httpd/a...')
#5 /shared/httpd/agrispesa/wp-blog-header.php(19): require_once('/shared/httpd/a...')
#6 /shared/httpd/agrispesa/index.php(17): require('/shared/httpd/a...')
#7 {main}
  thrown in /shared/httpd/agrispesa/wp-content/themes/agrispesa/global-elements/home-sections.php alla riga 241

