2023-01-26T13:25:01+00:00 CRITICAL Uncaught Error: Call to a member function has_weight() on bool in /Users/nathalie/Sites/localhost/agrispesa/wp-content/themes/agrispesa/template-parts/loop-shop.php:15
Stack trace:
#0 /Users/nathalie/Sites/localhost/agrispesa/wp-includes/template.php(785): require()
#1 /Users/nathalie/Sites/localhost/agrispesa/wp-includes/template.php(718): load_template('/Users/nathalie...', false, Array)
#2 /Users/nathalie/Sites/localhost/agrispesa/wp-includes/general-template.php(204): locate_template(Array, true, false, Array)
#3 /Users/nathalie/Sites/localhost/agrispesa/wp-content/themes/agrispesa/page-manifesto.php(74): get_template_part('template-parts/...', 'shop')
#4 /Users/nathalie/Sites/localhost/agrispesa/wp-includes/template-loader.php(106): include('/Users/nathalie...')
#5 /Users/nathalie/Sites/localhost/agrispesa/wp-blog-header.php(19): require_once('/Users/nathalie...')
#6 /Users/nathalie/Sites/localhost/agrispesa/index.php(17): require('/Users/nathalie...')
#7 {main}
  thrown in /Users/nathalie/Sites/localhost/agrispesa/wp-content/themes/agrispesa/template-parts/loop-shop.php alla riga 15

2023-01-26T13:46:58+00:00 CRITICAL Uncaught Error: Call to a member function has_weight() on bool in /Users/nathalie/Sites/localhost/agrispesa/wp-content/themes/agrispesa/template-parts/loop-blog.php:15
Stack trace:
#0 /Users/nathalie/Sites/localhost/agrispesa/wp-includes/template.php(785): require()
#1 /Users/nathalie/Sites/localhost/agrispesa/wp-includes/template.php(718): load_template('/Users/nathalie...', false, Array)
#2 /Users/nathalie/Sites/localhost/agrispesa/wp-includes/general-template.php(204): locate_template(Array, true, false, Array)
#3 /Users/nathalie/Sites/localhost/agrispesa/wp-content/themes/agrispesa/page-manifesto.php(74): get_template_part('template-parts/...', 'blog')
#4 /Users/nathalie/Sites/localhost/agrispesa/wp-includes/template-loader.php(106): include('/Users/nathalie...')
#5 /Users/nathalie/Sites/localhost/agrispesa/wp-blog-header.php(19): require_once('/Users/nathalie...')
#6 /Users/nathalie/Sites/localhost/agrispesa/index.php(17): require('/Users/nathalie...')
#7 {main}
  thrown in /Users/nathalie/Sites/localhost/agrispesa/wp-content/themes/agrispesa/template-parts/loop-blog.php alla riga 15

