2023-04-07T04:17:45+00:00 CRITICAL Uncaught Error: Call to undefined method WP_REST_Request::getBody() in /shared/httpd/agrispesa/wp-content/themes/agrispesa/inc/admin.php:242
Stack trace:
#0 /shared/httpd/agrispesa/wp-includes/rest-api/class-wp-rest-server.php(1181): {closure}(Object(WP_REST_Request))
#1 /shared/httpd/agrispesa/wp-includes/rest-api/class-wp-rest-server.php(1028): WP_REST_Server->respond_to_request(Object(WP_REST_Request), '/agrispesa/v1/i...', Array, NULL)
#2 /shared/httpd/agrispesa/wp-includes/rest-api/class-wp-rest-server.php(442): WP_REST_Server->dispatch(Object(WP_REST_Request))
#3 /shared/httpd/agrispesa/wp-includes/rest-api.php(410): WP_REST_Server->serve_request('/agrispesa/v1/i...')
#4 /shared/httpd/agrispesa/wp-includes/class-wp-hook.php(308): rest_api_loaded(Object(WP))
#5 /shared/httpd/agrispesa/wp-includes/class-wp-hook.php(332): WP_Hook->apply_filters(NULL, Array)
#6 /shared/httpd/agrispesa/wp-includes/plugin.php(565): WP_Hook->do_action(Array)
#7 /shared/httpd/agrispesa/wp-includes/class-wp.php(399): do_action_r in /shared/httpd/agrispesa/wp-content/themes/agrispesa/inc/admin.php alla riga 242

2023-04-07T04:20:00+00:00 CRITICAL syntax error, unexpected ';', expecting ')' in /shared/httpd/agrispesa/wp-content/themes/agrispesa/inc/admin.php alla riga 242

2023-04-07T04:21:11+00:00 CRITICAL syntax error, unexpected ']' in /shared/httpd/agrispesa/wp-content/themes/agrispesa/inc/admin.php alla riga 251

2023-04-07T04:26:40+00:00 CRITICAL syntax error, unexpected '}' in /shared/httpd/agrispesa/wp-content/themes/agrispesa/inc/admin.php alla riga 259

2023-04-07T04:42:30+00:00 CRITICAL Uncaught Error: Call to undefined method WP_Post::get_id() in /shared/httpd/agrispesa/wp-content/themes/agrispesa/inc/admin.php:365
Stack trace:
#0 /shared/httpd/agrispesa/wp-includes/rest-api/class-wp-rest-server.php(1181): {closure}(Object(WP_REST_Request))
#1 /shared/httpd/agrispesa/wp-includes/rest-api/class-wp-rest-server.php(1028): WP_REST_Server->respond_to_request(Object(WP_REST_Request), '/agrispesa/v1/i...', Array, NULL)
#2 /shared/httpd/agrispesa/wp-includes/rest-api/class-wp-rest-server.php(442): WP_REST_Server->dispatch(Object(WP_REST_Request))
#3 /shared/httpd/agrispesa/wp-includes/rest-api.php(410): WP_REST_Server->serve_request('/agrispesa/v1/i...')
#4 /shared/httpd/agrispesa/wp-includes/class-wp-hook.php(308): rest_api_loaded(Object(WP))
#5 /shared/httpd/agrispesa/wp-includes/class-wp-hook.php(332): WP_Hook->apply_filters(NULL, Array)
#6 /shared/httpd/agrispesa/wp-includes/plugin.php(565): WP_Hook->do_action(Array)
#7 /shared/httpd/agrispesa/wp-includes/class-wp.php(399): do_action_ref_array( in /shared/httpd/agrispesa/wp-content/themes/agrispesa/inc/admin.php alla riga 365

2023-04-07T04:58:47+00:00 CRITICAL syntax error, unexpected '}', expecting ';' in /shared/httpd/agrispesa/wp-content/themes/agrispesa/inc/admin.php alla riga 375

2023-04-07T05:09:01+00:00 CRITICAL Uncaught Error: Call to a member function query() on null in /shared/httpd/agrispesa/wp-content/themes/agrispesa/inc/admin.php:331
Stack trace:
#0 /shared/httpd/agrispesa/wp-includes/rest-api/class-wp-rest-server.php(1181): {closure}(Object(WP_REST_Request))
#1 /shared/httpd/agrispesa/wp-includes/rest-api/class-wp-rest-server.php(1028): WP_REST_Server->respond_to_request(Object(WP_REST_Request), '/agrispesa/v1/i...', Array, NULL)
#2 /shared/httpd/agrispesa/wp-includes/rest-api/class-wp-rest-server.php(442): WP_REST_Server->dispatch(Object(WP_REST_Request))
#3 /shared/httpd/agrispesa/wp-includes/rest-api.php(410): WP_REST_Server->serve_request('/agrispesa/v1/i...')
#4 /shared/httpd/agrispesa/wp-includes/class-wp-hook.php(308): rest_api_loaded(Object(WP))
#5 /shared/httpd/agrispesa/wp-includes/class-wp-hook.php(332): WP_Hook->apply_filters(NULL, Array)
#6 /shared/httpd/agrispesa/wp-includes/plugin.php(565): WP_Hook->do_action(Array)
#7 /shared/httpd/agrispesa/wp-includes/class-wp.php(399): do_action_ref_array(' in /shared/httpd/agrispesa/wp-content/themes/agrispesa/inc/admin.php alla riga 331

2023-04-07T05:12:14+00:00 CRITICAL Uncaught Error: [] operator not supported for strings in /shared/httpd/agrispesa/wp-content/plugins/woocommerce-subscriptions/vendor/woocommerce/subscriptions-core/includes/data-stores/class-wcs-customer-store-cached-cpt.php:152
Stack trace:
#0 /shared/httpd/agrispesa/wp-content/plugins/woocommerce-subscriptions/vendor/woocommerce/subscriptions-core/includes/data-stores/class-wcs-customer-store-cached-cpt.php(260): WCS_Customer_Store_Cached_CPT->add_subscription_id_to_cache(53, 27008)
#1 /shared/httpd/agrispesa/wp-includes/class-wp-hook.php(308): WCS_Customer_Store_Cached_CPT->maybe_update_for_post_meta_change('update', 27008, '_customer_user', 53, '')
#2 /shared/httpd/agrispesa/wp-includes/class-wp-hook.php(332): WP_Hook->apply_filters(NULL, Array)
#3 /shared/httpd/agrispesa/wp-includes/plugin.php(517): WP_Hook->do_action(Array)
#4 /shared/httpd/agrispesa/wp-content/plugins/woocommerce-subscriptions/vendor/woocommerce/subscriptions-core/includes/class-wcs-post-meta-cache-manager.php(239): do_action('wcs_upda in /shared/httpd/agrispesa/wp-content/plugins/woocommerce-subscriptions/vendor/woocommerce/subscriptions-core/includes/data-stores/class-wcs-customer-store-cached-cpt.php alla riga 152

2023-04-07T05:14:23+00:00 CRITICAL Uncaught Error: [] operator not supported for strings in /shared/httpd/agrispesa/wp-content/plugins/woocommerce-subscriptions/vendor/woocommerce/subscriptions-core/includes/data-stores/class-wcs-customer-store-cached-cpt.php:152
Stack trace:
#0 /shared/httpd/agrispesa/wp-content/plugins/woocommerce-subscriptions/vendor/woocommerce/subscriptions-core/includes/data-stores/class-wcs-customer-store-cached-cpt.php(260): WCS_Customer_Store_Cached_CPT->add_subscription_id_to_cache(53, 27010)
#1 /shared/httpd/agrispesa/wp-includes/class-wp-hook.php(308): WCS_Customer_Store_Cached_CPT->maybe_update_for_post_meta_change('update', 27010, '_customer_user', 53, '')
#2 /shared/httpd/agrispesa/wp-includes/class-wp-hook.php(332): WP_Hook->apply_filters(NULL, Array)
#3 /shared/httpd/agrispesa/wp-includes/plugin.php(517): WP_Hook->do_action(Array)
#4 /shared/httpd/agrispesa/wp-content/plugins/woocommerce-subscriptions/vendor/woocommerce/subscriptions-core/includes/class-wcs-post-meta-cache-manager.php(239): do_action('wcs_upda in /shared/httpd/agrispesa/wp-content/plugins/woocommerce-subscriptions/vendor/woocommerce/subscriptions-core/includes/data-stores/class-wcs-customer-store-cached-cpt.php alla riga 152

2023-04-07T05:14:54+00:00 CRITICAL Uncaught Error: [] operator not supported for strings in /shared/httpd/agrispesa/wp-content/plugins/woocommerce-subscriptions/vendor/woocommerce/subscriptions-core/includes/data-stores/class-wcs-customer-store-cached-cpt.php:152
Stack trace:
#0 /shared/httpd/agrispesa/wp-content/plugins/woocommerce-subscriptions/vendor/woocommerce/subscriptions-core/includes/data-stores/class-wcs-customer-store-cached-cpt.php(260): WCS_Customer_Store_Cached_CPT->add_subscription_id_to_cache(53, 27012)
#1 /shared/httpd/agrispesa/wp-includes/class-wp-hook.php(308): WCS_Customer_Store_Cached_CPT->maybe_update_for_post_meta_change('update', 27012, '_customer_user', 53, '')
#2 /shared/httpd/agrispesa/wp-includes/class-wp-hook.php(332): WP_Hook->apply_filters(NULL, Array)
#3 /shared/httpd/agrispesa/wp-includes/plugin.php(517): WP_Hook->do_action(Array)
#4 /shared/httpd/agrispesa/wp-content/plugins/woocommerce-subscriptions/vendor/woocommerce/subscriptions-core/includes/class-wcs-post-meta-cache-manager.php(239): do_action('wcs_upda in /shared/httpd/agrispesa/wp-content/plugins/woocommerce-subscriptions/vendor/woocommerce/subscriptions-core/includes/data-stores/class-wcs-customer-store-cached-cpt.php alla riga 152

2023-04-07T05:15:17+00:00 CRITICAL Uncaught Error: [] operator not supported for strings in /shared/httpd/agrispesa/wp-content/plugins/woocommerce-subscriptions/vendor/woocommerce/subscriptions-core/includes/data-stores/class-wcs-customer-store-cached-cpt.php:152
Stack trace:
#0 /shared/httpd/agrispesa/wp-content/plugins/woocommerce-subscriptions/vendor/woocommerce/subscriptions-core/includes/data-stores/class-wcs-customer-store-cached-cpt.php(260): WCS_Customer_Store_Cached_CPT->add_subscription_id_to_cache(53, 27014)
#1 /shared/httpd/agrispesa/wp-includes/class-wp-hook.php(308): WCS_Customer_Store_Cached_CPT->maybe_update_for_post_meta_change('update', 27014, '_customer_user', 53, '')
#2 /shared/httpd/agrispesa/wp-includes/class-wp-hook.php(332): WP_Hook->apply_filters(NULL, Array)
#3 /shared/httpd/agrispesa/wp-includes/plugin.php(517): WP_Hook->do_action(Array)
#4 /shared/httpd/agrispesa/wp-content/plugins/woocommerce-subscriptions/vendor/woocommerce/subscriptions-core/includes/class-wcs-post-meta-cache-manager.php(239): do_action('wcs_upda in /shared/httpd/agrispesa/wp-content/plugins/woocommerce-subscriptions/vendor/woocommerce/subscriptions-core/includes/data-stores/class-wcs-customer-store-cached-cpt.php alla riga 152

2023-04-07T05:16:03+00:00 CRITICAL Uncaught Error: [] operator not supported for strings in /shared/httpd/agrispesa/wp-content/plugins/woocommerce-subscriptions/vendor/woocommerce/subscriptions-core/includes/data-stores/class-wcs-customer-store-cached-cpt.php:152
Stack trace:
#0 /shared/httpd/agrispesa/wp-content/plugins/woocommerce-subscriptions/vendor/woocommerce/subscriptions-core/includes/data-stores/class-wcs-customer-store-cached-cpt.php(260): WCS_Customer_Store_Cached_CPT->add_subscription_id_to_cache(53, 27016)
#1 /shared/httpd/agrispesa/wp-includes/class-wp-hook.php(308): WCS_Customer_Store_Cached_CPT->maybe_update_for_post_meta_change('update', 27016, '_customer_user', 53, '')
#2 /shared/httpd/agrispesa/wp-includes/class-wp-hook.php(332): WP_Hook->apply_filters(NULL, Array)
#3 /shared/httpd/agrispesa/wp-includes/plugin.php(517): WP_Hook->do_action(Array)
#4 /shared/httpd/agrispesa/wp-content/plugins/woocommerce-subscriptions/vendor/woocommerce/subscriptions-core/includes/class-wcs-post-meta-cache-manager.php(239): do_action('wcs_upda in /shared/httpd/agrispesa/wp-content/plugins/woocommerce-subscriptions/vendor/woocommerce/subscriptions-core/includes/data-stores/class-wcs-customer-store-cached-cpt.php alla riga 152

2023-04-07T05:17:07+00:00 CRITICAL Uncaught Error: [] operator not supported for strings in /shared/httpd/agrispesa/wp-content/plugins/woocommerce-subscriptions/vendor/woocommerce/subscriptions-core/includes/data-stores/class-wcs-customer-store-cached-cpt.php:152
Stack trace:
#0 /shared/httpd/agrispesa/wp-content/plugins/woocommerce-subscriptions/vendor/woocommerce/subscriptions-core/includes/data-stores/class-wcs-customer-store-cached-cpt.php(260): WCS_Customer_Store_Cached_CPT->add_subscription_id_to_cache(53, 27019)
#1 /shared/httpd/agrispesa/wp-includes/class-wp-hook.php(308): WCS_Customer_Store_Cached_CPT->maybe_update_for_post_meta_change('update', 27019, '_customer_user', 53, '')
#2 /shared/httpd/agrispesa/wp-includes/class-wp-hook.php(332): WP_Hook->apply_filters(NULL, Array)
#3 /shared/httpd/agrispesa/wp-includes/plugin.php(517): WP_Hook->do_action(Array)
#4 /shared/httpd/agrispesa/wp-content/plugins/woocommerce-subscriptions/vendor/woocommerce/subscriptions-core/includes/class-wcs-post-meta-cache-manager.php(239): do_action('wcs_upda in /shared/httpd/agrispesa/wp-content/plugins/woocommerce-subscriptions/vendor/woocommerce/subscriptions-core/includes/data-stores/class-wcs-customer-store-cached-cpt.php alla riga 152

2023-04-07T05:17:43+00:00 CRITICAL Uncaught Error: [] operator not supported for strings in /shared/httpd/agrispesa/wp-content/plugins/woocommerce-subscriptions/vendor/woocommerce/subscriptions-core/includes/data-stores/class-wcs-customer-store-cached-cpt.php:152
Stack trace:
#0 /shared/httpd/agrispesa/wp-content/plugins/woocommerce-subscriptions/vendor/woocommerce/subscriptions-core/includes/data-stores/class-wcs-customer-store-cached-cpt.php(260): WCS_Customer_Store_Cached_CPT->add_subscription_id_to_cache(53, 27021)
#1 /shared/httpd/agrispesa/wp-includes/class-wp-hook.php(308): WCS_Customer_Store_Cached_CPT->maybe_update_for_post_meta_change('update', 27021, '_customer_user', 53, '')
#2 /shared/httpd/agrispesa/wp-includes/class-wp-hook.php(332): WP_Hook->apply_filters(NULL, Array)
#3 /shared/httpd/agrispesa/wp-includes/plugin.php(517): WP_Hook->do_action(Array)
#4 /shared/httpd/agrispesa/wp-content/plugins/woocommerce-subscriptions/vendor/woocommerce/subscriptions-core/includes/class-wcs-post-meta-cache-manager.php(239): do_action('wcs_upda in /shared/httpd/agrispesa/wp-content/plugins/woocommerce-subscriptions/vendor/woocommerce/subscriptions-core/includes/data-stores/class-wcs-customer-store-cached-cpt.php alla riga 152

2023-04-07T05:22:42+00:00 CRITICAL Uncaught Error: [] operator not supported for strings in /shared/httpd/agrispesa/wp-content/plugins/woocommerce-subscriptions/vendor/woocommerce/subscriptions-core/includes/data-stores/class-wcs-customer-store-cached-cpt.php:152
Stack trace:
#0 /shared/httpd/agrispesa/wp-content/plugins/woocommerce-subscriptions/vendor/woocommerce/subscriptions-core/includes/data-stores/class-wcs-customer-store-cached-cpt.php(260): WCS_Customer_Store_Cached_CPT->add_subscription_id_to_cache(53, 27031)
#1 /shared/httpd/agrispesa/wp-includes/class-wp-hook.php(308): WCS_Customer_Store_Cached_CPT->maybe_update_for_post_meta_change('update', 27031, '_customer_user', 53, '')
#2 /shared/httpd/agrispesa/wp-includes/class-wp-hook.php(332): WP_Hook->apply_filters(NULL, Array)
#3 /shared/httpd/agrispesa/wp-includes/plugin.php(517): WP_Hook->do_action(Array)
#4 /shared/httpd/agrispesa/wp-content/plugins/woocommerce-subscriptions/vendor/woocommerce/subscriptions-core/includes/class-wcs-post-meta-cache-manager.php(239): do_action('wcs_upda in /shared/httpd/agrispesa/wp-content/plugins/woocommerce-subscriptions/vendor/woocommerce/subscriptions-core/includes/data-stores/class-wcs-customer-store-cached-cpt.php alla riga 152

2023-04-07T05:23:05+00:00 CRITICAL Uncaught Error: [] operator not supported for strings in /shared/httpd/agrispesa/wp-content/plugins/woocommerce-subscriptions/vendor/woocommerce/subscriptions-core/includes/data-stores/class-wcs-customer-store-cached-cpt.php:152
Stack trace:
#0 /shared/httpd/agrispesa/wp-content/plugins/woocommerce-subscriptions/vendor/woocommerce/subscriptions-core/includes/data-stores/class-wcs-customer-store-cached-cpt.php(260): WCS_Customer_Store_Cached_CPT->add_subscription_id_to_cache(53, 27034)
#1 /shared/httpd/agrispesa/wp-includes/class-wp-hook.php(308): WCS_Customer_Store_Cached_CPT->maybe_update_for_post_meta_change('update', 27034, '_customer_user', 53, '')
#2 /shared/httpd/agrispesa/wp-includes/class-wp-hook.php(332): WP_Hook->apply_filters(NULL, Array)
#3 /shared/httpd/agrispesa/wp-includes/plugin.php(517): WP_Hook->do_action(Array)
#4 /shared/httpd/agrispesa/wp-content/plugins/woocommerce-subscriptions/vendor/woocommerce/subscriptions-core/includes/class-wcs-post-meta-cache-manager.php(239): do_action('wcs_upda in /shared/httpd/agrispesa/wp-content/plugins/woocommerce-subscriptions/vendor/woocommerce/subscriptions-core/includes/data-stores/class-wcs-customer-store-cached-cpt.php alla riga 152

2023-04-07T05:23:45+00:00 CRITICAL Uncaught Error: [] operator not supported for strings in /shared/httpd/agrispesa/wp-content/plugins/woocommerce-subscriptions/vendor/woocommerce/subscriptions-core/includes/data-stores/class-wcs-customer-store-cached-cpt.php:152
Stack trace:
#0 /shared/httpd/agrispesa/wp-content/plugins/woocommerce-subscriptions/vendor/woocommerce/subscriptions-core/includes/data-stores/class-wcs-customer-store-cached-cpt.php(260): WCS_Customer_Store_Cached_CPT->add_subscription_id_to_cache(53, 27036)
#1 /shared/httpd/agrispesa/wp-includes/class-wp-hook.php(308): WCS_Customer_Store_Cached_CPT->maybe_update_for_post_meta_change('update', 27036, '_customer_user', 53, '')
#2 /shared/httpd/agrispesa/wp-includes/class-wp-hook.php(332): WP_Hook->apply_filters(NULL, Array)
#3 /shared/httpd/agrispesa/wp-includes/plugin.php(517): WP_Hook->do_action(Array)
#4 /shared/httpd/agrispesa/wp-content/plugins/woocommerce-subscriptions/vendor/woocommerce/subscriptions-core/includes/class-wcs-post-meta-cache-manager.php(239): do_action('wcs_upda in /shared/httpd/agrispesa/wp-content/plugins/woocommerce-subscriptions/vendor/woocommerce/subscriptions-core/includes/data-stores/class-wcs-customer-store-cached-cpt.php alla riga 152

2023-04-07T05:25:50+00:00 CRITICAL Uncaught Error: [] operator not supported for strings in /shared/httpd/agrispesa/wp-content/plugins/woocommerce-subscriptions/vendor/woocommerce/subscriptions-core/includes/data-stores/class-wcs-customer-store-cached-cpt.php:152
Stack trace:
#0 /shared/httpd/agrispesa/wp-content/plugins/woocommerce-subscriptions/vendor/woocommerce/subscriptions-core/includes/data-stores/class-wcs-customer-store-cached-cpt.php(260): WCS_Customer_Store_Cached_CPT->add_subscription_id_to_cache(53, 27038)
#1 /shared/httpd/agrispesa/wp-includes/class-wp-hook.php(308): WCS_Customer_Store_Cached_CPT->maybe_update_for_post_meta_change('update', 27038, '_customer_user', 53, '')
#2 /shared/httpd/agrispesa/wp-includes/class-wp-hook.php(332): WP_Hook->apply_filters(NULL, Array)
#3 /shared/httpd/agrispesa/wp-includes/plugin.php(517): WP_Hook->do_action(Array)
#4 /shared/httpd/agrispesa/wp-content/plugins/woocommerce-subscriptions/vendor/woocommerce/subscriptions-core/includes/class-wcs-post-meta-cache-manager.php(239): do_action('wcs_upda in /shared/httpd/agrispesa/wp-content/plugins/woocommerce-subscriptions/vendor/woocommerce/subscriptions-core/includes/data-stores/class-wcs-customer-store-cached-cpt.php alla riga 152

2023-04-07T05:27:25+00:00 CRITICAL Uncaught Error: [] operator not supported for strings in /shared/httpd/agrispesa/wp-content/plugins/woocommerce-subscriptions/vendor/woocommerce/subscriptions-core/includes/data-stores/class-wcs-customer-store-cached-cpt.php:152
Stack trace:
#0 /shared/httpd/agrispesa/wp-content/plugins/woocommerce-subscriptions/vendor/woocommerce/subscriptions-core/includes/data-stores/class-wcs-customer-store-cached-cpt.php(260): WCS_Customer_Store_Cached_CPT->add_subscription_id_to_cache(53, 27040)
#1 /shared/httpd/agrispesa/wp-includes/class-wp-hook.php(308): WCS_Customer_Store_Cached_CPT->maybe_update_for_post_meta_change('update', 27040, '_customer_user', 53, '')
#2 /shared/httpd/agrispesa/wp-includes/class-wp-hook.php(332): WP_Hook->apply_filters(NULL, Array)
#3 /shared/httpd/agrispesa/wp-includes/plugin.php(517): WP_Hook->do_action(Array)
#4 /shared/httpd/agrispesa/wp-content/plugins/woocommerce-subscriptions/vendor/woocommerce/subscriptions-core/includes/class-wcs-post-meta-cache-manager.php(239): do_action('wcs_upda in /shared/httpd/agrispesa/wp-content/plugins/woocommerce-subscriptions/vendor/woocommerce/subscriptions-core/includes/data-stores/class-wcs-customer-store-cached-cpt.php alla riga 152

2023-04-07T05:30:09+00:00 CRITICAL Uncaught ArgumentCountError: Too few arguments to function get_date_from_gmt(), 0 passed in /shared/httpd/agrispesa/wp-content/themes/agrispesa/inc/admin.php on line 52 and at least 1 expected in /shared/httpd/agrispesa/wp-includes/formatting.php:3633
Stack trace:
#0 /shared/httpd/agrispesa/wp-content/themes/agrispesa/inc/admin.php(52): get_date_from_gmt()
#1 /shared/httpd/agrispesa/wp-content/themes/agrispesa/inc/admin.php(366): give_user_subscription(Object(WC_Product_Subscription_Variation), Object(WP_User))
#2 /shared/httpd/agrispesa/wp-includes/rest-api/class-wp-rest-server.php(1181): {closure}(Object(WP_REST_Request))
#3 /shared/httpd/agrispesa/wp-includes/rest-api/class-wp-rest-server.php(1028): WP_REST_Server->respond_to_request(Object(WP_REST_Request), '/agrispesa/v1/i...', Array, NULL)
#4 /shared/httpd/agrispesa/wp-includes/rest-api/class-wp-rest-server.php(442): WP_REST_Server->dispatch(Object(WP_REST_Request))
#5 /shared/httpd/agrispesa/wp-includes/rest-api.php(410): WP_REST_Server->serve_request( in /shared/httpd/agrispesa/wp-includes/formatting.php alla riga 3633

2023-04-07T05:30:32+00:00 CRITICAL Uncaught Error: Call to undefined function now() in /shared/httpd/agrispesa/wp-content/themes/agrispesa/inc/admin.php:52
Stack trace:
#0 /shared/httpd/agrispesa/wp-content/themes/agrispesa/inc/admin.php(366): give_user_subscription(Object(WC_Product_Subscription_Variation), Object(WP_User))
#1 /shared/httpd/agrispesa/wp-includes/rest-api/class-wp-rest-server.php(1181): {closure}(Object(WP_REST_Request))
#2 /shared/httpd/agrispesa/wp-includes/rest-api/class-wp-rest-server.php(1028): WP_REST_Server->respond_to_request(Object(WP_REST_Request), '/agrispesa/v1/i...', Array, NULL)
#3 /shared/httpd/agrispesa/wp-includes/rest-api/class-wp-rest-server.php(442): WP_REST_Server->dispatch(Object(WP_REST_Request))
#4 /shared/httpd/agrispesa/wp-includes/rest-api.php(410): WP_REST_Server->serve_request('/agrispesa/v1/i...')
#5 /shared/httpd/agrispesa/wp-includes/class-wp-hook.php(308): rest_api_loaded(Object(WP))
#6 /shared/httpd/agrispesa/wp-includes/class-wp-hook.php(332): WP_Hook->apply_filters(NULL, Array)
#7 /shared/ht in /shared/httpd/agrispesa/wp-content/themes/agrispesa/inc/admin.php alla riga 52

2023-04-07T05:31:06+00:00 CRITICAL Uncaught Error: [] operator not supported for strings in /shared/httpd/agrispesa/wp-content/plugins/woocommerce-subscriptions/vendor/woocommerce/subscriptions-core/includes/data-stores/class-wcs-customer-store-cached-cpt.php:152
Stack trace:
#0 /shared/httpd/agrispesa/wp-content/plugins/woocommerce-subscriptions/vendor/woocommerce/subscriptions-core/includes/data-stores/class-wcs-customer-store-cached-cpt.php(260): WCS_Customer_Store_Cached_CPT->add_subscription_id_to_cache(53, 27044)
#1 /shared/httpd/agrispesa/wp-includes/class-wp-hook.php(308): WCS_Customer_Store_Cached_CPT->maybe_update_for_post_meta_change('update', 27044, '_customer_user', 53, '')
#2 /shared/httpd/agrispesa/wp-includes/class-wp-hook.php(332): WP_Hook->apply_filters(NULL, Array)
#3 /shared/httpd/agrispesa/wp-includes/plugin.php(517): WP_Hook->do_action(Array)
#4 /shared/httpd/agrispesa/wp-content/plugins/woocommerce-subscriptions/vendor/woocommerce/subscriptions-core/includes/class-wcs-post-meta-cache-manager.php(239): do_action('wcs_upda in /shared/httpd/agrispesa/wp-content/plugins/woocommerce-subscriptions/vendor/woocommerce/subscriptions-core/includes/data-stores/class-wcs-customer-store-cached-cpt.php alla riga 152

2023-04-07T05:32:53+00:00 CRITICAL Uncaught Error: [] operator not supported for strings in /shared/httpd/agrispesa/wp-content/plugins/woocommerce-subscriptions/vendor/woocommerce/subscriptions-core/includes/data-stores/class-wcs-customer-store-cached-cpt.php:152
Stack trace:
#0 /shared/httpd/agrispesa/wp-content/plugins/woocommerce-subscriptions/vendor/woocommerce/subscriptions-core/includes/data-stores/class-wcs-customer-store-cached-cpt.php(260): WCS_Customer_Store_Cached_CPT->add_subscription_id_to_cache(53, 27047)
#1 /shared/httpd/agrispesa/wp-includes/class-wp-hook.php(308): WCS_Customer_Store_Cached_CPT->maybe_update_for_post_meta_change('update', 27047, '_customer_user', 53, '')
#2 /shared/httpd/agrispesa/wp-includes/class-wp-hook.php(332): WP_Hook->apply_filters(NULL, Array)
#3 /shared/httpd/agrispesa/wp-includes/plugin.php(517): WP_Hook->do_action(Array)
#4 /shared/httpd/agrispesa/wp-content/plugins/woocommerce-subscriptions/vendor/woocommerce/subscriptions-core/includes/class-wcs-post-meta-cache-manager.php(239): do_action('wcs_upda in /shared/httpd/agrispesa/wp-content/plugins/woocommerce-subscriptions/vendor/woocommerce/subscriptions-core/includes/data-stores/class-wcs-customer-store-cached-cpt.php alla riga 152

2023-04-07T05:37:07+00:00 CRITICAL Uncaught Error: [] operator not supported for strings in /shared/httpd/agrispesa/wp-content/plugins/woocommerce-subscriptions/vendor/woocommerce/subscriptions-core/includes/data-stores/class-wcs-customer-store-cached-cpt.php:152
Stack trace:
#0 /shared/httpd/agrispesa/wp-content/plugins/woocommerce-subscriptions/vendor/woocommerce/subscriptions-core/includes/data-stores/class-wcs-customer-store-cached-cpt.php(260): WCS_Customer_Store_Cached_CPT->add_subscription_id_to_cache(53, 27052)
#1 /shared/httpd/agrispesa/wp-includes/class-wp-hook.php(308): WCS_Customer_Store_Cached_CPT->maybe_update_for_post_meta_change('update', 27052, '_customer_user', 53, '')
#2 /shared/httpd/agrispesa/wp-includes/class-wp-hook.php(332): WP_Hook->apply_filters(NULL, Array)
#3 /shared/httpd/agrispesa/wp-includes/plugin.php(517): WP_Hook->do_action(Array)
#4 /shared/httpd/agrispesa/wp-content/plugins/woocommerce-subscriptions/vendor/woocommerce/subscriptions-core/includes/class-wcs-post-meta-cache-manager.php(239): do_action('wcs_upda in /shared/httpd/agrispesa/wp-content/plugins/woocommerce-subscriptions/vendor/woocommerce/subscriptions-core/includes/data-stores/class-wcs-customer-store-cached-cpt.php alla riga 152

2023-04-07T05:38:31+00:00 CRITICAL Uncaught Error: [] operator not supported for strings in /shared/httpd/agrispesa/wp-content/plugins/woocommerce-subscriptions/vendor/woocommerce/subscriptions-core/includes/data-stores/class-wcs-customer-store-cached-cpt.php:152
Stack trace:
#0 /shared/httpd/agrispesa/wp-content/plugins/woocommerce-subscriptions/vendor/woocommerce/subscriptions-core/includes/data-stores/class-wcs-customer-store-cached-cpt.php(260): WCS_Customer_Store_Cached_CPT->add_subscription_id_to_cache(53, 27054)
#1 /shared/httpd/agrispesa/wp-includes/class-wp-hook.php(308): WCS_Customer_Store_Cached_CPT->maybe_update_for_post_meta_change('update', 27054, '_customer_user', 53, '')
#2 /shared/httpd/agrispesa/wp-includes/class-wp-hook.php(332): WP_Hook->apply_filters(NULL, Array)
#3 /shared/httpd/agrispesa/wp-includes/plugin.php(517): WP_Hook->do_action(Array)
#4 /shared/httpd/agrispesa/wp-content/plugins/woocommerce-subscriptions/vendor/woocommerce/subscriptions-core/includes/class-wcs-post-meta-cache-manager.php(239): do_action('wcs_upda in /shared/httpd/agrispesa/wp-content/plugins/woocommerce-subscriptions/vendor/woocommerce/subscriptions-core/includes/data-stores/class-wcs-customer-store-cached-cpt.php alla riga 152

2023-04-07T05:38:51+00:00 CRITICAL Uncaught Error: [] operator not supported for strings in /shared/httpd/agrispesa/wp-content/plugins/woocommerce-subscriptions/vendor/woocommerce/subscriptions-core/includes/data-stores/class-wcs-customer-store-cached-cpt.php:152
Stack trace:
#0 /shared/httpd/agrispesa/wp-content/plugins/woocommerce-subscriptions/vendor/woocommerce/subscriptions-core/includes/data-stores/class-wcs-customer-store-cached-cpt.php(260): WCS_Customer_Store_Cached_CPT->add_subscription_id_to_cache(53, 27056)
#1 /shared/httpd/agrispesa/wp-includes/class-wp-hook.php(308): WCS_Customer_Store_Cached_CPT->maybe_update_for_post_meta_change('update', 27056, '_customer_user', 53, '')
#2 /shared/httpd/agrispesa/wp-includes/class-wp-hook.php(332): WP_Hook->apply_filters(NULL, Array)
#3 /shared/httpd/agrispesa/wp-includes/plugin.php(517): WP_Hook->do_action(Array)
#4 /shared/httpd/agrispesa/wp-content/plugins/woocommerce-subscriptions/vendor/woocommerce/subscriptions-core/includes/class-wcs-post-meta-cache-manager.php(239): do_action('wcs_upda in /shared/httpd/agrispesa/wp-content/plugins/woocommerce-subscriptions/vendor/woocommerce/subscriptions-core/includes/data-stores/class-wcs-customer-store-cached-cpt.php alla riga 152

2023-04-07T05:39:13+00:00 CRITICAL Uncaught Error: [] operator not supported for strings in /shared/httpd/agrispesa/wp-content/plugins/woocommerce-subscriptions/vendor/woocommerce/subscriptions-core/includes/data-stores/class-wcs-customer-store-cached-cpt.php:152
Stack trace:
#0 /shared/httpd/agrispesa/wp-content/plugins/woocommerce-subscriptions/vendor/woocommerce/subscriptions-core/includes/data-stores/class-wcs-customer-store-cached-cpt.php(260): WCS_Customer_Store_Cached_CPT->add_subscription_id_to_cache(53, 27058)
#1 /shared/httpd/agrispesa/wp-includes/class-wp-hook.php(308): WCS_Customer_Store_Cached_CPT->maybe_update_for_post_meta_change('update', 27058, '_customer_user', 53, '')
#2 /shared/httpd/agrispesa/wp-includes/class-wp-hook.php(332): WP_Hook->apply_filters(NULL, Array)
#3 /shared/httpd/agrispesa/wp-includes/plugin.php(517): WP_Hook->do_action(Array)
#4 /shared/httpd/agrispesa/wp-content/plugins/woocommerce-subscriptions/vendor/woocommerce/subscriptions-core/includes/class-wcs-post-meta-cache-manager.php(239): do_action('wcs_upda in /shared/httpd/agrispesa/wp-content/plugins/woocommerce-subscriptions/vendor/woocommerce/subscriptions-core/includes/data-stores/class-wcs-customer-store-cached-cpt.php alla riga 152

2023-04-07T05:39:58+00:00 CRITICAL Uncaught Error: [] operator not supported for strings in /shared/httpd/agrispesa/wp-content/plugins/woocommerce-subscriptions/vendor/woocommerce/subscriptions-core/includes/data-stores/class-wcs-customer-store-cached-cpt.php:152
Stack trace:
#0 /shared/httpd/agrispesa/wp-content/plugins/woocommerce-subscriptions/vendor/woocommerce/subscriptions-core/includes/data-stores/class-wcs-customer-store-cached-cpt.php(260): WCS_Customer_Store_Cached_CPT->add_subscription_id_to_cache(53, 27060)
#1 /shared/httpd/agrispesa/wp-includes/class-wp-hook.php(308): WCS_Customer_Store_Cached_CPT->maybe_update_for_post_meta_change('update', 27060, '_customer_user', 53, '')
#2 /shared/httpd/agrispesa/wp-includes/class-wp-hook.php(332): WP_Hook->apply_filters(NULL, Array)
#3 /shared/httpd/agrispesa/wp-includes/plugin.php(517): WP_Hook->do_action(Array)
#4 /shared/httpd/agrispesa/wp-content/plugins/woocommerce-subscriptions/vendor/woocommerce/subscriptions-core/includes/class-wcs-post-meta-cache-manager.php(239): do_action('wcs_upda in /shared/httpd/agrispesa/wp-content/plugins/woocommerce-subscriptions/vendor/woocommerce/subscriptions-core/includes/data-stores/class-wcs-customer-store-cached-cpt.php alla riga 152

2023-04-07T05:41:15+00:00 CRITICAL Uncaught Error: [] operator not supported for strings in /shared/httpd/agrispesa/wp-content/plugins/woocommerce-subscriptions/vendor/woocommerce/subscriptions-core/includes/data-stores/class-wcs-customer-store-cached-cpt.php:152
Stack trace:
#0 /shared/httpd/agrispesa/wp-content/plugins/woocommerce-subscriptions/vendor/woocommerce/subscriptions-core/includes/data-stores/class-wcs-customer-store-cached-cpt.php(260): WCS_Customer_Store_Cached_CPT->add_subscription_id_to_cache(53, 27062)
#1 /shared/httpd/agrispesa/wp-includes/class-wp-hook.php(308): WCS_Customer_Store_Cached_CPT->maybe_update_for_post_meta_change('update', 27062, '_customer_user', 53, '')
#2 /shared/httpd/agrispesa/wp-includes/class-wp-hook.php(332): WP_Hook->apply_filters(NULL, Array)
#3 /shared/httpd/agrispesa/wp-includes/plugin.php(517): WP_Hook->do_action(Array)
#4 /shared/httpd/agrispesa/wp-content/plugins/woocommerce-subscriptions/vendor/woocommerce/subscriptions-core/includes/class-wcs-post-meta-cache-manager.php(239): do_action('wcs_upda in /shared/httpd/agrispesa/wp-content/plugins/woocommerce-subscriptions/vendor/woocommerce/subscriptions-core/includes/data-stores/class-wcs-customer-store-cached-cpt.php alla riga 152

2023-04-07T05:55:37+00:00 CRITICAL Uncaught Error: Call to a member function get_product() on bool in /shared/httpd/agrispesa/wp-content/themes/agrispesa/inc/admin.php:2557
Stack trace:
#0 /shared/httpd/agrispesa/wp-includes/class-wp-hook.php(308): my_custom_submenu_page_callback('')
#1 /shared/httpd/agrispesa/wp-includes/class-wp-hook.php(332): WP_Hook->apply_filters('', Array)
#2 /shared/httpd/agrispesa/wp-includes/plugin.php(517): WP_Hook->do_action(Array)
#3 /shared/httpd/agrispesa/wp-admin/admin.php(259): do_action('toplevel_page_g...')
#4 {main}
  thrown in /shared/httpd/agrispesa/wp-content/themes/agrispesa/inc/admin.php alla riga 2557

2023-04-07T06:03:43+00:00 CRITICAL syntax error, unexpected ''status'' (T_CONSTANT_ENCAPSED_STRING), expecting ')' in /shared/httpd/agrispesa/wp-content/themes/agrispesa/inc/admin.php alla riga 57

2023-04-07T06:08:56+00:00 CRITICAL syntax error, unexpected '}' in /shared/httpd/agrispesa/wp-content/themes/agrispesa/inc/admin.php alla riga 396

2023-04-07T06:12:42+00:00 CRITICAL Uncaught Error: Call to a member function get_product() on bool in /shared/httpd/agrispesa/wp-content/themes/agrispesa/inc/admin.php:2545
Stack trace:
#0 /shared/httpd/agrispesa/wp-includes/class-wp-hook.php(308): my_custom_submenu_page_callback('')
#1 /shared/httpd/agrispesa/wp-includes/class-wp-hook.php(332): WP_Hook->apply_filters('', Array)
#2 /shared/httpd/agrispesa/wp-includes/plugin.php(517): WP_Hook->do_action(Array)
#3 /shared/httpd/agrispesa/wp-admin/admin.php(259): do_action('toplevel_page_g...')
#4 {main}
  thrown in /shared/httpd/agrispesa/wp-content/themes/agrispesa/inc/admin.php alla riga 2545

2023-04-07T06:13:56+00:00 CRITICAL Uncaught Error: Call to a member function get_customer_id() on null in /shared/httpd/agrispesa/wp-content/themes/agrispesa/inc/admin.php:55
Stack trace:
#0 /shared/httpd/agrispesa/wp-content/themes/agrispesa/inc/admin.php(393): give_user_subscription(Object(WC_Product_Subscription_Variation), Object(WP_User))
#1 /shared/httpd/agrispesa/wp-includes/rest-api/class-wp-rest-server.php(1181): {closure}(Object(WP_REST_Request))
#2 /shared/httpd/agrispesa/wp-includes/rest-api/class-wp-rest-server.php(1028): WP_REST_Server->respond_to_request(Object(WP_REST_Request), '/agrispesa/v1/i...', Array, NULL)
#3 /shared/httpd/agrispesa/wp-includes/rest-api/class-wp-rest-server.php(442): WP_REST_Server->dispatch(Object(WP_REST_Request))
#4 /shared/httpd/agrispesa/wp-includes/rest-api.php(410): WP_REST_Server->serve_request('/agrispesa/v1/i...')
#5 /shared/httpd/agrispesa/wp-includes/class-wp-hook.php(308): rest_api_loaded(Object(WP))
#6 /shared/httpd/agrispesa/wp-includes/class-wp-hook.php(332): WP_Hook->apply_filters(NULL, A in /shared/httpd/agrispesa/wp-content/themes/agrispesa/inc/admin.php alla riga 55

