2023-01-23T15:45:51+00:00 CRITICAL Uncaught Error: Call to undefined method WC_Product_Simple::id() in /Users/nathalie/Sites/localhost/agrispesa/wp-content/themes/agrispesa/search.php:48
Stack trace:
#0 /Users/nathalie/Sites/localhost/agrispesa/wp-includes/template-loader.php(106): include()
#1 /Users/nathalie/Sites/localhost/agrispesa/wp-blog-header.php(19): require_once('/Users/nathalie...')
#2 /Users/nathalie/Sites/localhost/agrispesa/index.php(17): require('/Users/nathalie...')
#3 {main}
  thrown in /Users/nathalie/Sites/localhost/agrispesa/wp-content/themes/agrispesa/search.php alla riga 48

2023-01-23T15:51:36+00:00 CRITICAL Uncaught Error: Object of class WP_Term could not be converted to string in /Users/nathalie/Sites/localhost/agrispesa/wp-includes/taxonomy.php:1056
Stack trace:
#0 /Users/nathalie/Sites/localhost/agrispesa/wp-content/themes/agrispesa/search.php(31): get_term_by('slug', Object(WP_Term), 'product_cat')
#1 /Users/nathalie/Sites/localhost/agrispesa/wp-includes/template-loader.php(106): include('/Users/nathalie...')
#2 /Users/nathalie/Sites/localhost/agrispesa/wp-blog-header.php(19): require_once('/Users/nathalie...')
#3 /Users/nathalie/Sites/localhost/agrispesa/index.php(17): require('/Users/nathalie...')
#4 {main}
  thrown in /Users/nathalie/Sites/localhost/agrispesa/wp-includes/taxonomy.php alla riga 1056

2023-01-23T15:52:14+00:00 CRITICAL Uncaught Error: Object of class WP_Term could not be converted to string in /Users/nathalie/Sites/localhost/agrispesa/wp-includes/taxonomy.php:1056
Stack trace:
#0 /Users/nathalie/Sites/localhost/agrispesa/wp-content/themes/agrispesa/search.php(31): get_term_by('slug', Object(WP_Term), 'product_cat')
#1 /Users/nathalie/Sites/localhost/agrispesa/wp-includes/template-loader.php(106): include('/Users/nathalie...')
#2 /Users/nathalie/Sites/localhost/agrispesa/wp-blog-header.php(19): require_once('/Users/nathalie...')
#3 /Users/nathalie/Sites/localhost/agrispesa/index.php(17): require('/Users/nathalie...')
#4 {main}
  thrown in /Users/nathalie/Sites/localhost/agrispesa/wp-includes/taxonomy.php alla riga 1056

2023-01-23T15:52:31+00:00 CRITICAL Uncaught Error: Object of class WP_Term could not be converted to string in /Users/nathalie/Sites/localhost/agrispesa/wp-includes/taxonomy.php:1056
Stack trace:
#0 /Users/nathalie/Sites/localhost/agrispesa/wp-content/themes/agrispesa/search.php(31): get_term_by('slug', Object(WP_Term), 'product_cat')
#1 /Users/nathalie/Sites/localhost/agrispesa/wp-includes/template-loader.php(106): include('/Users/nathalie...')
#2 /Users/nathalie/Sites/localhost/agrispesa/wp-blog-header.php(19): require_once('/Users/nathalie...')
#3 /Users/nathalie/Sites/localhost/agrispesa/index.php(17): require('/Users/nathalie...')
#4 {main}
  thrown in /Users/nathalie/Sites/localhost/agrispesa/wp-includes/taxonomy.php alla riga 1056

2023-01-23T18:38:34+00:00 CRITICAL syntax error, unexpected 'if' (T_IF), expecting ':' in /Users/nathalie/Sites/localhost/agrispesa/wp-content/themes/agrispesa/woocommerce/single-product/related.php alla riga 55

2023-01-23T19:09:52+00:00 CRITICAL syntax error, unexpected '$catID' (T_VARIABLE) in /Users/nathalie/Sites/localhost/agrispesa/wp-content/themes/agrispesa/page-produttori.php alla riga 63

2023-01-23T19:18:19+00:00 CRITICAL syntax error, unexpected 'echo' (T_ECHO) in /Users/nathalie/Sites/localhost/agrispesa/wp-content/themes/agrispesa/page-produttori.php alla riga 64

2023-01-23T19:23:43+00:00 CRITICAL Uncaught Error: Object of class WP_Term could not be converted to string in /Users/nathalie/Sites/localhost/agrispesa/wp-content/themes/agrispesa/page-produttori.php:63
Stack trace:
#0 /Users/nathalie/Sites/localhost/agrispesa/wp-includes/template-loader.php(106): include()
#1 /Users/nathalie/Sites/localhost/agrispesa/wp-blog-header.php(19): require_once('/Users/nathalie...')
#2 /Users/nathalie/Sites/localhost/agrispesa/index.php(17): require('/Users/nathalie...')
#3 {main}
  thrown in /Users/nathalie/Sites/localhost/agrispesa/wp-content/themes/agrispesa/page-produttori.php alla riga 63

2023-01-23T19:23:55+00:00 CRITICAL Uncaught Error: Object of class WP_Term could not be converted to string in /Users/nathalie/Sites/localhost/agrispesa/wp-content/themes/agrispesa/page-produttori.php:63
Stack trace:
#0 /Users/nathalie/Sites/localhost/agrispesa/wp-includes/template-loader.php(106): include()
#1 /Users/nathalie/Sites/localhost/agrispesa/wp-blog-header.php(19): require_once('/Users/nathalie...')
#2 /Users/nathalie/Sites/localhost/agrispesa/index.php(17): require('/Users/nathalie...')
#3 {main}
  thrown in /Users/nathalie/Sites/localhost/agrispesa/wp-content/themes/agrispesa/page-produttori.php alla riga 63

2023-01-23T19:23:57+00:00 CRITICAL Uncaught Error: Object of class WP_Term could not be converted to string in /Users/nathalie/Sites/localhost/agrispesa/wp-content/themes/agrispesa/page-produttori.php:63
Stack trace:
#0 /Users/nathalie/Sites/localhost/agrispesa/wp-includes/template-loader.php(106): include()
#1 /Users/nathalie/Sites/localhost/agrispesa/wp-blog-header.php(19): require_once('/Users/nathalie...')
#2 /Users/nathalie/Sites/localhost/agrispesa/index.php(17): require('/Users/nathalie...')
#3 {main}
  thrown in /Users/nathalie/Sites/localhost/agrispesa/wp-content/themes/agrispesa/page-produttori.php alla riga 63

2023-01-23T19:24:02+00:00 CRITICAL Uncaught Error: Object of class WP_Term could not be converted to string in /Users/nathalie/Sites/localhost/agrispesa/wp-content/themes/agrispesa/page-produttori.php:63
Stack trace:
#0 /Users/nathalie/Sites/localhost/agrispesa/wp-includes/template-loader.php(106): include()
#1 /Users/nathalie/Sites/localhost/agrispesa/wp-blog-header.php(19): require_once('/Users/nathalie...')
#2 /Users/nathalie/Sites/localhost/agrispesa/index.php(17): require('/Users/nathalie...')
#3 {main}
  thrown in /Users/nathalie/Sites/localhost/agrispesa/wp-content/themes/agrispesa/page-produttori.php alla riga 63

2023-01-23T19:24:19+00:00 CRITICAL Uncaught Error: Object of class WP_Term could not be converted to string in /Users/nathalie/Sites/localhost/agrispesa/wp-content/themes/agrispesa/page-produttori.php:63
Stack trace:
#0 /Users/nathalie/Sites/localhost/agrispesa/wp-includes/template-loader.php(106): include()
#1 /Users/nathalie/Sites/localhost/agrispesa/wp-blog-header.php(19): require_once('/Users/nathalie...')
#2 /Users/nathalie/Sites/localhost/agrispesa/index.php(17): require('/Users/nathalie...')
#3 {main}
  thrown in /Users/nathalie/Sites/localhost/agrispesa/wp-content/themes/agrispesa/page-produttori.php alla riga 63

2023-01-23T19:24:27+00:00 CRITICAL Uncaught Error: Object of class WP_Term could not be converted to string in /Users/nathalie/Sites/localhost/agrispesa/wp-content/themes/agrispesa/page-produttori.php:63
Stack trace:
#0 /Users/nathalie/Sites/localhost/agrispesa/wp-includes/template-loader.php(106): include()
#1 /Users/nathalie/Sites/localhost/agrispesa/wp-blog-header.php(19): require_once('/Users/nathalie...')
#2 /Users/nathalie/Sites/localhost/agrispesa/index.php(17): require('/Users/nathalie...')
#3 {main}
  thrown in /Users/nathalie/Sites/localhost/agrispesa/wp-content/themes/agrispesa/page-produttori.php alla riga 63

2023-01-23T19:24:48+00:00 CRITICAL Uncaught Error: Object of class WP_Term could not be converted to string in /Users/nathalie/Sites/localhost/agrispesa/wp-content/themes/agrispesa/page-produttori.php:64
Stack trace:
#0 /Users/nathalie/Sites/localhost/agrispesa/wp-includes/template-loader.php(106): include()
#1 /Users/nathalie/Sites/localhost/agrispesa/wp-blog-header.php(19): require_once('/Users/nathalie...')
#2 /Users/nathalie/Sites/localhost/agrispesa/index.php(17): require('/Users/nathalie...')
#3 {main}
  thrown in /Users/nathalie/Sites/localhost/agrispesa/wp-content/themes/agrispesa/page-produttori.php alla riga 64

2023-01-23T19:25:22+00:00 CRITICAL Uncaught Error: Object of class WP_Term could not be converted to string in /Users/nathalie/Sites/localhost/agrispesa/wp-content/themes/agrispesa/page-produttori.php:64
Stack trace:
#0 /Users/nathalie/Sites/localhost/agrispesa/wp-includes/template-loader.php(106): include()
#1 /Users/nathalie/Sites/localhost/agrispesa/wp-blog-header.php(19): require_once('/Users/nathalie...')
#2 /Users/nathalie/Sites/localhost/agrispesa/index.php(17): require('/Users/nathalie...')
#3 {main}
  thrown in /Users/nathalie/Sites/localhost/agrispesa/wp-content/themes/agrispesa/page-produttori.php alla riga 64

