2023-02-25T11:57:31+00:00 CRITICAL Uncaught Error: Call to a member function get_sku() on null in /shared/httpd/agrispesa/wp-content/themes/agrispesa/inc/pdf/fabbisogno.php:227
Stack trace:
#0 /shared/httpd/agrispesa/wp-content/themes/agrispesa/inc/admin.php(2434): require_once()
#1 /shared/httpd/agrispesa/wp-includes/class-wp-hook.php(308): {closure}('')
#2 /shared/httpd/agrispesa/wp-includes/class-wp-hook.php(332): WP_Hook->apply_filters('', Array)
#3 /shared/httpd/agrispesa/wp-includes/plugin.php(517): WP_Hook->do_action(Array)
#4 /shared/httpd/agrispesa/wp-admin/admin.php(259): do_action('toplevel_page_e...')
#5 {main}
  thrown in /shared/httpd/agrispesa/wp-content/themes/agrispesa/inc/pdf/fabbisogno.php alla riga 227

2023-02-25T11:58:11+00:00 CRITICAL Uncaught Error: Cannot use object of type WC_Product_Simple as array in /shared/httpd/agrispesa/wp-content/themes/agrispesa/inc/pdf/fabbisogno.php:195
Stack trace:
#0 /shared/httpd/agrispesa/wp-content/themes/agrispesa/inc/admin.php(2434): require_once()
#1 /shared/httpd/agrispesa/wp-includes/class-wp-hook.php(308): {closure}('')
#2 /shared/httpd/agrispesa/wp-includes/class-wp-hook.php(332): WP_Hook->apply_filters('', Array)
#3 /shared/httpd/agrispesa/wp-includes/plugin.php(517): WP_Hook->do_action(Array)
#4 /shared/httpd/agrispesa/wp-admin/admin.php(259): do_action('toplevel_page_e...')
#5 {main}
  thrown in /shared/httpd/agrispesa/wp-content/themes/agrispesa/inc/pdf/fabbisogno.php alla riga 195

2023-02-25T11:59:40+00:00 CRITICAL Uncaught Error: Cannot use object of type WC_Product_Simple as array in /shared/httpd/agrispesa/wp-content/themes/agrispesa/inc/pdf/fabbisogno.php:195
Stack trace:
#0 /shared/httpd/agrispesa/wp-content/themes/agrispesa/inc/admin.php(2434): require_once()
#1 /shared/httpd/agrispesa/wp-includes/class-wp-hook.php(308): {closure}('')
#2 /shared/httpd/agrispesa/wp-includes/class-wp-hook.php(332): WP_Hook->apply_filters('', Array)
#3 /shared/httpd/agrispesa/wp-includes/plugin.php(517): WP_Hook->do_action(Array)
#4 /shared/httpd/agrispesa/wp-admin/admin.php(259): do_action('toplevel_page_e...')
#5 {main}
  thrown in /shared/httpd/agrispesa/wp-content/themes/agrispesa/inc/pdf/fabbisogno.php alla riga 195

2023-02-25T12:00:04+00:00 CRITICAL Uncaught Error: Call to a member function get_id() on array in /shared/httpd/agrispesa/wp-content/themes/agrispesa/inc/pdf/fabbisogno.php:198
Stack trace:
#0 /shared/httpd/agrispesa/wp-content/themes/agrispesa/inc/admin.php(2434): require_once()
#1 /shared/httpd/agrispesa/wp-includes/class-wp-hook.php(308): {closure}('')
#2 /shared/httpd/agrispesa/wp-includes/class-wp-hook.php(332): WP_Hook->apply_filters('', Array)
#3 /shared/httpd/agrispesa/wp-includes/plugin.php(517): WP_Hook->do_action(Array)
#4 /shared/httpd/agrispesa/wp-admin/admin.php(259): do_action('toplevel_page_e...')
#5 {main}
  thrown in /shared/httpd/agrispesa/wp-content/themes/agrispesa/inc/pdf/fabbisogno.php alla riga 198

2023-02-25T12:00:24+00:00 CRITICAL Uncaught Error: Call to a member function get_stock_quantity() on array in /shared/httpd/agrispesa/wp-content/themes/agrispesa/inc/pdf/fabbisogno.php:233
Stack trace:
#0 /shared/httpd/agrispesa/wp-content/themes/agrispesa/inc/admin.php(2434): require_once()
#1 /shared/httpd/agrispesa/wp-includes/class-wp-hook.php(308): {closure}('')
#2 /shared/httpd/agrispesa/wp-includes/class-wp-hook.php(332): WP_Hook->apply_filters('', Array)
#3 /shared/httpd/agrispesa/wp-includes/plugin.php(517): WP_Hook->do_action(Array)
#4 /shared/httpd/agrispesa/wp-admin/admin.php(259): do_action('toplevel_page_e...')
#5 {main}
  thrown in /shared/httpd/agrispesa/wp-content/themes/agrispesa/inc/pdf/fabbisogno.php alla riga 233

2023-02-25T12:24:31+00:00 CRITICAL Uncaught Error: Call to a member function get_id() on null in /shared/httpd/agrispesa/wp-content/themes/agrispesa/inc/pdf/prelievi_magazzino_cliente.php:101
Stack trace:
#0 /shared/httpd/agrispesa/wp-content/themes/agrispesa/inc/admin.php(2434): require_once()
#1 /shared/httpd/agrispesa/wp-includes/class-wp-hook.php(308): {closure}('')
#2 /shared/httpd/agrispesa/wp-includes/class-wp-hook.php(332): WP_Hook->apply_filters('', Array)
#3 /shared/httpd/agrispesa/wp-includes/plugin.php(517): WP_Hook->do_action(Array)
#4 /shared/httpd/agrispesa/wp-admin/admin.php(259): do_action('toplevel_page_e...')
#5 {main}
  thrown in /shared/httpd/agrispesa/wp-content/themes/agrispesa/inc/pdf/prelievi_magazzino_cliente.php alla riga 101

2023-02-25T12:34:31+00:00 CRITICAL Uncaught Error: Call to a member function get_name() on bool in /shared/httpd/agrispesa/wp-content/themes/agrispesa/inc/pdf/prelievi_magazzino_cliente.php:137
Stack trace:
#0 /shared/httpd/agrispesa/wp-content/themes/agrispesa/inc/admin.php(2434): require_once()
#1 /shared/httpd/agrispesa/wp-includes/class-wp-hook.php(308): {closure}('')
#2 /shared/httpd/agrispesa/wp-includes/class-wp-hook.php(332): WP_Hook->apply_filters('', Array)
#3 /shared/httpd/agrispesa/wp-includes/plugin.php(517): WP_Hook->do_action(Array)
#4 /shared/httpd/agrispesa/wp-admin/admin.php(259): do_action('toplevel_page_e...')
#5 {main}
  thrown in /shared/httpd/agrispesa/wp-content/themes/agrispesa/inc/pdf/prelievi_magazzino_cliente.php alla riga 137

2023-02-25T12:35:22+00:00 CRITICAL Uncaught Error: Call to a member function get_name() on bool in /shared/httpd/agrispesa/wp-content/themes/agrispesa/inc/pdf/prelievi_magazzino_cliente.php:137
Stack trace:
#0 /shared/httpd/agrispesa/wp-content/themes/agrispesa/inc/admin.php(2434): require_once()
#1 /shared/httpd/agrispesa/wp-includes/class-wp-hook.php(308): {closure}('')
#2 /shared/httpd/agrispesa/wp-includes/class-wp-hook.php(332): WP_Hook->apply_filters('', Array)
#3 /shared/httpd/agrispesa/wp-includes/plugin.php(517): WP_Hook->do_action(Array)
#4 /shared/httpd/agrispesa/wp-admin/admin.php(259): do_action('toplevel_page_e...')
#5 {main}
  thrown in /shared/httpd/agrispesa/wp-content/themes/agrispesa/inc/pdf/prelievi_magazzino_cliente.php alla riga 137

2023-02-25T12:43:26+00:00 CRITICAL Uncaught Error: Call to a member function get_items() on int in /shared/httpd/agrispesa/wp-content/themes/agrispesa/inc/admin.php:1004
Stack trace:
#0 /shared/httpd/agrispesa/wp-content/themes/agrispesa/inc/pdf/prelievi_magazzino_cliente.php(104): get_box_from_subscription(22457)
#1 /shared/httpd/agrispesa/wp-content/themes/agrispesa/inc/admin.php(2434): require_once('/shared/httpd/a...')
#2 /shared/httpd/agrispesa/wp-includes/class-wp-hook.php(308): {closure}('')
#3 /shared/httpd/agrispesa/wp-includes/class-wp-hook.php(332): WP_Hook->apply_filters('', Array)
#4 /shared/httpd/agrispesa/wp-includes/plugin.php(517): WP_Hook->do_action(Array)
#5 /shared/httpd/agrispesa/wp-admin/admin.php(259): do_action('toplevel_page_e...')
#6 {main}
  thrown in /shared/httpd/agrispesa/wp-content/themes/agrispesa/inc/admin.php alla riga 1004

