2023-03-31T08:06:48+00:00 CRITICAL syntax error, unexpected end of file in /Users/nathalie/Sites/localhost/agrispesa/wp-content/themes/agrispesa/inc/shop.php alla riga 697

2023-03-31T08:06:54+00:00 CRITICAL syntax error, unexpected end of file in /Users/nathalie/Sites/localhost/agrispesa/wp-content/themes/agrispesa/inc/shop.php alla riga 697

2023-03-31T08:06:57+00:00 CRITICAL syntax error, unexpected end of file in /Users/nathalie/Sites/localhost/agrispesa/wp-content/themes/agrispesa/inc/shop.php alla riga 697

2023-03-31T08:07:14+00:00 CRITICAL syntax error, unexpected end of file in /Users/nathalie/Sites/localhost/agrispesa/wp-content/themes/agrispesa/inc/shop.php alla riga 697

2023-03-31T08:09:19+00:00 CRITICAL syntax error, unexpected end of file in /Users/nathalie/Sites/localhost/agrispesa/wp-content/themes/agrispesa/inc/shop.php alla riga 697

2023-03-31T08:11:26+00:00 CRITICAL syntax error, unexpected end of file in /Users/nathalie/Sites/localhost/agrispesa/wp-content/themes/agrispesa/inc/shop.php alla riga 697

2023-03-31T08:13:06+00:00 CRITICAL Uncaught Error: Class 'PN_Calendar' not found in /Users/nathalie/Sites/localhost/agrispesa/wp-content/themes/agrispesa/woocommerce/myaccount/dashboard.php:51
Stack trace:
#0 /Users/nathalie/Sites/localhost/agrispesa/wp-content/plugins/woocommerce/includes/wc-core-functions.php(345): include()
#1 /Users/nathalie/Sites/localhost/agrispesa/wp-content/plugins/woocommerce/includes/wc-template-functions.php(3197): wc_get_template('myaccount/dashb...', Array)
#2 /Users/nathalie/Sites/localhost/agrispesa/wp-includes/class-wp-hook.php(308): woocommerce_account_content('')
#3 /Users/nathalie/Sites/localhost/agrispesa/wp-includes/class-wp-hook.php(332): WP_Hook->apply_filters(NULL, Array)
#4 /Users/nathalie/Sites/localhost/agrispesa/wp-includes/plugin.php(517): WP_Hook->do_action(Array)
#5 /Users/nathalie/Sites/localhost/agrispesa/wp-content/themes/agrispesa/woocommerce/myaccount/my-account.php(194): do_action('woocommerce_acc...')
#6 /Users/nathalie/Sites/localhost/agrispesa/wp-content/plugins/woocommerce/includes/wc-c in /Users/nathalie/Sites/localhost/agrispesa/wp-content/themes/agrispesa/woocommerce/myaccount/dashboard.php alla riga 51

2023-03-31T08:13:17+00:00 CRITICAL Uncaught Error: Class 'PN_Calendar' not found in /Users/nathalie/Sites/localhost/agrispesa/wp-content/themes/agrispesa/woocommerce/myaccount/dashboard.php:51
Stack trace:
#0 /Users/nathalie/Sites/localhost/agrispesa/wp-content/plugins/woocommerce/includes/wc-core-functions.php(345): include()
#1 /Users/nathalie/Sites/localhost/agrispesa/wp-content/plugins/woocommerce/includes/wc-template-functions.php(3197): wc_get_template('myaccount/dashb...', Array)
#2 /Users/nathalie/Sites/localhost/agrispesa/wp-includes/class-wp-hook.php(308): woocommerce_account_content('')
#3 /Users/nathalie/Sites/localhost/agrispesa/wp-includes/class-wp-hook.php(332): WP_Hook->apply_filters(NULL, Array)
#4 /Users/nathalie/Sites/localhost/agrispesa/wp-includes/plugin.php(517): WP_Hook->do_action(Array)
#5 /Users/nathalie/Sites/localhost/agrispesa/wp-content/themes/agrispesa/woocommerce/myaccount/my-account.php(194): do_action('woocommerce_acc...')
#6 /Users/nathalie/Sites/localhost/agrispesa/wp-content/plugins/woocommerce/includes/wc-c in /Users/nathalie/Sites/localhost/agrispesa/wp-content/themes/agrispesa/woocommerce/myaccount/dashboard.php alla riga 51

2023-03-31T08:13:33+00:00 CRITICAL Uncaught Error: Class 'PN_Calendar' not found in /Users/nathalie/Sites/localhost/agrispesa/wp-content/themes/agrispesa/woocommerce/myaccount/dashboard.php:51
Stack trace:
#0 /Users/nathalie/Sites/localhost/agrispesa/wp-content/plugins/woocommerce/includes/wc-core-functions.php(345): include()
#1 /Users/nathalie/Sites/localhost/agrispesa/wp-content/plugins/woocommerce/includes/wc-template-functions.php(3197): wc_get_template('myaccount/dashb...', Array)
#2 /Users/nathalie/Sites/localhost/agrispesa/wp-includes/class-wp-hook.php(308): woocommerce_account_content('')
#3 /Users/nathalie/Sites/localhost/agrispesa/wp-includes/class-wp-hook.php(332): WP_Hook->apply_filters(NULL, Array)
#4 /Users/nathalie/Sites/localhost/agrispesa/wp-includes/plugin.php(517): WP_Hook->do_action(Array)
#5 /Users/nathalie/Sites/localhost/agrispesa/wp-content/themes/agrispesa/woocommerce/myaccount/my-account.php(194): do_action('woocommerce_acc...')
#6 /Users/nathalie/Sites/localhost/agrispesa/wp-content/plugins/woocommerce/includes/wc-c in /Users/nathalie/Sites/localhost/agrispesa/wp-content/themes/agrispesa/woocommerce/myaccount/dashboard.php alla riga 51

2023-03-31T08:14:31+00:00 CRITICAL Uncaught Error: Class 'Calendar' not found in /Users/nathalie/Sites/localhost/agrispesa/wp-content/themes/agrispesa/woocommerce/myaccount/dashboard.php:51
Stack trace:
#0 /Users/nathalie/Sites/localhost/agrispesa/wp-content/plugins/woocommerce/includes/wc-core-functions.php(345): include()
#1 /Users/nathalie/Sites/localhost/agrispesa/wp-content/plugins/woocommerce/includes/wc-template-functions.php(3197): wc_get_template('myaccount/dashb...', Array)
#2 /Users/nathalie/Sites/localhost/agrispesa/wp-includes/class-wp-hook.php(308): woocommerce_account_content('')
#3 /Users/nathalie/Sites/localhost/agrispesa/wp-includes/class-wp-hook.php(332): WP_Hook->apply_filters(NULL, Array)
#4 /Users/nathalie/Sites/localhost/agrispesa/wp-includes/plugin.php(517): WP_Hook->do_action(Array)
#5 /Users/nathalie/Sites/localhost/agrispesa/wp-content/themes/agrispesa/woocommerce/myaccount/my-account.php(194): do_action('woocommerce_acc...')
#6 /Users/nathalie/Sites/localhost/agrispesa/wp-content/plugins/woocommerce/includes/wc-core in /Users/nathalie/Sites/localhost/agrispesa/wp-content/themes/agrispesa/woocommerce/myaccount/dashboard.php alla riga 51

2023-03-31T08:14:48+00:00 CRITICAL Uncaught Error: Class 'Calendar' not found in /Users/nathalie/Sites/localhost/agrispesa/wp-content/themes/agrispesa/woocommerce/myaccount/dashboard.php:51
Stack trace:
#0 /Users/nathalie/Sites/localhost/agrispesa/wp-content/plugins/woocommerce/includes/wc-core-functions.php(345): include()
#1 /Users/nathalie/Sites/localhost/agrispesa/wp-content/plugins/woocommerce/includes/wc-template-functions.php(3197): wc_get_template('myaccount/dashb...', Array)
#2 /Users/nathalie/Sites/localhost/agrispesa/wp-includes/class-wp-hook.php(308): woocommerce_account_content('')
#3 /Users/nathalie/Sites/localhost/agrispesa/wp-includes/class-wp-hook.php(332): WP_Hook->apply_filters(NULL, Array)
#4 /Users/nathalie/Sites/localhost/agrispesa/wp-includes/plugin.php(517): WP_Hook->do_action(Array)
#5 /Users/nathalie/Sites/localhost/agrispesa/wp-content/themes/agrispesa/woocommerce/myaccount/my-account.php(194): do_action('woocommerce_acc...')
#6 /Users/nathalie/Sites/localhost/agrispesa/wp-content/plugins/woocommerce/includes/wc-core in /Users/nathalie/Sites/localhost/agrispesa/wp-content/themes/agrispesa/woocommerce/myaccount/dashboard.php alla riga 51

2023-03-31T11:57:41+00:00 CRITICAL syntax error, unexpected '{', expecting ':' in /Users/nathalie/Sites/localhost/agrispesa/wp-content/themes/agrispesa/woocommerce/myaccount/dashboard.php alla riga 73

