2023-01-20T17:59:18+00:00 CRITICAL syntax error, unexpected '$get_product_cat_ID' (T_VARIABLE), expecting ';' or ',' in /Users/nathalie/Sites/localhost/agrispesa/wp-content/themes/agrispesa/woocommerce/archive-product.php alla riga 110

2023-01-20T17:59:51+00:00 CRITICAL syntax error, unexpected '$get_product_cat_ID' (T_VARIABLE), expecting ';' or ',' in /Users/nathalie/Sites/localhost/agrispesa/wp-content/themes/agrispesa/woocommerce/archive-product.php alla riga 110

2023-01-20T17:59:54+00:00 CRITICAL syntax error, unexpected '$get_product_cat_ID' (T_VARIABLE), expecting ';' or ',' in /Users/nathalie/Sites/localhost/agrispesa/wp-content/themes/agrispesa/woocommerce/archive-product.php alla riga 110

2023-01-20T18:03:53+00:00 CRITICAL Uncaught Error: Object of class WP_Term could not be converted to string in /Users/nathalie/Sites/localhost/agrispesa/wp-content/themes/agrispesa/woocommerce/archive-product.php:109
Stack trace:
#0 /Users/nathalie/Sites/localhost/agrispesa/wp-includes/template-loader.php(106): include()
#1 /Users/nathalie/Sites/localhost/agrispesa/wp-blog-header.php(19): require_once('/Users/nathalie...')
#2 /Users/nathalie/Sites/localhost/agrispesa/index.php(17): require('/Users/nathalie...')
#3 {main}
  thrown in /Users/nathalie/Sites/localhost/agrispesa/wp-content/themes/agrispesa/woocommerce/archive-product.php alla riga 109

2023-01-20T18:04:36+00:00 CRITICAL Uncaught Error: Cannot use object of type WP_Term as array in /Users/nathalie/Sites/localhost/agrispesa/wp-content/themes/agrispesa/woocommerce/archive-product.php:111
Stack trace:
#0 /Users/nathalie/Sites/localhost/agrispesa/wp-includes/template-loader.php(106): include()
#1 /Users/nathalie/Sites/localhost/agrispesa/wp-blog-header.php(19): require_once('/Users/nathalie...')
#2 /Users/nathalie/Sites/localhost/agrispesa/index.php(17): require('/Users/nathalie...')
#3 {main}
  thrown in /Users/nathalie/Sites/localhost/agrispesa/wp-content/themes/agrispesa/woocommerce/archive-product.php alla riga 111

2023-01-20T18:04:49+00:00 CRITICAL Uncaught Error: Cannot use object of type WP_Term as array in /Users/nathalie/Sites/localhost/agrispesa/wp-content/themes/agrispesa/woocommerce/archive-product.php:111
Stack trace:
#0 /Users/nathalie/Sites/localhost/agrispesa/wp-includes/template-loader.php(106): include()
#1 /Users/nathalie/Sites/localhost/agrispesa/wp-blog-header.php(19): require_once('/Users/nathalie...')
#2 /Users/nathalie/Sites/localhost/agrispesa/index.php(17): require('/Users/nathalie...')
#3 {main}
  thrown in /Users/nathalie/Sites/localhost/agrispesa/wp-content/themes/agrispesa/woocommerce/archive-product.php alla riga 111

2023-01-20T18:04:52+00:00 CRITICAL Uncaught Error: Cannot use object of type WP_Term as array in /Users/nathalie/Sites/localhost/agrispesa/wp-content/themes/agrispesa/woocommerce/archive-product.php:111
Stack trace:
#0 /Users/nathalie/Sites/localhost/agrispesa/wp-includes/template-loader.php(106): include()
#1 /Users/nathalie/Sites/localhost/agrispesa/wp-blog-header.php(19): require_once('/Users/nathalie...')
#2 /Users/nathalie/Sites/localhost/agrispesa/index.php(17): require('/Users/nathalie...')
#3 {main}
  thrown in /Users/nathalie/Sites/localhost/agrispesa/wp-content/themes/agrispesa/woocommerce/archive-product.php alla riga 111

2023-01-20T18:04:57+00:00 CRITICAL Uncaught Error: Cannot use object of type WP_Term as array in /Users/nathalie/Sites/localhost/agrispesa/wp-content/themes/agrispesa/woocommerce/archive-product.php:111
Stack trace:
#0 /Users/nathalie/Sites/localhost/agrispesa/wp-includes/template-loader.php(106): include()
#1 /Users/nathalie/Sites/localhost/agrispesa/wp-blog-header.php(19): require_once('/Users/nathalie...')
#2 /Users/nathalie/Sites/localhost/agrispesa/index.php(17): require('/Users/nathalie...')
#3 {main}
  thrown in /Users/nathalie/Sites/localhost/agrispesa/wp-content/themes/agrispesa/woocommerce/archive-product.php alla riga 111

2023-01-20T18:05:05+00:00 CRITICAL Uncaught Error: Cannot use object of type WP_Term as array in /Users/nathalie/Sites/localhost/agrispesa/wp-content/themes/agrispesa/woocommerce/archive-product.php:111
Stack trace:
#0 /Users/nathalie/Sites/localhost/agrispesa/wp-includes/template-loader.php(106): include()
#1 /Users/nathalie/Sites/localhost/agrispesa/wp-blog-header.php(19): require_once('/Users/nathalie...')
#2 /Users/nathalie/Sites/localhost/agrispesa/index.php(17): require('/Users/nathalie...')
#3 {main}
  thrown in /Users/nathalie/Sites/localhost/agrispesa/wp-content/themes/agrispesa/woocommerce/archive-product.php alla riga 111

2023-01-20T18:05:12+00:00 CRITICAL Uncaught Error: Cannot use object of type WP_Term as array in /Users/nathalie/Sites/localhost/agrispesa/wp-content/themes/agrispesa/woocommerce/archive-product.php:111
Stack trace:
#0 /Users/nathalie/Sites/localhost/agrispesa/wp-includes/template-loader.php(106): include()
#1 /Users/nathalie/Sites/localhost/agrispesa/wp-blog-header.php(19): require_once('/Users/nathalie...')
#2 /Users/nathalie/Sites/localhost/agrispesa/index.php(17): require('/Users/nathalie...')
#3 {main}
  thrown in /Users/nathalie/Sites/localhost/agrispesa/wp-content/themes/agrispesa/woocommerce/archive-product.php alla riga 111

2023-01-20T18:05:14+00:00 CRITICAL Uncaught Error: Cannot use object of type WP_Term as array in /Users/nathalie/Sites/localhost/agrispesa/wp-content/themes/agrispesa/woocommerce/archive-product.php:111
Stack trace:
#0 /Users/nathalie/Sites/localhost/agrispesa/wp-includes/template-loader.php(106): include()
#1 /Users/nathalie/Sites/localhost/agrispesa/wp-blog-header.php(19): require_once('/Users/nathalie...')
#2 /Users/nathalie/Sites/localhost/agrispesa/index.php(17): require('/Users/nathalie...')
#3 {main}
  thrown in /Users/nathalie/Sites/localhost/agrispesa/wp-content/themes/agrispesa/woocommerce/archive-product.php alla riga 111

2023-01-20T18:05:33+00:00 CRITICAL Uncaught Error: Cannot use object of type WP_Term as array in /Users/nathalie/Sites/localhost/agrispesa/wp-content/themes/agrispesa/woocommerce/archive-product.php:111
Stack trace:
#0 /Users/nathalie/Sites/localhost/agrispesa/wp-includes/template-loader.php(106): include()
#1 /Users/nathalie/Sites/localhost/agrispesa/wp-blog-header.php(19): require_once('/Users/nathalie...')
#2 /Users/nathalie/Sites/localhost/agrispesa/index.php(17): require('/Users/nathalie...')
#3 {main}
  thrown in /Users/nathalie/Sites/localhost/agrispesa/wp-content/themes/agrispesa/woocommerce/archive-product.php alla riga 111

2023-01-20T18:05:34+00:00 CRITICAL Uncaught Error: Cannot use object of type WP_Term as array in /Users/nathalie/Sites/localhost/agrispesa/wp-content/themes/agrispesa/woocommerce/archive-product.php:111
Stack trace:
#0 /Users/nathalie/Sites/localhost/agrispesa/wp-includes/template-loader.php(106): include()
#1 /Users/nathalie/Sites/localhost/agrispesa/wp-blog-header.php(19): require_once('/Users/nathalie...')
#2 /Users/nathalie/Sites/localhost/agrispesa/index.php(17): require('/Users/nathalie...')
#3 {main}
  thrown in /Users/nathalie/Sites/localhost/agrispesa/wp-content/themes/agrispesa/woocommerce/archive-product.php alla riga 111

2023-01-20T18:05:37+00:00 CRITICAL Uncaught Error: Cannot use object of type WP_Term as array in /Users/nathalie/Sites/localhost/agrispesa/wp-content/themes/agrispesa/woocommerce/archive-product.php:111
Stack trace:
#0 /Users/nathalie/Sites/localhost/agrispesa/wp-includes/template-loader.php(106): include()
#1 /Users/nathalie/Sites/localhost/agrispesa/wp-blog-header.php(19): require_once('/Users/nathalie...')
#2 /Users/nathalie/Sites/localhost/agrispesa/index.php(17): require('/Users/nathalie...')
#3 {main}
  thrown in /Users/nathalie/Sites/localhost/agrispesa/wp-content/themes/agrispesa/woocommerce/archive-product.php alla riga 111

2023-01-20T18:05:47+00:00 CRITICAL Uncaught Error: Cannot use object of type WP_Term as array in /Users/nathalie/Sites/localhost/agrispesa/wp-content/themes/agrispesa/woocommerce/archive-product.php:111
Stack trace:
#0 /Users/nathalie/Sites/localhost/agrispesa/wp-includes/template-loader.php(106): include()
#1 /Users/nathalie/Sites/localhost/agrispesa/wp-blog-header.php(19): require_once('/Users/nathalie...')
#2 /Users/nathalie/Sites/localhost/agrispesa/index.php(17): require('/Users/nathalie...')
#3 {main}
  thrown in /Users/nathalie/Sites/localhost/agrispesa/wp-content/themes/agrispesa/woocommerce/archive-product.php alla riga 111

2023-01-20T18:05:49+00:00 CRITICAL Uncaught Error: Cannot use object of type WP_Term as array in /Users/nathalie/Sites/localhost/agrispesa/wp-content/themes/agrispesa/woocommerce/archive-product.php:111
Stack trace:
#0 /Users/nathalie/Sites/localhost/agrispesa/wp-includes/template-loader.php(106): include()
#1 /Users/nathalie/Sites/localhost/agrispesa/wp-blog-header.php(19): require_once('/Users/nathalie...')
#2 /Users/nathalie/Sites/localhost/agrispesa/index.php(17): require('/Users/nathalie...')
#3 {main}
  thrown in /Users/nathalie/Sites/localhost/agrispesa/wp-content/themes/agrispesa/woocommerce/archive-product.php alla riga 111

2023-01-20T18:23:08+00:00 CRITICAL Uncaught Error: Call to undefined function category_has_children() in /Users/nathalie/Sites/localhost/agrispesa/wp-content/themes/agrispesa/woocommerce/archive-product.php:107
Stack trace:
#0 /Users/nathalie/Sites/localhost/agrispesa/wp-content/plugins/woocommerce/includes/wc-core-functions.php(345): include()
#1 /Users/nathalie/Sites/localhost/agrispesa/wp-content/plugins/woocommerce/templates/taxonomy-product-cat.php(22): wc_get_template('archive-product...')
#2 /Users/nathalie/Sites/localhost/agrispesa/wp-includes/template-loader.php(106): include('/Users/nathalie...')
#3 /Users/nathalie/Sites/localhost/agrispesa/wp-blog-header.php(19): require_once('/Users/nathalie...')
#4 /Users/nathalie/Sites/localhost/agrispesa/index.php(17): require('/Users/nathalie...')
#5 {main}
  thrown in /Users/nathalie/Sites/localhost/agrispesa/wp-content/themes/agrispesa/woocommerce/archive-product.php alla riga 107

2023-01-20T18:42:25+00:00 CRITICAL syntax error, unexpected 'endwhile' (T_ENDWHILE) in /Users/nathalie/Sites/localhost/agrispesa/wp-content/themes/agrispesa/woocommerce/archive-product.php alla riga 158

2023-01-20T18:42:39+00:00 CRITICAL syntax error, unexpected '}' in /Users/nathalie/Sites/localhost/agrispesa/wp-content/themes/agrispesa/woocommerce/archive-product.php alla riga 160

2023-01-20T18:42:48+00:00 CRITICAL syntax error, unexpected end of file in /Users/nathalie/Sites/localhost/agrispesa/wp-content/themes/agrispesa/woocommerce/archive-product.php alla riga 198

2023-01-20T18:43:01+00:00 CRITICAL syntax error, unexpected '}' in /Users/nathalie/Sites/localhost/agrispesa/wp-content/themes/agrispesa/woocommerce/archive-product.php alla riga 161

