2023-01-17T09:15:53+00:00 CRITICAL Uncaught Error: Call to a member function get_price_html() on null in /Users/nathalie/Sites/localhost/agrispesa/wp-content/themes/agrispesa/single.php:68
Stack trace:
#0 /Users/nathalie/Sites/localhost/agrispesa/wp-includes/template-loader.php(106): include()
#1 /Users/nathalie/Sites/localhost/agrispesa/wp-blog-header.php(19): require_once('/Users/nathalie...')
#2 /Users/nathalie/Sites/localhost/agrispesa/index.php(17): require('/Users/nathalie...')
#3 {main}
  thrown in /Users/nathalie/Sites/localhost/agrispesa/wp-content/themes/agrispesa/single.php alla riga 68

2023-01-17T09:17:44+00:00 CRITICAL Uncaught Error: Call to a member function has_weight() on null in /Users/nathalie/Sites/localhost/agrispesa/wp-content/themes/agrispesa/single.php:60
Stack trace:
#0 /Users/nathalie/Sites/localhost/agrispesa/wp-includes/template-loader.php(106): include()
#1 /Users/nathalie/Sites/localhost/agrispesa/wp-blog-header.php(19): require_once('/Users/nathalie...')
#2 /Users/nathalie/Sites/localhost/agrispesa/index.php(17): require('/Users/nathalie...')
#3 {main}
  thrown in /Users/nathalie/Sites/localhost/agrispesa/wp-content/themes/agrispesa/single.php alla riga 60

2023-01-17T09:18:10+00:00 CRITICAL Uncaught Error: Call to a member function has_weight() on null in /Users/nathalie/Sites/localhost/agrispesa/wp-content/themes/agrispesa/single.php:60
Stack trace:
#0 /Users/nathalie/Sites/localhost/agrispesa/wp-includes/template-loader.php(106): include()
#1 /Users/nathalie/Sites/localhost/agrispesa/wp-blog-header.php(19): require_once('/Users/nathalie...')
#2 /Users/nathalie/Sites/localhost/agrispesa/index.php(17): require('/Users/nathalie...')
#3 {main}
  thrown in /Users/nathalie/Sites/localhost/agrispesa/wp-content/themes/agrispesa/single.php alla riga 60

2023-01-17T09:18:24+00:00 CRITICAL Uncaught Error: Call to a member function has_weight() on null in /Users/nathalie/Sites/localhost/agrispesa/wp-content/themes/agrispesa/single.php:60
Stack trace:
#0 /Users/nathalie/Sites/localhost/agrispesa/wp-includes/template-loader.php(106): include()
#1 /Users/nathalie/Sites/localhost/agrispesa/wp-blog-header.php(19): require_once('/Users/nathalie...')
#2 /Users/nathalie/Sites/localhost/agrispesa/index.php(17): require('/Users/nathalie...')
#3 {main}
  thrown in /Users/nathalie/Sites/localhost/agrispesa/wp-content/themes/agrispesa/single.php alla riga 60

