2023-02-07T11:37:54+00:00 CRITICAL Uncaught Error: Call to undefined function my_wc_mini_cart_content() in /Users/nathalie/Sites/localhost/agrispesa/wp-content/themes/agrispesa/header.php:99
Stack trace:
#0 /Users/nathalie/Sites/localhost/agrispesa/wp-includes/template.php(783): require_once()
#1 /Users/nathalie/Sites/localhost/agrispesa/wp-includes/template.php(718): load_template('/Users/nathalie...', true, Array)
#2 /Users/nathalie/Sites/localhost/agrispesa/wp-includes/general-template.php(48): locate_template(Array, true, true, Array)
#3 /Users/nathalie/Sites/localhost/agrispesa/wp-content/themes/agrispesa/woocommerce/archive-product.php(20): get_header('shop')
#4 /Users/nathalie/Sites/localhost/agrispesa/wp-content/plugins/woocommerce/includes/wc-core-functions.php(345): include('/Users/nathalie...')
#5 /Users/nathalie/Sites/localhost/agrispesa/wp-content/plugins/woocommerce/templates/taxonomy-product-cat.php(22): wc_get_template('archive-product...')
#6 /Users/nathalie/Sites/localhost/agrispesa/wp-includes/template-loader.php(106): inclu in /Users/nathalie/Sites/localhost/agrispesa/wp-content/themes/agrispesa/header.php alla riga 99

2023-02-07T11:37:54+00:00 CRITICAL Uncaught Error: Call to undefined function my_wc_mini_cart_content() in /Users/nathalie/Sites/localhost/agrispesa/wp-content/themes/agrispesa/header.php:99
Stack trace:
#0 /Users/nathalie/Sites/localhost/agrispesa/wp-includes/template.php(783): require_once()
#1 /Users/nathalie/Sites/localhost/agrispesa/wp-includes/template.php(718): load_template('/Users/nathalie...', true, Array)
#2 /Users/nathalie/Sites/localhost/agrispesa/wp-includes/general-template.php(48): locate_template(Array, true, true, Array)
#3 /Users/nathalie/Sites/localhost/agrispesa/wp-content/themes/agrispesa/woocommerce/archive-product.php(20): get_header('shop')
#4 /Users/nathalie/Sites/localhost/agrispesa/wp-content/plugins/woocommerce/includes/wc-core-functions.php(345): include('/Users/nathalie...')
#5 /Users/nathalie/Sites/localhost/agrispesa/wp-content/plugins/woocommerce/templates/taxonomy-product-cat.php(22): wc_get_template('archive-product...')
#6 /Users/nathalie/Sites/localhost/agrispesa/wp-includes/template-loader.php(106): inclu in /Users/nathalie/Sites/localhost/agrispesa/wp-content/themes/agrispesa/header.php alla riga 99

2023-02-07T11:38:04+00:00 CRITICAL Uncaught Error: Call to undefined function my_wc_mini_cart_content() in /Users/nathalie/Sites/localhost/agrispesa/wp-content/themes/agrispesa/header.php:99
Stack trace:
#0 /Users/nathalie/Sites/localhost/agrispesa/wp-includes/template.php(783): require_once()
#1 /Users/nathalie/Sites/localhost/agrispesa/wp-includes/template.php(718): load_template('/Users/nathalie...', true, Array)
#2 /Users/nathalie/Sites/localhost/agrispesa/wp-includes/general-template.php(48): locate_template(Array, true, true, Array)
#3 /Users/nathalie/Sites/localhost/agrispesa/wp-content/themes/agrispesa/woocommerce/archive-product.php(20): get_header('shop')
#4 /Users/nathalie/Sites/localhost/agrispesa/wp-content/plugins/woocommerce/includes/wc-core-functions.php(345): include('/Users/nathalie...')
#5 /Users/nathalie/Sites/localhost/agrispesa/wp-content/plugins/woocommerce/templates/taxonomy-product-cat.php(22): wc_get_template('archive-product...')
#6 /Users/nathalie/Sites/localhost/agrispesa/wp-includes/template-loader.php(106): inclu in /Users/nathalie/Sites/localhost/agrispesa/wp-content/themes/agrispesa/header.php alla riga 99

2023-02-07T18:55:09+00:00 CRITICAL Uncaught Error: Call to undefined method WC_Product_Simple::get_parent_data() in /Users/nathalie/Sites/localhost/agrispesa/wp-content/themes/agrispesa/woocommerce/cart/mini-cart.php:41
Stack trace:
#0 /Users/nathalie/Sites/localhost/agrispesa/wp-content/plugins/woocommerce/includes/wc-core-functions.php(345): include()
#1 /Users/nathalie/Sites/localhost/agrispesa/wp-content/plugins/woocommerce/includes/wc-template-functions.php(2241): wc_get_template('cart/mini-cart....', Array)
#2 /Users/nathalie/Sites/localhost/agrispesa/wp-content/themes/agrispesa/header.php(99): woocommerce_mini_cart()
#3 /Users/nathalie/Sites/localhost/agrispesa/wp-includes/template.php(783): require_once('/Users/nathalie...')
#4 /Users/nathalie/Sites/localhost/agrispesa/wp-includes/template.php(718): load_template('/Users/nathalie...', true, Array)
#5 /Users/nathalie/Sites/localhost/agrispesa/wp-includes/general-template.php(48): locate_template(Array, true, true, Array)
#6 /Users/nathalie/Sites/localhost/agrispesa/wp-content/themes/agr in /Users/nathalie/Sites/localhost/agrispesa/wp-content/themes/agrispesa/woocommerce/cart/mini-cart.php alla riga 41

2023-02-07T18:55:19+00:00 CRITICAL Uncaught Error: Call to undefined method WC_Product_Simple::get_parent_data() in /Users/nathalie/Sites/localhost/agrispesa/wp-content/themes/agrispesa/woocommerce/cart/mini-cart.php:41
Stack trace:
#0 /Users/nathalie/Sites/localhost/agrispesa/wp-content/plugins/woocommerce/includes/wc-core-functions.php(345): include()
#1 /Users/nathalie/Sites/localhost/agrispesa/wp-content/plugins/woocommerce/includes/wc-template-functions.php(2241): wc_get_template('cart/mini-cart....', Array)
#2 /Users/nathalie/Sites/localhost/agrispesa/wp-content/themes/agrispesa/header.php(99): woocommerce_mini_cart()
#3 /Users/nathalie/Sites/localhost/agrispesa/wp-includes/template.php(783): require_once('/Users/nathalie...')
#4 /Users/nathalie/Sites/localhost/agrispesa/wp-includes/template.php(718): load_template('/Users/nathalie...', true, Array)
#5 /Users/nathalie/Sites/localhost/agrispesa/wp-includes/general-template.php(48): locate_template(Array, true, true, Array)
#6 /Users/nathalie/Sites/localhost/agrispesa/wp-content/themes/agr in /Users/nathalie/Sites/localhost/agrispesa/wp-content/themes/agrispesa/woocommerce/cart/mini-cart.php alla riga 41

2023-02-07T18:55:37+00:00 CRITICAL Uncaught Error: Call to undefined method WC_Product_Simple::get_parent_data() in /Users/nathalie/Sites/localhost/agrispesa/wp-content/themes/agrispesa/woocommerce/cart/mini-cart.php:41
Stack trace:
#0 /Users/nathalie/Sites/localhost/agrispesa/wp-content/plugins/woocommerce/includes/wc-core-functions.php(345): include()
#1 /Users/nathalie/Sites/localhost/agrispesa/wp-content/plugins/woocommerce/includes/wc-template-functions.php(2241): wc_get_template('cart/mini-cart....', Array)
#2 /Users/nathalie/Sites/localhost/agrispesa/wp-content/themes/agrispesa/header.php(99): woocommerce_mini_cart()
#3 /Users/nathalie/Sites/localhost/agrispesa/wp-includes/template.php(783): require_once('/Users/nathalie...')
#4 /Users/nathalie/Sites/localhost/agrispesa/wp-includes/template.php(718): load_template('/Users/nathalie...', true, Array)
#5 /Users/nathalie/Sites/localhost/agrispesa/wp-includes/general-template.php(48): locate_template(Array, true, true, Array)
#6 /Users/nathalie/Sites/localhost/agrispesa/wp-content/themes/agr in /Users/nathalie/Sites/localhost/agrispesa/wp-content/themes/agrispesa/woocommerce/cart/mini-cart.php alla riga 41

2023-02-07T18:55:45+00:00 CRITICAL Uncaught Error: Call to undefined method WC_Product_Simple::get_parent_data() in /Users/nathalie/Sites/localhost/agrispesa/wp-content/themes/agrispesa/woocommerce/cart/mini-cart.php:41
Stack trace:
#0 /Users/nathalie/Sites/localhost/agrispesa/wp-content/plugins/woocommerce/includes/wc-core-functions.php(345): include()
#1 /Users/nathalie/Sites/localhost/agrispesa/wp-content/plugins/woocommerce/includes/wc-template-functions.php(2241): wc_get_template('cart/mini-cart....', Array)
#2 /Users/nathalie/Sites/localhost/agrispesa/wp-content/themes/agrispesa/header.php(99): woocommerce_mini_cart()
#3 /Users/nathalie/Sites/localhost/agrispesa/wp-includes/template.php(783): require_once('/Users/nathalie...')
#4 /Users/nathalie/Sites/localhost/agrispesa/wp-includes/template.php(718): load_template('/Users/nathalie...', true, Array)
#5 /Users/nathalie/Sites/localhost/agrispesa/wp-includes/general-template.php(48): locate_template(Array, true, true, Array)
#6 /Users/nathalie/Sites/localhost/agrispesa/wp-content/themes/agr in /Users/nathalie/Sites/localhost/agrispesa/wp-content/themes/agrispesa/woocommerce/cart/mini-cart.php alla riga 41

2023-02-07T18:56:06+00:00 CRITICAL Uncaught Error: Call to undefined method WC_Product_Simple::get_parent_data() in /Users/nathalie/Sites/localhost/agrispesa/wp-content/themes/agrispesa/woocommerce/cart/mini-cart.php:41
Stack trace:
#0 /Users/nathalie/Sites/localhost/agrispesa/wp-content/plugins/woocommerce/includes/wc-core-functions.php(345): include()
#1 /Users/nathalie/Sites/localhost/agrispesa/wp-content/plugins/woocommerce/includes/wc-template-functions.php(2241): wc_get_template('cart/mini-cart....', Array)
#2 /Users/nathalie/Sites/localhost/agrispesa/wp-content/themes/agrispesa/header.php(99): woocommerce_mini_cart()
#3 /Users/nathalie/Sites/localhost/agrispesa/wp-includes/template.php(783): require_once('/Users/nathalie...')
#4 /Users/nathalie/Sites/localhost/agrispesa/wp-includes/template.php(718): load_template('/Users/nathalie...', true, Array)
#5 /Users/nathalie/Sites/localhost/agrispesa/wp-includes/general-template.php(48): locate_template(Array, true, true, Array)
#6 /Users/nathalie/Sites/localhost/agrispesa/wp-content/themes/agr in /Users/nathalie/Sites/localhost/agrispesa/wp-content/themes/agrispesa/woocommerce/cart/mini-cart.php alla riga 41

2023-02-07T18:56:08+00:00 CRITICAL Uncaught Error: Call to undefined method WC_Product_Simple::get_parent_data() in /Users/nathalie/Sites/localhost/agrispesa/wp-content/themes/agrispesa/woocommerce/cart/mini-cart.php:41
Stack trace:
#0 /Users/nathalie/Sites/localhost/agrispesa/wp-content/plugins/woocommerce/includes/wc-core-functions.php(345): include()
#1 /Users/nathalie/Sites/localhost/agrispesa/wp-content/plugins/woocommerce/includes/wc-template-functions.php(2241): wc_get_template('cart/mini-cart....', Array)
#2 /Users/nathalie/Sites/localhost/agrispesa/wp-content/themes/agrispesa/header.php(99): woocommerce_mini_cart()
#3 /Users/nathalie/Sites/localhost/agrispesa/wp-includes/template.php(783): require_once('/Users/nathalie...')
#4 /Users/nathalie/Sites/localhost/agrispesa/wp-includes/template.php(718): load_template('/Users/nathalie...', true, Array)
#5 /Users/nathalie/Sites/localhost/agrispesa/wp-includes/general-template.php(48): locate_template(Array, true, true, Array)
#6 /Users/nathalie/Sites/localhost/agrispesa/wp-content/themes/agr in /Users/nathalie/Sites/localhost/agrispesa/wp-content/themes/agrispesa/woocommerce/cart/mini-cart.php alla riga 41

2023-02-07T18:56:10+00:00 CRITICAL Uncaught Error: Call to undefined method WC_Product_Simple::get_parent_data() in /Users/nathalie/Sites/localhost/agrispesa/wp-content/themes/agrispesa/woocommerce/cart/mini-cart.php:41
Stack trace:
#0 /Users/nathalie/Sites/localhost/agrispesa/wp-content/plugins/woocommerce/includes/wc-core-functions.php(345): include()
#1 /Users/nathalie/Sites/localhost/agrispesa/wp-content/plugins/woocommerce/includes/wc-template-functions.php(2241): wc_get_template('cart/mini-cart....', Array)
#2 /Users/nathalie/Sites/localhost/agrispesa/wp-content/themes/agrispesa/header.php(99): woocommerce_mini_cart()
#3 /Users/nathalie/Sites/localhost/agrispesa/wp-includes/template.php(783): require_once('/Users/nathalie...')
#4 /Users/nathalie/Sites/localhost/agrispesa/wp-includes/template.php(718): load_template('/Users/nathalie...', true, Array)
#5 /Users/nathalie/Sites/localhost/agrispesa/wp-includes/general-template.php(48): locate_template(Array, true, true, Array)
#6 /Users/nathalie/Sites/localhost/agrispesa/wp-content/themes/agr in /Users/nathalie/Sites/localhost/agrispesa/wp-content/themes/agrispesa/woocommerce/cart/mini-cart.php alla riga 41

2023-02-07T18:56:28+00:00 CRITICAL Uncaught Error: Call to undefined method WC_Product_Simple::get_parent_data() in /Users/nathalie/Sites/localhost/agrispesa/wp-content/themes/agrispesa/woocommerce/cart/mini-cart.php:41
Stack trace:
#0 /Users/nathalie/Sites/localhost/agrispesa/wp-content/plugins/woocommerce/includes/wc-core-functions.php(345): include()
#1 /Users/nathalie/Sites/localhost/agrispesa/wp-content/plugins/woocommerce/includes/wc-template-functions.php(2241): wc_get_template('cart/mini-cart....', Array)
#2 /Users/nathalie/Sites/localhost/agrispesa/wp-content/themes/agrispesa/header.php(99): woocommerce_mini_cart()
#3 /Users/nathalie/Sites/localhost/agrispesa/wp-includes/template.php(783): require_once('/Users/nathalie...')
#4 /Users/nathalie/Sites/localhost/agrispesa/wp-includes/template.php(718): load_template('/Users/nathalie...', true, Array)
#5 /Users/nathalie/Sites/localhost/agrispesa/wp-includes/general-template.php(48): locate_template(Array, true, true, Array)
#6 /Users/nathalie/Sites/localhost/agrispesa/wp-content/themes/agr in /Users/nathalie/Sites/localhost/agrispesa/wp-content/themes/agrispesa/woocommerce/cart/mini-cart.php alla riga 41

2023-02-07T18:56:30+00:00 CRITICAL Uncaught Error: Call to undefined method WC_Product_Simple::get_parent_data() in /Users/nathalie/Sites/localhost/agrispesa/wp-content/themes/agrispesa/woocommerce/cart/mini-cart.php:41
Stack trace:
#0 /Users/nathalie/Sites/localhost/agrispesa/wp-content/plugins/woocommerce/includes/wc-core-functions.php(345): include()
#1 /Users/nathalie/Sites/localhost/agrispesa/wp-content/plugins/woocommerce/includes/wc-template-functions.php(2241): wc_get_template('cart/mini-cart....', Array)
#2 /Users/nathalie/Sites/localhost/agrispesa/wp-content/themes/agrispesa/header.php(99): woocommerce_mini_cart()
#3 /Users/nathalie/Sites/localhost/agrispesa/wp-includes/template.php(783): require_once('/Users/nathalie...')
#4 /Users/nathalie/Sites/localhost/agrispesa/wp-includes/template.php(718): load_template('/Users/nathalie...', true, Array)
#5 /Users/nathalie/Sites/localhost/agrispesa/wp-includes/general-template.php(48): locate_template(Array, true, true, Array)
#6 /Users/nathalie/Sites/localhost/agrispesa/wp-content/themes/agr in /Users/nathalie/Sites/localhost/agrispesa/wp-content/themes/agrispesa/woocommerce/cart/mini-cart.php alla riga 41

2023-02-07T18:56:38+00:00 CRITICAL Uncaught Error: Call to undefined method WC_Product_Simple::get_parent_data() in /Users/nathalie/Sites/localhost/agrispesa/wp-content/themes/agrispesa/woocommerce/cart/mini-cart.php:41
Stack trace:
#0 /Users/nathalie/Sites/localhost/agrispesa/wp-content/plugins/woocommerce/includes/wc-core-functions.php(345): include()
#1 /Users/nathalie/Sites/localhost/agrispesa/wp-content/plugins/woocommerce/includes/wc-template-functions.php(2241): wc_get_template('cart/mini-cart....', Array)
#2 /Users/nathalie/Sites/localhost/agrispesa/wp-content/themes/agrispesa/header.php(99): woocommerce_mini_cart()
#3 /Users/nathalie/Sites/localhost/agrispesa/wp-includes/template.php(783): require_once('/Users/nathalie...')
#4 /Users/nathalie/Sites/localhost/agrispesa/wp-includes/template.php(718): load_template('/Users/nathalie...', true, Array)
#5 /Users/nathalie/Sites/localhost/agrispesa/wp-includes/general-template.php(48): locate_template(Array, true, true, Array)
#6 /Users/nathalie/Sites/localhost/agrispesa/wp-content/themes/agr in /Users/nathalie/Sites/localhost/agrispesa/wp-content/themes/agrispesa/woocommerce/cart/mini-cart.php alla riga 41

2023-02-07T18:56:41+00:00 CRITICAL Uncaught Error: Call to undefined method WC_Product_Simple::get_parent_data() in /Users/nathalie/Sites/localhost/agrispesa/wp-content/themes/agrispesa/woocommerce/cart/mini-cart.php:41
Stack trace:
#0 /Users/nathalie/Sites/localhost/agrispesa/wp-content/plugins/woocommerce/includes/wc-core-functions.php(345): include()
#1 /Users/nathalie/Sites/localhost/agrispesa/wp-content/plugins/woocommerce/includes/wc-template-functions.php(2241): wc_get_template('cart/mini-cart....', Array)
#2 /Users/nathalie/Sites/localhost/agrispesa/wp-content/themes/agrispesa/header.php(99): woocommerce_mini_cart()
#3 /Users/nathalie/Sites/localhost/agrispesa/wp-includes/template.php(783): require_once('/Users/nathalie...')
#4 /Users/nathalie/Sites/localhost/agrispesa/wp-includes/template.php(718): load_template('/Users/nathalie...', true, Array)
#5 /Users/nathalie/Sites/localhost/agrispesa/wp-includes/general-template.php(48): locate_template(Array, true, true, Array)
#6 /Users/nathalie/Sites/localhost/agrispesa/wp-content/themes/agr in /Users/nathalie/Sites/localhost/agrispesa/wp-content/themes/agrispesa/woocommerce/cart/mini-cart.php alla riga 41

2023-02-07T18:58:21+00:00 CRITICAL Uncaught Error: Call to undefined method WC_Product_Simple::get_parent_data() in /Users/nathalie/Sites/localhost/agrispesa/wp-content/themes/agrispesa/woocommerce/cart/mini-cart.php:41
Stack trace:
#0 /Users/nathalie/Sites/localhost/agrispesa/wp-content/plugins/woocommerce/includes/wc-core-functions.php(345): include()
#1 /Users/nathalie/Sites/localhost/agrispesa/wp-content/plugins/woocommerce/includes/wc-template-functions.php(2241): wc_get_template('cart/mini-cart....', Array)
#2 /Users/nathalie/Sites/localhost/agrispesa/wp-content/themes/agrispesa/header.php(99): woocommerce_mini_cart()
#3 /Users/nathalie/Sites/localhost/agrispesa/wp-includes/template.php(783): require_once('/Users/nathalie...')
#4 /Users/nathalie/Sites/localhost/agrispesa/wp-includes/template.php(718): load_template('/Users/nathalie...', true, Array)
#5 /Users/nathalie/Sites/localhost/agrispesa/wp-includes/general-template.php(48): locate_template(Array, true, true, Array)
#6 /Users/nathalie/Sites/localhost/agrispesa/wp-content/themes/agr in /Users/nathalie/Sites/localhost/agrispesa/wp-content/themes/agrispesa/woocommerce/cart/mini-cart.php alla riga 41

2023-02-07T18:59:10+00:00 CRITICAL Uncaught Error: Call to undefined method WC_Product_Simple::get_parent_data() in /Users/nathalie/Sites/localhost/agrispesa/wp-content/themes/agrispesa/woocommerce/cart/mini-cart.php:41
Stack trace:
#0 /Users/nathalie/Sites/localhost/agrispesa/wp-content/plugins/woocommerce/includes/wc-core-functions.php(345): include()
#1 /Users/nathalie/Sites/localhost/agrispesa/wp-content/plugins/woocommerce/includes/wc-template-functions.php(2241): wc_get_template('cart/mini-cart....', Array)
#2 /Users/nathalie/Sites/localhost/agrispesa/wp-content/themes/agrispesa/header.php(99): woocommerce_mini_cart()
#3 /Users/nathalie/Sites/localhost/agrispesa/wp-includes/template.php(783): require_once('/Users/nathalie...')
#4 /Users/nathalie/Sites/localhost/agrispesa/wp-includes/template.php(718): load_template('/Users/nathalie...', true, Array)
#5 /Users/nathalie/Sites/localhost/agrispesa/wp-includes/general-template.php(48): locate_template(Array, true, true, Array)
#6 /Users/nathalie/Sites/localhost/agrispesa/wp-content/themes/agr in /Users/nathalie/Sites/localhost/agrispesa/wp-content/themes/agrispesa/woocommerce/cart/mini-cart.php alla riga 41

2023-02-07T18:59:13+00:00 CRITICAL Uncaught Error: Call to undefined method WC_Product_Simple::get_parent_data() in /Users/nathalie/Sites/localhost/agrispesa/wp-content/themes/agrispesa/woocommerce/cart/mini-cart.php:41
Stack trace:
#0 /Users/nathalie/Sites/localhost/agrispesa/wp-content/plugins/woocommerce/includes/wc-core-functions.php(345): include()
#1 /Users/nathalie/Sites/localhost/agrispesa/wp-content/plugins/woocommerce/includes/wc-template-functions.php(2241): wc_get_template('cart/mini-cart....', Array)
#2 /Users/nathalie/Sites/localhost/agrispesa/wp-content/themes/agrispesa/header.php(99): woocommerce_mini_cart()
#3 /Users/nathalie/Sites/localhost/agrispesa/wp-includes/template.php(783): require_once('/Users/nathalie...')
#4 /Users/nathalie/Sites/localhost/agrispesa/wp-includes/template.php(718): load_template('/Users/nathalie...', true, Array)
#5 /Users/nathalie/Sites/localhost/agrispesa/wp-includes/general-template.php(48): locate_template(Array, true, true, Array)
#6 /Users/nathalie/Sites/localhost/agrispesa/wp-content/themes/agr in /Users/nathalie/Sites/localhost/agrispesa/wp-content/themes/agrispesa/woocommerce/cart/mini-cart.php alla riga 41

