2023-03-06T08:48:08+00:00 CRITICAL syntax error, unexpected 'if' (T_IF), expecting ';' or ',' in /Users/nathalie/Sites/localhost/agrispesa/wp-content/themes/agrispesa/inc/admin.php alla riga 2227

2023-03-06T08:48:09+00:00 CRITICAL syntax error, unexpected 'if' (T_IF), expecting ';' or ',' in /Users/nathalie/Sites/localhost/agrispesa/wp-content/themes/agrispesa/inc/admin.php alla riga 2227

2023-03-06T08:48:23+00:00 CRITICAL Uncaught Error: Object of class WP_Query could not be converted to string in /Users/nathalie/Sites/localhost/agrispesa/wp-content/themes/agrispesa/inc/admin.php:2225
Stack trace:
#0 /Users/nathalie/Sites/localhost/agrispesa/wp-includes/class-wp-hook.php(308): {closure}('')
#1 /Users/nathalie/Sites/localhost/agrispesa/wp-includes/class-wp-hook.php(332): WP_Hook->apply_filters('', Array)
#2 /Users/nathalie/Sites/localhost/agrispesa/wp-includes/plugin.php(517): WP_Hook->do_action(Array)
#3 /Users/nathalie/Sites/localhost/agrispesa/wp-admin/admin.php(259): do_action('toplevel_page_b...')
#4 {main}
  thrown in /Users/nathalie/Sites/localhost/agrispesa/wp-content/themes/agrispesa/inc/admin.php alla riga 2225

2023-03-06T08:48:35+00:00 CRITICAL Uncaught Error: Object of class WP_Query could not be converted to string in /Users/nathalie/Sites/localhost/agrispesa/wp-content/themes/agrispesa/inc/admin.php:2225
Stack trace:
#0 /Users/nathalie/Sites/localhost/agrispesa/wp-includes/class-wp-hook.php(308): {closure}('')
#1 /Users/nathalie/Sites/localhost/agrispesa/wp-includes/class-wp-hook.php(332): WP_Hook->apply_filters('', Array)
#2 /Users/nathalie/Sites/localhost/agrispesa/wp-includes/plugin.php(517): WP_Hook->do_action(Array)
#3 /Users/nathalie/Sites/localhost/agrispesa/wp-admin/admin.php(259): do_action('toplevel_page_b...')
#4 {main}
  thrown in /Users/nathalie/Sites/localhost/agrispesa/wp-content/themes/agrispesa/inc/admin.php alla riga 2225

2023-03-06T08:48:39+00:00 CRITICAL Uncaught Error: Object of class WP_Query could not be converted to string in /Users/nathalie/Sites/localhost/agrispesa/wp-content/themes/agrispesa/inc/admin.php:2225
Stack trace:
#0 /Users/nathalie/Sites/localhost/agrispesa/wp-includes/class-wp-hook.php(308): {closure}('')
#1 /Users/nathalie/Sites/localhost/agrispesa/wp-includes/class-wp-hook.php(332): WP_Hook->apply_filters('', Array)
#2 /Users/nathalie/Sites/localhost/agrispesa/wp-includes/plugin.php(517): WP_Hook->do_action(Array)
#3 /Users/nathalie/Sites/localhost/agrispesa/wp-admin/admin.php(259): do_action('toplevel_page_b...')
#4 {main}
  thrown in /Users/nathalie/Sites/localhost/agrispesa/wp-content/themes/agrispesa/inc/admin.php alla riga 2225

2023-03-06T08:48:46+00:00 CRITICAL Uncaught Error: Object of class WP_Query could not be converted to string in /Users/nathalie/Sites/localhost/agrispesa/wp-content/themes/agrispesa/inc/admin.php:2225
Stack trace:
#0 /Users/nathalie/Sites/localhost/agrispesa/wp-includes/class-wp-hook.php(308): {closure}('')
#1 /Users/nathalie/Sites/localhost/agrispesa/wp-includes/class-wp-hook.php(332): WP_Hook->apply_filters('', Array)
#2 /Users/nathalie/Sites/localhost/agrispesa/wp-includes/plugin.php(517): WP_Hook->do_action(Array)
#3 /Users/nathalie/Sites/localhost/agrispesa/wp-admin/admin.php(259): do_action('toplevel_page_b...')
#4 {main}
  thrown in /Users/nathalie/Sites/localhost/agrispesa/wp-content/themes/agrispesa/inc/admin.php alla riga 2225

2023-03-06T08:49:15+00:00 CRITICAL Uncaught Error: Object of class WP_Query could not be converted to string in /Users/nathalie/Sites/localhost/agrispesa/wp-content/themes/agrispesa/inc/admin.php:2225
Stack trace:
#0 /Users/nathalie/Sites/localhost/agrispesa/wp-includes/class-wp-hook.php(308): {closure}('')
#1 /Users/nathalie/Sites/localhost/agrispesa/wp-includes/class-wp-hook.php(332): WP_Hook->apply_filters('', Array)
#2 /Users/nathalie/Sites/localhost/agrispesa/wp-includes/plugin.php(517): WP_Hook->do_action(Array)
#3 /Users/nathalie/Sites/localhost/agrispesa/wp-admin/admin.php(259): do_action('toplevel_page_b...')
#4 {main}
  thrown in /Users/nathalie/Sites/localhost/agrispesa/wp-content/themes/agrispesa/inc/admin.php alla riga 2225

2023-03-06T09:38:18+00:00 CRITICAL syntax error, unexpected ''product_price'' (T_CONSTANT_ENCAPSED_STRING), expecting ']' in /Users/nathalie/Sites/localhost/agrispesa/wp-content/themes/agrispesa/inc/admin.php alla riga 401

2023-03-06T09:38:22+00:00 CRITICAL syntax error, unexpected ''product_price'' (T_CONSTANT_ENCAPSED_STRING), expecting ']' in /Users/nathalie/Sites/localhost/agrispesa/wp-content/themes/agrispesa/inc/admin.php alla riga 401

2023-03-06T09:44:29+00:00 CRITICAL Uncaught Error: Call to a member function format() on string in /Users/nathalie/Sites/localhost/agrispesa/wp-content/themes/agrispesa/inc/admin.php:2522
Stack trace:
#0 /Users/nathalie/Sites/localhost/agrispesa/wp-includes/class-wp-hook.php(308): {closure}('')
#1 /Users/nathalie/Sites/localhost/agrispesa/wp-includes/class-wp-hook.php(332): WP_Hook->apply_filters('', Array)
#2 /Users/nathalie/Sites/localhost/agrispesa/wp-includes/plugin.php(517): WP_Hook->do_action(Array)
#3 /Users/nathalie/Sites/localhost/agrispesa/wp-admin/admin.php(259): do_action('toplevel_page_b...')
#4 {main}
  thrown in /Users/nathalie/Sites/localhost/agrispesa/wp-content/themes/agrispesa/inc/admin.php alla riga 2522

