2023-03-14T13:04:26+00:00 CRITICAL Uncaught Error: Call to undefined method WC_Cart::wc_get_cart_url() in /Users/nathalie/Sites/localhost/agrispesa/wp-content/themes/agrispesa/inc/shop.php:184
Stack trace:
#0 /Users/nathalie/Sites/localhost/agrispesa/wp-includes/class-wp-hook.php(310): my_custom_add_to_cart_redirect('http://localhos...')
#1 /Users/nathalie/Sites/localhost/agrispesa/wp-includes/plugin.php(205): WP_Hook->apply_filters('http://localhos...', Array)
#2 /Users/nathalie/Sites/localhost/agrispesa/wp-content/plugins/woocommerce/includes/class-wc-frontend-scripts.php(579): apply_filters('woocommerce_add...', 'http://localhos...', NULL)
#3 /Users/nathalie/Sites/localhost/agrispesa/wp-content/plugins/woocommerce/includes/class-wc-frontend-scripts.php(466): WC_Frontend_Scripts::get_script_data('wc-add-to-cart')
#4 /Users/nathalie/Sites/localhost/agrispesa/wp-content/plugins/woocommerce/includes/class-wc-frontend-scripts.php(633): WC_Frontend_Scripts::localize_script('wc-add-to-cart')
#5 /Users/nathalie/Sites/localhost/agrispesa/wp-includes in /Users/nathalie/Sites/localhost/agrispesa/wp-content/themes/agrispesa/inc/shop.php alla riga 184

2023-03-14T13:04:51+00:00 CRITICAL Uncaught Error: Call to undefined method WC_Cart::wc_get_cart_url() in /Users/nathalie/Sites/localhost/agrispesa/wp-content/themes/agrispesa/inc/shop.php:184
Stack trace:
#0 /Users/nathalie/Sites/localhost/agrispesa/wp-includes/class-wp-hook.php(310): my_custom_add_to_cart_redirect('http://localhos...')
#1 /Users/nathalie/Sites/localhost/agrispesa/wp-includes/plugin.php(205): WP_Hook->apply_filters('http://localhos...', Array)
#2 /Users/nathalie/Sites/localhost/agrispesa/wp-content/plugins/woocommerce/includes/class-wc-frontend-scripts.php(579): apply_filters('woocommerce_add...', 'http://localhos...', NULL)
#3 /Users/nathalie/Sites/localhost/agrispesa/wp-content/plugins/woocommerce/includes/class-wc-frontend-scripts.php(466): WC_Frontend_Scripts::get_script_data('wc-add-to-cart')
#4 /Users/nathalie/Sites/localhost/agrispesa/wp-content/plugins/woocommerce/includes/class-wc-frontend-scripts.php(633): WC_Frontend_Scripts::localize_script('wc-add-to-cart')
#5 /Users/nathalie/Sites/localhost/agrispesa/wp-includes in /Users/nathalie/Sites/localhost/agrispesa/wp-content/themes/agrispesa/inc/shop.php alla riga 184

2023-03-14T13:04:53+00:00 CRITICAL Uncaught Error: Call to undefined method WC_Cart::wc_get_cart_url() in /Users/nathalie/Sites/localhost/agrispesa/wp-content/themes/agrispesa/inc/shop.php:184
Stack trace:
#0 /Users/nathalie/Sites/localhost/agrispesa/wp-includes/class-wp-hook.php(310): my_custom_add_to_cart_redirect('http://localhos...')
#1 /Users/nathalie/Sites/localhost/agrispesa/wp-includes/plugin.php(205): WP_Hook->apply_filters('http://localhos...', Array)
#2 /Users/nathalie/Sites/localhost/agrispesa/wp-content/plugins/woocommerce/includes/class-wc-frontend-scripts.php(579): apply_filters('woocommerce_add...', 'http://localhos...', NULL)
#3 /Users/nathalie/Sites/localhost/agrispesa/wp-content/plugins/woocommerce/includes/class-wc-frontend-scripts.php(466): WC_Frontend_Scripts::get_script_data('wc-add-to-cart')
#4 /Users/nathalie/Sites/localhost/agrispesa/wp-content/plugins/woocommerce/includes/class-wc-frontend-scripts.php(633): WC_Frontend_Scripts::localize_script('wc-add-to-cart')
#5 /Users/nathalie/Sites/localhost/agrispesa/wp-includes in /Users/nathalie/Sites/localhost/agrispesa/wp-content/themes/agrispesa/inc/shop.php alla riga 184

2023-03-14T13:05:05+00:00 CRITICAL Uncaught Error: Call to undefined method WC_Cart::wc_get_cart_url() in /Users/nathalie/Sites/localhost/agrispesa/wp-content/themes/agrispesa/inc/shop.php:184
Stack trace:
#0 /Users/nathalie/Sites/localhost/agrispesa/wp-includes/class-wp-hook.php(310): my_custom_add_to_cart_redirect('http://localhos...')
#1 /Users/nathalie/Sites/localhost/agrispesa/wp-includes/plugin.php(205): WP_Hook->apply_filters('http://localhos...', Array)
#2 /Users/nathalie/Sites/localhost/agrispesa/wp-content/plugins/woocommerce/includes/class-wc-frontend-scripts.php(579): apply_filters('woocommerce_add...', 'http://localhos...', NULL)
#3 /Users/nathalie/Sites/localhost/agrispesa/wp-content/plugins/woocommerce/includes/class-wc-frontend-scripts.php(466): WC_Frontend_Scripts::get_script_data('wc-add-to-cart')
#4 /Users/nathalie/Sites/localhost/agrispesa/wp-content/plugins/woocommerce/includes/class-wc-frontend-scripts.php(633): WC_Frontend_Scripts::localize_script('wc-add-to-cart')
#5 /Users/nathalie/Sites/localhost/agrispesa/wp-includes in /Users/nathalie/Sites/localhost/agrispesa/wp-content/themes/agrispesa/inc/shop.php alla riga 184

2023-03-14T13:05:25+00:00 CRITICAL Uncaught Error: Call to undefined method WC_Cart::wc_get_cart_url() in /Users/nathalie/Sites/localhost/agrispesa/wp-content/themes/agrispesa/inc/shop.php:184
Stack trace:
#0 /Users/nathalie/Sites/localhost/agrispesa/wp-includes/class-wp-hook.php(310): my_custom_add_to_cart_redirect('http://localhos...')
#1 /Users/nathalie/Sites/localhost/agrispesa/wp-includes/plugin.php(205): WP_Hook->apply_filters('http://localhos...', Array)
#2 /Users/nathalie/Sites/localhost/agrispesa/wp-content/plugins/woocommerce/includes/class-wc-frontend-scripts.php(579): apply_filters('woocommerce_add...', 'http://localhos...', NULL)
#3 /Users/nathalie/Sites/localhost/agrispesa/wp-content/plugins/woocommerce/includes/class-wc-frontend-scripts.php(466): WC_Frontend_Scripts::get_script_data('wc-add-to-cart')
#4 /Users/nathalie/Sites/localhost/agrispesa/wp-content/plugins/woocommerce/includes/class-wc-frontend-scripts.php(633): WC_Frontend_Scripts::localize_script('wc-add-to-cart')
#5 /Users/nathalie/Sites/localhost/agrispesa/wp-includes in /Users/nathalie/Sites/localhost/agrispesa/wp-content/themes/agrispesa/inc/shop.php alla riga 184

