2023-01-10T20:20:39+00:00 CRITICAL Uncaught Error: Call to undefined function get_json_params() in /shared/httpd/agrispesa/wp-content/themes/agrispesa/inc/admin.php:12
Stack trace:
#0 /shared/httpd/agrispesa/wp-includes/rest-api/class-wp-rest-server.php(1171): {closure}(Object(WP_REST_Request))
#1 /shared/httpd/agrispesa/wp-includes/rest-api/class-wp-rest-server.php(1018): WP_REST_Server->respond_to_request(Object(WP_REST_Request), '/agrispesa/v1/w...', Array, NULL)
#2 /shared/httpd/agrispesa/wp-includes/rest-api/class-wp-rest-server.php(442): WP_REST_Server->dispatch(Object(WP_REST_Request))
#3 /shared/httpd/agrispesa/wp-includes/rest-api.php(410): WP_REST_Server->serve_request('/agrispesa/v1/w...')
#4 /shared/httpd/agrispesa/wp-includes/class-wp-hook.php(308): rest_api_loaded(Object(WP))
#5 /shared/httpd/agrispesa/wp-includes/class-wp-hook.php(332): WP_Hook->apply_filters(NULL, Array)
#6 /shared/httpd/agrispesa/wp-includes/plugin.php(565): WP_Hook->do_action(Array)
#7 /shared/httpd/agrispesa/wp-includes/class-wp.php(399): do_action_ref_array in /shared/httpd/agrispesa/wp-content/themes/agrispesa/inc/admin.php alla riga 12

2023-01-10T20:21:07+00:00 CRITICAL Uncaught Error: Cannot access protected property WP_REST_Request::$params in /shared/httpd/agrispesa/wp-content/themes/agrispesa/inc/admin.php:12
Stack trace:
#0 /shared/httpd/agrispesa/wp-includes/rest-api/class-wp-rest-server.php(1171): {closure}(Object(WP_REST_Request))
#1 /shared/httpd/agrispesa/wp-includes/rest-api/class-wp-rest-server.php(1018): WP_REST_Server->respond_to_request(Object(WP_REST_Request), '/agrispesa/v1/w...', Array, NULL)
#2 /shared/httpd/agrispesa/wp-includes/rest-api/class-wp-rest-server.php(442): WP_REST_Server->dispatch(Object(WP_REST_Request))
#3 /shared/httpd/agrispesa/wp-includes/rest-api.php(410): WP_REST_Server->serve_request('/agrispesa/v1/w...')
#4 /shared/httpd/agrispesa/wp-includes/class-wp-hook.php(308): rest_api_loaded(Object(WP))
#5 /shared/httpd/agrispesa/wp-includes/class-wp-hook.php(332): WP_Hook->apply_filters(NULL, Array)
#6 /shared/httpd/agrispesa/wp-includes/plugin.php(565): WP_Hook->do_action(Array)
#7 /shared/httpd/agrispesa/wp-includes/class-wp.php(399): do_act in /shared/httpd/agrispesa/wp-content/themes/agrispesa/inc/admin.php alla riga 12

2023-01-10T20:21:37+00:00 CRITICAL Uncaught Error: Using $this when not in object context in /shared/httpd/agrispesa/wp-includes/rest-api/class-wp-rest-request.php:652
Stack trace:
#0 /shared/httpd/agrispesa/wp-content/themes/agrispesa/inc/admin.php(12): WP_REST_Request::get_json_params()
#1 /shared/httpd/agrispesa/wp-includes/rest-api/class-wp-rest-server.php(1171): {closure}(Object(WP_REST_Request))
#2 /shared/httpd/agrispesa/wp-includes/rest-api/class-wp-rest-server.php(1018): WP_REST_Server->respond_to_request(Object(WP_REST_Request), '/agrispesa/v1/w...', Array, NULL)
#3 /shared/httpd/agrispesa/wp-includes/rest-api/class-wp-rest-server.php(442): WP_REST_Server->dispatch(Object(WP_REST_Request))
#4 /shared/httpd/agrispesa/wp-includes/rest-api.php(410): WP_REST_Server->serve_request('/agrispesa/v1/w...')
#5 /shared/httpd/agrispesa/wp-includes/class-wp-hook.php(308): rest_api_loaded(Object(WP))
#6 /shared/httpd/agrispesa/wp-includes/class-wp-hook.php(332): WP_Hook->apply_filters(NULL, Array)
#7 /shared/httpd/agrispesa/wp-includes/plugin.php( in /shared/httpd/agrispesa/wp-includes/rest-api/class-wp-rest-request.php alla riga 652

2023-01-10T20:45:23+00:00 CRITICAL Uncaught ArgumentCountError: Too few arguments to function delete_post_meta(), 1 passed in /shared/httpd/agrispesa/wp-content/themes/agrispesa/inc/admin.php on line 641 and at least 2 expected in /shared/httpd/agrispesa/wp-includes/post.php:2463
Stack trace:
#0 /shared/httpd/agrispesa/wp-content/themes/agrispesa/inc/admin.php(641): delete_post_meta('50')
#1 /shared/httpd/agrispesa/wp-includes/class-wp-hook.php(308): {closure}('')
#2 /shared/httpd/agrispesa/wp-includes/class-wp-hook.php(332): WP_Hook->apply_filters('', Array)
#3 /shared/httpd/agrispesa/wp-includes/plugin.php(517): WP_Hook->do_action(Array)
#4 /shared/httpd/agrispesa/wp-admin/admin.php(259): do_action('toplevel_page_b...')
#5 {main}
  thrown in /shared/httpd/agrispesa/wp-includes/post.php alla riga 2463

2023-01-10T20:45:34+00:00 CRITICAL Uncaught ArgumentCountError: Too few arguments to function delete_post_meta(), 1 passed in /shared/httpd/agrispesa/wp-content/themes/agrispesa/inc/admin.php on line 641 and at least 2 expected in /shared/httpd/agrispesa/wp-includes/post.php:2463
Stack trace:
#0 /shared/httpd/agrispesa/wp-content/themes/agrispesa/inc/admin.php(641): delete_post_meta('50')
#1 /shared/httpd/agrispesa/wp-includes/class-wp-hook.php(308): {closure}('')
#2 /shared/httpd/agrispesa/wp-includes/class-wp-hook.php(332): WP_Hook->apply_filters('', Array)
#3 /shared/httpd/agrispesa/wp-includes/plugin.php(517): WP_Hook->do_action(Array)
#4 /shared/httpd/agrispesa/wp-admin/admin.php(259): do_action('toplevel_page_b...')
#5 {main}
  thrown in /shared/httpd/agrispesa/wp-includes/post.php alla riga 2463

2023-01-10T20:56:22+00:00 CRITICAL Uncaught ArgumentCountError: Too few arguments to function delete_post_meta(), 1 passed in /shared/httpd/agrispesa/wp-content/themes/agrispesa/inc/admin.php on line 641 and at least 2 expected in /shared/httpd/agrispesa/wp-includes/post.php:2463
Stack trace:
#0 /shared/httpd/agrispesa/wp-content/themes/agrispesa/inc/admin.php(641): delete_post_meta('237')
#1 /shared/httpd/agrispesa/wp-includes/class-wp-hook.php(308): {closure}('')
#2 /shared/httpd/agrispesa/wp-includes/class-wp-hook.php(332): WP_Hook->apply_filters('', Array)
#3 /shared/httpd/agrispesa/wp-includes/plugin.php(517): WP_Hook->do_action(Array)
#4 /shared/httpd/agrispesa/wp-admin/admin.php(259): do_action('toplevel_page_b...')
#5 {main}
  thrown in /shared/httpd/agrispesa/wp-includes/post.php alla riga 2463

2023-01-10T21:08:24+00:00 CRITICAL Uncaught Error: Call to a member function get_data() on bool in /shared/httpd/agrispesa/wp-content/themes/agrispesa/inc/admin.php:142
Stack trace:
#0 /shared/httpd/agrispesa/wp-content/themes/agrispesa/inc/admin.php(239): create_order_from_subscription('227')
#1 /shared/httpd/agrispesa/wp-includes/class-wp-hook.php(308): my_custom_submenu_page_callback('')
#2 /shared/httpd/agrispesa/wp-includes/class-wp-hook.php(332): WP_Hook->apply_filters('', Array)
#3 /shared/httpd/agrispesa/wp-includes/plugin.php(517): WP_Hook->do_action(Array)
#4 /shared/httpd/agrispesa/wp-admin/admin.php(259): do_action('woocommerce_pag...')
#5 {main}
  thrown in /shared/httpd/agrispesa/wp-content/themes/agrispesa/inc/admin.php alla riga 142

