2023-05-19T15:00:18+00:00 CRITICAL Uncaught TypeError: Argument 1 passed to ACP\Storage\ListScreen\DecoderFactory::__construct() must be an instance of AC\ListScreenTypes, instance of AC\ListScreenFactory given, called in /shared/httpd/agrispesa/wp-content/plugins/admin-columns-pro/classes/AdminColumnsPro.php on line 116 and defined in /shared/httpd/agrispesa/wp-content/plugins/admin-columns-pro/classes/Storage/ListScreen/DecoderFactory.php:16
Stack trace:
#0 /shared/httpd/agrispesa/wp-content/plugins/admin-columns-pro/classes/AdminColumnsPro.php(116): ACP\Storage\ListScreen\DecoderFactory->__construct(Object(AC\ListScreenFactory))
#1 /shared/httpd/agrispesa/wp-content/plugins/admin-columns-pro/classes/AdminColumnsPro.php(273): ACP\AdminColumnsPro->__construct()
#2 /shared/httpd/agrispesa/wp-content/plugins/admin-columns-pro/api.php(4): ACP\AdminColumnsPro::instance()
#3 /shared/httpd/agrispesa/wp-content/plugins/admin-columns-pro/admin-columns-pro.php(112): ACP()
#4 /shared/httpd/agrispesa/wp-includes/class-wp-hook.php(308): {closure}('')
#5  in /shared/httpd/agrispesa/wp-content/plugins/admin-columns-pro/classes/Storage/ListScreen/DecoderFactory.php alla riga 16

2023-05-19T15:01:17+00:00 CRITICAL Uncaught TypeError: Argument 1 passed to ACP\Storage\ListScreen\DecoderFactory::__construct() must be an instance of AC\ListScreenTypes, instance of AC\ListScreenFactory given, called in /shared/httpd/agrispesa/wp-content/plugins/admin-columns-pro/classes/AdminColumnsPro.php on line 116 and defined in /shared/httpd/agrispesa/wp-content/plugins/admin-columns-pro/classes/Storage/ListScreen/DecoderFactory.php:16
Stack trace:
#0 /shared/httpd/agrispesa/wp-content/plugins/admin-columns-pro/classes/AdminColumnsPro.php(116): ACP\Storage\ListScreen\DecoderFactory->__construct(Object(AC\ListScreenFactory))
#1 /shared/httpd/agrispesa/wp-content/plugins/admin-columns-pro/classes/AdminColumnsPro.php(273): ACP\AdminColumnsPro->__construct()
#2 /shared/httpd/agrispesa/wp-content/plugins/admin-columns-pro/api.php(4): ACP\AdminColumnsPro::instance()
#3 /shared/httpd/agrispesa/wp-content/plugins/admin-columns-pro/admin-columns-pro.php(112): ACP()
#4 /shared/httpd/agrispesa/wp-includes/class-wp-hook.php(308): {closure}('')
#5  in /shared/httpd/agrispesa/wp-content/plugins/admin-columns-pro/classes/Storage/ListScreen/DecoderFactory.php alla riga 16

2023-05-19T15:03:18+00:00 CRITICAL Uncaught TypeError: Argument 1 passed to ACP\Storage\ListScreen\DecoderFactory::__construct() must be an instance of AC\ListScreenTypes, instance of AC\ListScreenFactory given, called in /shared/httpd/agrispesa/wp-content/plugins/admin-columns-pro/classes/AdminColumnsPro.php on line 116 and defined in /shared/httpd/agrispesa/wp-content/plugins/admin-columns-pro/classes/Storage/ListScreen/DecoderFactory.php:16
Stack trace:
#0 /shared/httpd/agrispesa/wp-content/plugins/admin-columns-pro/classes/AdminColumnsPro.php(116): ACP\Storage\ListScreen\DecoderFactory->__construct(Object(AC\ListScreenFactory))
#1 /shared/httpd/agrispesa/wp-content/plugins/admin-columns-pro/classes/AdminColumnsPro.php(273): ACP\AdminColumnsPro->__construct()
#2 /shared/httpd/agrispesa/wp-content/plugins/admin-columns-pro/api.php(4): ACP\AdminColumnsPro::instance()
#3 /shared/httpd/agrispesa/wp-content/plugins/admin-columns-pro/admin-columns-pro.php(112): ACP()
#4 /shared/httpd/agrispesa/wp-includes/class-wp-hook.php(308): {closure}('')
#5  in /shared/httpd/agrispesa/wp-content/plugins/admin-columns-pro/classes/Storage/ListScreen/DecoderFactory.php alla riga 16

2023-05-19T15:05:18+00:00 CRITICAL Uncaught TypeError: Argument 1 passed to ACP\Storage\ListScreen\DecoderFactory::__construct() must be an instance of AC\ListScreenFactoryInterface, instance of AC\ListScreenFactory given, called in /shared/httpd/agrispesa/wp-content/plugins/admin-columns-pro/classes/AdminColumnsPro.php on line 116 and defined in /shared/httpd/agrispesa/wp-content/plugins/admin-columns-pro/classes/Storage/ListScreen/DecoderFactory.php:13
Stack trace:
#0 /shared/httpd/agrispesa/wp-content/plugins/admin-columns-pro/classes/AdminColumnsPro.php(116): ACP\Storage\ListScreen\DecoderFactory->__construct(Object(AC\ListScreenFactory))
#1 /shared/httpd/agrispesa/wp-content/plugins/admin-columns-pro/classes/AdminColumnsPro.php(273): ACP\AdminColumnsPro->__construct()
#2 /shared/httpd/agrispesa/wp-content/plugins/admin-columns-pro/api.php(4): ACP\AdminColumnsPro::instance()
#3 /shared/httpd/agrispesa/wp-content/plugins/admin-columns-pro/admin-columns-pro.php(112): ACP()
#4 /shared/httpd/agrispesa/wp-includes/class-wp-hook.php(308): {closu in /shared/httpd/agrispesa/wp-content/plugins/admin-columns-pro/classes/Storage/ListScreen/DecoderFactory.php alla riga 13

2023-05-19T15:06:19+00:00 CRITICAL Uncaught TypeError: Argument 1 passed to ACP\Storage\ListScreen\DecoderFactory::__construct() must be an instance of AC\ListScreenFactoryInterface, instance of AC\ListScreenFactory given, called in /shared/httpd/agrispesa/wp-content/plugins/admin-columns-pro/classes/AdminColumnsPro.php on line 116 and defined in /shared/httpd/agrispesa/wp-content/plugins/admin-columns-pro/classes/Storage/ListScreen/DecoderFactory.php:13
Stack trace:
#0 /shared/httpd/agrispesa/wp-content/plugins/admin-columns-pro/classes/AdminColumnsPro.php(116): ACP\Storage\ListScreen\DecoderFactory->__construct(Object(AC\ListScreenFactory))
#1 /shared/httpd/agrispesa/wp-content/plugins/admin-columns-pro/classes/AdminColumnsPro.php(273): ACP\AdminColumnsPro->__construct()
#2 /shared/httpd/agrispesa/wp-content/plugins/admin-columns-pro/api.php(4): ACP\AdminColumnsPro::instance()
#3 /shared/httpd/agrispesa/wp-content/plugins/admin-columns-pro/admin-columns-pro.php(112): ACP()
#4 /shared/httpd/agrispesa/wp-includes/class-wp-hook.php(308): {closu in /shared/httpd/agrispesa/wp-content/plugins/admin-columns-pro/classes/Storage/ListScreen/DecoderFactory.php alla riga 13

2023-05-19T15:07:19+00:00 CRITICAL Uncaught TypeError: Argument 1 passed to ACP\Storage\ListScreen\DecoderFactory::__construct() must be an instance of AC\ListScreenFactoryInterface, instance of AC\ListScreenFactory given, called in /shared/httpd/agrispesa/wp-content/plugins/admin-columns-pro/classes/AdminColumnsPro.php on line 116 and defined in /shared/httpd/agrispesa/wp-content/plugins/admin-columns-pro/classes/Storage/ListScreen/DecoderFactory.php:13
Stack trace:
#0 /shared/httpd/agrispesa/wp-content/plugins/admin-columns-pro/classes/AdminColumnsPro.php(116): ACP\Storage\ListScreen\DecoderFactory->__construct(Object(AC\ListScreenFactory))
#1 /shared/httpd/agrispesa/wp-content/plugins/admin-columns-pro/classes/AdminColumnsPro.php(273): ACP\AdminColumnsPro->__construct()
#2 /shared/httpd/agrispesa/wp-content/plugins/admin-columns-pro/api.php(4): ACP\AdminColumnsPro::instance()
#3 /shared/httpd/agrispesa/wp-content/plugins/admin-columns-pro/admin-columns-pro.php(112): ACP()
#4 /shared/httpd/agrispesa/wp-includes/class-wp-hook.php(308): {closu in /shared/httpd/agrispesa/wp-content/plugins/admin-columns-pro/classes/Storage/ListScreen/DecoderFactory.php alla riga 13

2023-05-19T15:09:20+00:00 CRITICAL Uncaught Error: Interface 'AC\ListScreenFactoryInterface' not found in /shared/httpd/agrispesa/wp-content/plugins/admin-columns-pro/admin-columns/classes/ListScreenFactory.php:9
Stack trace:
#0 /shared/httpd/agrispesa/wp-content/plugins/popup-notices-for-woocommerce/vendor/composer/ClassLoader.php(480): include()
#1 /shared/httpd/agrispesa/wp-content/plugins/popup-notices-for-woocommerce/vendor/composer/ClassLoader.php(346): Composer\Autoload\includeFile('/shared/httpd/a...')
#2 [internal function]: Composer\Autoload\ClassLoader->loadClass('AC\\ListScreenFa...')
#3 /shared/httpd/agrispesa/wp-content/plugins/admin-columns-pro/admin-columns/classes/AdminColumns.php(50): spl_autoload_call('AC\\ListScreenFa...')
#4 /shared/httpd/agrispesa/wp-content/plugins/admin-columns-pro/admin-columns/classes/AdminColumns.php(38): AC\AdminColumns->__construct()
#5 /shared/httpd/agrispesa/wp-content/plugins/admin-columns-pro/admin-columns/api.php(15): AC\AdminColumns::instance()
#6 /shared/httpd/agrispesa/wp-content/plugins/ad in /shared/httpd/agrispesa/wp-content/plugins/admin-columns-pro/admin-columns/classes/ListScreenFactory.php alla riga 9

2023-05-19T15:11:21+00:00 CRITICAL require(): Failed opening required '/shared/httpd/agrispesa/wp-content/plugins/admin-columns-pro/admin-columns//settings/translations/global.php' (include_path='.:/usr/local/lib/php') in /shared/httpd/agrispesa/wp-content/plugins/admin-columns-pro/admin-columns/classes/AdminColumns.php alla riga 67

2023-05-19T15:58:37+00:00 CRITICAL Uncaught Error: Class 'Automattic\WooCommerce\Blocks\Domain\Services\Notices' not found in /shared/httpd/agrispesa/wp-content/plugins/woocommerce/packages/woocommerce-blocks/src/Domain/Bootstrap.php:322
Stack trace:
#0 /shared/httpd/agrispesa/wp-content/plugins/woocommerce/packages/woocommerce-blocks/src/Registry/AbstractDependencyType.php(42): Automattic\WooCommerce\Blocks\Domain\Bootstrap->Automattic\WooCommerce\Blocks\Domain\{closure}(Object(Automattic\WooCommerce\Blocks\Registry\Container))
#1 /shared/httpd/agrispesa/wp-content/plugins/woocommerce/packages/woocommerce-blocks/src/Registry/SharedType.php(28): Automattic\WooCommerce\Blocks\Registry\AbstractDependencyType->resolve_value(Object(Automattic\WooCommerce\Blocks\Registry\Container))
#2 /shared/httpd/agrispesa/wp-content/plugins/woocommerce/packages/woocommerce-blocks/src/Registry/Container.php(96): Automattic\WooCommerce\Blocks\Registry\SharedType->get(Object(Automattic\WooCommerce\Blocks\Registry\Container))
#3 /shared/httpd/agrispesa/wp-content/p in /shared/httpd/agrispesa/wp-content/plugins/woocommerce/packages/woocommerce-blocks/src/Domain/Bootstrap.php alla riga 322

2023-05-19T16:00:37+00:00 CRITICAL Uncaught Error: Class 'Automattic\WooCommerce\Blocks\Domain\Services\Notices' not found in /shared/httpd/agrispesa/wp-content/plugins/woocommerce/packages/woocommerce-blocks/src/Domain/Bootstrap.php:322
Stack trace:
#0 /shared/httpd/agrispesa/wp-content/plugins/woocommerce/packages/woocommerce-blocks/src/Registry/AbstractDependencyType.php(42): Automattic\WooCommerce\Blocks\Domain\Bootstrap->Automattic\WooCommerce\Blocks\Domain\{closure}(Object(Automattic\WooCommerce\Blocks\Registry\Container))
#1 /shared/httpd/agrispesa/wp-content/plugins/woocommerce/packages/woocommerce-blocks/src/Registry/SharedType.php(28): Automattic\WooCommerce\Blocks\Registry\AbstractDependencyType->resolve_value(Object(Automattic\WooCommerce\Blocks\Registry\Container))
#2 /shared/httpd/agrispesa/wp-content/plugins/woocommerce/packages/woocommerce-blocks/src/Registry/Container.php(96): Automattic\WooCommerce\Blocks\Registry\SharedType->get(Object(Automattic\WooCommerce\Blocks\Registry\Container))
#3 /shared/httpd/agrispesa/wp-content/p in /shared/httpd/agrispesa/wp-content/plugins/woocommerce/packages/woocommerce-blocks/src/Domain/Bootstrap.php alla riga 322

2023-05-19T16:02:37+00:00 CRITICAL Uncaught Error: Class 'Automattic\WooCommerce\Blocks\Domain\Services\Notices' not found in /shared/httpd/agrispesa/wp-content/plugins/woocommerce/packages/woocommerce-blocks/src/Domain/Bootstrap.php:322
Stack trace:
#0 /shared/httpd/agrispesa/wp-content/plugins/woocommerce/packages/woocommerce-blocks/src/Registry/AbstractDependencyType.php(42): Automattic\WooCommerce\Blocks\Domain\Bootstrap->Automattic\WooCommerce\Blocks\Domain\{closure}(Object(Automattic\WooCommerce\Blocks\Registry\Container))
#1 /shared/httpd/agrispesa/wp-content/plugins/woocommerce/packages/woocommerce-blocks/src/Registry/SharedType.php(28): Automattic\WooCommerce\Blocks\Registry\AbstractDependencyType->resolve_value(Object(Automattic\WooCommerce\Blocks\Registry\Container))
#2 /shared/httpd/agrispesa/wp-content/plugins/woocommerce/packages/woocommerce-blocks/src/Registry/Container.php(96): Automattic\WooCommerce\Blocks\Registry\SharedType->get(Object(Automattic\WooCommerce\Blocks\Registry\Container))
#3 /shared/httpd/agrispesa/wp-content/p in /shared/httpd/agrispesa/wp-content/plugins/woocommerce/packages/woocommerce-blocks/src/Domain/Bootstrap.php alla riga 322

2023-05-19T16:04:37+00:00 CRITICAL Uncaught Error: Class 'Automattic\WooCommerce\Blocks\Domain\Services\Notices' not found in /shared/httpd/agrispesa/wp-content/plugins/woocommerce/packages/woocommerce-blocks/src/Domain/Bootstrap.php:322
Stack trace:
#0 /shared/httpd/agrispesa/wp-content/plugins/woocommerce/packages/woocommerce-blocks/src/Registry/AbstractDependencyType.php(42): Automattic\WooCommerce\Blocks\Domain\Bootstrap->Automattic\WooCommerce\Blocks\Domain\{closure}(Object(Automattic\WooCommerce\Blocks\Registry\Container))
#1 /shared/httpd/agrispesa/wp-content/plugins/woocommerce/packages/woocommerce-blocks/src/Registry/SharedType.php(28): Automattic\WooCommerce\Blocks\Registry\AbstractDependencyType->resolve_value(Object(Automattic\WooCommerce\Blocks\Registry\Container))
#2 /shared/httpd/agrispesa/wp-content/plugins/woocommerce/packages/woocommerce-blocks/src/Registry/Container.php(96): Automattic\WooCommerce\Blocks\Registry\SharedType->get(Object(Automattic\WooCommerce\Blocks\Registry\Container))
#3 /shared/httpd/agrispesa/wp-content/p in /shared/httpd/agrispesa/wp-content/plugins/woocommerce/packages/woocommerce-blocks/src/Domain/Bootstrap.php alla riga 322

2023-05-19T16:06:37+00:00 CRITICAL Uncaught Error: Class 'Automattic\WooCommerce\Blocks\Domain\Services\Notices' not found in /shared/httpd/agrispesa/wp-content/plugins/woocommerce/packages/woocommerce-blocks/src/Domain/Bootstrap.php:322
Stack trace:
#0 /shared/httpd/agrispesa/wp-content/plugins/woocommerce/packages/woocommerce-blocks/src/Registry/AbstractDependencyType.php(42): Automattic\WooCommerce\Blocks\Domain\Bootstrap->Automattic\WooCommerce\Blocks\Domain\{closure}(Object(Automattic\WooCommerce\Blocks\Registry\Container))
#1 /shared/httpd/agrispesa/wp-content/plugins/woocommerce/packages/woocommerce-blocks/src/Registry/SharedType.php(28): Automattic\WooCommerce\Blocks\Registry\AbstractDependencyType->resolve_value(Object(Automattic\WooCommerce\Blocks\Registry\Container))
#2 /shared/httpd/agrispesa/wp-content/plugins/woocommerce/packages/woocommerce-blocks/src/Registry/Container.php(96): Automattic\WooCommerce\Blocks\Registry\SharedType->get(Object(Automattic\WooCommerce\Blocks\Registry\Container))
#3 /shared/httpd/agrispesa/wp-content/p in /shared/httpd/agrispesa/wp-content/plugins/woocommerce/packages/woocommerce-blocks/src/Domain/Bootstrap.php alla riga 322

2023-05-19T16:07:38+00:00 CRITICAL Uncaught Error: Class 'Automattic\WooCommerce\Blocks\Domain\Services\Notices' not found in /shared/httpd/agrispesa/wp-content/plugins/woocommerce/packages/woocommerce-blocks/src/Domain/Bootstrap.php:322
Stack trace:
#0 /shared/httpd/agrispesa/wp-content/plugins/woocommerce/packages/woocommerce-blocks/src/Registry/AbstractDependencyType.php(42): Automattic\WooCommerce\Blocks\Domain\Bootstrap->Automattic\WooCommerce\Blocks\Domain\{closure}(Object(Automattic\WooCommerce\Blocks\Registry\Container))
#1 /shared/httpd/agrispesa/wp-content/plugins/woocommerce/packages/woocommerce-blocks/src/Registry/SharedType.php(28): Automattic\WooCommerce\Blocks\Registry\AbstractDependencyType->resolve_value(Object(Automattic\WooCommerce\Blocks\Registry\Container))
#2 /shared/httpd/agrispesa/wp-content/plugins/woocommerce/packages/woocommerce-blocks/src/Registry/Container.php(96): Automattic\WooCommerce\Blocks\Registry\SharedType->get(Object(Automattic\WooCommerce\Blocks\Registry\Container))
#3 /shared/httpd/agrispesa/wp-content/p in /shared/httpd/agrispesa/wp-content/plugins/woocommerce/packages/woocommerce-blocks/src/Domain/Bootstrap.php alla riga 322

2023-05-19T16:09:39+00:00 CRITICAL Uncaught Error: Class 'Automattic\WooCommerce\Blocks\Domain\Services\Notices' not found in /shared/httpd/agrispesa/wp-content/plugins/woocommerce/packages/woocommerce-blocks/src/Domain/Bootstrap.php:322
Stack trace:
#0 /shared/httpd/agrispesa/wp-content/plugins/woocommerce/packages/woocommerce-blocks/src/Registry/AbstractDependencyType.php(42): Automattic\WooCommerce\Blocks\Domain\Bootstrap->Automattic\WooCommerce\Blocks\Domain\{closure}(Object(Automattic\WooCommerce\Blocks\Registry\Container))
#1 /shared/httpd/agrispesa/wp-content/plugins/woocommerce/packages/woocommerce-blocks/src/Registry/SharedType.php(28): Automattic\WooCommerce\Blocks\Registry\AbstractDependencyType->resolve_value(Object(Automattic\WooCommerce\Blocks\Registry\Container))
#2 /shared/httpd/agrispesa/wp-content/plugins/woocommerce/packages/woocommerce-blocks/src/Registry/Container.php(96): Automattic\WooCommerce\Blocks\Registry\SharedType->get(Object(Automattic\WooCommerce\Blocks\Registry\Container))
#3 /shared/httpd/agrispesa/wp-content/p in /shared/httpd/agrispesa/wp-content/plugins/woocommerce/packages/woocommerce-blocks/src/Domain/Bootstrap.php alla riga 322

2023-05-19T16:11:39+00:00 CRITICAL Uncaught Error: Class 'Automattic\WooCommerce\Blocks\Domain\Services\Notices' not found in /shared/httpd/agrispesa/wp-content/plugins/woocommerce/packages/woocommerce-blocks/src/Domain/Bootstrap.php:322
Stack trace:
#0 /shared/httpd/agrispesa/wp-content/plugins/woocommerce/packages/woocommerce-blocks/src/Registry/AbstractDependencyType.php(42): Automattic\WooCommerce\Blocks\Domain\Bootstrap->Automattic\WooCommerce\Blocks\Domain\{closure}(Object(Automattic\WooCommerce\Blocks\Registry\Container))
#1 /shared/httpd/agrispesa/wp-content/plugins/woocommerce/packages/woocommerce-blocks/src/Registry/SharedType.php(28): Automattic\WooCommerce\Blocks\Registry\AbstractDependencyType->resolve_value(Object(Automattic\WooCommerce\Blocks\Registry\Container))
#2 /shared/httpd/agrispesa/wp-content/plugins/woocommerce/packages/woocommerce-blocks/src/Registry/Container.php(96): Automattic\WooCommerce\Blocks\Registry\SharedType->get(Object(Automattic\WooCommerce\Blocks\Registry\Container))
#3 /shared/httpd/agrispesa/wp-content/p in /shared/httpd/agrispesa/wp-content/plugins/woocommerce/packages/woocommerce-blocks/src/Domain/Bootstrap.php alla riga 322

2023-05-19T16:12:40+00:00 CRITICAL Uncaught Error: Class 'Automattic\WooCommerce\Blocks\Domain\Services\Notices' not found in /shared/httpd/agrispesa/wp-content/plugins/woocommerce/packages/woocommerce-blocks/src/Domain/Bootstrap.php:322
Stack trace:
#0 /shared/httpd/agrispesa/wp-content/plugins/woocommerce/packages/woocommerce-blocks/src/Registry/AbstractDependencyType.php(42): Automattic\WooCommerce\Blocks\Domain\Bootstrap->Automattic\WooCommerce\Blocks\Domain\{closure}(Object(Automattic\WooCommerce\Blocks\Registry\Container))
#1 /shared/httpd/agrispesa/wp-content/plugins/woocommerce/packages/woocommerce-blocks/src/Registry/SharedType.php(28): Automattic\WooCommerce\Blocks\Registry\AbstractDependencyType->resolve_value(Object(Automattic\WooCommerce\Blocks\Registry\Container))
#2 /shared/httpd/agrispesa/wp-content/plugins/woocommerce/packages/woocommerce-blocks/src/Registry/Container.php(96): Automattic\WooCommerce\Blocks\Registry\SharedType->get(Object(Automattic\WooCommerce\Blocks\Registry\Container))
#3 /shared/httpd/agrispesa/wp-content/p in /shared/httpd/agrispesa/wp-content/plugins/woocommerce/packages/woocommerce-blocks/src/Domain/Bootstrap.php alla riga 322

2023-05-19T16:13:39+00:00 CRITICAL Uncaught Error: Class 'Automattic\WooCommerce\Blocks\Domain\Services\Notices' not found in /shared/httpd/agrispesa/wp-content/plugins/woocommerce/packages/woocommerce-blocks/src/Domain/Bootstrap.php:322
Stack trace:
#0 /shared/httpd/agrispesa/wp-content/plugins/woocommerce/packages/woocommerce-blocks/src/Registry/AbstractDependencyType.php(42): Automattic\WooCommerce\Blocks\Domain\Bootstrap->Automattic\WooCommerce\Blocks\Domain\{closure}(Object(Automattic\WooCommerce\Blocks\Registry\Container))
#1 /shared/httpd/agrispesa/wp-content/plugins/woocommerce/packages/woocommerce-blocks/src/Registry/SharedType.php(28): Automattic\WooCommerce\Blocks\Registry\AbstractDependencyType->resolve_value(Object(Automattic\WooCommerce\Blocks\Registry\Container))
#2 /shared/httpd/agrispesa/wp-content/plugins/woocommerce/packages/woocommerce-blocks/src/Registry/Container.php(96): Automattic\WooCommerce\Blocks\Registry\SharedType->get(Object(Automattic\WooCommerce\Blocks\Registry\Container))
#3 /shared/httpd/agrispesa/wp-content/p in /shared/httpd/agrispesa/wp-content/plugins/woocommerce/packages/woocommerce-blocks/src/Domain/Bootstrap.php alla riga 322

2023-05-19T16:16:41+00:00 CRITICAL Uncaught Error: Class 'WC_Integration_MaxMind_Geolocation' not found in /shared/httpd/agrispesa/wp-content/plugins/woocommerce/includes/class-wc-integrations.php:41
Stack trace:
#0 /shared/httpd/agrispesa/wp-content/plugins/woocommerce/includes/class-woocommerce.php(659): WC_Integrations->__construct()
#1 /shared/httpd/agrispesa/wp-includes/class-wp-hook.php(308): WooCommerce->init('')
#2 /shared/httpd/agrispesa/wp-includes/class-wp-hook.php(332): WP_Hook->apply_filters(NULL, Array)
#3 /shared/httpd/agrispesa/wp-includes/plugin.php(517): WP_Hook->do_action(Array)
#4 /shared/httpd/agrispesa/wp-settings.php(623): do_action('init')
#5 /shared/httpd/agrispesa/wp-config.php(96): require_once('/shared/httpd/a...')
#6 /shared/httpd/agrispesa/wp-load.php(50): require_once('/shared/httpd/a...')
#7 /shared/httpd/agrispesa/wp-admin/admin-ajax.php(22): require_once('/shared/httpd/a...')
#8 {main}
  thrown in /shared/httpd/agrispesa/wp-content/plugins/woocommerce/includes/class-wc-integrations.php alla riga 41

