2023-02-19T09:35:32+00:00 CRITICAL syntax error, unexpected ';', expecting ')' in /Users/nathalie/Sites/localhost/agrispesa/wp-content/themes/agrispesa/woocommerce/archive-product.php alla riga 210

2023-02-19T09:35:51+00:00 CRITICAL syntax error, unexpected 'echo' (T_ECHO), expecting ')' in /Users/nathalie/Sites/localhost/agrispesa/wp-content/themes/agrispesa/woocommerce/archive-product.php alla riga 212

2023-02-19T09:36:10+00:00 CRITICAL syntax error, unexpected ';', expecting ')' in /Users/nathalie/Sites/localhost/agrispesa/wp-content/themes/agrispesa/woocommerce/archive-product.php alla riga 210

2023-02-19T09:36:54+00:00 CRITICAL syntax error, unexpected ')' in /Users/nathalie/Sites/localhost/agrispesa/wp-content/themes/agrispesa/woocommerce/archive-product.php alla riga 232

2023-02-19T09:37:17+00:00 CRITICAL syntax error, unexpected ';', expecting ')' in /Users/nathalie/Sites/localhost/agrispesa/wp-content/themes/agrispesa/woocommerce/archive-product.php alla riga 210

2023-02-19T09:37:26+00:00 CRITICAL syntax error, unexpected ';', expecting ')' in /Users/nathalie/Sites/localhost/agrispesa/wp-content/themes/agrispesa/woocommerce/archive-product.php alla riga 210

2023-02-19T09:37:28+00:00 CRITICAL syntax error, unexpected ';', expecting ')' in /Users/nathalie/Sites/localhost/agrispesa/wp-content/themes/agrispesa/woocommerce/archive-product.php alla riga 210

2023-02-19T09:44:10+00:00 CRITICAL Uncaught Error: Class 'Walker_Category_Custom' not found in /Users/nathalie/Sites/localhost/agrispesa/wp-content/themes/agrispesa/woocommerce/archive-product.php:300
Stack trace:
#0 /Users/nathalie/Sites/localhost/agrispesa/wp-content/plugins/woocommerce/includes/wc-core-functions.php(345): include()
#1 /Users/nathalie/Sites/localhost/agrispesa/wp-content/plugins/woocommerce/templates/taxonomy-product-cat.php(22): wc_get_template('archive-product...')
#2 /Users/nathalie/Sites/localhost/agrispesa/wp-includes/template-loader.php(106): include('/Users/nathalie...')
#3 /Users/nathalie/Sites/localhost/agrispesa/wp-blog-header.php(19): require_once('/Users/nathalie...')
#4 /Users/nathalie/Sites/localhost/agrispesa/index.php(17): require('/Users/nathalie...')
#5 {main}
  thrown in /Users/nathalie/Sites/localhost/agrispesa/wp-content/themes/agrispesa/woocommerce/archive-product.php alla riga 300

2023-02-19T09:44:13+00:00 CRITICAL Uncaught Error: Class 'Walker_Category_Custom' not found in /Users/nathalie/Sites/localhost/agrispesa/wp-content/themes/agrispesa/woocommerce/archive-product.php:300
Stack trace:
#0 /Users/nathalie/Sites/localhost/agrispesa/wp-content/plugins/woocommerce/includes/wc-core-functions.php(345): include()
#1 /Users/nathalie/Sites/localhost/agrispesa/wp-content/plugins/woocommerce/templates/taxonomy-product-cat.php(22): wc_get_template('archive-product...')
#2 /Users/nathalie/Sites/localhost/agrispesa/wp-includes/template-loader.php(106): include('/Users/nathalie...')
#3 /Users/nathalie/Sites/localhost/agrispesa/wp-blog-header.php(19): require_once('/Users/nathalie...')
#4 /Users/nathalie/Sites/localhost/agrispesa/index.php(17): require('/Users/nathalie...')
#5 {main}
  thrown in /Users/nathalie/Sites/localhost/agrispesa/wp-content/themes/agrispesa/woocommerce/archive-product.php alla riga 300

2023-02-19T09:44:21+00:00 CRITICAL Uncaught Error: Class 'Walker_Category_Custom' not found in /Users/nathalie/Sites/localhost/agrispesa/wp-content/themes/agrispesa/woocommerce/archive-product.php:300
Stack trace:
#0 /Users/nathalie/Sites/localhost/agrispesa/wp-content/plugins/woocommerce/includes/wc-core-functions.php(345): include()
#1 /Users/nathalie/Sites/localhost/agrispesa/wp-content/plugins/woocommerce/templates/taxonomy-product-cat.php(22): wc_get_template('archive-product...')
#2 /Users/nathalie/Sites/localhost/agrispesa/wp-includes/template-loader.php(106): include('/Users/nathalie...')
#3 /Users/nathalie/Sites/localhost/agrispesa/wp-blog-header.php(19): require_once('/Users/nathalie...')
#4 /Users/nathalie/Sites/localhost/agrispesa/index.php(17): require('/Users/nathalie...')
#5 {main}
  thrown in /Users/nathalie/Sites/localhost/agrispesa/wp-content/themes/agrispesa/woocommerce/archive-product.php alla riga 300

2023-02-19T09:44:43+00:00 CRITICAL Uncaught Error: Class 'Walker_Category_Custom' not found in /Users/nathalie/Sites/localhost/agrispesa/wp-content/themes/agrispesa/woocommerce/archive-product.php:300
Stack trace:
#0 /Users/nathalie/Sites/localhost/agrispesa/wp-content/plugins/woocommerce/includes/wc-core-functions.php(345): include()
#1 /Users/nathalie/Sites/localhost/agrispesa/wp-content/plugins/woocommerce/templates/taxonomy-product-cat.php(22): wc_get_template('archive-product...')
#2 /Users/nathalie/Sites/localhost/agrispesa/wp-includes/template-loader.php(106): include('/Users/nathalie...')
#3 /Users/nathalie/Sites/localhost/agrispesa/wp-blog-header.php(19): require_once('/Users/nathalie...')
#4 /Users/nathalie/Sites/localhost/agrispesa/index.php(17): require('/Users/nathalie...')
#5 {main}
  thrown in /Users/nathalie/Sites/localhost/agrispesa/wp-content/themes/agrispesa/woocommerce/archive-product.php alla riga 300

2023-02-19T09:44:49+00:00 CRITICAL Uncaught Error: Class 'Walker_Category_Custom' not found in /Users/nathalie/Sites/localhost/agrispesa/wp-content/themes/agrispesa/woocommerce/archive-product.php:300
Stack trace:
#0 /Users/nathalie/Sites/localhost/agrispesa/wp-content/plugins/woocommerce/includes/wc-core-functions.php(345): include()
#1 /Users/nathalie/Sites/localhost/agrispesa/wp-content/plugins/woocommerce/templates/taxonomy-product-cat.php(22): wc_get_template('archive-product...')
#2 /Users/nathalie/Sites/localhost/agrispesa/wp-includes/template-loader.php(106): include('/Users/nathalie...')
#3 /Users/nathalie/Sites/localhost/agrispesa/wp-blog-header.php(19): require_once('/Users/nathalie...')
#4 /Users/nathalie/Sites/localhost/agrispesa/index.php(17): require('/Users/nathalie...')
#5 {main}
  thrown in /Users/nathalie/Sites/localhost/agrispesa/wp-content/themes/agrispesa/woocommerce/archive-product.php alla riga 300

2023-02-19T09:49:00+00:00 CRITICAL syntax error, unexpected 'if' (T_IF) in /Users/nathalie/Sites/localhost/agrispesa/wp-content/themes/agrispesa/inc/shop.php alla riga 521

2023-02-19T09:52:00+00:00 CRITICAL syntax error, unexpected 'if' (T_IF) in /Users/nathalie/Sites/localhost/agrispesa/wp-content/themes/agrispesa/inc/shop.php alla riga 522

2023-02-19T09:53:00+00:00 CRITICAL syntax error, unexpected 'if' (T_IF) in /Users/nathalie/Sites/localhost/agrispesa/wp-content/themes/agrispesa/inc/shop.php alla riga 521

2023-02-19T09:53:02+00:00 CRITICAL syntax error, unexpected 'if' (T_IF) in /Users/nathalie/Sites/localhost/agrispesa/wp-content/themes/agrispesa/inc/shop.php alla riga 521

2023-02-19T09:53:07+00:00 CRITICAL syntax error, unexpected 'if' (T_IF) in /Users/nathalie/Sites/localhost/agrispesa/wp-content/themes/agrispesa/inc/shop.php alla riga 521

2023-02-19T09:53:10+00:00 CRITICAL syntax error, unexpected 'if' (T_IF) in /Users/nathalie/Sites/localhost/agrispesa/wp-content/themes/agrispesa/inc/shop.php alla riga 521

2023-02-19T09:53:12+00:00 CRITICAL syntax error, unexpected 'if' (T_IF) in /Users/nathalie/Sites/localhost/agrispesa/wp-content/themes/agrispesa/inc/shop.php alla riga 521

2023-02-19T09:53:13+00:00 CRITICAL syntax error, unexpected 'if' (T_IF) in /Users/nathalie/Sites/localhost/agrispesa/wp-content/themes/agrispesa/inc/shop.php alla riga 521

2023-02-19T09:53:17+00:00 CRITICAL syntax error, unexpected 'if' (T_IF) in /Users/nathalie/Sites/localhost/agrispesa/wp-content/themes/agrispesa/inc/shop.php alla riga 521

2023-02-19T09:53:19+00:00 CRITICAL syntax error, unexpected 'if' (T_IF) in /Users/nathalie/Sites/localhost/agrispesa/wp-content/themes/agrispesa/inc/shop.php alla riga 521

2023-02-19T09:53:21+00:00 CRITICAL syntax error, unexpected 'if' (T_IF) in /Users/nathalie/Sites/localhost/agrispesa/wp-content/themes/agrispesa/inc/shop.php alla riga 521

2023-02-19T10:05:08+00:00 CRITICAL Uncaught Error: Class 'Walker_Category_Custom' not found in /Users/nathalie/Sites/localhost/agrispesa/wp-content/themes/agrispesa/woocommerce/archive-product.php:197
Stack trace:
#0 /Users/nathalie/Sites/localhost/agrispesa/wp-content/plugins/woocommerce/includes/wc-core-functions.php(345): include()
#1 /Users/nathalie/Sites/localhost/agrispesa/wp-content/plugins/woocommerce/templates/taxonomy-product-cat.php(22): wc_get_template('archive-product...')
#2 /Users/nathalie/Sites/localhost/agrispesa/wp-includes/template-loader.php(106): include('/Users/nathalie...')
#3 /Users/nathalie/Sites/localhost/agrispesa/wp-blog-header.php(19): require_once('/Users/nathalie...')
#4 /Users/nathalie/Sites/localhost/agrispesa/index.php(17): require('/Users/nathalie...')
#5 {main}
  thrown in /Users/nathalie/Sites/localhost/agrispesa/wp-content/themes/agrispesa/woocommerce/archive-product.php alla riga 197

2023-02-19T10:05:26+00:00 CRITICAL Uncaught Error: Class 'Walker_Category_Custom' not found in /Users/nathalie/Sites/localhost/agrispesa/wp-content/themes/agrispesa/woocommerce/archive-product.php:197
Stack trace:
#0 /Users/nathalie/Sites/localhost/agrispesa/wp-content/plugins/woocommerce/includes/wc-core-functions.php(345): include()
#1 /Users/nathalie/Sites/localhost/agrispesa/wp-content/plugins/woocommerce/templates/taxonomy-product-cat.php(22): wc_get_template('archive-product...')
#2 /Users/nathalie/Sites/localhost/agrispesa/wp-includes/template-loader.php(106): include('/Users/nathalie...')
#3 /Users/nathalie/Sites/localhost/agrispesa/wp-blog-header.php(19): require_once('/Users/nathalie...')
#4 /Users/nathalie/Sites/localhost/agrispesa/index.php(17): require('/Users/nathalie...')
#5 {main}
  thrown in /Users/nathalie/Sites/localhost/agrispesa/wp-content/themes/agrispesa/woocommerce/archive-product.php alla riga 197

2023-02-19T10:05:30+00:00 CRITICAL Uncaught Error: Class 'Walker_Category_Custom' not found in /Users/nathalie/Sites/localhost/agrispesa/wp-content/themes/agrispesa/woocommerce/archive-product.php:197
Stack trace:
#0 /Users/nathalie/Sites/localhost/agrispesa/wp-content/plugins/woocommerce/includes/wc-core-functions.php(345): include()
#1 /Users/nathalie/Sites/localhost/agrispesa/wp-content/plugins/woocommerce/templates/taxonomy-product-cat.php(22): wc_get_template('archive-product...')
#2 /Users/nathalie/Sites/localhost/agrispesa/wp-includes/template-loader.php(106): include('/Users/nathalie...')
#3 /Users/nathalie/Sites/localhost/agrispesa/wp-blog-header.php(19): require_once('/Users/nathalie...')
#4 /Users/nathalie/Sites/localhost/agrispesa/index.php(17): require('/Users/nathalie...')
#5 {main}
  thrown in /Users/nathalie/Sites/localhost/agrispesa/wp-content/themes/agrispesa/woocommerce/archive-product.php alla riga 197

2023-02-19T10:05:36+00:00 CRITICAL Uncaught Error: Class 'Walker_Category_Custom' not found in /Users/nathalie/Sites/localhost/agrispesa/wp-content/themes/agrispesa/woocommerce/archive-product.php:197
Stack trace:
#0 /Users/nathalie/Sites/localhost/agrispesa/wp-content/plugins/woocommerce/includes/wc-core-functions.php(345): include()
#1 /Users/nathalie/Sites/localhost/agrispesa/wp-content/plugins/woocommerce/templates/taxonomy-product-cat.php(22): wc_get_template('archive-product...')
#2 /Users/nathalie/Sites/localhost/agrispesa/wp-includes/template-loader.php(106): include('/Users/nathalie...')
#3 /Users/nathalie/Sites/localhost/agrispesa/wp-blog-header.php(19): require_once('/Users/nathalie...')
#4 /Users/nathalie/Sites/localhost/agrispesa/index.php(17): require('/Users/nathalie...')
#5 {main}
  thrown in /Users/nathalie/Sites/localhost/agrispesa/wp-content/themes/agrispesa/woocommerce/archive-product.php alla riga 197

2023-02-19T10:05:50+00:00 CRITICAL Uncaught Error: Class 'Walker_Category_Custom' not found in /Users/nathalie/Sites/localhost/agrispesa/wp-content/themes/agrispesa/woocommerce/archive-product.php:197
Stack trace:
#0 /Users/nathalie/Sites/localhost/agrispesa/wp-content/plugins/woocommerce/includes/wc-core-functions.php(345): include()
#1 /Users/nathalie/Sites/localhost/agrispesa/wp-content/plugins/woocommerce/templates/taxonomy-product-cat.php(22): wc_get_template('archive-product...')
#2 /Users/nathalie/Sites/localhost/agrispesa/wp-includes/template-loader.php(106): include('/Users/nathalie...')
#3 /Users/nathalie/Sites/localhost/agrispesa/wp-blog-header.php(19): require_once('/Users/nathalie...')
#4 /Users/nathalie/Sites/localhost/agrispesa/index.php(17): require('/Users/nathalie...')
#5 {main}
  thrown in /Users/nathalie/Sites/localhost/agrispesa/wp-content/themes/agrispesa/woocommerce/archive-product.php alla riga 197

2023-02-19T10:05:52+00:00 CRITICAL Uncaught Error: Class 'Walker_Category_Custom' not found in /Users/nathalie/Sites/localhost/agrispesa/wp-content/themes/agrispesa/woocommerce/archive-product.php:197
Stack trace:
#0 /Users/nathalie/Sites/localhost/agrispesa/wp-content/plugins/woocommerce/includes/wc-core-functions.php(345): include()
#1 /Users/nathalie/Sites/localhost/agrispesa/wp-content/plugins/woocommerce/templates/taxonomy-product-cat.php(22): wc_get_template('archive-product...')
#2 /Users/nathalie/Sites/localhost/agrispesa/wp-includes/template-loader.php(106): include('/Users/nathalie...')
#3 /Users/nathalie/Sites/localhost/agrispesa/wp-blog-header.php(19): require_once('/Users/nathalie...')
#4 /Users/nathalie/Sites/localhost/agrispesa/index.php(17): require('/Users/nathalie...')
#5 {main}
  thrown in /Users/nathalie/Sites/localhost/agrispesa/wp-content/themes/agrispesa/woocommerce/archive-product.php alla riga 197

2023-02-19T10:10:33+00:00 CRITICAL syntax error, unexpected 'ink' (T_STRING) in /Users/nathalie/Sites/localhost/agrispesa/wp-content/themes/agrispesa/inc/shop.php alla riga 534

2023-02-19T10:16:41+00:00 CRITICAL syntax error, unexpected 'class' (T_CLASS), expecting function (T_FUNCTION) or const (T_CONST) in /Users/nathalie/Sites/localhost/agrispesa/wp-content/themes/agrispesa/inc/shop.php alla riga 512

2023-02-19T15:29:46+00:00 CRITICAL syntax error, unexpected 'endif' (T_ENDIF) in /Users/nathalie/Sites/localhost/agrispesa/wp-content/themes/agrispesa/archive-producer.php alla riga 109

2023-02-19T21:53:58+00:00 CRITICAL Uncaught Error: Call to a member function format() on bool in /Users/nathalie/Sites/localhost/agrispesa/wp-content/themes/agrispesa/inc/admin.php:54
Stack trace:
#0 /Users/nathalie/Sites/localhost/agrispesa/wp-content/themes/agrispesa/woocommerce/checkout/thankyou.php(109): get_order_delivery_date_from_date(false, 'MI1', '20125')
#1 /Users/nathalie/Sites/localhost/agrispesa/wp-content/plugins/woocommerce/includes/wc-core-functions.php(345): include('/Users/nathalie...')
#2 /Users/nathalie/Sites/localhost/agrispesa/wp-content/plugins/woocommerce/includes/shortcodes/class-wc-shortcode-checkout.php(279): wc_get_template('checkout/thanky...', Array)
#3 /Users/nathalie/Sites/localhost/agrispesa/wp-content/plugins/woocommerce/includes/shortcodes/class-wc-shortcode-checkout.php(63): WC_Shortcode_Checkout::order_received(712)
#4 /Users/nathalie/Sites/localhost/agrispesa/wp-content/plugins/woocommerce/includes/class-wc-shortcodes.php(72): WC_Shortcode_Checkout::output('')
#5 /Users/nathalie/Sites/localhost/agrispesa/w in /Users/nathalie/Sites/localhost/agrispesa/wp-content/themes/agrispesa/inc/admin.php alla riga 54

2023-02-19T21:54:54+00:00 CRITICAL Uncaught Error: Call to a member function format() on bool in /Users/nathalie/Sites/localhost/agrispesa/wp-content/themes/agrispesa/inc/admin.php:54
Stack trace:
#0 /Users/nathalie/Sites/localhost/agrispesa/wp-content/themes/agrispesa/woocommerce/checkout/thankyou.php(109): get_order_delivery_date_from_date(false, 'MI1', '20125')
#1 /Users/nathalie/Sites/localhost/agrispesa/wp-content/plugins/woocommerce/includes/wc-core-functions.php(345): include('/Users/nathalie...')
#2 /Users/nathalie/Sites/localhost/agrispesa/wp-content/plugins/woocommerce/includes/shortcodes/class-wc-shortcode-checkout.php(279): wc_get_template('checkout/thanky...', Array)
#3 /Users/nathalie/Sites/localhost/agrispesa/wp-content/plugins/woocommerce/includes/shortcodes/class-wc-shortcode-checkout.php(63): WC_Shortcode_Checkout::order_received(712)
#4 /Users/nathalie/Sites/localhost/agrispesa/wp-content/plugins/woocommerce/includes/class-wc-shortcodes.php(72): WC_Shortcode_Checkout::output('')
#5 /Users/nathalie/Sites/localhost/agrispesa/w in /Users/nathalie/Sites/localhost/agrispesa/wp-content/themes/agrispesa/inc/admin.php alla riga 54

2023-02-19T21:55:07+00:00 CRITICAL Uncaught Error: Call to a member function format() on bool in /Users/nathalie/Sites/localhost/agrispesa/wp-content/themes/agrispesa/inc/admin.php:54
Stack trace:
#0 /Users/nathalie/Sites/localhost/agrispesa/wp-content/themes/agrispesa/woocommerce/checkout/thankyou.php(109): get_order_delivery_date_from_date(false, 'MI1', '20125')
#1 /Users/nathalie/Sites/localhost/agrispesa/wp-content/plugins/woocommerce/includes/wc-core-functions.php(345): include('/Users/nathalie...')
#2 /Users/nathalie/Sites/localhost/agrispesa/wp-content/plugins/woocommerce/includes/shortcodes/class-wc-shortcode-checkout.php(279): wc_get_template('checkout/thanky...', Array)
#3 /Users/nathalie/Sites/localhost/agrispesa/wp-content/plugins/woocommerce/includes/shortcodes/class-wc-shortcode-checkout.php(63): WC_Shortcode_Checkout::order_received(712)
#4 /Users/nathalie/Sites/localhost/agrispesa/wp-content/plugins/woocommerce/includes/class-wc-shortcodes.php(72): WC_Shortcode_Checkout::output('')
#5 /Users/nathalie/Sites/localhost/agrispesa/w in /Users/nathalie/Sites/localhost/agrispesa/wp-content/themes/agrispesa/inc/admin.php alla riga 54

