2023-02-14T17:29:36+00:00 ERROR Error getting data feed
2023-02-14T17:29:36+00:00 ERROR WP_Error Object
(
    [errors] => Array
        (
            [http_request_failed] => Array
                (
                    [0] => cURL error 28: Resolving timed out after 5002 milliseconds
                )

        )

    [error_data] => Array
        (
        )

    [additional_data:protected] => Array
        (
        )

)

2023-02-14T17:29:36+00:00 ERROR Error getting data feed
2023-02-14T17:29:36+00:00 ERROR WP_Error Object
(
    [errors] => Array
        (
            [http_request_failed] => Array
                (
                    [0] => cURL error 7: Failed to connect to woocommerce.com port 443: Connection refused
                )

        )

    [error_data] => Array
        (
        )

    [additional_data:protected] => Array
        (
        )

)

2023-02-14T17:29:52+00:00 ERROR Error getting data feed
2023-02-14T17:29:52+00:00 ERROR WP_Error Object
(
    [errors] => Array
        (
            [http_request_failed] => Array
                (
                    [0] => cURL error 28: Resolving timed out after 5001 milliseconds
                )

        )

    [error_data] => Array
        (
        )

    [additional_data:protected] => Array
        (
        )

)

2023-02-14T17:29:52+00:00 ERROR Error getting data feed
2023-02-14T17:29:52+00:00 ERROR WP_Error Object
(
    [errors] => Array
        (
            [http_request_failed] => Array
                (
                    [0] => cURL error 7: Failed to connect to woocommerce.com port 443: Connection refused
                )

        )

    [error_data] => Array
        (
        )

    [additional_data:protected] => Array
        (
        )

)

