2023-07-01T22:20:31+00:00 NOTICE action_scheduler.queue_job :: MailChimp_WooCommerce_Single_Order starts in 90 seconds :: obj_id 44955
2023-07-01T22:20:36+00:00 NOTICE debug :: Order ID 44955 was pending and is now on-hold :: Array
(
    [new_order] => 
    [tracking] => 
)

2023-07-01T22:22:23+00:00 NOTICE action_scheduler.queue_job :: MailChimp_WooCommerce_Single_Order starts in 90 seconds :: obj_id 44958
2023-07-01T22:22:23+00:00 NOTICE order_process :: Order #44955 skipped, user #1 user role is not in the list
2023-07-01T22:22:27+00:00 NOTICE debug :: Order ID 44958 was pending and is now on-hold :: Array
(
    [new_order] => 
    [tracking] => 
)

2023-07-01T22:23:55+00:00 NOTICE order_process :: Order #44958 skipped, user #1 user role is not in the list
2023-07-01T22:28:25+00:00 NOTICE action_scheduler.queue_job :: MailChimp_WooCommerce_Single_Order starts in 90 seconds :: obj_id 44961
2023-07-01T22:28:31+00:00 NOTICE debug :: Order ID 44961 was pending and is now on-hold :: Array
(
    [new_order] => 
    [tracking] => 
)

