2023-03-03T06:29:53+00:00 NOTICE action_scheduler.queue_job :: MailChimp_WooCommerce_Single_Order starts in 90 seconds :: obj_id 24892
2023-03-03T06:30:00+00:00 NOTICE debug :: Order ID 24892 was pending and is now processing :: Array
(
    [new_order] => 1
    [tracking] => Array
        (
            [campaign_id] => 
            [landing_site] => https://agrispesa.loc/wp-admin/post.php?post=24887&action=edit&message=1
        )

)

2023-03-03T06:30:00+00:00 NOTICE action_scheduler.queue_job :: MailChimp_WooCommerce_Single_Order starts in 90 seconds :: obj_id 24893
2023-03-03T06:30:07+00:00 NOTICE debug :: Order ID 24893 was pending and is now processing :: Array
(
    [new_order] => 1
    [tracking] => Array
        (
            [campaign_id] => 
            [landing_site] => 
        )

)

2023-03-03T06:30:08+00:00 NOTICE action_scheduler.queue_job :: MailChimp_WooCommerce_Single_Order starts in 90 seconds :: obj_id 24894
2023-03-03T06:30:12+00:00 NOTICE debug :: Order ID 24894 was pending and is now processing :: Array
(
    [new_order] => 1
    [tracking] => Array
        (
            [campaign_id] => 
            [landing_site] => 
        )

)

2023-03-03T06:31:49+00:00 NOTICE order.member.updated :: Updated associazioneborgataghio@gmail.com subscriber status to subscribed and language to it
2023-03-03T06:31:49+00:00 NOTICE order_submit.success :: addStoreOrder :: #24892 :: email: associazioneborgataghio@gmail.com :: landing site https://agrispesa.loc/wp-admin/post.php?post=24887&action=edit&message=1 :: abandoned cart deleted [46e001d5192e946472dd21dbb836f1d4]
2023-03-03T06:31:58+00:00 NOTICE order_process :: Order #24893 skipped, user #3 user role is not in the list
2023-03-03T06:31:58+00:00 NOTICE order_process :: Order #24894 skipped, user #1 user role is not in the list
