2023-05-21T18:52:45+00:00 NOTICE order.member.updated :: Updated annalisa.rizzo@gmail.com subscriber status to subscribed and language to it
2023-05-21T18:52:45+00:00 NOTICE order_submit.success :: updateStoreOrder :: #41104 :: email: annalisa.rizzo@gmail.com
2023-05-21T21:53:21+00:00 NOTICE action_scheduler.queue_job :: MailChimp_WooCommerce_Cart_Update queued :: obj_id 86251430842dbf4be26b6efd5e945815
2023-05-21T21:54:22+00:00 NOTICE abandoned_cart.success :: email: asdasdasd@asdasd.com :: checkout_url: https://agrispesa.loc/pagamento/?mc_cart_id=86251430842dbf4be26b6efd5e945815
2023-05-21T21:54:23+00:00 NOTICE cart.member.updated :: Updated asdasdasd@asdasd.com subscriber status to transactional and language to it
2023-05-21T21:58:06+00:00 NOTICE ac.cart_swap :: Deleted cart [asdasdasd@asdasd.com] :: ID [86251430842dbf4be26b6efd5e945815]
2023-05-21T21:58:07+00:00 NOTICE action_scheduler.queue_job :: MailChimp_WooCommerce_Cart_Update queued :: obj_id 7644bcc6e9b3ade71db0a010c13b4967
2023-05-21T21:58:25+00:00 NOTICE action_scheduler.queue_job :: MailChimp_WooCommerce_Cart_Update queued :: obj_id 7ee78fd1d83b03e64dae26d921575c67
2023-05-21T21:58:30+00:00 NOTICE abandoned_cart.success :: email: kadlkjasd@asdasdad.com :: checkout_url: https://agrispesa.loc/pagamento/?mc_cart_id=7644bcc6e9b3ade71db0a010c13b4967
2023-05-21T21:58:31+00:00 NOTICE cart.member.updated :: Updated kadlkjasd@asdasdad.com subscriber status to transactional and language to it
2023-05-21T21:58:32+00:00 NOTICE abandoned_cart.success :: email: yocesac112@jwsuns.com :: checkout_url: https://agrispesa.loc/pagamento/?mc_cart_id=7ee78fd1d83b03e64dae26d921575c67
2023-05-21T21:58:33+00:00 NOTICE cart.member.updated :: Updated yocesac112@jwsuns.com subscriber status to transactional and language to it
2023-05-21T21:59:06+00:00 NOTICE action_scheduler.queue_job :: MailChimp_WooCommerce_User_Submit queued :: obj_id 8294
2023-05-21T21:59:09+00:00 NOTICE action_scheduler.queue_job :: MailChimp_WooCommerce_Single_Order starts in 90 seconds :: obj_id 41106
2023-05-21T21:59:33+00:00 NOTICE member.sync :: Updated Member yocesac112@jwsuns.com :: Array
(
    [previous_status] => transactional
    [status] => 1
    [language] => 
    [merge_fields] => Array
        (
            [FNAME] => asdasd
            [LNAME] => lkjlkj
        )

    [gdpr_fields] => 
)

2023-05-21T22:03:17+00:00 NOTICE order.member.updated :: Updated yocesac112@jwsuns.com subscriber status to subscribed and language to it
2023-05-21T22:03:17+00:00 NOTICE order_submit.success :: updateStoreOrder :: #41106 :: email: yocesac112@jwsuns.com
2023-05-21T22:04:32+00:00 NOTICE action_scheduler.queue_job :: MailChimp_WooCommerce_Single_Order starts in 90 seconds :: obj_id 41109
2023-05-21T22:04:38+00:00 NOTICE debug :: Order ID 41109 was pending and is now on-hold :: Array
(
    [new_order] => 
    [tracking] => 
)

2023-05-21T22:05:24+00:00 NOTICE action_scheduler.queue_job :: MailChimp_WooCommerce_Cart_Update queued :: obj_id 7ee78fd1d83b03e64dae26d921575c67
2023-05-21T22:05:27+00:00 NOTICE abandoned_cart.success :: email: yocesac112@jwsuns.com :: checkout_url: https://agrispesa.loc/pagamento/?mc_cart_id=7ee78fd1d83b03e64dae26d921575c67
2023-05-21T22:05:27+00:00 NOTICE action_scheduler.queue_job :: MailChimp_WooCommerce_Cart_Update queued :: obj_id 7ee78fd1d83b03e64dae26d921575c67
2023-05-21T22:05:36+00:00 NOTICE abandoned_cart.success :: email: yocesac112@jwsuns.com :: checkout_url: https://agrispesa.loc/pagamento/?mc_cart_id=7ee78fd1d83b03e64dae26d921575c67
2023-05-21T22:06:17+00:00 NOTICE action_scheduler.queue_job :: MailChimp_WooCommerce_Cart_Update queued :: obj_id 7ee78fd1d83b03e64dae26d921575c67
2023-05-21T22:06:37+00:00 NOTICE action_scheduler.queue_job :: MailChimp_WooCommerce_Single_Order starts in 90 seconds :: obj_id 41113
2023-05-21T22:06:51+00:00 NOTICE order.member.updated :: Updated yocesac112@jwsuns.com subscriber status to subscribed and language to it
2023-05-21T22:06:51+00:00 NOTICE order_submit.success :: updateStoreOrder :: #41109 :: email: yocesac112@jwsuns.com :: abandoned cart deleted [7ee78fd1d83b03e64dae26d921575c67]
2023-05-21T22:07:45+00:00 NOTICE action_scheduler.queue_job :: MailChimp_WooCommerce_Single_Order starts in 90 seconds :: obj_id 41115
2023-05-21T22:08:25+00:00 NOTICE abandoned_cart.success :: email: yocesac112@jwsuns.com :: checkout_url: https://agrispesa.loc/pagamento/?mc_cart_id=7ee78fd1d83b03e64dae26d921575c67
2023-05-21T22:08:40+00:00 NOTICE order.member.updated :: Updated yocesac112@jwsuns.com subscriber status to subscribed and language to it
2023-05-21T22:08:40+00:00 NOTICE order_submit.success :: updateStoreOrder :: #41113 :: email: yocesac112@jwsuns.com
2023-05-21T22:09:05+00:00 NOTICE action_scheduler.queue_job :: MailChimp_WooCommerce_Single_Order starts in 90 seconds :: obj_id 41117
2023-05-21T22:09:30+00:00 NOTICE order.member.updated :: Updated yocesac112@jwsuns.com subscriber status to subscribed and language to it
2023-05-21T22:09:30+00:00 NOTICE order_submit.success :: updateStoreOrder :: #41115 :: email: yocesac112@jwsuns.com
2023-05-21T22:11:26+00:00 NOTICE order.member.updated :: Updated yocesac112@jwsuns.com subscriber status to subscribed and language to it
2023-05-21T22:11:26+00:00 NOTICE order_submit.success :: updateStoreOrder :: #41117 :: email: yocesac112@jwsuns.com
2023-05-21T22:15:27+00:00 NOTICE action_scheduler.queue_job :: MailChimp_WooCommerce_Single_Order starts in 90 seconds :: obj_id 41119
2023-05-21T22:15:32+00:00 NOTICE debug :: Order ID 41119 was pending and is now on-hold :: Array
(
    [new_order] => 
    [tracking] => 
)

2023-05-21T22:19:04+00:00 NOTICE order.member.updated :: Updated yocesac112@jwsuns.com subscriber status to subscribed and language to it
2023-05-21T22:19:04+00:00 NOTICE order_submit.success :: updateStoreOrder :: #41119 :: email: yocesac112@jwsuns.com :: abandoned cart deleted [7ee78fd1d83b03e64dae26d921575c67]
