2023-04-16T13:29:42+00:00 NOTICE action_scheduler.queue_job :: MailChimp_WooCommerce_Single_Order starts in 90 seconds :: obj_id 30899
2023-04-16T13:29:50+00:00 NOTICE debug :: Order ID 30899 was pending and is now completed :: Array
(
    [new_order] => 1
    [tracking] => Array
        (
            [campaign_id] => 
            [landing_site] => 
        )

)

2023-04-16T13:29:52+00:00 NOTICE action_scheduler.queue_job :: MailChimp_WooCommerce_Single_Order starts in 90 seconds :: obj_id 30901
2023-04-16T13:29:57+00:00 NOTICE debug :: Order ID 30901 was pending and is now completed :: Array
(
    [new_order] => 1
    [tracking] => Array
        (
            [campaign_id] => 
            [landing_site] => 
        )

)

2023-04-16T13:29:59+00:00 NOTICE action_scheduler.queue_job :: MailChimp_WooCommerce_Single_Order starts in 90 seconds :: obj_id 30903
2023-04-16T13:30:04+00:00 NOTICE debug :: Order ID 30903 was pending and is now completed :: Array
(
    [new_order] => 1
    [tracking] => Array
        (
            [campaign_id] => 
            [landing_site] => 
        )

)

2023-04-16T13:30:05+00:00 NOTICE action_scheduler.queue_job :: MailChimp_WooCommerce_Single_Order starts in 90 seconds :: obj_id 30905
2023-04-16T13:30:10+00:00 NOTICE debug :: Order ID 30905 was pending and is now completed :: Array
(
    [new_order] => 1
    [tracking] => Array
        (
            [campaign_id] => 
            [landing_site] => 
        )

)

2023-04-16T13:30:12+00:00 NOTICE action_scheduler.queue_job :: MailChimp_WooCommerce_Single_Order starts in 90 seconds :: obj_id 30907
2023-04-16T13:30:17+00:00 NOTICE debug :: Order ID 30907 was pending and is now completed :: Array
(
    [new_order] => 1
    [tracking] => Array
        (
            [campaign_id] => 
            [landing_site] => 
        )

)

2023-04-16T13:30:18+00:00 NOTICE action_scheduler.queue_job :: MailChimp_WooCommerce_Single_Order starts in 90 seconds :: obj_id 30909
2023-04-16T13:30:23+00:00 NOTICE debug :: Order ID 30909 was pending and is now completed :: Array
(
    [new_order] => 1
    [tracking] => Array
        (
            [campaign_id] => 
            [landing_site] => 
        )

)

2023-04-16T13:30:25+00:00 NOTICE action_scheduler.queue_job :: MailChimp_WooCommerce_Single_Order starts in 90 seconds :: obj_id 30911
2023-04-16T13:30:30+00:00 NOTICE debug :: Order ID 30911 was pending and is now completed :: Array
(
    [new_order] => 1
    [tracking] => Array
        (
            [campaign_id] => 
            [landing_site] => 
        )

)

2023-04-16T13:30:31+00:00 NOTICE action_scheduler.queue_job :: MailChimp_WooCommerce_Single_Order starts in 90 seconds :: obj_id 30913
2023-04-16T13:30:36+00:00 NOTICE debug :: Order ID 30913 was pending and is now completed :: Array
(
    [new_order] => 1
    [tracking] => Array
        (
            [campaign_id] => 
            [landing_site] => 
        )

)

2023-04-16T13:30:37+00:00 NOTICE action_scheduler.queue_job :: MailChimp_WooCommerce_Single_Order starts in 90 seconds :: obj_id 30915
2023-04-16T13:30:42+00:00 NOTICE debug :: Order ID 30915 was pending and is now completed :: Array
(
    [new_order] => 1
    [tracking] => Array
        (
            [campaign_id] => 
            [landing_site] => 
        )

)

2023-04-16T13:30:44+00:00 NOTICE action_scheduler.queue_job :: MailChimp_WooCommerce_Single_Order starts in 90 seconds :: obj_id 30917
2023-04-16T13:30:50+00:00 NOTICE debug :: Order ID 30917 was pending and is now completed :: Array
(
    [new_order] => 1
    [tracking] => Array
        (
            [campaign_id] => 
            [landing_site] => 
        )

)

2023-04-16T13:30:51+00:00 NOTICE action_scheduler.queue_job :: MailChimp_WooCommerce_Single_Order starts in 90 seconds :: obj_id 30919
2023-04-16T13:30:56+00:00 NOTICE debug :: Order ID 30919 was pending and is now completed :: Array
(
    [new_order] => 1
    [tracking] => Array
        (
            [campaign_id] => 
            [landing_site] => 
        )

)

2023-04-16T13:30:58+00:00 NOTICE action_scheduler.queue_job :: MailChimp_WooCommerce_Single_Order starts in 90 seconds :: obj_id 30921
2023-04-16T13:31:03+00:00 NOTICE debug :: Order ID 30921 was pending and is now completed :: Array
(
    [new_order] => 1
    [tracking] => Array
        (
            [campaign_id] => 
            [landing_site] => 
        )

)

2023-04-16T13:31:05+00:00 NOTICE action_scheduler.queue_job :: MailChimp_WooCommerce_Single_Order starts in 90 seconds :: obj_id 30923
2023-04-16T13:31:10+00:00 NOTICE debug :: Order ID 30923 was pending and is now completed :: Array
(
    [new_order] => 1
    [tracking] => Array
        (
            [campaign_id] => 
            [landing_site] => 
        )

)

2023-04-16T13:31:11+00:00 NOTICE action_scheduler.queue_job :: MailChimp_WooCommerce_Single_Order starts in 90 seconds :: obj_id 30925
2023-04-16T13:31:16+00:00 NOTICE debug :: Order ID 30925 was pending and is now completed :: Array
(
    [new_order] => 1
    [tracking] => Array
        (
            [campaign_id] => 
            [landing_site] => 
        )

)

2023-04-16T13:31:20+00:00 NOTICE action_scheduler.queue_job :: MailChimp_WooCommerce_Single_Order starts in 90 seconds :: obj_id 30927
2023-04-16T13:31:25+00:00 NOTICE debug :: Order ID 30927 was pending and is now completed :: Array
(
    [new_order] => 1
    [tracking] => Array
        (
            [campaign_id] => 
            [landing_site] => 
        )

)

2023-04-16T13:31:27+00:00 NOTICE action_scheduler.queue_job :: MailChimp_WooCommerce_Single_Order starts in 90 seconds :: obj_id 30929
2023-04-16T13:31:31+00:00 NOTICE debug :: Order ID 30929 was pending and is now completed :: Array
(
    [new_order] => 1
    [tracking] => Array
        (
            [campaign_id] => 
            [landing_site] => 
        )

)

2023-04-16T13:31:33+00:00 NOTICE action_scheduler.queue_job :: MailChimp_WooCommerce_Single_Order starts in 90 seconds :: obj_id 30931
2023-04-16T13:31:37+00:00 NOTICE debug :: Order ID 30931 was pending and is now completed :: Array
(
    [new_order] => 1
    [tracking] => Array
        (
            [campaign_id] => 
            [landing_site] => 
        )

)

2023-04-16T13:31:39+00:00 NOTICE action_scheduler.queue_job :: MailChimp_WooCommerce_Single_Order starts in 90 seconds :: obj_id 30933
2023-04-16T13:31:44+00:00 NOTICE debug :: Order ID 30933 was pending and is now completed :: Array
(
    [new_order] => 1
    [tracking] => Array
        (
            [campaign_id] => 
            [landing_site] => 
        )

)

2023-04-16T13:31:45+00:00 NOTICE action_scheduler.queue_job :: MailChimp_WooCommerce_Single_Order starts in 90 seconds :: obj_id 30935
2023-04-16T13:31:50+00:00 NOTICE debug :: Order ID 30935 was pending and is now completed :: Array
(
    [new_order] => 1
    [tracking] => Array
        (
            [campaign_id] => 
            [landing_site] => 
        )

)

2023-04-16T14:04:12+00:00 NOTICE order.member.updated :: Updated luciocell@gmail.com subscriber status to transactional and language to it
2023-04-16T14:04:12+00:00 NOTICE order_submit.success :: addStoreOrder :: #30899 :: email: luciocell@gmail.com
2023-04-16T14:04:16+00:00 NOTICE order.member.updated :: Updated segreteria@fattorialamaliosa.it subscriber status to transactional and language to it
2023-04-16T14:04:16+00:00 NOTICE order_submit.success :: addStoreOrder :: #30901 :: email: segreteria@fattorialamaliosa.it
2023-04-16T14:04:21+00:00 NOTICE order.member.updated :: Updated ale.ale.bitetti@gmail.com subscriber status to transactional and language to it
2023-04-16T14:04:21+00:00 NOTICE order_submit.success :: addStoreOrder :: #30903 :: email: ale.ale.bitetti@gmail.com
2023-04-16T14:04:26+00:00 NOTICE order.member.updated :: Updated annamariabocci@tiscali.it subscriber status to transactional and language to it
2023-04-16T14:04:26+00:00 NOTICE order_submit.success :: addStoreOrder :: #30905 :: email: annamariabocci@tiscali.it
2023-04-16T14:04:31+00:00 NOTICE order.member.updated :: Updated marco.pitto@alice.it subscriber status to transactional and language to it
2023-04-16T14:04:31+00:00 NOTICE order_submit.success :: addStoreOrder :: #30907 :: email: marco.pitto@alice.it
2023-04-16T14:04:41+00:00 NOTICE order.member.updated :: Updated entoni.santoro@gmail.com subscriber status to transactional and language to it
2023-04-16T14:04:41+00:00 NOTICE order_submit.success :: addStoreOrder :: #30909 :: email: entoni.santoro@gmail.com
2023-04-16T14:04:46+00:00 NOTICE order.member.updated :: Updated valieri@fastwebnet.it subscriber status to transactional and language to it
2023-04-16T14:04:46+00:00 NOTICE order_submit.success :: addStoreOrder :: #30911 :: email: valieri@fastwebnet.it
2023-04-16T14:04:51+00:00 NOTICE order.member.updated :: Updated fabrizio@nicolucci.info subscriber status to transactional and language to it
2023-04-16T14:04:51+00:00 NOTICE order_submit.success :: addStoreOrder :: #30913 :: email: fabrizio@nicolucci.info
2023-04-16T14:04:55+00:00 NOTICE order.member.updated :: Updated steficalcagnini@gmail.com subscriber status to transactional and language to it
2023-04-16T14:04:55+00:00 NOTICE order_submit.success :: addStoreOrder :: #30915 :: email: steficalcagnini@gmail.com
2023-04-16T14:05:08+00:00 NOTICE order.member.updated :: Updated denardi.paola@hsr.it subscriber status to transactional and language to it
2023-04-16T14:05:08+00:00 NOTICE order_submit.success :: addStoreOrder :: #30917 :: email: denardi.paola@hsr.it
2023-04-16T14:05:13+00:00 NOTICE order.member.updated :: Updated daniela.tavecchio1319@gmail.com subscriber status to transactional and language to it
2023-04-16T14:05:13+00:00 NOTICE order_submit.success :: addStoreOrder :: #30919 :: email: daniela.tavecchio1319@gmail.com
2023-04-16T14:05:18+00:00 NOTICE order.member.updated :: Updated bluevelvetchristine@outlook.com subscriber status to transactional and language to it
2023-04-16T14:05:18+00:00 NOTICE order_submit.success :: addStoreOrder :: #30921 :: email: bluevelvetchristine@outlook.com
2023-04-16T14:05:31+00:00 NOTICE order.member.updated :: Updated cinzia.calcagno@sella.it subscriber status to transactional and language to it
2023-04-16T14:05:31+00:00 NOTICE order_submit.success :: addStoreOrder :: #30923 :: email: cinzia.calcagno@sella.it
2023-04-16T14:05:36+00:00 NOTICE order.member.updated :: Updated chiara.boschetto@yahoo.it subscriber status to transactional and language to it
2023-04-16T14:05:36+00:00 NOTICE order_submit.success :: addStoreOrder :: #30925 :: email: chiara.boschetto@yahoo.it
2023-04-16T14:05:41+00:00 NOTICE order.member.updated :: Updated annalisa.rizzo@gmail.com subscriber status to transactional and language to it
2023-04-16T14:05:41+00:00 NOTICE order_submit.success :: addStoreOrder :: #30927 :: email: annalisa.rizzo@gmail.com
2023-04-16T14:05:53+00:00 NOTICE order.member.updated :: Updated benedetta.panni@gmail.com subscriber status to transactional and language to it
2023-04-16T14:05:53+00:00 NOTICE order_submit.success :: addStoreOrder :: #30929 :: email: benedetta.panni@gmail.com
2023-04-16T14:05:58+00:00 NOTICE order.member.updated :: Updated marina@alteregostudio.it subscriber status to transactional and language to it
2023-04-16T14:05:58+00:00 NOTICE order_submit.success :: addStoreOrder :: #30931 :: email: marina@alteregostudio.it
2023-04-16T14:06:03+00:00 NOTICE order.member.updated :: Updated michirea2@gmail.com subscriber status to transactional and language to it
2023-04-16T14:06:03+00:00 NOTICE order_submit.success :: addStoreOrder :: #30933 :: email: michirea2@gmail.com
2023-04-16T14:06:15+00:00 NOTICE order.member.updated :: Updated gael.mattone@sgcib.com subscriber status to transactional and language to it
2023-04-16T14:06:15+00:00 NOTICE order_submit.success :: addStoreOrder :: #30935 :: email: gael.mattone@sgcib.com
