2023-06-23T20:38:54+00:00 NOTICE action_scheduler.queue_job :: MailChimp_WooCommerce_Cart_Update queued :: obj_id 999788a2d46d19e702797566264b373e
2023-06-23T20:39:00+00:00 NOTICE abandoned_cart.success :: email: test@test.it :: checkout_url: https://agrispesa.loc/pagamento/?mc_cart_id=999788a2d46d19e702797566264b373e
2023-06-23T20:39:01+00:00 NOTICE cart.member.updated :: Updated test@test.it subscriber status to transactional and language to it
2023-06-23T20:40:00+00:00 NOTICE action_scheduler.queue_job :: MailChimp_WooCommerce_Cart_Update queued :: obj_id 999788a2d46d19e702797566264b373e
2023-06-23T20:40:06+00:00 NOTICE action_scheduler.queue_job :: MailChimp_WooCommerce_User_Submit queued :: obj_id 8356
2023-06-23T20:40:07+00:00 NOTICE abandoned_cart.success :: email: test@test.it :: checkout_url: https://agrispesa.loc/pagamento/?mc_cart_id=999788a2d46d19e702797566264b373e
2023-06-23T20:40:09+00:00 NOTICE member.sync :: Updated Member test@test.it :: Array
(
    [previous_status] => transactional
    [status] => 1
    [language] => 
    [merge_fields] => Array
        (
            [FNAME] => wwww
            [LNAME] => qqqqq
        )

    [gdpr_fields] => 
)

2023-06-23T20:40:10+00:00 NOTICE action_scheduler.queue_job :: MailChimp_WooCommerce_Single_Order starts in 90 seconds :: obj_id 44472
2023-06-23T20:40:13+00:00 NOTICE debug :: Order ID 44472 was pending and is now on-hold :: Array
(
    [new_order] => 
    [tracking] => 
)

2023-06-23T20:40:44+00:00 NOTICE action_scheduler.queue_job :: MailChimp_WooCommerce_Cart_Update queued :: obj_id 999788a2d46d19e702797566264b373e
2023-06-23T20:41:13+00:00 NOTICE abandoned_cart.success :: email: test@test.it :: checkout_url: https://agrispesa.loc/pagamento/?mc_cart_id=999788a2d46d19e702797566264b373e
2023-06-23T20:45:56+00:00 NOTICE action_scheduler.queue_job :: MailChimp_WooCommerce_Single_Order starts in 90 seconds :: obj_id 44472
2023-06-23T20:47:27+00:00 NOTICE action_scheduler.queue_job :: MailChimp_WooCommerce_User_Submit queued :: obj_id 8356
2023-06-23T20:47:30+00:00 NOTICE debug :: Order ID 44472 was on-hold and is now completed :: Array
(
    [new_order] => 
    [tracking] => 
)

2023-06-23T20:47:37+00:00 NOTICE member.sync :: Updated Member test@test.it :: Array
(
    [status] => subscribed
    [language] => 
    [merge_fields] => Array
        (
            [FNAME] => wwww
            [LNAME] => qqqqq
        )

    [gdpr_fields] => 
)

2023-06-23T20:48:21+00:00 NOTICE action_scheduler.queue_job :: MailChimp_WooCommerce_SingleCoupon queued :: obj_id 44417
2023-06-23T20:48:34+00:00 NOTICE promo_code_submit.success :: #44417 :: code: campagne marketing 10%
2023-06-23T20:50:19+00:00 NOTICE order.member.updated :: Updated test@test.it subscriber status to subscribed and language to 
2023-06-23T20:50:19+00:00 NOTICE order_submit.success :: addStoreOrder :: #44472 :: email: test@test.it :: landing site https://agrispesa.loc/wp-admin/ :: abandoned cart deleted [999788a2d46d19e702797566264b373e]
