2023-06-05T17:54:36+00:00 NOTICE action_scheduler.queue_job :: MailChimp_WooCommerce_Single_Order starts in 90 seconds :: obj_id 42404
2023-06-05T17:54:37+00:00 NOTICE action_scheduler.queue_job :: MailChimp_WooCommerce_Single_Order starts in 90 seconds :: obj_id 42405
2023-06-05T17:54:37+00:00 NOTICE action_scheduler.queue_job :: MailChimp_WooCommerce_Single_Order starts in 90 seconds :: obj_id 42406
2023-06-05T17:54:37+00:00 NOTICE action_scheduler.queue_job :: MailChimp_WooCommerce_Single_Order starts in 90 seconds :: obj_id 42407
2023-06-05T17:54:38+00:00 NOTICE action_scheduler.queue_job :: MailChimp_WooCommerce_Single_Order starts in 90 seconds :: obj_id 42408
2023-06-05T17:54:38+00:00 NOTICE action_scheduler.queue_job :: MailChimp_WooCommerce_Single_Order starts in 90 seconds :: obj_id 42409
2023-06-05T17:54:38+00:00 NOTICE action_scheduler.queue_job :: MailChimp_WooCommerce_Single_Order starts in 90 seconds :: obj_id 42410
2023-06-05T17:54:38+00:00 NOTICE action_scheduler.queue_job :: MailChimp_WooCommerce_Single_Order starts in 90 seconds :: obj_id 42411
2023-06-05T17:54:38+00:00 NOTICE action_scheduler.queue_job :: MailChimp_WooCommerce_Single_Order starts in 90 seconds :: obj_id 42412
2023-06-05T17:54:38+00:00 NOTICE action_scheduler.queue_job :: MailChimp_WooCommerce_Single_Order starts in 90 seconds :: obj_id 42413
2023-06-05T17:54:39+00:00 NOTICE action_scheduler.queue_job :: MailChimp_WooCommerce_Single_Order starts in 90 seconds :: obj_id 42414
2023-06-05T17:54:39+00:00 NOTICE action_scheduler.queue_job :: MailChimp_WooCommerce_Single_Order starts in 90 seconds :: obj_id 42415
2023-06-05T17:54:39+00:00 NOTICE action_scheduler.queue_job :: MailChimp_WooCommerce_Single_Order starts in 90 seconds :: obj_id 42416
2023-06-05T17:54:39+00:00 NOTICE action_scheduler.queue_job :: MailChimp_WooCommerce_Single_Order starts in 90 seconds :: obj_id 42417
2023-06-05T17:54:39+00:00 NOTICE action_scheduler.queue_job :: MailChimp_WooCommerce_Single_Order starts in 90 seconds :: obj_id 42418
2023-06-05T17:54:40+00:00 NOTICE action_scheduler.queue_job :: MailChimp_WooCommerce_Single_Order starts in 90 seconds :: obj_id 42419
2023-06-05T17:54:40+00:00 NOTICE action_scheduler.queue_job :: MailChimp_WooCommerce_Single_Order starts in 90 seconds :: obj_id 42420
2023-06-05T17:54:40+00:00 NOTICE action_scheduler.queue_job :: MailChimp_WooCommerce_Single_Order starts in 90 seconds :: obj_id 42421
2023-06-05T17:54:40+00:00 NOTICE action_scheduler.queue_job :: MailChimp_WooCommerce_Single_Order starts in 90 seconds :: obj_id 42422
2023-06-05T17:54:40+00:00 NOTICE action_scheduler.queue_job :: MailChimp_WooCommerce_Single_Order starts in 90 seconds :: obj_id 42423
2023-06-05T17:54:41+00:00 NOTICE action_scheduler.queue_job :: MailChimp_WooCommerce_Single_Order starts in 90 seconds :: obj_id 42424
2023-06-05T17:54:41+00:00 NOTICE action_scheduler.queue_job :: MailChimp_WooCommerce_Single_Order starts in 90 seconds :: obj_id 42425
2023-06-05T17:54:41+00:00 NOTICE action_scheduler.queue_job :: MailChimp_WooCommerce_Single_Order starts in 90 seconds :: obj_id 42426
2023-06-05T17:54:43+00:00 NOTICE action_scheduler.queue_job :: MailChimp_WooCommerce_Single_Order starts in 90 seconds :: obj_id 42427
2023-06-05T18:00:58+00:00 NOTICE order_submit :: #42404 has a financial status of pending and was skipped.
2023-06-05T18:01:00+00:00 NOTICE order_submit :: #42405 has a financial status of pending and was skipped.
2023-06-05T18:01:02+00:00 NOTICE order_submit :: #42406 has a financial status of pending and was skipped.
2023-06-05T18:01:15+00:00 NOTICE order.member.updated :: Updated ale.ale.bitetti@gmail.com subscriber status to subscribed and language to it
2023-06-05T18:01:15+00:00 NOTICE order_submit.success :: updateStoreOrder :: #42407 :: email: ale.ale.bitetti@gmail.com
2023-06-05T18:03:24+00:00 NOTICE order.member.updated :: Updated irene_albert@hotmail.com subscriber status to transactional and language to it
2023-06-05T18:03:24+00:00 NOTICE order_submit.success :: updateStoreOrder :: #42408 :: email: irene_albert@hotmail.com
2023-06-05T18:06:35+00:00 NOTICE order_submit :: #42409 has a financial status of pending and was skipped.
2023-06-05T18:06:46+00:00 NOTICE order.member.updated :: Updated cinzia.calcagno@sella.it subscriber status to transactional and language to it
2023-06-05T18:06:46+00:00 NOTICE order_submit.success :: updateStoreOrder :: #42410 :: email: cinzia.calcagno@sella.it
2023-06-05T18:07:28+00:00 NOTICE order.member.updated :: Updated stefano.erzegovesi@gmail.com subscriber status to transactional and language to it
2023-06-05T18:07:28+00:00 NOTICE order_submit.success :: updateStoreOrder :: #42411 :: email: stefano.erzegovesi@gmail.com
2023-06-05T18:09:23+00:00 NOTICE order_submit :: #42412 has a financial status of pending and was skipped.
2023-06-05T18:09:38+00:00 NOTICE order.member.updated :: Updated bluevelvetchristine@outlook.com subscriber status to subscribed and language to it
2023-06-05T18:09:38+00:00 NOTICE order_submit.success :: updateStoreOrder :: #42413 :: email: bluevelvetchristine@outlook.com
2023-06-05T18:11:34+00:00 NOTICE order.member.updated :: Updated chiara.boschetto@yahoo.it subscriber status to transactional and language to it
2023-06-05T18:11:34+00:00 NOTICE order_submit.success :: updateStoreOrder :: #42414 :: email: chiara.boschetto@yahoo.it
2023-06-05T18:12:42+00:00 NOTICE order.member.updated :: Updated marco.pitto@alice.it subscriber status to transactional and language to it
2023-06-05T18:12:42+00:00 NOTICE order_submit.success :: updateStoreOrder :: #42415 :: email: marco.pitto@alice.it
2023-06-05T18:13:45+00:00 NOTICE order.member.updated :: Updated Micol.scabbia00@gmail.com subscriber status to transactional and language to it
2023-06-05T18:13:45+00:00 NOTICE order_submit.success :: updateStoreOrder :: #42416 :: email: Micol.scabbia00@gmail.com
2023-06-05T18:14:46+00:00 NOTICE order.member.updated :: Updated l.colnago@alice.it subscriber status to transactional and language to it
2023-06-05T18:14:46+00:00 NOTICE order_submit.success :: updateStoreOrder :: #42417 :: email: l.colnago@alice.it
2023-06-05T18:17:29+00:00 NOTICE order.member.updated :: Updated annalisa.gaglio@fastwebnet.it subscriber status to subscribed and language to it
2023-06-05T18:17:29+00:00 NOTICE order_submit.success :: updateStoreOrder :: #42418 :: email: annalisa.gaglio@fastwebnet.it
2023-06-05T18:19:31+00:00 NOTICE order.member.updated :: Updated giuseppe.caiafa@gmail.com subscriber status to subscribed and language to it
2023-06-05T18:19:31+00:00 NOTICE order_submit.success :: updateStoreOrder :: #42419 :: email: giuseppe.caiafa@gmail.com
2023-06-05T18:20:38+00:00 NOTICE order.member.updated :: Updated silviaplebani84@libero.it subscriber status to subscribed and language to it
2023-06-05T18:20:38+00:00 NOTICE order_submit.success :: updateStoreOrder :: #42420 :: email: silviaplebani84@libero.it
2023-06-05T18:21:27+00:00 NOTICE order.member.updated :: Updated airaudi.ivo@airgreen.it subscriber status to subscribed and language to it
2023-06-05T18:21:27+00:00 NOTICE order_submit.success :: updateStoreOrder :: #42421 :: email: airaudi.ivo@airgreen.it
2023-06-05T18:24:16+00:00 NOTICE order.member.updated :: Updated info@trikego.com subscriber status to transactional and language to it
2023-06-05T18:24:16+00:00 NOTICE order_submit.success :: updateStoreOrder :: #42422 :: email: info@trikego.com
2023-06-05T18:24:52+00:00 NOTICE order.member.updated :: Updated ilaria.merchiori@gmail.com subscriber status to subscribed and language to it
2023-06-05T18:24:52+00:00 NOTICE order_submit.success :: updateStoreOrder :: #42423 :: email: ilaria.merchiori@gmail.com
2023-06-05T18:26:26+00:00 NOTICE order.member.updated :: Updated visca_nelsy@hotmail.it subscriber status to subscribed and language to it
2023-06-05T18:26:26+00:00 NOTICE order_submit.success :: updateStoreOrder :: #42424 :: email: visca_nelsy@hotmail.it
2023-06-05T18:26:34+00:00 NOTICE order_submit :: #42425 has a financial status of pending and was skipped.
2023-06-05T18:26:48+00:00 NOTICE order.member.updated :: Updated carlotta.bolelli@bolellieassociati.it subscriber status to subscribed and language to it
2023-06-05T18:26:48+00:00 NOTICE order_submit.success :: updateStoreOrder :: #42426 :: email: carlotta.bolelli@bolellieassociati.it
2023-06-05T18:27:12+00:00 NOTICE order_process :: Order #42427 skipped, user #2 user role is not in the list
