2023-05-09T14:57:29+00:00 NOTICE action_scheduler.queue_job :: MailChimp_WooCommerce_Single_Order starts in 90 seconds :: obj_id 39808
2023-05-09T14:57:30+00:00 NOTICE action_scheduler.queue_job :: MailChimp_WooCommerce_Single_Order starts in 90 seconds :: obj_id 39809
2023-05-09T14:57:47+00:00 NOTICE action_scheduler.queue_job :: MailChimp_WooCommerce_Single_Order starts in 90 seconds :: obj_id 39810
2023-05-09T14:57:47+00:00 NOTICE action_scheduler.queue_job :: MailChimp_WooCommerce_Single_Order starts in 90 seconds :: obj_id 39811
2023-05-09T14:57:48+00:00 NOTICE action_scheduler.queue_job :: MailChimp_WooCommerce_Single_Order starts in 90 seconds :: obj_id 39812
2023-05-09T14:57:48+00:00 NOTICE action_scheduler.queue_job :: MailChimp_WooCommerce_Single_Order starts in 90 seconds :: obj_id 39813
2023-05-09T14:57:48+00:00 NOTICE action_scheduler.queue_job :: MailChimp_WooCommerce_Single_Order starts in 90 seconds :: obj_id 39814
2023-05-09T14:57:48+00:00 NOTICE action_scheduler.queue_job :: MailChimp_WooCommerce_Single_Order starts in 90 seconds :: obj_id 39815
2023-05-09T14:57:48+00:00 NOTICE action_scheduler.queue_job :: MailChimp_WooCommerce_Single_Order starts in 90 seconds :: obj_id 39816
2023-05-09T14:57:49+00:00 NOTICE action_scheduler.queue_job :: MailChimp_WooCommerce_Single_Order starts in 90 seconds :: obj_id 39817
2023-05-09T14:57:49+00:00 NOTICE action_scheduler.queue_job :: MailChimp_WooCommerce_Single_Order starts in 90 seconds :: obj_id 39818
2023-05-09T14:57:49+00:00 NOTICE action_scheduler.queue_job :: MailChimp_WooCommerce_Single_Order starts in 90 seconds :: obj_id 39819
2023-05-09T14:57:49+00:00 NOTICE action_scheduler.queue_job :: MailChimp_WooCommerce_Single_Order starts in 90 seconds :: obj_id 39820
2023-05-09T14:57:49+00:00 NOTICE action_scheduler.queue_job :: MailChimp_WooCommerce_Single_Order starts in 90 seconds :: obj_id 39821
2023-05-09T14:57:49+00:00 NOTICE action_scheduler.queue_job :: MailChimp_WooCommerce_Single_Order starts in 90 seconds :: obj_id 39822
2023-05-09T14:57:49+00:00 NOTICE action_scheduler.queue_job :: MailChimp_WooCommerce_Single_Order starts in 90 seconds :: obj_id 39823
2023-05-09T14:57:50+00:00 NOTICE action_scheduler.queue_job :: MailChimp_WooCommerce_Single_Order starts in 90 seconds :: obj_id 39824
2023-05-09T14:57:50+00:00 NOTICE action_scheduler.queue_job :: MailChimp_WooCommerce_Single_Order starts in 90 seconds :: obj_id 39825
2023-05-09T14:57:50+00:00 NOTICE action_scheduler.queue_job :: MailChimp_WooCommerce_Single_Order starts in 90 seconds :: obj_id 39826
2023-05-09T14:57:50+00:00 NOTICE action_scheduler.queue_job :: MailChimp_WooCommerce_Single_Order starts in 90 seconds :: obj_id 39827
2023-05-09T14:57:50+00:00 NOTICE action_scheduler.queue_job :: MailChimp_WooCommerce_Single_Order starts in 90 seconds :: obj_id 39828
2023-05-09T14:57:50+00:00 NOTICE action_scheduler.queue_job :: MailChimp_WooCommerce_Single_Order starts in 90 seconds :: obj_id 39829
2023-05-09T14:57:51+00:00 NOTICE action_scheduler.queue_job :: MailChimp_WooCommerce_Single_Order starts in 90 seconds :: obj_id 39830
2023-05-09T14:57:51+00:00 NOTICE action_scheduler.queue_job :: MailChimp_WooCommerce_Single_Order starts in 90 seconds :: obj_id 39831
2023-05-09T14:57:51+00:00 NOTICE action_scheduler.queue_job :: MailChimp_WooCommerce_Single_Order starts in 90 seconds :: obj_id 39832
2023-05-09T14:57:51+00:00 NOTICE action_scheduler.queue_job :: MailChimp_WooCommerce_Single_Order starts in 90 seconds :: obj_id 39833
2023-05-09T14:57:51+00:00 NOTICE action_scheduler.queue_job :: MailChimp_WooCommerce_Single_Order starts in 90 seconds :: obj_id 39834
2023-05-09T14:57:51+00:00 NOTICE action_scheduler.queue_job :: MailChimp_WooCommerce_Single_Order starts in 90 seconds :: obj_id 39835
2023-05-09T14:57:51+00:00 NOTICE action_scheduler.queue_job :: MailChimp_WooCommerce_Single_Order starts in 90 seconds :: obj_id 39836
2023-05-09T14:57:51+00:00 NOTICE action_scheduler.queue_job :: MailChimp_WooCommerce_Single_Order starts in 90 seconds :: obj_id 39837
2023-05-09T14:57:52+00:00 NOTICE action_scheduler.queue_job :: MailChimp_WooCommerce_Single_Order starts in 90 seconds :: obj_id 39838
2023-05-09T14:57:52+00:00 NOTICE action_scheduler.queue_job :: MailChimp_WooCommerce_Single_Order starts in 90 seconds :: obj_id 39839
2023-05-09T14:57:52+00:00 NOTICE action_scheduler.queue_job :: MailChimp_WooCommerce_Single_Order starts in 90 seconds :: obj_id 39840
2023-05-09T14:57:52+00:00 NOTICE action_scheduler.queue_job :: MailChimp_WooCommerce_Single_Order starts in 90 seconds :: obj_id 39841
2023-05-09T14:57:52+00:00 NOTICE action_scheduler.queue_job :: MailChimp_WooCommerce_Single_Order starts in 90 seconds :: obj_id 39842
2023-05-09T14:57:52+00:00 NOTICE action_scheduler.queue_job :: MailChimp_WooCommerce_Single_Order starts in 90 seconds :: obj_id 39843
2023-05-09T14:57:52+00:00 NOTICE action_scheduler.queue_job :: MailChimp_WooCommerce_Single_Order starts in 90 seconds :: obj_id 39844
2023-05-09T14:57:52+00:00 NOTICE action_scheduler.queue_job :: MailChimp_WooCommerce_Single_Order starts in 90 seconds :: obj_id 39845
2023-05-09T14:57:53+00:00 NOTICE action_scheduler.queue_job :: MailChimp_WooCommerce_Single_Order starts in 90 seconds :: obj_id 39846
2023-05-09T14:57:53+00:00 NOTICE action_scheduler.queue_job :: MailChimp_WooCommerce_Single_Order starts in 90 seconds :: obj_id 39847
2023-05-09T14:57:53+00:00 NOTICE action_scheduler.queue_job :: MailChimp_WooCommerce_Single_Order starts in 90 seconds :: obj_id 39848
2023-05-09T14:57:53+00:00 NOTICE action_scheduler.queue_job :: MailChimp_WooCommerce_Single_Order starts in 90 seconds :: obj_id 39849
2023-05-09T14:57:53+00:00 NOTICE action_scheduler.queue_job :: MailChimp_WooCommerce_Single_Order starts in 90 seconds :: obj_id 39850
2023-05-09T14:57:53+00:00 NOTICE action_scheduler.queue_job :: MailChimp_WooCommerce_Single_Order starts in 90 seconds :: obj_id 39851
2023-05-09T14:57:53+00:00 NOTICE action_scheduler.queue_job :: MailChimp_WooCommerce_Single_Order starts in 90 seconds :: obj_id 39852
2023-05-09T14:57:53+00:00 NOTICE action_scheduler.queue_job :: MailChimp_WooCommerce_Single_Order starts in 90 seconds :: obj_id 39853
2023-05-09T14:57:54+00:00 NOTICE action_scheduler.queue_job :: MailChimp_WooCommerce_Single_Order starts in 90 seconds :: obj_id 39854
2023-05-09T14:57:54+00:00 NOTICE action_scheduler.queue_job :: MailChimp_WooCommerce_Single_Order starts in 90 seconds :: obj_id 39855
2023-05-09T14:57:54+00:00 NOTICE action_scheduler.queue_job :: MailChimp_WooCommerce_Single_Order starts in 90 seconds :: obj_id 39856
2023-05-09T14:57:54+00:00 NOTICE action_scheduler.queue_job :: MailChimp_WooCommerce_Single_Order starts in 90 seconds :: obj_id 39857
2023-05-09T14:57:54+00:00 NOTICE action_scheduler.queue_job :: MailChimp_WooCommerce_Single_Order starts in 90 seconds :: obj_id 39858
2023-05-09T14:57:54+00:00 NOTICE action_scheduler.queue_job :: MailChimp_WooCommerce_Single_Order starts in 90 seconds :: obj_id 39859
2023-05-09T14:57:57+00:00 NOTICE action_scheduler.queue_job :: MailChimp_WooCommerce_Single_Order starts in 90 seconds :: obj_id 39860
2023-05-09T14:57:57+00:00 NOTICE action_scheduler.queue_job :: MailChimp_WooCommerce_Single_Order starts in 90 seconds :: obj_id 39861
2023-05-09T15:00:48+00:00 NOTICE order_submit :: #39808 has a financial status of pending and was skipped.
2023-05-09T15:00:50+00:00 NOTICE order_submit :: #39809 has a financial status of pending and was skipped.
2023-05-09T15:00:52+00:00 NOTICE order_submit :: #39811 has a financial status of pending and was skipped.
2023-05-09T15:01:01+00:00 NOTICE order_submit :: #39810 has a financial status of pending and was skipped.
2023-05-09T15:01:03+00:00 NOTICE order_submit :: #39812 has a financial status of pending and was skipped.
2023-05-09T15:01:06+00:00 NOTICE order_submit :: #39813 has a financial status of pending and was skipped.
2023-05-09T15:01:07+00:00 NOTICE order_submit :: #39814 has a financial status of pending and was skipped.
2023-05-09T15:01:10+00:00 NOTICE order_submit :: #39815 has a financial status of pending and was skipped.
2023-05-09T15:01:12+00:00 NOTICE order_submit :: #39816 has a financial status of pending and was skipped.
2023-05-09T15:01:14+00:00 NOTICE order_submit :: #39817 has a financial status of pending and was skipped.
2023-05-09T15:01:16+00:00 NOTICE order_submit :: #39818 has a financial status of pending and was skipped.
2023-05-09T15:01:17+00:00 NOTICE order_submit :: #39819 has a financial status of pending and was skipped.
2023-05-09T15:01:19+00:00 NOTICE order_submit :: #39820 has a financial status of pending and was skipped.
2023-05-09T15:01:21+00:00 NOTICE order_submit :: #39821 has a financial status of pending and was skipped.
2023-05-09T15:01:23+00:00 NOTICE order_submit :: #39822 has a financial status of pending and was skipped.
2023-05-09T15:01:46+00:00 NOTICE order.member.updated :: Updated bluevelvetchristine@outlook.com subscriber status to transactional and language to it
2023-05-09T15:01:46+00:00 NOTICE order_submit.success :: updateStoreOrder :: #39823 :: email: bluevelvetchristine@outlook.com
2023-05-09T15:01:55+00:00 NOTICE order_submit :: #39824 has a financial status of pending and was skipped.
2023-05-09T15:01:57+00:00 NOTICE order_submit :: #39825 has a financial status of pending and was skipped.
2023-05-09T15:02:02+00:00 NOTICE order.member.updated :: Updated lorena.boriani@live.it subscriber status to transactional and language to it
2023-05-09T15:02:02+00:00 NOTICE order_submit.success :: updateStoreOrder :: #39826 :: email: lorena.boriani@live.it
2023-05-09T15:02:04+00:00 NOTICE order_submit :: #39827 has a financial status of pending and was skipped.
2023-05-09T15:02:06+00:00 NOTICE order_submit :: #39828 has a financial status of pending and was skipped.
2023-05-09T15:02:16+00:00 NOTICE order.member.updated :: Updated fabrizio.fantinel@gmail.com subscriber status to subscribed and language to it
2023-05-09T15:02:16+00:00 NOTICE order_submit.success :: updateStoreOrder :: #39829 :: email: fabrizio.fantinel@gmail.com
2023-05-09T15:02:25+00:00 NOTICE order_submit :: #39830 has a financial status of pending and was skipped.
2023-05-09T15:02:27+00:00 NOTICE order_submit :: #39831 has a financial status of pending and was skipped.
2023-05-09T15:02:29+00:00 NOTICE order_submit :: #39832 has a financial status of pending and was skipped.
2023-05-09T15:02:31+00:00 NOTICE order_submit :: #39833 has a financial status of pending and was skipped.
2023-05-09T15:02:32+00:00 NOTICE order_submit :: #39834 has a financial status of pending and was skipped.
2023-05-09T15:02:34+00:00 NOTICE order_submit :: #39835 has a financial status of pending and was skipped.
2023-05-09T15:02:36+00:00 NOTICE order_submit :: #39836 has a financial status of pending and was skipped.
2023-05-09T15:02:38+00:00 NOTICE order_submit :: #39837 has a financial status of pending and was skipped.
2023-05-09T15:02:40+00:00 NOTICE order_submit :: #39838 has a financial status of pending and was skipped.
2023-05-09T15:02:41+00:00 NOTICE order_submit :: #39839 has a financial status of pending and was skipped.
2023-05-09T15:02:43+00:00 NOTICE order_submit :: #39840 has a financial status of pending and was skipped.
2023-05-09T15:02:45+00:00 NOTICE order_submit :: #39841 has a financial status of pending and was skipped.
2023-05-09T15:03:08+00:00 NOTICE order.member.updated :: Updated chiara.pullici@gmail.com subscriber status to subscribed and language to it
2023-05-09T15:03:08+00:00 NOTICE order_submit.success :: updateStoreOrder :: #39842 :: email: chiara.pullici@gmail.com
2023-05-09T15:03:17+00:00 NOTICE order_submit :: #39843 has a financial status of pending and was skipped.
2023-05-09T15:03:19+00:00 NOTICE order_submit :: #39844 has a financial status of pending and was skipped.
2023-05-09T15:03:20+00:00 NOTICE order_submit :: #39845 has a financial status of pending and was skipped.
2023-05-09T15:03:31+00:00 NOTICE order.member.updated :: Updated ste_fyna@libero.it subscriber status to transactional and language to it
2023-05-09T15:03:31+00:00 NOTICE order_submit.success :: updateStoreOrder :: #39846 :: email: ste_fyna@libero.it
2023-05-09T15:03:40+00:00 NOTICE order_submit :: #39847 has a financial status of pending and was skipped.
2023-05-09T15:03:42+00:00 NOTICE order_submit :: #39848 has a financial status of pending and was skipped.
2023-05-09T15:03:44+00:00 NOTICE order_submit :: #39849 has a financial status of pending and was skipped.
2023-05-09T15:03:46+00:00 NOTICE order_submit :: #39850 has a financial status of pending and was skipped.
2023-05-09T15:03:47+00:00 NOTICE order_submit :: #39851 has a financial status of pending and was skipped.
2023-05-09T15:03:49+00:00 NOTICE order_submit :: #39852 has a financial status of pending and was skipped.
2023-05-09T15:03:51+00:00 NOTICE order_submit :: #39853 has a financial status of pending and was skipped.
2023-05-09T15:03:55+00:00 NOTICE order.member.updated :: Updated ade.bianchi@gmail.com subscriber status to subscribed and language to it
2023-05-09T15:03:55+00:00 NOTICE order_submit.success :: updateStoreOrder :: #39854 :: email: ade.bianchi@gmail.com
2023-05-09T15:03:57+00:00 NOTICE order_submit :: #39855 has a financial status of pending and was skipped.
2023-05-09T15:03:59+00:00 NOTICE order_submit :: #39856 has a financial status of pending and was skipped.
2023-05-09T15:04:01+00:00 NOTICE order_submit :: #39857 has a financial status of pending and was skipped.
2023-05-09T15:04:09+00:00 NOTICE order_submit :: #39858 has a financial status of pending and was skipped.
2023-05-09T15:04:11+00:00 NOTICE order_submit :: #39859 has a financial status of pending and was skipped.
2023-05-09T15:04:11+00:00 NOTICE order_process :: Order #39860 skipped, user #2 user role is not in the list
2023-05-09T15:04:12+00:00 NOTICE order_submit :: #39861 has a financial status of pending and was skipped.
