2023-06-30T00:07:17+00:00 NOTICE action_scheduler.queue_job :: MailChimp_WooCommerce_Single_Order starts in 90 seconds :: obj_id 44677
2023-06-30T00:07:18+00:00 NOTICE action_scheduler.queue_job :: MailChimp_WooCommerce_Single_Order starts in 90 seconds :: obj_id 44678
2023-06-30T00:07:18+00:00 NOTICE action_scheduler.queue_job :: MailChimp_WooCommerce_Single_Order starts in 90 seconds :: obj_id 44679
2023-06-30T00:09:47+00:00 NOTICE order_submit :: #44679 has a financial status of pending and was skipped.
2023-06-30T00:09:48+00:00 NOTICE order_submit :: #44678 has a financial status of pending and was skipped.
2023-06-30T00:09:50+00:00 NOTICE order_submit :: #44677 has a financial status of pending and was skipped.
2023-06-30T00:34:52+00:00 NOTICE action_scheduler.queue_job :: MailChimp_WooCommerce_Cart_Update queued :: obj_id 6da954595eb16da51e499636af3272ea
2023-06-30T00:34:57+00:00 NOTICE action_scheduler.queue_job :: MailChimp_WooCommerce_Cart_Update queued :: obj_id d70d848f53c068d99feb5102b1463d48
2023-06-30T00:35:32+00:00 NOTICE abandoned_cart.success :: email: christiancannata@gmail.com :: checkout_url: https://agrispesa.loc/pagamento/?mc_cart_id=6da954595eb16da51e499636af3272ea
2023-06-30T00:35:33+00:00 NOTICE cart.member.updated :: Updated christiancannata@gmail.com subscriber status to transactional and language to it
2023-06-30T00:35:34+00:00 NOTICE abandoned_cart.success :: email: robertobaggio@gmail.com :: checkout_url: https://agrispesa.loc/pagamento/?mc_cart_id=d70d848f53c068d99feb5102b1463d48
2023-06-30T00:35:35+00:00 NOTICE cart.member.updated :: Updated robertobaggio@gmail.com subscriber status to transactional and language to it
2023-06-30T00:38:44+00:00 NOTICE action_scheduler.queue_job :: MailChimp_WooCommerce_SingleCoupon queued :: obj_id 44949
2023-06-30T00:39:14+00:00 ERROR promo_code_submit.error :: error updating promo rule #44949 :: code primaconsegnagratis :: Error Code 400 :: <p>: Required fields were not provided: type, target</p> on 2438 in /shared/httpd/agrispesa/wp-content/plugins/mailchimp-for-woocommerce/includes/api/class-mailchimp-api.php
2023-06-30T00:53:50+00:00 NOTICE action_scheduler.queue_job :: MailChimp_WooCommerce_Cart_Update queued :: obj_id 6da954595eb16da51e499636af3272ea
2023-06-30T00:53:53+00:00 NOTICE action_scheduler.queue_job :: MailChimp_WooCommerce_Cart_Update queued :: obj_id 3155fdaf61a017102a0e0bc0ae021f60
2023-06-30T00:54:17+00:00 NOTICE action_scheduler.queue_job :: MailChimp_WooCommerce_User_Submit queued :: obj_id 8374
2023-06-30T00:54:20+00:00 NOTICE abandoned_cart.success :: email: christiancannata@gmail.com :: checkout_url: https://agrispesa.loc/pagamento/?mc_cart_id=6da954595eb16da51e499636af3272ea
2023-06-30T00:54:20+00:00 NOTICE abandoned_cart.success :: email: qweqwe@asdbb.com :: checkout_url: https://agrispesa.loc/pagamento/?mc_cart_id=3155fdaf61a017102a0e0bc0ae021f60
2023-06-30T00:54:21+00:00 NOTICE cart.member.updated :: Updated qweqwe@asdbb.com subscriber status to transactional and language to it
2023-06-30T00:54:21+00:00 NOTICE action_scheduler.queue_job :: MailChimp_WooCommerce_Single_Order starts in 90 seconds :: obj_id 44951
2023-06-30T00:54:22+00:00 NOTICE member.sync :: Updated Member qweqwe@asdbb.com :: Array
(
    [previous_status] => transactional
    [status] => 1
    [language] => 
    [merge_fields] => Array
        (
            [FNAME] => asdasd
            [LNAME] => asdasd
        )

    [gdpr_fields] => 
)

2023-06-30T00:54:26+00:00 NOTICE debug :: Order ID 44951 was pending and is now on-hold :: Array
(
    [new_order] => 
    [tracking] => 
)

2023-06-30T01:15:46+00:00 NOTICE ac.cart_swap :: Deleted cart [qweqwe@asdbb.com] :: ID [3155fdaf61a017102a0e0bc0ae021f60]
2023-06-30T01:15:47+00:00 NOTICE action_scheduler.queue_job :: MailChimp_WooCommerce_Cart_Update queued :: obj_id a84adf10d322d9f17338226f4b3b2aea
2023-06-30T01:16:46+00:00 NOTICE abandoned_cart.success :: email: anna.pizzoccaro@hotmail.com :: checkout_url: https://agrispesa.loc/pagamento/?mc_cart_id=a84adf10d322d9f17338226f4b3b2aea
2023-06-30T01:16:47+00:00 NOTICE cart.member.updated :: Updated anna.pizzoccaro@hotmail.com subscriber status to subscribed and language to it
