05-01-2023 @ 14:13:31 - 5.5.0 upgrade complete from Subscriptions v5.3.1 while WooCommerce WC_VERSION 7.6.0 and database version 7.6.1 was active.
05-01-2023 @ 14:13:31 - Environment info:
05-01-2023 @ 14:13:31 -     WordPress Version : 6.2
05-01-2023 @ 14:13:31 - Active Plugins:
05-01-2023 @ 14:13:31 -      by Unknown – Unknown version
05-01-2023 @ 14:13:31 -     Admin Columns Pro by AdminColumns.com – 6.0.3
05-01-2023 @ 14:13:31 -     Admin Menu Editor by Janis Elsts – 1.11
05-01-2023 @ 14:13:31 -     Advanced Custom Fields PRO by WP Engine – 6.1.4
05-01-2023 @ 14:13:31 -     Clone Woo Orders - Free by WP Masters by WP Masters – 1.0.3
05-01-2023 @ 14:13:31 -     Contact Form 7 by Takayuki Miyoshi – 5.7.5.1
05-01-2023 @ 14:13:31 -     CookieYes | GDPR Cookie Consent by CookieYes – 3.0.8
05-01-2023 @ 14:13:31 -     Custom Taxonomy Order by Marcel Pol – 3.4.4
05-01-2023 @ 14:13:31 -     Images to WebP by KubiQ – 4.2
05-01-2023 @ 14:13:31 -     Kadence WooCommerce Email Designer by Kadence WP – 1.5.10
05-01-2023 @ 14:13:31 -     Mailchimp for WooCommerce by Mailchimp – 2.8.3
05-01-2023 @ 14:13:31 -     Permalink Manager for WooCommerce by BeRocket – 1.0.8
05-01-2023 @ 14:13:31 -     Pop-up Notices for WooCommerce by WPFactory – 1.4.1
05-01-2023 @ 14:13:31 -     Post Types Order by Nsp Code – 2.0.5
05-01-2023 @ 14:13:31 -     Rank Math SEO by Rank Math – 1.0.111
05-01-2023 @ 14:13:31 -     Use Memcached by Palasthotel <rezeption@palasthotel.de> (in person: Edward Bock) – 1.0.4
05-01-2023 @ 14:13:31 -     User Switching by John Blackbourn & contributors – 1.7.0
05-01-2023 @ 14:13:31 -     Wider Admin Menu by WPChill – 1.4
05-01-2023 @ 14:13:31 -     WooCommerce Order Navigation by woosmartcod.com – 1.1
05-01-2023 @ 14:13:31 -     WooCommerce Satispay by Satispay – 2.1.5
05-01-2023 @ 14:13:31 -     TeraWallet by StandaloneTech – 1.4.7
05-01-2023 @ 14:13:31 -     Woocommerce Delivery Area Pro by flippercode – 2.2.8
05-01-2023 @ 14:13:31 -     WooCommerce Payments by Automattic – 5.7.0
05-01-2023 @ 14:13:31 -     WooCommerce Subscriptions by WooCommerce – 5.0.1
05-01-2023 @ 14:13:31 -     WooCommerce Unit Of Measure by Bradley Davis – 3.0.3
05-01-2023 @ 14:13:31 -     WooCommerce URL Coupons by SkyVerge – 2.14.0
05-01-2023 @ 14:13:31 -     WooCommerce by Automattic – 7.6.0
05-01-2023 @ 14:13:31 -     WordPress Importer by wordpressdotorg – 0.8
05-01-2023 @ 14:13:31 -     WP Mail SMTP by WPForms – 3.7.0
05-01-2023 @ 14:13:31 -     WP Rocket by WP Media – 3.13.0.2
05-01-2023 @ 14:13:31 -     WP Sort Order by Fahad Mahmood – 1.3.0
05-01-2023 @ 14:13:31 -     YITH WooCommerce Gift Cards by YITH – 2.19.0
05-01-2023 @ 14:13:31 -     YITH WooCommerce Recover Abandoned Cart Premium by YITH – 2.0.7
