05-02-2023 @ 15:25:40 - 5.5.0 upgrade complete from Subscriptions v5.3.1 while WooCommerce WC_VERSION 7.6.0 and database version 7.6.0 was active.
05-02-2023 @ 15:25:40 - Environment info:
05-02-2023 @ 15:25:40 -     WordPress Version : 6.2
05-02-2023 @ 15:25:40 - Active Plugins:
05-02-2023 @ 15:25:40 -     Admin Columns Pro by AdminColumns.com – 6.0.3
05-02-2023 @ 15:25:40 -     Admin Menu Editor by Janis Elsts – 1.11
05-02-2023 @ 15:25:40 -     Advanced Custom Fields PRO by WP Engine – 6.1.4
05-02-2023 @ 15:25:40 -     Contact Form 7 by Takayuki Miyoshi – 5.7.5.1
05-02-2023 @ 15:25:40 -     Custom Taxonomy Order by Marcel Pol – 3.4.4
05-02-2023 @ 15:25:40 -     Kadence WooCommerce Email Designer by Kadence WP – 1.5.10
05-02-2023 @ 15:25:40 -     Permalink Manager for WooCommerce by BeRocket – 1.0.8
05-02-2023 @ 15:25:40 -     Pop-up Notices for WooCommerce by WPFactory – 1.4.1
05-02-2023 @ 15:25:40 -     Post Types Order by Nsp Code – 2.0.5
05-02-2023 @ 15:25:40 -     Product Customer List for WooCommerce by Kokomo – 3.1.3
05-02-2023 @ 15:25:40 -     Wider Admin Menu by WPChill – 1.4
05-02-2023 @ 15:25:40 -     Better Customer List for WooCommerce by Blaze Concepts – 1.2.2
05-02-2023 @ 15:25:40 -     WooCommerce Order Navigation by woosmartcod.com – 1.1
05-02-2023 @ 15:25:40 -     WooCommerce Satispay by Satispay – 2.1.5
05-02-2023 @ 15:25:40 -     TeraWallet by StandaloneTech – 1.4.7
05-02-2023 @ 15:25:40 -     WooCommerce Customer/Order/Coupon Export by SkyVerge – 5.0.14
05-02-2023 @ 15:25:40 -     Woocommerce Delivery Area Pro by flippercode – 2.2.8
05-02-2023 @ 15:25:40 -     WooCommerce Payments by Automattic – 5.7.0
05-02-2023 @ 15:25:40 -      by Unknown – Unknown version
05-02-2023 @ 15:25:40 -     WooCommerce Subscriptions by WooCommerce – 5.0.1
05-02-2023 @ 15:25:40 -     WooCommerce Unit Of Measure by Bradley Davis – 3.0.3
05-02-2023 @ 15:25:40 -     WooCommerce URL Coupons by SkyVerge – 2.14.0
05-02-2023 @ 15:25:40 -     WooCommerce by Automattic – 7.6.0
05-02-2023 @ 15:25:40 -     WP All Export Pro by Soflyy – 1.8.3
05-02-2023 @ 15:25:40 -     WP All Import Pro by Soflyy – 4.7.8
05-02-2023 @ 15:25:40 -     WP Import Export Lite by VJInfotech – 3.9.24
05-02-2023 @ 15:25:40 -     WP Mail SMTP by WPForms – 3.7.0
05-02-2023 @ 15:25:40 -     WP Sort Order by Fahad Mahmood – 1.3.0
05-02-2023 @ 15:25:40 -     WP All Export - ACF Export Add-On Pro by Soflyy – 1.0.5
05-02-2023 @ 15:25:40 -     WP All Export - User Export Add-On Pro by Soflyy – 1.0.7
05-02-2023 @ 15:25:40 -     WP All Export - WooCommerce Export Add-On Pro by Soflyy – 1.0.6
05-02-2023 @ 15:25:40 -     WP All Import - ACF Add-On by Soflyy – 3.3.8
05-02-2023 @ 15:25:40 -     WP All Import - User Import Add-On Pro by Soflyy – 1.1.8
05-02-2023 @ 15:25:40 -     WP All Import - WooCommerce Import Add-On Pro by Soflyy – 3.3.4
05-02-2023 @ 15:25:40 -     YITH WooCommerce Recover Abandoned Cart Premium by YITH – 2.0.7
